[5.686s] Invoking command in '/home/car-pi/ros2_ws/build/robot_description': CMAKE_PREFIX_PATH=${CMAKE_PREFIX_PATH}:/home/car-pi/ros2_ws/install/motor_test:/opt/ros/humble /usr/bin/cmake --build /home/car-pi/ros2_ws/build/robot_description -- -j4 -l4
[6.691s] Invoked command in '/home/car-pi/ros2_ws/build/robot_description' returned '0': CMAKE_PREFIX_PATH=${CMAKE_PREFIX_PATH}:/home/car-pi/ros2_ws/install/motor_test:/opt/ros/humble /usr/bin/cmake --build /home/car-pi/ros2_ws/build/robot_description -- -j4 -l4
[6.729s] Invoking command in '/home/car-pi/ros2_ws/build/robot_description': CMAKE_PREFIX_PATH=${CMAKE_PREFIX_PATH}:/home/car-pi/ros2_ws/install/motor_test:/opt/ros/humble /usr/bin/cmake --install /home/car-pi/ros2_ws/build/robot_description
[6.971s] -- Install configuration: ""
[6.974s] -- Up-to-date: /home/car-pi/ros2_ws/install/robot_description/share/ament_index/resource_index/package_run_dependencies/robot_description
[6.976s] -- Up-to-date: /home/car-pi/ros2_ws/install/robot_description/share/ament_index/resource_index/parent_prefix_path/robot_description
[6.978s] -- Up-to-date: /home/car-pi/ros2_ws/install/robot_description/share/robot_description/environment/ament_prefix_path.sh
[6.981s] -- Up-to-date: /home/car-pi/ros2_ws/install/robot_description/share/robot_description/environment/ament_prefix_path.dsv
[6.986s] -- Up-to-date: /home/car-pi/ros2_ws/install/robot_description/share/robot_description/environment/path.sh
[7.016s] -- Up-to-date: /home/car-pi/ros2_ws/install/robot_description/share/robot_description/environment/path.dsv
[7.024s] -- Up-to-date: /home/car-pi/ros2_ws/install/robot_description/share/robot_description/local_setup.bash
[7.027s] -- Up-to-date: /home/car-pi/ros2_ws/install/robot_description/share/robot_description/local_setup.sh
[7.032s] -- Up-to-date: /home/car-pi/ros2_ws/install/robot_description/share/robot_description/local_setup.zsh
[7.039s] -- Up-to-date: /home/car-pi/ros2_ws/install/robot_description/share/robot_description/local_setup.dsv
[7.041s] -- Installing: /home/car-pi/ros2_ws/install/robot_description/share/robot_description/package.dsv
[7.043s] -- Up-to-date: /home/car-pi/ros2_ws/install/robot_description/share/ament_index/resource_index/packages/robot_description
[7.046s] -- Up-to-date: /home/car-pi/ros2_ws/install/robot_description/share/robot_description/cmake/robot_descriptionConfig.cmake
[7.049s] -- Up-to-date: /home/car-pi/ros2_ws/install/robot_description/share/robot_description/cmake/robot_descriptionConfig-version.cmake
[7.053s] -- Up-to-date: /home/car-pi/ros2_ws/install/robot_description/share/robot_description/package.xml
[7.295s] Invoked command in '/home/car-pi/ros2_ws/build/robot_description' returned '0': CMAKE_PREFIX_PATH=${CMAKE_PREFIX_PATH}:/home/car-pi/ros2_ws/install/motor_test:/opt/ros/humble /usr/bin/cmake --install /home/car-pi/ros2_ws/build/robot_description
