[5.550s] Invoking command in '/home/car-pi/ros2_ws/build/robot_bringup': CMAKE_PREFIX_PATH=${CMAKE_PREFIX_PATH}:/home/car-pi/ros2_ws/install/motor_test:/opt/ros/humble /usr/bin/cmake --build /home/car-pi/ros2_ws/build/robot_bringup -- -j4 -l4
[6.546s] Invoked command in '/home/car-pi/ros2_ws/build/robot_bringup' returned '0': CMAKE_PREFIX_PATH=${CMAKE_PREFIX_PATH}:/home/car-pi/ros2_ws/install/motor_test:/opt/ros/humble /usr/bin/cmake --build /home/car-pi/ros2_ws/build/robot_bringup -- -j4 -l4
[6.582s] Invoking command in '/home/car-pi/ros2_ws/build/robot_bringup': CMAKE_PREFIX_PATH=${CMAKE_PREFIX_PATH}:/home/car-pi/ros2_ws/install/motor_test:/opt/ros/humble /usr/bin/cmake --install /home/car-pi/ros2_ws/build/robot_bringup
[6.797s] -- Install configuration: ""
[6.799s] -- Up-to-date: /home/car-pi/ros2_ws/install/robot_bringup/share/robot_bringup/launch
[6.801s] -- Up-to-date: /home/car-pi/ros2_ws/install/robot_bringup/share/robot_bringup/launch/robot_base.launch.py
[6.804s] -- Up-to-date: /home/car-pi/ros2_ws/install/robot_bringup/share/robot_bringup/launch/bringup.launch.py
[6.807s] -- Up-to-date: /home/car-pi/ros2_ws/install/robot_bringup/share/robot_bringup/launch/bringup.launchbkp.py
[6.809s] -- Up-to-date: /home/car-pi/ros2_ws/install/robot_bringup/share/robot_bringup/launch/robot_state.launch.py
[6.813s] -- Up-to-date: /home/car-pi/ros2_ws/install/robot_bringup/share/robot_bringup/launch/lidar.launch.py
[6.817s] -- Up-to-date: /home/car-pi/ros2_ws/install/robot_bringup/share/robot_bringup/config
[6.819s] -- Up-to-date: /home/car-pi/ros2_ws/install/robot_bringup/share/robot_bringup/config/ekf.yaml
[6.822s] -- Up-to-date: /home/car-pi/ros2_ws/install/robot_bringup/share/robot_bringup/config/diff_drive.yaml
[6.824s] -- Up-to-date: /home/car-pi/ros2_ws/install/robot_bringup/share/robot_bringup/config/ydlidar.yaml
[6.827s] -- Up-to-date: /home/car-pi/ros2_ws/install/robot_bringup/share/robot_bringup/urdf
[6.831s] -- Up-to-date: /home/car-pi/ros2_ws/install/robot_bringup/share/robot_bringup/urdf/robot.urdf.xacro
[6.833s] -- Up-to-date: /home/car-pi/ros2_ws/install/robot_bringup/share/ament_index/resource_index/package_run_dependencies/robot_bringup
[6.836s] -- Up-to-date: /home/car-pi/ros2_ws/install/robot_bringup/share/ament_index/resource_index/parent_prefix_path/robot_bringup
[6.845s] -- Up-to-date: /home/car-pi/ros2_ws/install/robot_bringup/share/robot_bringup/environment/ament_prefix_path.sh
[6.852s] -- Up-to-date: /home/car-pi/ros2_ws/install/robot_bringup/share/robot_bringup/environment/ament_prefix_path.dsv
[6.865s] -- Up-to-date: /home/car-pi/ros2_ws/install/robot_bringup/share/robot_bringup/environment/path.sh
[6.868s] -- Up-to-date: /home/car-pi/ros2_ws/install/robot_bringup/share/robot_bringup/environment/path.dsv
[6.873s] -- Up-to-date: /home/car-pi/ros2_ws/install/robot_bringup/share/robot_bringup/local_setup.bash
[6.880s] -- Up-to-date: /home/car-pi/ros2_ws/install/robot_bringup/share/robot_bringup/local_setup.sh
[6.891s] -- Up-to-date: /home/car-pi/ros2_ws/install/robot_bringup/share/robot_bringup/local_setup.zsh
[6.901s] -- Up-to-date: /home/car-pi/ros2_ws/install/robot_bringup/share/robot_bringup/local_setup.dsv
[6.918s] -- Installing: /home/car-pi/ros2_ws/install/robot_bringup/share/robot_bringup/package.dsv
[6.923s] -- Up-to-date: /home/car-pi/ros2_ws/install/robot_bringup/share/ament_index/resource_index/packages/robot_bringup
[6.925s] -- Up-to-date: /home/car-pi/ros2_ws/install/robot_bringup/share/robot_bringup/cmake/robot_bringupConfig.cmake
[6.932s] -- Up-to-date: /home/car-pi/ros2_ws/install/robot_bringup/share/robot_bringup/cmake/robot_bringupConfig-version.cmake
[6.934s] -- Up-to-date: /home/car-pi/ros2_ws/install/robot_bringup/share/robot_bringup/package.xml
[7.146s] Invoked command in '/home/car-pi/ros2_ws/build/robot_bringup' returned '0': CMAKE_PREFIX_PATH=${CMAKE_PREFIX_PATH}:/home/car-pi/ros2_ws/install/motor_test:/opt/ros/humble /usr/bin/cmake --install /home/car-pi/ros2_ws/build/robot_bringup
