[2.309s] DEBUG:colcon:Command line arguments: ['/usr/bin/colcon', 'build', '--packages-select', 'fleet_manager']
[2.311s] DEBUG:colcon:Parsed command line arguments: Namespace(log_base=None, log_level=None, verb_name='build', build_base='build', install_base='install', merge_install=False, symlink_install=False, test_result_base=None, continue_on_error=False, executor='parallel', parallel_workers=4, event_handlers=None, ignore_user_meta=False, metas=['./colcon.meta'], base_paths=['.'], packages_ignore=None, packages_ignore_regex=None, paths=None, packages_up_to=None, packages_up_to_regex=None, packages_above=None, packages_above_and_dependencies=None, packages_above_depth=None, packages_select_by_dep=None, packages_skip_by_dep=None, packages_skip_up_to=None, packages_select_build_failed=False, packages_skip_build_finished=False, packages_select_test_failures=False, packages_skip_test_passed=False, packages_select=['fleet_manager'], packages_skip=None, packages_select_regex=None, packages_skip_regex=None, packages_start=None, packages_end=None, allow_overriding=[], cmake_args=None, cmake_target=None, cmake_target_skip_unavailable=False, cmake_clean_cache=False, cmake_clean_first=False, cmake_force_configure=False, ament_cmake_args=None, catkin_cmake_args=None, catkin_skip_building_tests=False, verb_parser=<colcon_defaults.argument_parser.defaults.DefaultArgumentsDecorator object at 0xffff9d997fa0>, verb_extension=<colcon_core.verb.build.BuildVerb object at 0xffff9da3cf10>, main=<bound method BuildVerb.main of <colcon_core.verb.build.BuildVerb object at 0xffff9da3cf10>>)
[5.680s] Level 1:colcon.colcon_core.package_discovery:discover_packages(colcon_meta) check parameters
[5.681s] Level 1:colcon.colcon_core.package_discovery:discover_packages(recursive) check parameters
[5.682s] Level 1:colcon.colcon_core.package_discovery:discover_packages(ignore) check parameters
[5.683s] Level 1:colcon.colcon_core.package_discovery:discover_packages(path) check parameters
[5.683s] Level 1:colcon.colcon_core.package_discovery:discover_packages(colcon_meta) discover
[5.684s] Level 1:colcon.colcon_core.package_discovery:discover_packages(recursive) discover
[5.685s] INFO:colcon.colcon_core.package_discovery:Crawling recursively for packages in '/home/car-pi/ros2_ws'
[5.687s] Level 1:colcon.colcon_core.package_identification:_identify(.) by extensions ['ignore', 'ignore_ament_install']
[5.688s] Level 1:colcon.colcon_core.package_identification:_identify(.) by extension 'ignore'
[5.689s] Level 1:colcon.colcon_core.package_identification:_identify(.) by extension 'ignore_ament_install'
[5.690s] Level 1:colcon.colcon_core.package_identification:_identify(.) by extensions ['colcon_pkg']
[5.691s] Level 1:colcon.colcon_core.package_identification:_identify(.) by extension 'colcon_pkg'
[5.692s] Level 1:colcon.colcon_core.package_identification:_identify(.) by extensions ['colcon_meta']
[5.692s] Level 1:colcon.colcon_core.package_identification:_identify(.) by extension 'colcon_meta'
[5.693s] Level 1:colcon.colcon_core.package_identification:_identify(.) by extensions ['ros']
[5.694s] Level 1:colcon.colcon_core.package_identification:_identify(.) by extension 'ros'
[5.901s] Level 1:colcon.colcon_core.package_identification:_identify(.) by extensions ['cmake', 'python']
[5.902s] Level 1:colcon.colcon_core.package_identification:_identify(.) by extension 'cmake'
[5.903s] Level 1:colcon.colcon_core.package_identification:_identify(.) by extension 'python'
[5.904s] Level 1:colcon.colcon_core.package_identification:_identify(.) by extensions ['python_setup_py']
[5.904s] Level 1:colcon.colcon_core.package_identification:_identify(.) by extension 'python_setup_py'
[5.906s] Level 1:colcon.colcon_core.package_identification:_identify(build) by extensions ['ignore', 'ignore_ament_install']
[5.908s] Level 1:colcon.colcon_core.package_identification:_identify(build) by extension 'ignore'
[5.909s] Level 1:colcon.colcon_core.package_identification:_identify(build) ignored
[5.911s] Level 1:colcon.colcon_core.package_identification:_identify(install) by extensions ['ignore', 'ignore_ament_install']
[5.912s] Level 1:colcon.colcon_core.package_identification:_identify(install) by extension 'ignore'
[5.913s] Level 1:colcon.colcon_core.package_identification:_identify(install) ignored
[5.915s] Level 1:colcon.colcon_core.package_identification:_identify(log) by extensions ['ignore', 'ignore_ament_install']
[5.917s] Level 1:colcon.colcon_core.package_identification:_identify(log) by extension 'ignore'
[5.918s] Level 1:colcon.colcon_core.package_identification:_identify(log) ignored
[5.919s] Level 1:colcon.colcon_core.package_identification:_identify(maps) by extensions ['ignore', 'ignore_ament_install']
[5.921s] Level 1:colcon.colcon_core.package_identification:_identify(maps) by extension 'ignore'
[5.922s] Level 1:colcon.colcon_core.package_identification:_identify(maps) by extension 'ignore_ament_install'
[5.923s] Level 1:colcon.colcon_core.package_identification:_identify(maps) by extensions ['colcon_pkg']
[5.923s] Level 1:colcon.colcon_core.package_identification:_identify(maps) by extension 'colcon_pkg'
[5.924s] Level 1:colcon.colcon_core.package_identification:_identify(maps) by extensions ['colcon_meta']
[5.925s] Level 1:colcon.colcon_core.package_identification:_identify(maps) by extension 'colcon_meta'
[5.926s] Level 1:colcon.colcon_core.package_identification:_identify(maps) by extensions ['ros']
[5.926s] Level 1:colcon.colcon_core.package_identification:_identify(maps) by extension 'ros'
[5.928s] Level 1:colcon.colcon_core.package_identification:_identify(maps) by extensions ['cmake', 'python']
[5.929s] Level 1:colcon.colcon_core.package_identification:_identify(maps) by extension 'cmake'
[5.929s] Level 1:colcon.colcon_core.package_identification:_identify(maps) by extension 'python'
[5.930s] Level 1:colcon.colcon_core.package_identification:_identify(maps) by extensions ['python_setup_py']
[5.931s] Level 1:colcon.colcon_core.package_identification:_identify(maps) by extension 'python_setup_py'
[5.933s] Level 1:colcon.colcon_core.package_identification:_identify(src) by extensions ['ignore', 'ignore_ament_install']
[5.935s] Level 1:colcon.colcon_core.package_identification:_identify(src) by extension 'ignore'
[5.936s] Level 1:colcon.colcon_core.package_identification:_identify(src) by extension 'ignore_ament_install'
[5.937s] Level 1:colcon.colcon_core.package_identification:_identify(src) by extensions ['colcon_pkg']
[5.937s] Level 1:colcon.colcon_core.package_identification:_identify(src) by extension 'colcon_pkg'
[5.938s] Level 1:colcon.colcon_core.package_identification:_identify(src) by extensions ['colcon_meta']
[5.939s] Level 1:colcon.colcon_core.package_identification:_identify(src) by extension 'colcon_meta'
[5.939s] Level 1:colcon.colcon_core.package_identification:_identify(src) by extensions ['ros']
[5.940s] Level 1:colcon.colcon_core.package_identification:_identify(src) by extension 'ros'
[5.942s] Level 1:colcon.colcon_core.package_identification:_identify(src) by extensions ['cmake', 'python']
[5.943s] Level 1:colcon.colcon_core.package_identification:_identify(src) by extension 'cmake'
[5.943s] Level 1:colcon.colcon_core.package_identification:_identify(src) by extension 'python'
[5.944s] Level 1:colcon.colcon_core.package_identification:_identify(src) by extensions ['python_setup_py']
[5.945s] Level 1:colcon.colcon_core.package_identification:_identify(src) by extension 'python_setup_py'
[5.947s] Level 1:colcon.colcon_core.package_identification:_identify(src/fleet_manager) by extensions ['ignore', 'ignore_ament_install']
[5.949s] Level 1:colcon.colcon_core.package_identification:_identify(src/fleet_manager) by extension 'ignore'
[5.950s] Level 1:colcon.colcon_core.package_identification:_identify(src/fleet_manager) by extension 'ignore_ament_install'
[5.951s] Level 1:colcon.colcon_core.package_identification:_identify(src/fleet_manager) by extensions ['colcon_pkg']
[5.951s] Level 1:colcon.colcon_core.package_identification:_identify(src/fleet_manager) by extension 'colcon_pkg'
[5.952s] Level 1:colcon.colcon_core.package_identification:_identify(src/fleet_manager) by extensions ['colcon_meta']
[5.953s] Level 1:colcon.colcon_core.package_identification:_identify(src/fleet_manager) by extension 'colcon_meta'
[5.954s] Level 1:colcon.colcon_core.package_identification:_identify(src/fleet_manager) by extensions ['ros']
[5.954s] Level 1:colcon.colcon_core.package_identification:_identify(src/fleet_manager) by extension 'ros'
[5.997s] DEBUG:colcon.colcon_core.package_identification:Package 'src/fleet_manager' with type 'ros.ament_cmake' and name 'fleet_manager'
[6.000s] Level 1:colcon.colcon_core.package_identification:_identify(src/nav_bringup) by extensions ['ignore', 'ignore_ament_install']
[6.001s] Level 1:colcon.colcon_core.package_identification:_identify(src/nav_bringup) by extension 'ignore'
[6.002s] Level 1:colcon.colcon_core.package_identification:_identify(src/nav_bringup) by extension 'ignore_ament_install'
[6.003s] Level 1:colcon.colcon_core.package_identification:_identify(src/nav_bringup) by extensions ['colcon_pkg']
[6.004s] Level 1:colcon.colcon_core.package_identification:_identify(src/nav_bringup) by extension 'colcon_pkg'
[6.005s] Level 1:colcon.colcon_core.package_identification:_identify(src/nav_bringup) by extensions ['colcon_meta']
[6.006s] Level 1:colcon.colcon_core.package_identification:_identify(src/nav_bringup) by extension 'colcon_meta'
[6.007s] Level 1:colcon.colcon_core.package_identification:_identify(src/nav_bringup) by extensions ['ros']
[6.007s] Level 1:colcon.colcon_core.package_identification:_identify(src/nav_bringup) by extension 'ros'
[6.017s] DEBUG:colcon.colcon_core.package_identification:Package 'src/nav_bringup' with type 'ros.ament_cmake' and name 'nav_bringup'
[6.020s] Level 1:colcon.colcon_core.package_identification:_identify(src/robot_bringup) by extensions ['ignore', 'ignore_ament_install']
[6.021s] Level 1:colcon.colcon_core.package_identification:_identify(src/robot_bringup) by extension 'ignore'
[6.022s] Level 1:colcon.colcon_core.package_identification:_identify(src/robot_bringup) by extension 'ignore_ament_install'
[6.023s] Level 1:colcon.colcon_core.package_identification:_identify(src/robot_bringup) by extensions ['colcon_pkg']
[6.024s] Level 1:colcon.colcon_core.package_identification:_identify(src/robot_bringup) by extension 'colcon_pkg'
[6.025s] Level 1:colcon.colcon_core.package_identification:_identify(src/robot_bringup) by extensions ['colcon_meta']
[6.025s] Level 1:colcon.colcon_core.package_identification:_identify(src/robot_bringup) by extension 'colcon_meta'
[6.026s] Level 1:colcon.colcon_core.package_identification:_identify(src/robot_bringup) by extensions ['ros']
[6.027s] Level 1:colcon.colcon_core.package_identification:_identify(src/robot_bringup) by extension 'ros'
[6.038s] DEBUG:colcon.colcon_core.package_identification:Package 'src/robot_bringup' with type 'ros.ament_cmake' and name 'robot_bringup'
[6.039s] Level 1:colcon.colcon_core.package_identification:_identify(src/robot_control) by extensions ['ignore', 'ignore_ament_install']
[6.041s] Level 1:colcon.colcon_core.package_identification:_identify(src/robot_control) by extension 'ignore'
[6.042s] Level 1:colcon.colcon_core.package_identification:_identify(src/robot_control) by extension 'ignore_ament_install'
[6.043s] Level 1:colcon.colcon_core.package_identification:_identify(src/robot_control) by extensions ['colcon_pkg']
[6.044s] Level 1:colcon.colcon_core.package_identification:_identify(src/robot_control) by extension 'colcon_pkg'
[6.045s] Level 1:colcon.colcon_core.package_identification:_identify(src/robot_control) by extensions ['colcon_meta']
[6.045s] Level 1:colcon.colcon_core.package_identification:_identify(src/robot_control) by extension 'colcon_meta'
[6.046s] Level 1:colcon.colcon_core.package_identification:_identify(src/robot_control) by extensions ['ros']
[6.047s] Level 1:colcon.colcon_core.package_identification:_identify(src/robot_control) by extension 'ros'
[6.048s] Level 1:colcon.colcon_core.package_identification:_identify(src/robot_control) by extensions ['cmake', 'python']
[6.049s] Level 1:colcon.colcon_core.package_identification:_identify(src/robot_control) by extension 'cmake'
[6.050s] Level 1:colcon.colcon_core.package_identification:_identify(src/robot_control) by extension 'python'
[6.051s] Level 1:colcon.colcon_core.package_identification:_identify(src/robot_control) by extensions ['python_setup_py']
[6.051s] Level 1:colcon.colcon_core.package_identification:_identify(src/robot_control) by extension 'python_setup_py'
[6.054s] Level 1:colcon.colcon_core.package_identification:_identify(src/robot_description) by extensions ['ignore', 'ignore_ament_install']
[6.055s] Level 1:colcon.colcon_core.package_identification:_identify(src/robot_description) by extension 'ignore'
[6.056s] Level 1:colcon.colcon_core.package_identification:_identify(src/robot_description) by extension 'ignore_ament_install'
[6.057s] Level 1:colcon.colcon_core.package_identification:_identify(src/robot_description) by extensions ['colcon_pkg']
[6.058s] Level 1:colcon.colcon_core.package_identification:_identify(src/robot_description) by extension 'colcon_pkg'
[6.059s] Level 1:colcon.colcon_core.package_identification:_identify(src/robot_description) by extensions ['colcon_meta']
[6.059s] Level 1:colcon.colcon_core.package_identification:_identify(src/robot_description) by extension 'colcon_meta'
[6.060s] Level 1:colcon.colcon_core.package_identification:_identify(src/robot_description) by extensions ['ros']
[6.061s] Level 1:colcon.colcon_core.package_identification:_identify(src/robot_description) by extension 'ros'
[6.071s] DEBUG:colcon.colcon_core.package_identification:Package 'src/robot_description' with type 'ros.ament_cmake' and name 'robot_description'
[6.073s] Level 1:colcon.colcon_core.package_identification:_identify(src/robot_drivers) by extensions ['ignore', 'ignore_ament_install']
[6.074s] Level 1:colcon.colcon_core.package_identification:_identify(src/robot_drivers) by extension 'ignore'
[6.075s] Level 1:colcon.colcon_core.package_identification:_identify(src/robot_drivers) by extension 'ignore_ament_install'
[6.077s] Level 1:colcon.colcon_core.package_identification:_identify(src/robot_drivers) by extensions ['colcon_pkg']
[6.077s] Level 1:colcon.colcon_core.package_identification:_identify(src/robot_drivers) by extension 'colcon_pkg'
[6.078s] Level 1:colcon.colcon_core.package_identification:_identify(src/robot_drivers) by extensions ['colcon_meta']
[6.079s] Level 1:colcon.colcon_core.package_identification:_identify(src/robot_drivers) by extension 'colcon_meta'
[6.080s] Level 1:colcon.colcon_core.package_identification:_identify(src/robot_drivers) by extensions ['ros']
[6.080s] Level 1:colcon.colcon_core.package_identification:_identify(src/robot_drivers) by extension 'ros'
[6.082s] Level 1:colcon.colcon_core.package_identification:_identify(src/robot_drivers) by extensions ['cmake', 'python']
[6.082s] Level 1:colcon.colcon_core.package_identification:_identify(src/robot_drivers) by extension 'cmake'
[6.083s] Level 1:colcon.colcon_core.package_identification:_identify(src/robot_drivers) by extension 'python'
[6.084s] Level 1:colcon.colcon_core.package_identification:_identify(src/robot_drivers) by extensions ['python_setup_py']
[6.085s] Level 1:colcon.colcon_core.package_identification:_identify(src/robot_drivers) by extension 'python_setup_py'
[6.087s] Level 1:colcon.colcon_core.package_identification:_identify(src/robot_drivers/ydlidar_ros2_driver) by extensions ['ignore', 'ignore_ament_install']
[6.089s] Level 1:colcon.colcon_core.package_identification:_identify(src/robot_drivers/ydlidar_ros2_driver) by extension 'ignore'
[6.090s] Level 1:colcon.colcon_core.package_identification:_identify(src/robot_drivers/ydlidar_ros2_driver) by extension 'ignore_ament_install'
[6.091s] Level 1:colcon.colcon_core.package_identification:_identify(src/robot_drivers/ydlidar_ros2_driver) by extensions ['colcon_pkg']
[6.092s] Level 1:colcon.colcon_core.package_identification:_identify(src/robot_drivers/ydlidar_ros2_driver) by extension 'colcon_pkg'
[6.092s] Level 1:colcon.colcon_core.package_identification:_identify(src/robot_drivers/ydlidar_ros2_driver) by extensions ['colcon_meta']
[6.093s] Level 1:colcon.colcon_core.package_identification:_identify(src/robot_drivers/ydlidar_ros2_driver) by extension 'colcon_meta'
[6.094s] Level 1:colcon.colcon_core.package_identification:_identify(src/robot_drivers/ydlidar_ros2_driver) by extensions ['ros']
[6.095s] Level 1:colcon.colcon_core.package_identification:_identify(src/robot_drivers/ydlidar_ros2_driver) by extension 'ros'
[6.107s] DEBUG:colcon.colcon_core.package_identification:Package 'src/robot_drivers/ydlidar_ros2_driver' with type 'ros.ament_cmake' and name 'ydlidar_ros2_driver'
[6.109s] Level 1:colcon.colcon_core.package_identification:_identify(src/robot_hardware) by extensions ['ignore', 'ignore_ament_install']
[6.110s] Level 1:colcon.colcon_core.package_identification:_identify(src/robot_hardware) by extension 'ignore'
[6.111s] Level 1:colcon.colcon_core.package_identification:_identify(src/robot_hardware) by extension 'ignore_ament_install'
[6.112s] Level 1:colcon.colcon_core.package_identification:_identify(src/robot_hardware) by extensions ['colcon_pkg']
[6.113s] Level 1:colcon.colcon_core.package_identification:_identify(src/robot_hardware) by extension 'colcon_pkg'
[6.114s] Level 1:colcon.colcon_core.package_identification:_identify(src/robot_hardware) by extensions ['colcon_meta']
[6.114s] Level 1:colcon.colcon_core.package_identification:_identify(src/robot_hardware) by extension 'colcon_meta'
[6.115s] Level 1:colcon.colcon_core.package_identification:_identify(src/robot_hardware) by extensions ['ros']
[6.116s] Level 1:colcon.colcon_core.package_identification:_identify(src/robot_hardware) by extension 'ros'
[6.118s] Level 1:colcon.colcon_core.package_identification:_identify(src/robot_hardware) by extensions ['cmake', 'python']
[6.118s] Level 1:colcon.colcon_core.package_identification:_identify(src/robot_hardware) by extension 'cmake'
[6.119s] Level 1:colcon.colcon_core.package_identification:_identify(src/robot_hardware) by extension 'python'
[6.120s] Level 1:colcon.colcon_core.package_identification:_identify(src/robot_hardware) by extensions ['python_setup_py']
[6.120s] Level 1:colcon.colcon_core.package_identification:_identify(src/robot_hardware) by extension 'python_setup_py'
[6.123s] Level 1:colcon.colcon_core.package_identification:_identify(src/robot_hardware/arduino_diffdrive) by extensions ['ignore', 'ignore_ament_install']
[6.124s] Level 1:colcon.colcon_core.package_identification:_identify(src/robot_hardware/arduino_diffdrive) by extension 'ignore'
[6.125s] Level 1:colcon.colcon_core.package_identification:_identify(src/robot_hardware/arduino_diffdrive) by extension 'ignore_ament_install'
[6.126s] Level 1:colcon.colcon_core.package_identification:_identify(src/robot_hardware/arduino_diffdrive) by extensions ['colcon_pkg']
[6.127s] Level 1:colcon.colcon_core.package_identification:_identify(src/robot_hardware/arduino_diffdrive) by extension 'colcon_pkg'
[6.128s] Level 1:colcon.colcon_core.package_identification:_identify(src/robot_hardware/arduino_diffdrive) by extensions ['colcon_meta']
[6.129s] Level 1:colcon.colcon_core.package_identification:_identify(src/robot_hardware/arduino_diffdrive) by extension 'colcon_meta'
[6.130s] Level 1:colcon.colcon_core.package_identification:_identify(src/robot_hardware/arduino_diffdrive) by extensions ['ros']
[6.130s] Level 1:colcon.colcon_core.package_identification:_identify(src/robot_hardware/arduino_diffdrive) by extension 'ros'
[6.149s] DEBUG:colcon.colcon_core.package_identification:Package 'src/robot_hardware/arduino_diffdrive' with type 'ros.ament_cmake' and name 'arduino_diffdrive'
[6.151s] Level 1:colcon.colcon_core.package_identification:_identify(src/robot_localization) by extensions ['ignore', 'ignore_ament_install']
[6.152s] Level 1:colcon.colcon_core.package_identification:_identify(src/robot_localization) by extension 'ignore'
[6.153s] Level 1:colcon.colcon_core.package_identification:_identify(src/robot_localization) by extension 'ignore_ament_install'
[6.154s] Level 1:colcon.colcon_core.package_identification:_identify(src/robot_localization) by extensions ['colcon_pkg']
[6.155s] Level 1:colcon.colcon_core.package_identification:_identify(src/robot_localization) by extension 'colcon_pkg'
[6.156s] Level 1:colcon.colcon_core.package_identification:_identify(src/robot_localization) by extensions ['colcon_meta']
[6.156s] Level 1:colcon.colcon_core.package_identification:_identify(src/robot_localization) by extension 'colcon_meta'
[6.157s] Level 1:colcon.colcon_core.package_identification:_identify(src/robot_localization) by extensions ['ros']
[6.158s] Level 1:colcon.colcon_core.package_identification:_identify(src/robot_localization) by extension 'ros'
[6.159s] Level 1:colcon.colcon_core.package_identification:_identify(src/robot_localization) by extensions ['cmake', 'python']
[6.160s] Level 1:colcon.colcon_core.package_identification:_identify(src/robot_localization) by extension 'cmake'
[6.161s] Level 1:colcon.colcon_core.package_identification:_identify(src/robot_localization) by extension 'python'
[6.162s] Level 1:colcon.colcon_core.package_identification:_identify(src/robot_localization) by extensions ['python_setup_py']
[6.163s] Level 1:colcon.colcon_core.package_identification:_identify(src/robot_localization) by extension 'python_setup_py'
[6.164s] Level 1:colcon.colcon_core.package_identification:_identify(src/robot_navigation) by extensions ['ignore', 'ignore_ament_install']
[6.166s] Level 1:colcon.colcon_core.package_identification:_identify(src/robot_navigation) by extension 'ignore'
[6.167s] Level 1:colcon.colcon_core.package_identification:_identify(src/robot_navigation) by extension 'ignore_ament_install'
[6.168s] Level 1:colcon.colcon_core.package_identification:_identify(src/robot_navigation) by extensions ['colcon_pkg']
[6.169s] Level 1:colcon.colcon_core.package_identification:_identify(src/robot_navigation) by extension 'colcon_pkg'
[6.170s] Level 1:colcon.colcon_core.package_identification:_identify(src/robot_navigation) by extensions ['colcon_meta']
[6.170s] Level 1:colcon.colcon_core.package_identification:_identify(src/robot_navigation) by extension 'colcon_meta'
[6.171s] Level 1:colcon.colcon_core.package_identification:_identify(src/robot_navigation) by extensions ['ros']
[6.172s] Level 1:colcon.colcon_core.package_identification:_identify(src/robot_navigation) by extension 'ros'
[6.174s] Level 1:colcon.colcon_core.package_identification:_identify(src/robot_navigation) by extensions ['cmake', 'python']
[6.174s] Level 1:colcon.colcon_core.package_identification:_identify(src/robot_navigation) by extension 'cmake'
[6.175s] Level 1:colcon.colcon_core.package_identification:_identify(src/robot_navigation) by extension 'python'
[6.176s] Level 1:colcon.colcon_core.package_identification:_identify(src/robot_navigation) by extensions ['python_setup_py']
[6.176s] Level 1:colcon.colcon_core.package_identification:_identify(src/robot_navigation) by extension 'python_setup_py'
[6.178s] Level 1:colcon.colcon_core.package_identification:_identify(src/robot_tests) by extensions ['ignore', 'ignore_ament_install']
[6.180s] Level 1:colcon.colcon_core.package_identification:_identify(src/robot_tests) by extension 'ignore'
[6.181s] Level 1:colcon.colcon_core.package_identification:_identify(src/robot_tests) by extension 'ignore_ament_install'
[6.182s] Level 1:colcon.colcon_core.package_identification:_identify(src/robot_tests) by extensions ['colcon_pkg']
[6.182s] Level 1:colcon.colcon_core.package_identification:_identify(src/robot_tests) by extension 'colcon_pkg'
[6.183s] Level 1:colcon.colcon_core.package_identification:_identify(src/robot_tests) by extensions ['colcon_meta']
[6.184s] Level 1:colcon.colcon_core.package_identification:_identify(src/robot_tests) by extension 'colcon_meta'
[6.185s] Level 1:colcon.colcon_core.package_identification:_identify(src/robot_tests) by extensions ['ros']
[6.186s] Level 1:colcon.colcon_core.package_identification:_identify(src/robot_tests) by extension 'ros'
[6.187s] Level 1:colcon.colcon_core.package_identification:_identify(src/robot_tests) by extensions ['cmake', 'python']
[6.188s] Level 1:colcon.colcon_core.package_identification:_identify(src/robot_tests) by extension 'cmake'
[6.189s] Level 1:colcon.colcon_core.package_identification:_identify(src/robot_tests) by extension 'python'
[6.190s] Level 1:colcon.colcon_core.package_identification:_identify(src/robot_tests) by extensions ['python_setup_py']
[6.190s] Level 1:colcon.colcon_core.package_identification:_identify(src/robot_tests) by extension 'python_setup_py'
[6.193s] Level 1:colcon.colcon_core.package_identification:_identify(src/robot_tests/motor_test) by extensions ['ignore', 'ignore_ament_install']
[6.194s] Level 1:colcon.colcon_core.package_identification:_identify(src/robot_tests/motor_test) by extension 'ignore'
[6.195s] Level 1:colcon.colcon_core.package_identification:_identify(src/robot_tests/motor_test) by extension 'ignore_ament_install'
[6.196s] Level 1:colcon.colcon_core.package_identification:_identify(src/robot_tests/motor_test) by extensions ['colcon_pkg']
[6.197s] Level 1:colcon.colcon_core.package_identification:_identify(src/robot_tests/motor_test) by extension 'colcon_pkg'
[6.198s] Level 1:colcon.colcon_core.package_identification:_identify(src/robot_tests/motor_test) by extensions ['colcon_meta']
[6.198s] Level 1:colcon.colcon_core.package_identification:_identify(src/robot_tests/motor_test) by extension 'colcon_meta'
[6.199s] Level 1:colcon.colcon_core.package_identification:_identify(src/robot_tests/motor_test) by extensions ['ros']
[6.200s] Level 1:colcon.colcon_core.package_identification:_identify(src/robot_tests/motor_test) by extension 'ros'
[6.212s] DEBUG:colcon.colcon_core.package_identification:Package 'src/robot_tests/motor_test' with type 'ros.ament_python' and name 'motor_test'
[6.214s] Level 1:colcon.colcon_core.package_identification:_identify(src/robot_utils) by extensions ['ignore', 'ignore_ament_install']
[6.215s] Level 1:colcon.colcon_core.package_identification:_identify(src/robot_utils) by extension 'ignore'
[6.216s] Level 1:colcon.colcon_core.package_identification:_identify(src/robot_utils) by extension 'ignore_ament_install'
[6.217s] Level 1:colcon.colcon_core.package_identification:_identify(src/robot_utils) by extensions ['colcon_pkg']
[6.218s] Level 1:colcon.colcon_core.package_identification:_identify(src/robot_utils) by extension 'colcon_pkg'
[6.219s] Level 1:colcon.colcon_core.package_identification:_identify(src/robot_utils) by extensions ['colcon_meta']
[6.219s] Level 1:colcon.colcon_core.package_identification:_identify(src/robot_utils) by extension 'colcon_meta'
[6.220s] Level 1:colcon.colcon_core.package_identification:_identify(src/robot_utils) by extensions ['ros']
[6.221s] Level 1:colcon.colcon_core.package_identification:_identify(src/robot_utils) by extension 'ros'
[6.223s] Level 1:colcon.colcon_core.package_identification:_identify(src/robot_utils) by extensions ['cmake', 'python']
[6.223s] Level 1:colcon.colcon_core.package_identification:_identify(src/robot_utils) by extension 'cmake'
[6.224s] Level 1:colcon.colcon_core.package_identification:_identify(src/robot_utils) by extension 'python'
[6.225s] Level 1:colcon.colcon_core.package_identification:_identify(src/robot_utils) by extensions ['python_setup_py']
[6.226s] Level 1:colcon.colcon_core.package_identification:_identify(src/robot_utils) by extension 'python_setup_py'
[6.226s] Level 1:colcon.colcon_core.package_discovery:discover_packages(recursive) using defaults
[6.227s] Level 1:colcon.colcon_core.package_discovery:discover_packages(ignore) discover
[6.228s] Level 1:colcon.colcon_core.package_discovery:discover_packages(ignore) using defaults
[6.228s] Level 1:colcon.colcon_core.package_discovery:discover_packages(path) discover
[6.229s] Level 1:colcon.colcon_core.package_discovery:discover_packages(path) using defaults
[6.569s] INFO:colcon.colcon_core.package_selection:Skipping not selected package 'arduino_diffdrive' in 'src/robot_hardware/arduino_diffdrive'
[6.570s] INFO:colcon.colcon_core.package_selection:Skipping not selected package 'motor_test' in 'src/robot_tests/motor_test'
[6.570s] INFO:colcon.colcon_core.package_selection:Skipping not selected package 'nav_bringup' in 'src/nav_bringup'
[6.571s] INFO:colcon.colcon_core.package_selection:Skipping not selected package 'robot_bringup' in 'src/robot_bringup'
[6.571s] INFO:colcon.colcon_core.package_selection:Skipping not selected package 'robot_description' in 'src/robot_description'
[6.572s] INFO:colcon.colcon_core.package_selection:Skipping not selected package 'ydlidar_ros2_driver' in 'src/robot_drivers/ydlidar_ros2_driver'
[6.578s] Level 1:colcon.colcon_core.package_discovery:discover_packages(prefix_path) check parameters
[6.579s] Level 1:colcon.colcon_core.package_discovery:discover_packages(prefix_path) discover
[6.597s] WARNING:colcon.colcon_ros.prefix_path.ament:The path '/home/car-pi/ros2_ws/install/ydlidar_ros2_driver' in the environment variable AMENT_PREFIX_PATH doesn't exist
[6.598s] WARNING:colcon.colcon_ros.prefix_path.ament:The path '/home/car-pi/ros2_ws/install/robot_description' in the environment variable AMENT_PREFIX_PATH doesn't exist
[6.599s] WARNING:colcon.colcon_ros.prefix_path.ament:The path '/home/car-pi/ros2_ws/install/robot_bringup' in the environment variable AMENT_PREFIX_PATH doesn't exist
[6.600s] WARNING:colcon.colcon_ros.prefix_path.ament:The path '/home/car-pi/ros2_ws/install/motor_test' in the environment variable AMENT_PREFIX_PATH doesn't exist
[6.601s] WARNING:colcon.colcon_ros.prefix_path.ament:The path '/home/car-pi/ros2_ws/install/arduino_diffdrive' in the environment variable AMENT_PREFIX_PATH doesn't exist
[6.604s] WARNING:colcon.colcon_ros.prefix_path.catkin:The path '/home/car-pi/ros2_ws/install/ydlidar_ros2_driver' in the environment variable CMAKE_PREFIX_PATH doesn't exist
[6.605s] WARNING:colcon.colcon_ros.prefix_path.catkin:The path '/home/car-pi/ros2_ws/install/robot_description' in the environment variable CMAKE_PREFIX_PATH doesn't exist
[6.606s] WARNING:colcon.colcon_ros.prefix_path.catkin:The path '/home/car-pi/ros2_ws/install/robot_bringup' in the environment variable CMAKE_PREFIX_PATH doesn't exist
[6.607s] WARNING:colcon.colcon_ros.prefix_path.catkin:The path '/home/car-pi/ros2_ws/install/arduino_diffdrive' in the environment variable CMAKE_PREFIX_PATH doesn't exist
[6.619s] DEBUG:colcon.colcon_installed_package_information.package_discovery:Found 0 installed packages in /home/car-pi/ros2_ws/install
[6.663s] DEBUG:colcon.colcon_installed_package_information.package_discovery:Found 294 installed packages in /opt/ros/humble
[6.842s] Level 1:colcon.colcon_core.package_discovery:discover_packages(prefix_path) using defaults
[7.675s] Level 5:colcon.colcon_core.verb:set package 'fleet_manager' build argument 'cmake_args' from command line to 'None'
[7.676s] Level 5:colcon.colcon_core.verb:set package 'fleet_manager' build argument 'cmake_target' from command line to 'None'
[7.677s] Level 5:colcon.colcon_core.verb:set package 'fleet_manager' build argument 'cmake_target_skip_unavailable' from command line to 'False'
[7.677s] Level 5:colcon.colcon_core.verb:set package 'fleet_manager' build argument 'cmake_clean_cache' from command line to 'False'
[7.678s] Level 5:colcon.colcon_core.verb:set package 'fleet_manager' build argument 'cmake_clean_first' from command line to 'False'
[7.678s] Level 5:colcon.colcon_core.verb:set package 'fleet_manager' build argument 'cmake_force_configure' from command line to 'False'
[7.679s] Level 5:colcon.colcon_core.verb:set package 'fleet_manager' build argument 'ament_cmake_args' from command line to 'None'
[7.679s] Level 5:colcon.colcon_core.verb:set package 'fleet_manager' build argument 'catkin_cmake_args' from command line to 'None'
[7.679s] Level 5:colcon.colcon_core.verb:set package 'fleet_manager' build argument 'catkin_skip_building_tests' from command line to 'False'
[7.680s] DEBUG:colcon.colcon_core.verb:Building package 'fleet_manager' with the following arguments: {'ament_cmake_args': None, 'build_base': '/home/car-pi/ros2_ws/build/fleet_manager', 'catkin_cmake_args': None, 'catkin_skip_building_tests': False, 'cmake_args': None, 'cmake_clean_cache': False, 'cmake_clean_first': False, 'cmake_force_configure': False, 'cmake_target': None, 'cmake_target_skip_unavailable': False, 'install_base': '/home/car-pi/ros2_ws/install/fleet_manager', 'merge_install': False, 'path': '/home/car-pi/ros2_ws/src/fleet_manager', 'symlink_install': False, 'test_result_base': None}
[7.683s] INFO:colcon.colcon_core.executor:Executing jobs using 'parallel' executor
[7.695s] DEBUG:colcon.colcon_parallel_executor.executor.parallel:run_until_complete
[7.698s] INFO:colcon.colcon_ros.task.ament_cmake.build:Building ROS package in '/home/car-pi/ros2_ws/src/fleet_manager' with build type 'ament_cmake'
[7.700s] INFO:colcon.colcon_cmake.task.cmake.build:Building CMake package in '/home/car-pi/ros2_ws/src/fleet_manager'
[7.740s] INFO:colcon.colcon_core.plugin_system:Skipping extension 'colcon_core.shell.bat': Not used on non-Windows systems
[7.744s] INFO:colcon.colcon_core.shell:Skip shell extension 'powershell' for command environment: Not usable outside of PowerShell
[7.745s] DEBUG:colcon.colcon_core.shell:Skip shell extension 'dsv' for command environment
[7.901s] DEBUG:colcon.colcon_core.event_handler.log_command:Invoking command in '/home/car-pi/ros2_ws/build/fleet_manager': CMAKE_PREFIX_PATH=${CMAKE_PREFIX_PATH}:/home/car-pi/ros2_ws/install/motor_test:/opt/ros/humble /usr/bin/cmake /home/car-pi/ros2_ws/src/fleet_manager -DCMAKE_INSTALL_PREFIX=/home/car-pi/ros2_ws/install/fleet_manager
[31.650s] DEBUG:colcon.colcon_core.event_handler.log_command:Invoked command in '/home/car-pi/ros2_ws/build/fleet_manager' returned '0': CMAKE_PREFIX_PATH=${CMAKE_PREFIX_PATH}:/home/car-pi/ros2_ws/install/motor_test:/opt/ros/humble /usr/bin/cmake /home/car-pi/ros2_ws/src/fleet_manager -DCMAKE_INSTALL_PREFIX=/home/car-pi/ros2_ws/install/fleet_manager
[31.687s] DEBUG:colcon.colcon_core.event_handler.log_command:Invoking command in '/home/car-pi/ros2_ws/build/fleet_manager': CMAKE_PREFIX_PATH=${CMAKE_PREFIX_PATH}:/home/car-pi/ros2_ws/install/motor_test:/opt/ros/humble /usr/bin/cmake --build /home/car-pi/ros2_ws/build/fleet_manager -- -j4 -l4
[114.277s] DEBUG:colcon.colcon_core.event_handler.log_command:Invoked command in '/home/car-pi/ros2_ws/build/fleet_manager' returned '0': CMAKE_PREFIX_PATH=${CMAKE_PREFIX_PATH}:/home/car-pi/ros2_ws/install/motor_test:/opt/ros/humble /usr/bin/cmake --build /home/car-pi/ros2_ws/build/fleet_manager -- -j4 -l4
[114.433s] DEBUG:colcon.colcon_core.event_handler.log_command:Invoking command in '/home/car-pi/ros2_ws/build/fleet_manager': CMAKE_PREFIX_PATH=${CMAKE_PREFIX_PATH}:/home/car-pi/ros2_ws/install/motor_test:/opt/ros/humble /usr/bin/cmake --install /home/car-pi/ros2_ws/build/fleet_manager
[114.696s] Level 1:colcon.colcon_core.environment:create_environment_scripts_only(fleet_manager)
[114.705s] DEBUG:colcon.colcon_core.event_handler.log_command:Invoked command in '/home/car-pi/ros2_ws/build/fleet_manager' returned '0': CMAKE_PREFIX_PATH=${CMAKE_PREFIX_PATH}:/home/car-pi/ros2_ws/install/motor_test:/opt/ros/humble /usr/bin/cmake --install /home/car-pi/ros2_ws/build/fleet_manager
[114.756s] Level 1:colcon.colcon_core.environment:checking '/home/car-pi/ros2_ws/install/fleet_manager' for CMake module files
[114.768s] Level 1:colcon.colcon_core.environment:checking '/home/car-pi/ros2_ws/install/fleet_manager' for CMake config files
[114.773s] Level 1:colcon.colcon_core.shell:create_environment_hook('fleet_manager', 'cmake_prefix_path')
[114.777s] INFO:colcon.colcon_core.shell:Creating environment hook '/home/car-pi/ros2_ws/install/fleet_manager/share/fleet_manager/hook/cmake_prefix_path.ps1'
[114.790s] INFO:colcon.colcon_core.shell:Creating environment descriptor '/home/car-pi/ros2_ws/install/fleet_manager/share/fleet_manager/hook/cmake_prefix_path.dsv'
[114.797s] INFO:colcon.colcon_core.shell:Creating environment hook '/home/car-pi/ros2_ws/install/fleet_manager/share/fleet_manager/hook/cmake_prefix_path.sh'
[114.813s] Level 1:colcon.colcon_core.environment:checking '/home/car-pi/ros2_ws/install/fleet_manager/lib'
[114.816s] Level 1:colcon.colcon_core.environment:checking '/home/car-pi/ros2_ws/install/fleet_manager/bin'
[114.817s] Level 1:colcon.colcon_core.environment:checking '/home/car-pi/ros2_ws/install/fleet_manager/lib/pkgconfig/fleet_manager.pc'
[114.822s] Level 1:colcon.colcon_core.environment:checking '/home/car-pi/ros2_ws/install/fleet_manager/lib/python3.10/site-packages'
[114.829s] Level 1:colcon.colcon_core.environment:checking '/home/car-pi/ros2_ws/install/fleet_manager/bin'
[114.835s] INFO:colcon.colcon_core.shell:Creating package script '/home/car-pi/ros2_ws/install/fleet_manager/share/fleet_manager/package.ps1'
[114.850s] INFO:colcon.colcon_core.shell:Creating package descriptor '/home/car-pi/ros2_ws/install/fleet_manager/share/fleet_manager/package.dsv'
[114.860s] INFO:colcon.colcon_core.shell:Creating package script '/home/car-pi/ros2_ws/install/fleet_manager/share/fleet_manager/package.sh'
[114.874s] INFO:colcon.colcon_core.shell:Creating package script '/home/car-pi/ros2_ws/install/fleet_manager/share/fleet_manager/package.bash'
[114.888s] INFO:colcon.colcon_core.shell:Creating package script '/home/car-pi/ros2_ws/install/fleet_manager/share/fleet_manager/package.zsh'
[114.901s] Level 1:colcon.colcon_core.environment:create_file_with_runtime_dependencies(/home/car-pi/ros2_ws/install/fleet_manager/share/colcon-core/packages/fleet_manager)
[114.913s] Level 1:colcon.colcon_core.environment:create_environment_scripts_only(fleet_manager)
[114.917s] Level 1:colcon.colcon_core.environment:checking '/home/car-pi/ros2_ws/install/fleet_manager' for CMake module files
[114.930s] Level 1:colcon.colcon_core.environment:checking '/home/car-pi/ros2_ws/install/fleet_manager' for CMake config files
[114.935s] Level 1:colcon.colcon_core.shell:create_environment_hook('fleet_manager', 'cmake_prefix_path')
[114.939s] INFO:colcon.colcon_core.shell:Creating environment hook '/home/car-pi/ros2_ws/install/fleet_manager/share/fleet_manager/hook/cmake_prefix_path.ps1'
[114.946s] INFO:colcon.colcon_core.shell:Creating environment descriptor '/home/car-pi/ros2_ws/install/fleet_manager/share/fleet_manager/hook/cmake_prefix_path.dsv'
[114.955s] INFO:colcon.colcon_core.shell:Creating environment hook '/home/car-pi/ros2_ws/install/fleet_manager/share/fleet_manager/hook/cmake_prefix_path.sh'
[114.965s] Level 1:colcon.colcon_core.environment:checking '/home/car-pi/ros2_ws/install/fleet_manager/lib'
[114.967s] Level 1:colcon.colcon_core.environment:checking '/home/car-pi/ros2_ws/install/fleet_manager/bin'
[114.968s] Level 1:colcon.colcon_core.environment:checking '/home/car-pi/ros2_ws/install/fleet_manager/lib/pkgconfig/fleet_manager.pc'
[114.973s] Level 1:colcon.colcon_core.environment:checking '/home/car-pi/ros2_ws/install/fleet_manager/lib/python3.10/site-packages'
[114.980s] Level 1:colcon.colcon_core.environment:checking '/home/car-pi/ros2_ws/install/fleet_manager/bin'
[114.986s] INFO:colcon.colcon_core.shell:Creating package script '/home/car-pi/ros2_ws/install/fleet_manager/share/fleet_manager/package.ps1'
[114.995s] INFO:colcon.colcon_core.shell:Creating package descriptor '/home/car-pi/ros2_ws/install/fleet_manager/share/fleet_manager/package.dsv'
[115.004s] INFO:colcon.colcon_core.shell:Creating package script '/home/car-pi/ros2_ws/install/fleet_manager/share/fleet_manager/package.sh'
[115.013s] INFO:colcon.colcon_core.shell:Creating package script '/home/car-pi/ros2_ws/install/fleet_manager/share/fleet_manager/package.bash'
[115.021s] INFO:colcon.colcon_core.shell:Creating package script '/home/car-pi/ros2_ws/install/fleet_manager/share/fleet_manager/package.zsh'
[115.029s] Level 1:colcon.colcon_core.environment:create_file_with_runtime_dependencies(/home/car-pi/ros2_ws/install/fleet_manager/share/colcon-core/packages/fleet_manager)
[115.033s] DEBUG:colcon.colcon_parallel_executor.executor.parallel:closing loop
[115.039s] DEBUG:colcon.colcon_parallel_executor.executor.parallel:loop closed
[115.041s] DEBUG:colcon.colcon_parallel_executor.executor.parallel:run_until_complete finished with '0'
[115.043s] DEBUG:colcon.colcon_core.event_reactor:joining thread
[115.153s] INFO:colcon.colcon_core.plugin_system:Skipping extension 'colcon_notification.desktop_notification.notify_send': Could not find 'notify-send'
[115.154s] INFO:colcon.colcon_core.plugin_system:Skipping extension 'colcon_notification.desktop_notification.terminal_notifier': Not used on non-Darwin systems
[115.155s] INFO:colcon.colcon_core.plugin_system:Skipping extension 'colcon_notification.desktop_notification.win32': Not used on non-Windows systems
[115.156s] INFO:colcon.colcon_notification.desktop_notification:Sending desktop notification using 'notify2'
[115.169s] DEBUG:colcon.colcon_notification.desktop_notification.notify2:Failed to initialize notify2: org.freedesktop.DBus.Error.ServiceUnknown: The name org.freedesktop.Notifications was not provided by any .service files
[115.170s] DEBUG:colcon.colcon_core.event_reactor:joined thread
[115.175s] INFO:colcon.colcon_core.shell:Creating prefix script '/home/car-pi/ros2_ws/install/local_setup.ps1'
[115.190s] INFO:colcon.colcon_core.shell:Creating prefix util module '/home/car-pi/ros2_ws/install/_local_setup_util_ps1.py'
[115.217s] INFO:colcon.colcon_core.shell:Creating prefix chain script '/home/car-pi/ros2_ws/install/setup.ps1'
[115.234s] INFO:colcon.colcon_core.shell:Creating prefix script '/home/car-pi/ros2_ws/install/local_setup.sh'
[115.246s] INFO:colcon.colcon_core.shell:Creating prefix util module '/home/car-pi/ros2_ws/install/_local_setup_util_sh.py'
[115.255s] INFO:colcon.colcon_core.shell:Creating prefix chain script '/home/car-pi/ros2_ws/install/setup.sh'
[115.274s] INFO:colcon.colcon_core.shell:Creating prefix script '/home/car-pi/ros2_ws/install/local_setup.bash'
[115.282s] INFO:colcon.colcon_core.shell:Creating prefix chain script '/home/car-pi/ros2_ws/install/setup.bash'
[115.299s] INFO:colcon.colcon_core.shell:Creating prefix script '/home/car-pi/ros2_ws/install/local_setup.zsh'
[115.308s] INFO:colcon.colcon_core.shell:Creating prefix chain script '/home/car-pi/ros2_ws/install/setup.zsh'
