[0.279s] Invoking command in '/home/car-pi/ros2_ws/build/ydlidar_ros2_driver': CMAKE_PREFIX_PATH=${CMAKE_PREFIX_PATH}:/home/car-pi/ros2_ws/install/motor_test:/opt/ros/humble /usr/bin/cmake /home/car-pi/ros2_ws/src/robot_drivers/ydlidar_ros2_driver -DAMENT_CMAKE_SYMLINK_INSTALL=1 -DCMAKE_INSTALL_PREFIX=/home/car-pi/ros2_ws/install/ydlidar_ros2_driver
[2.621s] -- The C compiler identification is GNU 11.4.0
[4.626s] -- The CXX compiler identification is GNU 11.4.0
[4.863s] -- Detecting C compiler ABI info
[6.379s] -- Detecting C compiler ABI info - done
[6.562s] -- Check for working C compiler: /usr/bin/ccache - skipped
[6.564s] -- Detecting C compile features
[6.578s] -- Detecting C compile features - done
[6.637s] -- Detecting CXX compiler ABI info
[8.196s] -- Detecting CXX compiler ABI info - done
[8.486s] -- Check for working CXX compiler: /usr/bin/ccache - skipped
[8.494s] -- Detecting CXX compile features
[8.506s] -- Detecting CXX compile features - done
[8.695s] -- Found ament_cmake: 1.3.12 (/opt/ros/humble/share/ament_cmake/cmake)
[12.724s] -- Found Python3: /usr/bin/python3 (found version "3.10.12") found components: Interpreter 
[14.179s] -- Override CMake install command with custom implementation using symlinks instead of copying resources
[16.145s] -- Found rclcpp: 16.0.17 (/opt/ros/humble/share/rclcpp/cmake)
[18.257s] -- Found rosidl_generator_c: 3.1.8 (/opt/ros/humble/share/rosidl_generator_c/cmake)
[18.568s] -- Found rosidl_adapter: 3.1.8 (/opt/ros/humble/share/rosidl_adapter/cmake)
[18.956s] -- Found rosidl_generator_cpp: 3.1.8 (/opt/ros/humble/share/rosidl_generator_cpp/cmake)
[19.433s] -- Using all available rosidl_typesupport_c: rosidl_typesupport_fastrtps_c;rosidl_typesupport_introspection_c
[20.104s] -- Using all available rosidl_typesupport_cpp: rosidl_typesupport_fastrtps_cpp;rosidl_typesupport_introspection_cpp
[22.038s] -- Found rmw_implementation_cmake: 6.1.2 (/opt/ros/humble/share/rmw_implementation_cmake/cmake)
[22.201s] -- Found rmw_cyclonedds_cpp: 1.3.4 (/opt/ros/humble/share/rmw_cyclonedds_cpp/cmake)
[23.012s] -- Using RMW implementation 'rmw_cyclonedds_cpp' as default
[23.506s] -- Looking for pthread.h
[24.848s] -- Looking for pthread.h - found
[24.853s] -- Performing Test CMAKE_HAVE_LIBC_PTHREAD
[25.979s] -- Performing Test CMAKE_HAVE_LIBC_PTHREAD - Success
[25.995s] -- Found Threads: TRUE  
[27.729s] -- Found sensor_msgs: 4.9.0 (/opt/ros/humble/share/sensor_msgs/cmake)
[28.741s] -- Found visualization_msgs: 4.9.0 (/opt/ros/humble/share/visualization_msgs/cmake)
[29.416s] -- Found std_srvs: 4.9.0 (/opt/ros/humble/share/std_srvs/cmake)
[30.083s] -- Found ament_lint_auto: 0.12.14 (/opt/ros/humble/share/ament_lint_auto/cmake)
[32.946s] -- Added test 'copyright' to check source files copyright and LICENSE
[33.219s] -- Added test 'cppcheck' to perform static code analysis on C / C++ code
[33.227s] -- Configured cppcheck include dirs: /home/car-pi/ros2_ws/src/robot_drivers/ydlidar_ros2_driver/src
[33.229s] -- Configured cppcheck exclude dirs and/or files: 
[33.466s] -- Added test 'cpplint' to check C / C++ code against the Google style
[33.471s] -- Configured cpplint exclude dirs and/or files: 
[33.507s] -- Added test 'flake8' to check Python code syntax and style conventions
[33.576s] -- Added test 'lint_cmake' to check CMake code style
[33.618s] -- Added test 'pep257' to check Python code against some of the docstring style conventions in PEP 257
[33.858s] -- Added test 'uncrustify' to check C / C++ code style
[33.860s] -- Configured uncrustify additional arguments: 
[33.901s] -- Added test 'xmllint' to check XML markup files
[33.949s] -- Configuring done
[34.354s] -- Generating done
[34.477s] -- Build files have been written to: /home/car-pi/ros2_ws/build/ydlidar_ros2_driver
[34.613s] Invoked command in '/home/car-pi/ros2_ws/build/ydlidar_ros2_driver' returned '0': CMAKE_PREFIX_PATH=${CMAKE_PREFIX_PATH}:/home/car-pi/ros2_ws/install/motor_test:/opt/ros/humble /usr/bin/cmake /home/car-pi/ros2_ws/src/robot_drivers/ydlidar_ros2_driver -DAMENT_CMAKE_SYMLINK_INSTALL=1 -DCMAKE_INSTALL_PREFIX=/home/car-pi/ros2_ws/install/ydlidar_ros2_driver
[34.648s] Invoking command in '/home/car-pi/ros2_ws/build/ydlidar_ros2_driver': CMAKE_PREFIX_PATH=${CMAKE_PREFIX_PATH}:/home/car-pi/ros2_ws/install/motor_test:/opt/ros/humble /usr/bin/cmake --build /home/car-pi/ros2_ws/build/ydlidar_ros2_driver -- -j4 -l4
[35.524s] [ 25%] [32mBuilding CXX object CMakeFiles/ydlidar_ros2_driver_node.dir/src/ydlidar_ros2_driver_node.cpp.o[0m
[36.368s] [ 50%] [32m[1mLinking CXX executable ydlidar_ros2_driver_node[0m
[42.730s] [ 50%] Built target ydlidar_ros2_driver_node
[43.088s] [ 75%] [32mBuilding CXX object CMakeFiles/ydlidar_ros2_driver_client.dir/src/ydlidar_ros2_driver_client.cpp.o[0m
[43.938s] [100%] [32m[1mLinking CXX executable ydlidar_ros2_driver_client[0m
[53.479s] [100%] Built target ydlidar_ros2_driver_client
[53.648s] Invoked command in '/home/car-pi/ros2_ws/build/ydlidar_ros2_driver' returned '0': CMAKE_PREFIX_PATH=${CMAKE_PREFIX_PATH}:/home/car-pi/ros2_ws/install/motor_test:/opt/ros/humble /usr/bin/cmake --build /home/car-pi/ros2_ws/build/ydlidar_ros2_driver -- -j4 -l4
[53.674s] Invoking command in '/home/car-pi/ros2_ws/build/ydlidar_ros2_driver': CMAKE_PREFIX_PATH=${CMAKE_PREFIX_PATH}:/home/car-pi/ros2_ws/install/motor_test:/opt/ros/humble /usr/bin/cmake --install /home/car-pi/ros2_ws/build/ydlidar_ros2_driver
[53.800s] -- Install configuration: ""
[53.809s] -- Execute custom install script
[53.817s] -- Symlinking: /home/car-pi/ros2_ws/install/ydlidar_ros2_driver/lib/ydlidar_ros2_driver/ydlidar_ros2_driver_node
[53.948s] -- Symlinking: /home/car-pi/ros2_ws/install/ydlidar_ros2_driver/lib/ydlidar_ros2_driver/ydlidar_ros2_driver_client
[54.093s] -- Symlinking: /home/car-pi/ros2_ws/install/ydlidar_ros2_driver/share/ydlidar_ros2_driver/launch/ydlidar.py
[54.232s] -- Symlinking: /home/car-pi/ros2_ws/install/ydlidar_ros2_driver/share/ydlidar_ros2_driver/launch/ydlidar_launch.py
[54.366s] -- Symlinking: /home/car-pi/ros2_ws/install/ydlidar_ros2_driver/share/ydlidar_ros2_driver/launch/ydlidar_launch_view.py
[54.510s] -- Symlinking: /home/car-pi/ros2_ws/install/ydlidar_ros2_driver/share/ydlidar_ros2_driver/params/G1.yaml
[54.643s] -- Symlinking: /home/car-pi/ros2_ws/install/ydlidar_ros2_driver/share/ydlidar_ros2_driver/params/G2.yaml
[54.780s] -- Symlinking: /home/car-pi/ros2_ws/install/ydlidar_ros2_driver/share/ydlidar_ros2_driver/params/G6.yaml
[54.919s] -- Symlinking: /home/car-pi/ros2_ws/install/ydlidar_ros2_driver/share/ydlidar_ros2_driver/params/GS2.yaml
[55.055s] -- Symlinking: /home/car-pi/ros2_ws/install/ydlidar_ros2_driver/share/ydlidar_ros2_driver/params/TEA.yaml
[55.190s] -- Symlinking: /home/car-pi/ros2_ws/install/ydlidar_ros2_driver/share/ydlidar_ros2_driver/params/TG.yaml
[55.336s] -- Symlinking: /home/car-pi/ros2_ws/install/ydlidar_ros2_driver/share/ydlidar_ros2_driver/params/TminiPro.yaml
[55.475s] -- Symlinking: /home/car-pi/ros2_ws/install/ydlidar_ros2_driver/share/ydlidar_ros2_driver/params/X2.yaml
[55.612s] -- Symlinking: /home/car-pi/ros2_ws/install/ydlidar_ros2_driver/share/ydlidar_ros2_driver/params/X4-Pro.yaml
[55.748s] -- Symlinking: /home/car-pi/ros2_ws/install/ydlidar_ros2_driver/share/ydlidar_ros2_driver/params/X4.yaml
[55.883s] -- Symlinking: /home/car-pi/ros2_ws/install/ydlidar_ros2_driver/share/ydlidar_ros2_driver/params/ydlidar.yaml
[56.021s] -- Symlinking: /home/car-pi/ros2_ws/install/ydlidar_ros2_driver/share/ydlidar_ros2_driver/startup/initenv.sh
[56.165s] -- Symlinking: /home/car-pi/ros2_ws/install/ydlidar_ros2_driver/share/ydlidar_ros2_driver/config/ydlidar.rviz
[56.307s] -- Symlinking: /home/car-pi/ros2_ws/install/ydlidar_ros2_driver/share/ament_index/resource_index/package_run_dependencies/ydlidar_ros2_driver
[56.447s] -- Symlinking: /home/car-pi/ros2_ws/install/ydlidar_ros2_driver/share/ament_index/resource_index/parent_prefix_path/ydlidar_ros2_driver
[56.583s] -- Symlinking: /home/car-pi/ros2_ws/install/ydlidar_ros2_driver/share/ydlidar_ros2_driver/environment/ament_prefix_path.sh
[56.721s] -- Symlinking: /home/car-pi/ros2_ws/install/ydlidar_ros2_driver/share/ydlidar_ros2_driver/environment/ament_prefix_path.dsv
[56.863s] -- Symlinking: /home/car-pi/ros2_ws/install/ydlidar_ros2_driver/share/ydlidar_ros2_driver/environment/path.sh
[57.000s] -- Symlinking: /home/car-pi/ros2_ws/install/ydlidar_ros2_driver/share/ydlidar_ros2_driver/environment/path.dsv
[57.138s] -- Symlinking: /home/car-pi/ros2_ws/install/ydlidar_ros2_driver/share/ydlidar_ros2_driver/local_setup.bash
[57.272s] -- Symlinking: /home/car-pi/ros2_ws/install/ydlidar_ros2_driver/share/ydlidar_ros2_driver/local_setup.sh
[57.409s] -- Symlinking: /home/car-pi/ros2_ws/install/ydlidar_ros2_driver/share/ydlidar_ros2_driver/local_setup.zsh
[57.553s] -- Symlinking: /home/car-pi/ros2_ws/install/ydlidar_ros2_driver/share/ydlidar_ros2_driver/local_setup.dsv
[57.688s] -- Symlinking: /home/car-pi/ros2_ws/install/ydlidar_ros2_driver/share/ydlidar_ros2_driver/package.dsv
[57.829s] -- Symlinking: /home/car-pi/ros2_ws/install/ydlidar_ros2_driver/share/ament_index/resource_index/packages/ydlidar_ros2_driver
[57.967s] -- Symlinking: /home/car-pi/ros2_ws/install/ydlidar_ros2_driver/share/ydlidar_ros2_driver/cmake/ydlidar_ros2_driverConfig.cmake
[58.105s] -- Symlinking: /home/car-pi/ros2_ws/install/ydlidar_ros2_driver/share/ydlidar_ros2_driver/cmake/ydlidar_ros2_driverConfig-version.cmake
[58.248s] -- Symlinking: /home/car-pi/ros2_ws/install/ydlidar_ros2_driver/share/ydlidar_ros2_driver/package.xml
[58.414s] Invoked command in '/home/car-pi/ros2_ws/build/ydlidar_ros2_driver' returned '0': CMAKE_PREFIX_PATH=${CMAKE_PREFIX_PATH}:/home/car-pi/ros2_ws/install/motor_test:/opt/ros/humble /usr/bin/cmake --install /home/car-pi/ros2_ws/build/ydlidar_ros2_driver
