[2.812s] DEBUG:colcon:Command line arguments: ['/usr/bin/colcon', 'build']
[2.814s] DEBUG:colcon:Parsed command line arguments: Namespace(log_base=None, log_level=None, verb_name='build', build_base='build', install_base='install', merge_install=False, symlink_install=False, test_result_base=None, continue_on_error=False, executor='parallel', parallel_workers=4, event_handlers=None, ignore_user_meta=False, metas=['./colcon.meta'], base_paths=['.'], packages_ignore=None, packages_ignore_regex=None, paths=None, packages_up_to=None, packages_up_to_regex=None, packages_above=None, packages_above_and_dependencies=None, packages_above_depth=None, packages_select_by_dep=None, packages_skip_by_dep=None, packages_skip_up_to=None, packages_select_build_failed=False, packages_skip_build_finished=False, packages_select_test_failures=False, packages_skip_test_passed=False, packages_select=None, packages_skip=None, packages_select_regex=None, packages_skip_regex=None, packages_start=None, packages_end=None, allow_overriding=[], cmake_args=None, cmake_target=None, cmake_target_skip_unavailable=False, cmake_clean_cache=False, cmake_clean_first=False, cmake_force_configure=False, ament_cmake_args=None, catkin_cmake_args=None, catkin_skip_building_tests=False, verb_parser=<colcon_defaults.argument_parser.defaults.DefaultArgumentsDecorator object at 0xffff8d527f40>, verb_extension=<colcon_core.verb.build.BuildVerb object at 0xffff8d5ccf10>, main=<bound method BuildVerb.main of <colcon_core.verb.build.BuildVerb object at 0xffff8d5ccf10>>)
[7.002s] Level 1:colcon.colcon_core.package_discovery:discover_packages(colcon_meta) check parameters
[7.003s] Level 1:colcon.colcon_core.package_discovery:discover_packages(recursive) check parameters
[7.004s] Level 1:colcon.colcon_core.package_discovery:discover_packages(ignore) check parameters
[7.004s] Level 1:colcon.colcon_core.package_discovery:discover_packages(path) check parameters
[7.005s] Level 1:colcon.colcon_core.package_discovery:discover_packages(colcon_meta) discover
[7.006s] Level 1:colcon.colcon_core.package_discovery:discover_packages(recursive) discover
[7.007s] INFO:colcon.colcon_core.package_discovery:Crawling recursively for packages in '/home/car-pi/ros2_ws'
[7.009s] Level 1:colcon.colcon_core.package_identification:_identify(.) by extensions ['ignore', 'ignore_ament_install']
[7.010s] Level 1:colcon.colcon_core.package_identification:_identify(.) by extension 'ignore'
[7.011s] Level 1:colcon.colcon_core.package_identification:_identify(.) by extension 'ignore_ament_install'
[7.013s] Level 1:colcon.colcon_core.package_identification:_identify(.) by extensions ['colcon_pkg']
[7.013s] Level 1:colcon.colcon_core.package_identification:_identify(.) by extension 'colcon_pkg'
[7.014s] Level 1:colcon.colcon_core.package_identification:_identify(.) by extensions ['colcon_meta']
[7.015s] Level 1:colcon.colcon_core.package_identification:_identify(.) by extension 'colcon_meta'
[7.015s] Level 1:colcon.colcon_core.package_identification:_identify(.) by extensions ['ros']
[7.016s] Level 1:colcon.colcon_core.package_identification:_identify(.) by extension 'ros'
[7.276s] Level 1:colcon.colcon_core.package_identification:_identify(.) by extensions ['cmake', 'python']
[7.276s] Level 1:colcon.colcon_core.package_identification:_identify(.) by extension 'cmake'
[7.277s] Level 1:colcon.colcon_core.package_identification:_identify(.) by extension 'python'
[7.278s] Level 1:colcon.colcon_core.package_identification:_identify(.) by extensions ['python_setup_py']
[7.279s] Level 1:colcon.colcon_core.package_identification:_identify(.) by extension 'python_setup_py'
[7.281s] Level 1:colcon.colcon_core.package_identification:_identify(build) by extensions ['ignore', 'ignore_ament_install']
[7.283s] Level 1:colcon.colcon_core.package_identification:_identify(build) by extension 'ignore'
[7.284s] Level 1:colcon.colcon_core.package_identification:_identify(build) ignored
[7.286s] Level 1:colcon.colcon_core.package_identification:_identify(install) by extensions ['ignore', 'ignore_ament_install']
[7.288s] Level 1:colcon.colcon_core.package_identification:_identify(install) by extension 'ignore'
[7.289s] Level 1:colcon.colcon_core.package_identification:_identify(install) ignored
[7.291s] Level 1:colcon.colcon_core.package_identification:_identify(log) by extensions ['ignore', 'ignore_ament_install']
[7.292s] Level 1:colcon.colcon_core.package_identification:_identify(log) by extension 'ignore'
[7.293s] Level 1:colcon.colcon_core.package_identification:_identify(log) ignored
[7.295s] Level 1:colcon.colcon_core.package_identification:_identify(src) by extensions ['ignore', 'ignore_ament_install']
[7.297s] Level 1:colcon.colcon_core.package_identification:_identify(src) by extension 'ignore'
[7.298s] Level 1:colcon.colcon_core.package_identification:_identify(src) by extension 'ignore_ament_install'
[7.299s] Level 1:colcon.colcon_core.package_identification:_identify(src) by extensions ['colcon_pkg']
[7.300s] Level 1:colcon.colcon_core.package_identification:_identify(src) by extension 'colcon_pkg'
[7.301s] Level 1:colcon.colcon_core.package_identification:_identify(src) by extensions ['colcon_meta']
[7.301s] Level 1:colcon.colcon_core.package_identification:_identify(src) by extension 'colcon_meta'
[7.302s] Level 1:colcon.colcon_core.package_identification:_identify(src) by extensions ['ros']
[7.303s] Level 1:colcon.colcon_core.package_identification:_identify(src) by extension 'ros'
[7.304s] Level 1:colcon.colcon_core.package_identification:_identify(src) by extensions ['cmake', 'python']
[7.305s] Level 1:colcon.colcon_core.package_identification:_identify(src) by extension 'cmake'
[7.306s] Level 1:colcon.colcon_core.package_identification:_identify(src) by extension 'python'
[7.307s] Level 1:colcon.colcon_core.package_identification:_identify(src) by extensions ['python_setup_py']
[7.308s] Level 1:colcon.colcon_core.package_identification:_identify(src) by extension 'python_setup_py'
[7.310s] Level 1:colcon.colcon_core.package_identification:_identify(src/robot_bringup) by extensions ['ignore', 'ignore_ament_install']
[7.312s] Level 1:colcon.colcon_core.package_identification:_identify(src/robot_bringup) by extension 'ignore'
[7.313s] Level 1:colcon.colcon_core.package_identification:_identify(src/robot_bringup) by extension 'ignore_ament_install'
[7.314s] Level 1:colcon.colcon_core.package_identification:_identify(src/robot_bringup) by extensions ['colcon_pkg']
[7.315s] Level 1:colcon.colcon_core.package_identification:_identify(src/robot_bringup) by extension 'colcon_pkg'
[7.316s] Level 1:colcon.colcon_core.package_identification:_identify(src/robot_bringup) by extensions ['colcon_meta']
[7.316s] Level 1:colcon.colcon_core.package_identification:_identify(src/robot_bringup) by extension 'colcon_meta'
[7.317s] Level 1:colcon.colcon_core.package_identification:_identify(src/robot_bringup) by extensions ['ros']
[7.318s] Level 1:colcon.colcon_core.package_identification:_identify(src/robot_bringup) by extension 'ros'
[7.370s] DEBUG:colcon.colcon_core.package_identification:Package 'src/robot_bringup' with type 'ros.ament_cmake' and name 'robot_bringup'
[7.372s] Level 1:colcon.colcon_core.package_identification:_identify(src/robot_control) by extensions ['ignore', 'ignore_ament_install']
[7.374s] Level 1:colcon.colcon_core.package_identification:_identify(src/robot_control) by extension 'ignore'
[7.375s] Level 1:colcon.colcon_core.package_identification:_identify(src/robot_control) by extension 'ignore_ament_install'
[7.376s] Level 1:colcon.colcon_core.package_identification:_identify(src/robot_control) by extensions ['colcon_pkg']
[7.377s] Level 1:colcon.colcon_core.package_identification:_identify(src/robot_control) by extension 'colcon_pkg'
[7.378s] Level 1:colcon.colcon_core.package_identification:_identify(src/robot_control) by extensions ['colcon_meta']
[7.378s] Level 1:colcon.colcon_core.package_identification:_identify(src/robot_control) by extension 'colcon_meta'
[7.379s] Level 1:colcon.colcon_core.package_identification:_identify(src/robot_control) by extensions ['ros']
[7.380s] Level 1:colcon.colcon_core.package_identification:_identify(src/robot_control) by extension 'ros'
[7.382s] Level 1:colcon.colcon_core.package_identification:_identify(src/robot_control) by extensions ['cmake', 'python']
[7.383s] Level 1:colcon.colcon_core.package_identification:_identify(src/robot_control) by extension 'cmake'
[7.384s] Level 1:colcon.colcon_core.package_identification:_identify(src/robot_control) by extension 'python'
[7.385s] Level 1:colcon.colcon_core.package_identification:_identify(src/robot_control) by extensions ['python_setup_py']
[7.385s] Level 1:colcon.colcon_core.package_identification:_identify(src/robot_control) by extension 'python_setup_py'
[7.388s] Level 1:colcon.colcon_core.package_identification:_identify(src/robot_description) by extensions ['ignore', 'ignore_ament_install']
[7.390s] Level 1:colcon.colcon_core.package_identification:_identify(src/robot_description) by extension 'ignore'
[7.391s] Level 1:colcon.colcon_core.package_identification:_identify(src/robot_description) by extension 'ignore_ament_install'
[7.392s] Level 1:colcon.colcon_core.package_identification:_identify(src/robot_description) by extensions ['colcon_pkg']
[7.393s] Level 1:colcon.colcon_core.package_identification:_identify(src/robot_description) by extension 'colcon_pkg'
[7.394s] Level 1:colcon.colcon_core.package_identification:_identify(src/robot_description) by extensions ['colcon_meta']
[7.394s] Level 1:colcon.colcon_core.package_identification:_identify(src/robot_description) by extension 'colcon_meta'
[7.395s] Level 1:colcon.colcon_core.package_identification:_identify(src/robot_description) by extensions ['ros']
[7.396s] Level 1:colcon.colcon_core.package_identification:_identify(src/robot_description) by extension 'ros'
[7.408s] DEBUG:colcon.colcon_core.package_identification:Package 'src/robot_description' with type 'ros.ament_cmake' and name 'robot_description'
[7.410s] Level 1:colcon.colcon_core.package_identification:_identify(src/robot_drivers) by extensions ['ignore', 'ignore_ament_install']
[7.412s] Level 1:colcon.colcon_core.package_identification:_identify(src/robot_drivers) by extension 'ignore'
[7.413s] Level 1:colcon.colcon_core.package_identification:_identify(src/robot_drivers) by extension 'ignore_ament_install'
[7.414s] Level 1:colcon.colcon_core.package_identification:_identify(src/robot_drivers) by extensions ['colcon_pkg']
[7.415s] Level 1:colcon.colcon_core.package_identification:_identify(src/robot_drivers) by extension 'colcon_pkg'
[7.416s] Level 1:colcon.colcon_core.package_identification:_identify(src/robot_drivers) by extensions ['colcon_meta']
[7.416s] Level 1:colcon.colcon_core.package_identification:_identify(src/robot_drivers) by extension 'colcon_meta'
[7.418s] Level 1:colcon.colcon_core.package_identification:_identify(src/robot_drivers) by extensions ['ros']
[7.418s] Level 1:colcon.colcon_core.package_identification:_identify(src/robot_drivers) by extension 'ros'
[7.420s] Level 1:colcon.colcon_core.package_identification:_identify(src/robot_drivers) by extensions ['cmake', 'python']
[7.421s] Level 1:colcon.colcon_core.package_identification:_identify(src/robot_drivers) by extension 'cmake'
[7.422s] Level 1:colcon.colcon_core.package_identification:_identify(src/robot_drivers) by extension 'python'
[7.423s] Level 1:colcon.colcon_core.package_identification:_identify(src/robot_drivers) by extensions ['python_setup_py']
[7.424s] Level 1:colcon.colcon_core.package_identification:_identify(src/robot_drivers) by extension 'python_setup_py'
[7.427s] Level 1:colcon.colcon_core.package_identification:_identify(src/robot_drivers/ydlidar_ros2_driver) by extensions ['ignore', 'ignore_ament_install']
[7.428s] Level 1:colcon.colcon_core.package_identification:_identify(src/robot_drivers/ydlidar_ros2_driver) by extension 'ignore'
[7.429s] Level 1:colcon.colcon_core.package_identification:_identify(src/robot_drivers/ydlidar_ros2_driver) by extension 'ignore_ament_install'
[7.430s] Level 1:colcon.colcon_core.package_identification:_identify(src/robot_drivers/ydlidar_ros2_driver) by extensions ['colcon_pkg']
[7.431s] Level 1:colcon.colcon_core.package_identification:_identify(src/robot_drivers/ydlidar_ros2_driver) by extension 'colcon_pkg'
[7.432s] Level 1:colcon.colcon_core.package_identification:_identify(src/robot_drivers/ydlidar_ros2_driver) by extensions ['colcon_meta']
[7.433s] Level 1:colcon.colcon_core.package_identification:_identify(src/robot_drivers/ydlidar_ros2_driver) by extension 'colcon_meta'
[7.434s] Level 1:colcon.colcon_core.package_identification:_identify(src/robot_drivers/ydlidar_ros2_driver) by extensions ['ros']
[7.435s] Level 1:colcon.colcon_core.package_identification:_identify(src/robot_drivers/ydlidar_ros2_driver) by extension 'ros'
[7.451s] DEBUG:colcon.colcon_core.package_identification:Package 'src/robot_drivers/ydlidar_ros2_driver' with type 'ros.ament_cmake' and name 'ydlidar_ros2_driver'
[7.453s] Level 1:colcon.colcon_core.package_identification:_identify(src/robot_hardware) by extensions ['ignore', 'ignore_ament_install']
[7.454s] Level 1:colcon.colcon_core.package_identification:_identify(src/robot_hardware) by extension 'ignore'
[7.455s] Level 1:colcon.colcon_core.package_identification:_identify(src/robot_hardware) by extension 'ignore_ament_install'
[7.457s] Level 1:colcon.colcon_core.package_identification:_identify(src/robot_hardware) by extensions ['colcon_pkg']
[7.457s] Level 1:colcon.colcon_core.package_identification:_identify(src/robot_hardware) by extension 'colcon_pkg'
[7.458s] Level 1:colcon.colcon_core.package_identification:_identify(src/robot_hardware) by extensions ['colcon_meta']
[7.459s] Level 1:colcon.colcon_core.package_identification:_identify(src/robot_hardware) by extension 'colcon_meta'
[7.460s] Level 1:colcon.colcon_core.package_identification:_identify(src/robot_hardware) by extensions ['ros']
[7.461s] Level 1:colcon.colcon_core.package_identification:_identify(src/robot_hardware) by extension 'ros'
[7.463s] Level 1:colcon.colcon_core.package_identification:_identify(src/robot_hardware) by extensions ['cmake', 'python']
[7.464s] Level 1:colcon.colcon_core.package_identification:_identify(src/robot_hardware) by extension 'cmake'
[7.464s] Level 1:colcon.colcon_core.package_identification:_identify(src/robot_hardware) by extension 'python'
[7.465s] Level 1:colcon.colcon_core.package_identification:_identify(src/robot_hardware) by extensions ['python_setup_py']
[7.466s] Level 1:colcon.colcon_core.package_identification:_identify(src/robot_hardware) by extension 'python_setup_py'
[7.468s] Level 1:colcon.colcon_core.package_identification:_identify(src/robot_hardware/arduino_diffdrive) by extensions ['ignore', 'ignore_ament_install']
[7.470s] Level 1:colcon.colcon_core.package_identification:_identify(src/robot_hardware/arduino_diffdrive) by extension 'ignore'
[7.471s] Level 1:colcon.colcon_core.package_identification:_identify(src/robot_hardware/arduino_diffdrive) by extension 'ignore_ament_install'
[7.473s] Level 1:colcon.colcon_core.package_identification:_identify(src/robot_hardware/arduino_diffdrive) by extensions ['colcon_pkg']
[7.473s] Level 1:colcon.colcon_core.package_identification:_identify(src/robot_hardware/arduino_diffdrive) by extension 'colcon_pkg'
[7.474s] Level 1:colcon.colcon_core.package_identification:_identify(src/robot_hardware/arduino_diffdrive) by extensions ['colcon_meta']
[7.475s] Level 1:colcon.colcon_core.package_identification:_identify(src/robot_hardware/arduino_diffdrive) by extension 'colcon_meta'
[7.476s] Level 1:colcon.colcon_core.package_identification:_identify(src/robot_hardware/arduino_diffdrive) by extensions ['ros']
[7.476s] Level 1:colcon.colcon_core.package_identification:_identify(src/robot_hardware/arduino_diffdrive) by extension 'ros'
[7.500s] DEBUG:colcon.colcon_core.package_identification:Package 'src/robot_hardware/arduino_diffdrive' with type 'ros.ament_cmake' and name 'arduino_diffdrive'
[7.502s] Level 1:colcon.colcon_core.package_identification:_identify(src/robot_localization) by extensions ['ignore', 'ignore_ament_install']
[7.504s] Level 1:colcon.colcon_core.package_identification:_identify(src/robot_localization) by extension 'ignore'
[7.505s] Level 1:colcon.colcon_core.package_identification:_identify(src/robot_localization) by extension 'ignore_ament_install'
[7.506s] Level 1:colcon.colcon_core.package_identification:_identify(src/robot_localization) by extensions ['colcon_pkg']
[7.507s] Level 1:colcon.colcon_core.package_identification:_identify(src/robot_localization) by extension 'colcon_pkg'
[7.508s] Level 1:colcon.colcon_core.package_identification:_identify(src/robot_localization) by extensions ['colcon_meta']
[7.509s] Level 1:colcon.colcon_core.package_identification:_identify(src/robot_localization) by extension 'colcon_meta'
[7.510s] Level 1:colcon.colcon_core.package_identification:_identify(src/robot_localization) by extensions ['ros']
[7.510s] Level 1:colcon.colcon_core.package_identification:_identify(src/robot_localization) by extension 'ros'
[7.512s] Level 1:colcon.colcon_core.package_identification:_identify(src/robot_localization) by extensions ['cmake', 'python']
[7.513s] Level 1:colcon.colcon_core.package_identification:_identify(src/robot_localization) by extension 'cmake'
[7.514s] Level 1:colcon.colcon_core.package_identification:_identify(src/robot_localization) by extension 'python'
[7.515s] Level 1:colcon.colcon_core.package_identification:_identify(src/robot_localization) by extensions ['python_setup_py']
[7.515s] Level 1:colcon.colcon_core.package_identification:_identify(src/robot_localization) by extension 'python_setup_py'
[7.517s] Level 1:colcon.colcon_core.package_identification:_identify(src/robot_navigation) by extensions ['ignore', 'ignore_ament_install']
[7.519s] Level 1:colcon.colcon_core.package_identification:_identify(src/robot_navigation) by extension 'ignore'
[7.520s] Level 1:colcon.colcon_core.package_identification:_identify(src/robot_navigation) by extension 'ignore_ament_install'
[7.521s] Level 1:colcon.colcon_core.package_identification:_identify(src/robot_navigation) by extensions ['colcon_pkg']
[7.522s] Level 1:colcon.colcon_core.package_identification:_identify(src/robot_navigation) by extension 'colcon_pkg'
[7.523s] Level 1:colcon.colcon_core.package_identification:_identify(src/robot_navigation) by extensions ['colcon_meta']
[7.523s] Level 1:colcon.colcon_core.package_identification:_identify(src/robot_navigation) by extension 'colcon_meta'
[7.524s] Level 1:colcon.colcon_core.package_identification:_identify(src/robot_navigation) by extensions ['ros']
[7.525s] Level 1:colcon.colcon_core.package_identification:_identify(src/robot_navigation) by extension 'ros'
[7.527s] Level 1:colcon.colcon_core.package_identification:_identify(src/robot_navigation) by extensions ['cmake', 'python']
[7.527s] Level 1:colcon.colcon_core.package_identification:_identify(src/robot_navigation) by extension 'cmake'
[7.528s] Level 1:colcon.colcon_core.package_identification:_identify(src/robot_navigation) by extension 'python'
[7.529s] Level 1:colcon.colcon_core.package_identification:_identify(src/robot_navigation) by extensions ['python_setup_py']
[7.530s] Level 1:colcon.colcon_core.package_identification:_identify(src/robot_navigation) by extension 'python_setup_py'
[7.532s] Level 1:colcon.colcon_core.package_identification:_identify(src/robot_tests) by extensions ['ignore', 'ignore_ament_install']
[7.533s] Level 1:colcon.colcon_core.package_identification:_identify(src/robot_tests) by extension 'ignore'
[7.535s] Level 1:colcon.colcon_core.package_identification:_identify(src/robot_tests) by extension 'ignore_ament_install'
[7.536s] Level 1:colcon.colcon_core.package_identification:_identify(src/robot_tests) by extensions ['colcon_pkg']
[7.536s] Level 1:colcon.colcon_core.package_identification:_identify(src/robot_tests) by extension 'colcon_pkg'
[7.537s] Level 1:colcon.colcon_core.package_identification:_identify(src/robot_tests) by extensions ['colcon_meta']
[7.538s] Level 1:colcon.colcon_core.package_identification:_identify(src/robot_tests) by extension 'colcon_meta'
[7.539s] Level 1:colcon.colcon_core.package_identification:_identify(src/robot_tests) by extensions ['ros']
[7.539s] Level 1:colcon.colcon_core.package_identification:_identify(src/robot_tests) by extension 'ros'
[7.541s] Level 1:colcon.colcon_core.package_identification:_identify(src/robot_tests) by extensions ['cmake', 'python']
[7.542s] Level 1:colcon.colcon_core.package_identification:_identify(src/robot_tests) by extension 'cmake'
[7.543s] Level 1:colcon.colcon_core.package_identification:_identify(src/robot_tests) by extension 'python'
[7.544s] Level 1:colcon.colcon_core.package_identification:_identify(src/robot_tests) by extensions ['python_setup_py']
[7.545s] Level 1:colcon.colcon_core.package_identification:_identify(src/robot_tests) by extension 'python_setup_py'
[7.547s] Level 1:colcon.colcon_core.package_identification:_identify(src/robot_tests/motor_test) by extensions ['ignore', 'ignore_ament_install']
[7.548s] Level 1:colcon.colcon_core.package_identification:_identify(src/robot_tests/motor_test) by extension 'ignore'
[7.550s] Level 1:colcon.colcon_core.package_identification:_identify(src/robot_tests/motor_test) by extension 'ignore_ament_install'
[7.551s] Level 1:colcon.colcon_core.package_identification:_identify(src/robot_tests/motor_test) by extensions ['colcon_pkg']
[7.551s] Level 1:colcon.colcon_core.package_identification:_identify(src/robot_tests/motor_test) by extension 'colcon_pkg'
[7.552s] Level 1:colcon.colcon_core.package_identification:_identify(src/robot_tests/motor_test) by extensions ['colcon_meta']
[7.553s] Level 1:colcon.colcon_core.package_identification:_identify(src/robot_tests/motor_test) by extension 'colcon_meta'
[7.554s] Level 1:colcon.colcon_core.package_identification:_identify(src/robot_tests/motor_test) by extensions ['ros']
[7.555s] Level 1:colcon.colcon_core.package_identification:_identify(src/robot_tests/motor_test) by extension 'ros'
[7.570s] DEBUG:colcon.colcon_core.package_identification:Package 'src/robot_tests/motor_test' with type 'ros.ament_python' and name 'motor_test'
[7.572s] Level 1:colcon.colcon_core.package_identification:_identify(src/robot_utils) by extensions ['ignore', 'ignore_ament_install']
[7.574s] Level 1:colcon.colcon_core.package_identification:_identify(src/robot_utils) by extension 'ignore'
[7.575s] Level 1:colcon.colcon_core.package_identification:_identify(src/robot_utils) by extension 'ignore_ament_install'
[7.576s] Level 1:colcon.colcon_core.package_identification:_identify(src/robot_utils) by extensions ['colcon_pkg']
[7.577s] Level 1:colcon.colcon_core.package_identification:_identify(src/robot_utils) by extension 'colcon_pkg'
[7.578s] Level 1:colcon.colcon_core.package_identification:_identify(src/robot_utils) by extensions ['colcon_meta']
[7.579s] Level 1:colcon.colcon_core.package_identification:_identify(src/robot_utils) by extension 'colcon_meta'
[7.580s] Level 1:colcon.colcon_core.package_identification:_identify(src/robot_utils) by extensions ['ros']
[7.581s] Level 1:colcon.colcon_core.package_identification:_identify(src/robot_utils) by extension 'ros'
[7.583s] Level 1:colcon.colcon_core.package_identification:_identify(src/robot_utils) by extensions ['cmake', 'python']
[7.583s] Level 1:colcon.colcon_core.package_identification:_identify(src/robot_utils) by extension 'cmake'
[7.584s] Level 1:colcon.colcon_core.package_identification:_identify(src/robot_utils) by extension 'python'
[7.585s] Level 1:colcon.colcon_core.package_identification:_identify(src/robot_utils) by extensions ['python_setup_py']
[7.586s] Level 1:colcon.colcon_core.package_identification:_identify(src/robot_utils) by extension 'python_setup_py'
[7.587s] Level 1:colcon.colcon_core.package_discovery:discover_packages(recursive) using defaults
[7.588s] Level 1:colcon.colcon_core.package_discovery:discover_packages(ignore) discover
[7.588s] Level 1:colcon.colcon_core.package_discovery:discover_packages(ignore) using defaults
[7.589s] Level 1:colcon.colcon_core.package_discovery:discover_packages(path) discover
[7.589s] Level 1:colcon.colcon_core.package_discovery:discover_packages(path) using defaults
[8.032s] Level 1:colcon.colcon_core.package_discovery:discover_packages(prefix_path) check parameters
[8.033s] Level 1:colcon.colcon_core.package_discovery:discover_packages(prefix_path) discover
[8.091s] DEBUG:colcon.colcon_installed_package_information.package_discovery:Found 5 installed packages in /home/car-pi/ros2_ws/install
[8.136s] DEBUG:colcon.colcon_installed_package_information.package_discovery:Found 294 installed packages in /opt/ros/humble
[8.316s] Level 1:colcon.colcon_core.package_discovery:discover_packages(prefix_path) using defaults
[9.174s] Level 5:colcon.colcon_core.verb:set package 'arduino_diffdrive' build argument 'cmake_args' from command line to 'None'
[9.175s] Level 5:colcon.colcon_core.verb:set package 'arduino_diffdrive' build argument 'cmake_target' from command line to 'None'
[9.175s] Level 5:colcon.colcon_core.verb:set package 'arduino_diffdrive' build argument 'cmake_target_skip_unavailable' from command line to 'False'
[9.176s] Level 5:colcon.colcon_core.verb:set package 'arduino_diffdrive' build argument 'cmake_clean_cache' from command line to 'False'
[9.176s] Level 5:colcon.colcon_core.verb:set package 'arduino_diffdrive' build argument 'cmake_clean_first' from command line to 'False'
[9.177s] Level 5:colcon.colcon_core.verb:set package 'arduino_diffdrive' build argument 'cmake_force_configure' from command line to 'False'
[9.177s] Level 5:colcon.colcon_core.verb:set package 'arduino_diffdrive' build argument 'ament_cmake_args' from command line to 'None'
[9.178s] Level 5:colcon.colcon_core.verb:set package 'arduino_diffdrive' build argument 'catkin_cmake_args' from command line to 'None'
[9.178s] Level 5:colcon.colcon_core.verb:set package 'arduino_diffdrive' build argument 'catkin_skip_building_tests' from command line to 'False'
[9.179s] DEBUG:colcon.colcon_core.verb:Building package 'arduino_diffdrive' with the following arguments: {'ament_cmake_args': None, 'build_base': '/home/car-pi/ros2_ws/build/arduino_diffdrive', 'catkin_cmake_args': None, 'catkin_skip_building_tests': False, 'cmake_args': None, 'cmake_clean_cache': False, 'cmake_clean_first': False, 'cmake_force_configure': False, 'cmake_target': None, 'cmake_target_skip_unavailable': False, 'install_base': '/home/car-pi/ros2_ws/install/arduino_diffdrive', 'merge_install': False, 'path': '/home/car-pi/ros2_ws/src/robot_hardware/arduino_diffdrive', 'symlink_install': False, 'test_result_base': None}
[9.186s] Level 5:colcon.colcon_core.verb:set package 'motor_test' build argument 'cmake_args' from command line to 'None'
[9.187s] Level 5:colcon.colcon_core.verb:set package 'motor_test' build argument 'cmake_target' from command line to 'None'
[9.188s] Level 5:colcon.colcon_core.verb:set package 'motor_test' build argument 'cmake_target_skip_unavailable' from command line to 'False'
[9.188s] Level 5:colcon.colcon_core.verb:set package 'motor_test' build argument 'cmake_clean_cache' from command line to 'False'
[9.188s] Level 5:colcon.colcon_core.verb:set package 'motor_test' build argument 'cmake_clean_first' from command line to 'False'
[9.189s] Level 5:colcon.colcon_core.verb:set package 'motor_test' build argument 'cmake_force_configure' from command line to 'False'
[9.190s] Level 5:colcon.colcon_core.verb:set package 'motor_test' build argument 'ament_cmake_args' from command line to 'None'
[9.190s] Level 5:colcon.colcon_core.verb:set package 'motor_test' build argument 'catkin_cmake_args' from command line to 'None'
[9.191s] Level 5:colcon.colcon_core.verb:set package 'motor_test' build argument 'catkin_skip_building_tests' from command line to 'False'
[9.191s] DEBUG:colcon.colcon_core.verb:Building package 'motor_test' with the following arguments: {'ament_cmake_args': None, 'build_base': '/home/car-pi/ros2_ws/build/motor_test', 'catkin_cmake_args': None, 'catkin_skip_building_tests': False, 'cmake_args': None, 'cmake_clean_cache': False, 'cmake_clean_first': False, 'cmake_force_configure': False, 'cmake_target': None, 'cmake_target_skip_unavailable': False, 'install_base': '/home/car-pi/ros2_ws/install/motor_test', 'merge_install': False, 'path': '/home/car-pi/ros2_ws/src/robot_tests/motor_test', 'symlink_install': False, 'test_result_base': None}
[9.198s] Level 5:colcon.colcon_core.verb:set package 'robot_bringup' build argument 'cmake_args' from command line to 'None'
[9.199s] Level 5:colcon.colcon_core.verb:set package 'robot_bringup' build argument 'cmake_target' from command line to 'None'
[9.200s] Level 5:colcon.colcon_core.verb:set package 'robot_bringup' build argument 'cmake_target_skip_unavailable' from command line to 'False'
[9.200s] Level 5:colcon.colcon_core.verb:set package 'robot_bringup' build argument 'cmake_clean_cache' from command line to 'False'
[9.201s] Level 5:colcon.colcon_core.verb:set package 'robot_bringup' build argument 'cmake_clean_first' from command line to 'False'
[9.201s] Level 5:colcon.colcon_core.verb:set package 'robot_bringup' build argument 'cmake_force_configure' from command line to 'False'
[9.202s] Level 5:colcon.colcon_core.verb:set package 'robot_bringup' build argument 'ament_cmake_args' from command line to 'None'
[9.202s] Level 5:colcon.colcon_core.verb:set package 'robot_bringup' build argument 'catkin_cmake_args' from command line to 'None'
[9.203s] Level 5:colcon.colcon_core.verb:set package 'robot_bringup' build argument 'catkin_skip_building_tests' from command line to 'False'
[9.203s] DEBUG:colcon.colcon_core.verb:Building package 'robot_bringup' with the following arguments: {'ament_cmake_args': None, 'build_base': '/home/car-pi/ros2_ws/build/robot_bringup', 'catkin_cmake_args': None, 'catkin_skip_building_tests': False, 'cmake_args': None, 'cmake_clean_cache': False, 'cmake_clean_first': False, 'cmake_force_configure': False, 'cmake_target': None, 'cmake_target_skip_unavailable': False, 'install_base': '/home/car-pi/ros2_ws/install/robot_bringup', 'merge_install': False, 'path': '/home/car-pi/ros2_ws/src/robot_bringup', 'symlink_install': False, 'test_result_base': None}
[9.210s] Level 5:colcon.colcon_core.verb:set package 'robot_description' build argument 'cmake_args' from command line to 'None'
[9.211s] Level 5:colcon.colcon_core.verb:set package 'robot_description' build argument 'cmake_target' from command line to 'None'
[9.212s] Level 5:colcon.colcon_core.verb:set package 'robot_description' build argument 'cmake_target_skip_unavailable' from command line to 'False'
[9.212s] Level 5:colcon.colcon_core.verb:set package 'robot_description' build argument 'cmake_clean_cache' from command line to 'False'
[9.212s] Level 5:colcon.colcon_core.verb:set package 'robot_description' build argument 'cmake_clean_first' from command line to 'False'
[9.213s] Level 5:colcon.colcon_core.verb:set package 'robot_description' build argument 'cmake_force_configure' from command line to 'False'
[9.213s] Level 5:colcon.colcon_core.verb:set package 'robot_description' build argument 'ament_cmake_args' from command line to 'None'
[9.214s] Level 5:colcon.colcon_core.verb:set package 'robot_description' build argument 'catkin_cmake_args' from command line to 'None'
[9.215s] Level 5:colcon.colcon_core.verb:set package 'robot_description' build argument 'catkin_skip_building_tests' from command line to 'False'
[9.215s] DEBUG:colcon.colcon_core.verb:Building package 'robot_description' with the following arguments: {'ament_cmake_args': None, 'build_base': '/home/car-pi/ros2_ws/build/robot_description', 'catkin_cmake_args': None, 'catkin_skip_building_tests': False, 'cmake_args': None, 'cmake_clean_cache': False, 'cmake_clean_first': False, 'cmake_force_configure': False, 'cmake_target': None, 'cmake_target_skip_unavailable': False, 'install_base': '/home/car-pi/ros2_ws/install/robot_description', 'merge_install': False, 'path': '/home/car-pi/ros2_ws/src/robot_description', 'symlink_install': False, 'test_result_base': None}
[9.222s] Level 5:colcon.colcon_core.verb:set package 'ydlidar_ros2_driver' build argument 'cmake_args' from command line to 'None'
[9.223s] Level 5:colcon.colcon_core.verb:set package 'ydlidar_ros2_driver' build argument 'cmake_target' from command line to 'None'
[9.223s] Level 5:colcon.colcon_core.verb:set package 'ydlidar_ros2_driver' build argument 'cmake_target_skip_unavailable' from command line to 'False'
[9.224s] Level 5:colcon.colcon_core.verb:set package 'ydlidar_ros2_driver' build argument 'cmake_clean_cache' from command line to 'False'
[9.224s] Level 5:colcon.colcon_core.verb:set package 'ydlidar_ros2_driver' build argument 'cmake_clean_first' from command line to 'False'
[9.225s] Level 5:colcon.colcon_core.verb:set package 'ydlidar_ros2_driver' build argument 'cmake_force_configure' from command line to 'False'
[9.226s] Level 5:colcon.colcon_core.verb:set package 'ydlidar_ros2_driver' build argument 'ament_cmake_args' from command line to 'None'
[9.226s] Level 5:colcon.colcon_core.verb:set package 'ydlidar_ros2_driver' build argument 'catkin_cmake_args' from command line to 'None'
[9.227s] Level 5:colcon.colcon_core.verb:set package 'ydlidar_ros2_driver' build argument 'catkin_skip_building_tests' from command line to 'False'
[9.227s] DEBUG:colcon.colcon_core.verb:Building package 'ydlidar_ros2_driver' with the following arguments: {'ament_cmake_args': None, 'build_base': '/home/car-pi/ros2_ws/build/ydlidar_ros2_driver', 'catkin_cmake_args': None, 'catkin_skip_building_tests': False, 'cmake_args': None, 'cmake_clean_cache': False, 'cmake_clean_first': False, 'cmake_force_configure': False, 'cmake_target': None, 'cmake_target_skip_unavailable': False, 'install_base': '/home/car-pi/ros2_ws/install/ydlidar_ros2_driver', 'merge_install': False, 'path': '/home/car-pi/ros2_ws/src/robot_drivers/ydlidar_ros2_driver', 'symlink_install': False, 'test_result_base': None}
[9.230s] INFO:colcon.colcon_core.executor:Executing jobs using 'parallel' executor
[9.242s] DEBUG:colcon.colcon_parallel_executor.executor.parallel:run_until_complete
[9.246s] INFO:colcon.colcon_ros.task.ament_cmake.build:Building ROS package in '/home/car-pi/ros2_ws/src/robot_hardware/arduino_diffdrive' with build type 'ament_cmake'
[9.249s] INFO:colcon.colcon_cmake.task.cmake.build:Building CMake package in '/home/car-pi/ros2_ws/src/robot_hardware/arduino_diffdrive'
[9.315s] INFO:colcon.colcon_core.plugin_system:Skipping extension 'colcon_core.shell.bat': Not used on non-Windows systems
[9.320s] INFO:colcon.colcon_core.shell:Skip shell extension 'powershell' for command environment: Not usable outside of PowerShell
[9.322s] DEBUG:colcon.colcon_core.shell:Skip shell extension 'dsv' for command environment
[9.415s] INFO:colcon.colcon_ros.task.ament_python.build:Building ROS package in '/home/car-pi/ros2_ws/src/robot_tests/motor_test' with build type 'ament_python'
[9.418s] Level 1:colcon.colcon_core.shell:create_environment_hook('motor_test', 'ament_prefix_path')
[9.423s] INFO:colcon.colcon_core.shell:Creating environment hook '/home/car-pi/ros2_ws/install/motor_test/share/motor_test/hook/ament_prefix_path.ps1'
[9.439s] INFO:colcon.colcon_core.shell:Creating environment descriptor '/home/car-pi/ros2_ws/install/motor_test/share/motor_test/hook/ament_prefix_path.dsv'
[9.451s] INFO:colcon.colcon_core.shell:Creating environment hook '/home/car-pi/ros2_ws/install/motor_test/share/motor_test/hook/ament_prefix_path.sh'
[9.468s] INFO:colcon.colcon_core.shell:Skip shell extension 'powershell' for command environment: Not usable outside of PowerShell
[9.469s] DEBUG:colcon.colcon_core.shell:Skip shell extension 'dsv' for command environment
[9.552s] INFO:colcon.colcon_ros.task.ament_cmake.build:Building ROS package in '/home/car-pi/ros2_ws/src/robot_bringup' with build type 'ament_cmake'
[9.554s] INFO:colcon.colcon_cmake.task.cmake.build:Building CMake package in '/home/car-pi/ros2_ws/src/robot_bringup'
[9.559s] INFO:colcon.colcon_core.shell:Skip shell extension 'powershell' for command environment: Not usable outside of PowerShell
[9.560s] DEBUG:colcon.colcon_core.shell:Skip shell extension 'dsv' for command environment
[9.645s] INFO:colcon.colcon_ros.task.ament_cmake.build:Building ROS package in '/home/car-pi/ros2_ws/src/robot_description' with build type 'ament_cmake'
[9.647s] INFO:colcon.colcon_cmake.task.cmake.build:Building CMake package in '/home/car-pi/ros2_ws/src/robot_description'
[9.651s] INFO:colcon.colcon_core.shell:Skip shell extension 'powershell' for command environment: Not usable outside of PowerShell
[9.652s] DEBUG:colcon.colcon_core.shell:Skip shell extension 'dsv' for command environment
[9.808s] DEBUG:colcon.colcon_core.event_handler.log_command:Invoking command in '/home/car-pi/ros2_ws/build/arduino_diffdrive': CMAKE_PREFIX_PATH=${CMAKE_PREFIX_PATH}:/home/car-pi/ros2_ws/install/motor_test:/opt/ros/humble /usr/bin/cmake --build /home/car-pi/ros2_ws/build/arduino_diffdrive -- -j4 -l4
[15.102s] INFO:colcon.colcon_core.task.python.build:Building Python package in '/home/car-pi/ros2_ws/src/robot_tests/motor_test'
[15.106s] INFO:colcon.colcon_core.shell:Skip shell extension 'powershell' for command environment: Not usable outside of PowerShell
[15.106s] DEBUG:colcon.colcon_core.shell:Skip shell extension 'dsv' for command environment
[15.265s] DEBUG:colcon.colcon_core.event_handler.log_command:Invoking command in '/home/car-pi/ros2_ws/build/robot_bringup': CMAKE_PREFIX_PATH=${CMAKE_PREFIX_PATH}:/home/car-pi/ros2_ws/install/motor_test:/opt/ros/humble /usr/bin/cmake --build /home/car-pi/ros2_ws/build/robot_bringup -- -j4 -l4
[15.343s] DEBUG:colcon.colcon_core.event_handler.log_command:Invoking command in '/home/car-pi/ros2_ws/build/robot_description': CMAKE_PREFIX_PATH=${CMAKE_PREFIX_PATH}:/home/car-pi/ros2_ws/install/motor_test:/opt/ros/humble /usr/bin/cmake --build /home/car-pi/ros2_ws/build/robot_description -- -j4 -l4
[15.351s] DEBUG:colcon.colcon_core.event_handler.log_command:Invoked command in '/home/car-pi/ros2_ws/build/arduino_diffdrive' returned '0': CMAKE_PREFIX_PATH=${CMAKE_PREFIX_PATH}:/home/car-pi/ros2_ws/install/motor_test:/opt/ros/humble /usr/bin/cmake --build /home/car-pi/ros2_ws/build/arduino_diffdrive -- -j4 -l4
[15.489s] DEBUG:colcon.colcon_core.event_handler.log_command:Invoking command in '/home/car-pi/ros2_ws/build/arduino_diffdrive': CMAKE_PREFIX_PATH=${CMAKE_PREFIX_PATH}:/home/car-pi/ros2_ws/install/motor_test:/opt/ros/humble /usr/bin/cmake --install /home/car-pi/ros2_ws/build/arduino_diffdrive
[15.754s] Level 1:colcon.colcon_core.environment:create_environment_scripts_only(arduino_diffdrive)
[15.759s] DEBUG:colcon.colcon_core.event_handler.log_command:Invoked command in '/home/car-pi/ros2_ws/build/arduino_diffdrive' returned '0': CMAKE_PREFIX_PATH=${CMAKE_PREFIX_PATH}:/home/car-pi/ros2_ws/install/motor_test:/opt/ros/humble /usr/bin/cmake --install /home/car-pi/ros2_ws/build/arduino_diffdrive
[15.864s] Level 1:colcon.colcon_core.environment:checking '/home/car-pi/ros2_ws/install/arduino_diffdrive' for CMake module files
[15.879s] Level 1:colcon.colcon_core.environment:checking '/home/car-pi/ros2_ws/install/arduino_diffdrive' for CMake config files
[15.886s] Level 1:colcon.colcon_core.shell:create_environment_hook('arduino_diffdrive', 'cmake_prefix_path')
[15.891s] INFO:colcon.colcon_core.shell:Creating environment hook '/home/car-pi/ros2_ws/install/arduino_diffdrive/share/arduino_diffdrive/hook/cmake_prefix_path.ps1'
[15.901s] INFO:colcon.colcon_core.shell:Creating environment descriptor '/home/car-pi/ros2_ws/install/arduino_diffdrive/share/arduino_diffdrive/hook/cmake_prefix_path.dsv'
[15.909s] INFO:colcon.colcon_core.shell:Creating environment hook '/home/car-pi/ros2_ws/install/arduino_diffdrive/share/arduino_diffdrive/hook/cmake_prefix_path.sh'
[15.922s] Level 1:colcon.colcon_core.environment:checking '/home/car-pi/ros2_ws/install/arduino_diffdrive/lib'
[15.926s] Level 1:colcon.colcon_core.environment:checking '/home/car-pi/ros2_ws/install/arduino_diffdrive/bin'
[15.930s] Level 1:colcon.colcon_core.environment:checking '/home/car-pi/ros2_ws/install/arduino_diffdrive/lib/pkgconfig/arduino_diffdrive.pc'
[15.935s] Level 1:colcon.colcon_core.environment:checking '/home/car-pi/ros2_ws/install/arduino_diffdrive/lib/python3.10/site-packages'
[15.943s] Level 1:colcon.colcon_core.environment:checking '/home/car-pi/ros2_ws/install/arduino_diffdrive/bin'
[15.949s] INFO:colcon.colcon_core.shell:Creating package script '/home/car-pi/ros2_ws/install/arduino_diffdrive/share/arduino_diffdrive/package.ps1'
[15.972s] INFO:colcon.colcon_core.shell:Creating package descriptor '/home/car-pi/ros2_ws/install/arduino_diffdrive/share/arduino_diffdrive/package.dsv'
[15.986s] INFO:colcon.colcon_core.shell:Creating package script '/home/car-pi/ros2_ws/install/arduino_diffdrive/share/arduino_diffdrive/package.sh'
[16.004s] INFO:colcon.colcon_core.shell:Creating package script '/home/car-pi/ros2_ws/install/arduino_diffdrive/share/arduino_diffdrive/package.bash'
[16.023s] INFO:colcon.colcon_core.shell:Creating package script '/home/car-pi/ros2_ws/install/arduino_diffdrive/share/arduino_diffdrive/package.zsh'
[16.043s] Level 1:colcon.colcon_core.environment:create_file_with_runtime_dependencies(/home/car-pi/ros2_ws/install/arduino_diffdrive/share/colcon-core/packages/arduino_diffdrive)
[16.054s] Level 1:colcon.colcon_core.environment:create_environment_scripts_only(arduino_diffdrive)
[16.059s] Level 1:colcon.colcon_core.environment:checking '/home/car-pi/ros2_ws/install/arduino_diffdrive' for CMake module files
[16.072s] Level 1:colcon.colcon_core.environment:checking '/home/car-pi/ros2_ws/install/arduino_diffdrive' for CMake config files
[16.079s] Level 1:colcon.colcon_core.shell:create_environment_hook('arduino_diffdrive', 'cmake_prefix_path')
[16.083s] INFO:colcon.colcon_core.shell:Creating environment hook '/home/car-pi/ros2_ws/install/arduino_diffdrive/share/arduino_diffdrive/hook/cmake_prefix_path.ps1'
[16.091s] INFO:colcon.colcon_core.shell:Creating environment descriptor '/home/car-pi/ros2_ws/install/arduino_diffdrive/share/arduino_diffdrive/hook/cmake_prefix_path.dsv'
[16.099s] INFO:colcon.colcon_core.shell:Creating environment hook '/home/car-pi/ros2_ws/install/arduino_diffdrive/share/arduino_diffdrive/hook/cmake_prefix_path.sh'
[16.109s] Level 1:colcon.colcon_core.environment:checking '/home/car-pi/ros2_ws/install/arduino_diffdrive/lib'
[16.111s] Level 1:colcon.colcon_core.environment:checking '/home/car-pi/ros2_ws/install/arduino_diffdrive/bin'
[16.113s] Level 1:colcon.colcon_core.environment:checking '/home/car-pi/ros2_ws/install/arduino_diffdrive/lib/pkgconfig/arduino_diffdrive.pc'
[16.117s] Level 1:colcon.colcon_core.environment:checking '/home/car-pi/ros2_ws/install/arduino_diffdrive/lib/python3.10/site-packages'
[16.125s] Level 1:colcon.colcon_core.environment:checking '/home/car-pi/ros2_ws/install/arduino_diffdrive/bin'
[16.130s] INFO:colcon.colcon_core.shell:Creating package script '/home/car-pi/ros2_ws/install/arduino_diffdrive/share/arduino_diffdrive/package.ps1'
[16.140s] INFO:colcon.colcon_core.shell:Creating package descriptor '/home/car-pi/ros2_ws/install/arduino_diffdrive/share/arduino_diffdrive/package.dsv'
[16.151s] INFO:colcon.colcon_core.shell:Creating package script '/home/car-pi/ros2_ws/install/arduino_diffdrive/share/arduino_diffdrive/package.sh'
[16.160s] INFO:colcon.colcon_core.shell:Creating package script '/home/car-pi/ros2_ws/install/arduino_diffdrive/share/arduino_diffdrive/package.bash'
[16.169s] INFO:colcon.colcon_core.shell:Creating package script '/home/car-pi/ros2_ws/install/arduino_diffdrive/share/arduino_diffdrive/package.zsh'
[16.178s] Level 1:colcon.colcon_core.environment:create_file_with_runtime_dependencies(/home/car-pi/ros2_ws/install/arduino_diffdrive/share/colcon-core/packages/arduino_diffdrive)
[16.185s] INFO:colcon.colcon_ros.task.ament_cmake.build:Building ROS package in '/home/car-pi/ros2_ws/src/robot_drivers/ydlidar_ros2_driver' with build type 'ament_cmake'
[16.187s] INFO:colcon.colcon_cmake.task.cmake.build:Building CMake package in '/home/car-pi/ros2_ws/src/robot_drivers/ydlidar_ros2_driver'
[16.192s] INFO:colcon.colcon_core.shell:Skip shell extension 'powershell' for command environment: Not usable outside of PowerShell
[16.193s] DEBUG:colcon.colcon_core.shell:Skip shell extension 'dsv' for command environment
[16.302s] DEBUG:colcon.colcon_core.event_handler.log_command:Invoked command in '/home/car-pi/ros2_ws/build/robot_bringup' returned '0': CMAKE_PREFIX_PATH=${CMAKE_PREFIX_PATH}:/home/car-pi/ros2_ws/install/motor_test:/opt/ros/humble /usr/bin/cmake --build /home/car-pi/ros2_ws/build/robot_bringup -- -j4 -l4
[16.339s] DEBUG:colcon.colcon_core.event_handler.log_command:Invoking command in '/home/car-pi/ros2_ws/build/robot_bringup': CMAKE_PREFIX_PATH=${CMAKE_PREFIX_PATH}:/home/car-pi/ros2_ws/install/motor_test:/opt/ros/humble /usr/bin/cmake --install /home/car-pi/ros2_ws/build/robot_bringup
[16.348s] DEBUG:colcon.colcon_core.event_handler.log_command:Invoked command in '/home/car-pi/ros2_ws/build/robot_description' returned '0': CMAKE_PREFIX_PATH=${CMAKE_PREFIX_PATH}:/home/car-pi/ros2_ws/install/motor_test:/opt/ros/humble /usr/bin/cmake --build /home/car-pi/ros2_ws/build/robot_description -- -j4 -l4
[16.387s] DEBUG:colcon.colcon_core.event_handler.log_command:Invoking command in '/home/car-pi/ros2_ws/build/robot_description': CMAKE_PREFIX_PATH=${CMAKE_PREFIX_PATH}:/home/car-pi/ros2_ws/install/motor_test:/opt/ros/humble /usr/bin/cmake --install /home/car-pi/ros2_ws/build/robot_description
[16.452s] DEBUG:colcon.colcon_core.event_handler.log_command:Invoking command in '/home/car-pi/ros2_ws/build/ydlidar_ros2_driver': CMAKE_PREFIX_PATH=${CMAKE_PREFIX_PATH}:/home/car-pi/ros2_ws/install/motor_test:/opt/ros/humble /usr/bin/cmake --build /home/car-pi/ros2_ws/build/ydlidar_ros2_driver -- -j4 -l4
[16.575s] Level 1:colcon.colcon_core.environment:create_environment_scripts_only(robot_bringup)
[16.580s] Level 1:colcon.colcon_core.environment:checking '/home/car-pi/ros2_ws/install/robot_bringup' for CMake module files
[16.623s] Level 1:colcon.colcon_core.environment:checking '/home/car-pi/ros2_ws/install/robot_bringup' for CMake config files
[16.647s] Level 1:colcon.colcon_core.shell:create_environment_hook('robot_bringup', 'cmake_prefix_path')
[16.652s] INFO:colcon.colcon_core.shell:Creating environment hook '/home/car-pi/ros2_ws/install/robot_bringup/share/robot_bringup/hook/cmake_prefix_path.ps1'
[16.666s] INFO:colcon.colcon_core.shell:Creating environment descriptor '/home/car-pi/ros2_ws/install/robot_bringup/share/robot_bringup/hook/cmake_prefix_path.dsv'
[16.684s] INFO:colcon.colcon_core.shell:Creating environment hook '/home/car-pi/ros2_ws/install/robot_bringup/share/robot_bringup/hook/cmake_prefix_path.sh'
[16.714s] Level 1:colcon.colcon_core.environment:checking '/home/car-pi/ros2_ws/install/robot_bringup/bin'
[16.716s] Level 1:colcon.colcon_core.environment:checking '/home/car-pi/ros2_ws/install/robot_bringup/lib/pkgconfig/robot_bringup.pc'
[16.718s] DEBUG:colcon.colcon_core.event_handler.log_command:Invoked command in '/home/car-pi/ros2_ws/build/robot_bringup' returned '0': CMAKE_PREFIX_PATH=${CMAKE_PREFIX_PATH}:/home/car-pi/ros2_ws/install/motor_test:/opt/ros/humble /usr/bin/cmake --install /home/car-pi/ros2_ws/build/robot_bringup
[16.723s] Level 1:colcon.colcon_core.environment:checking '/home/car-pi/ros2_ws/install/robot_bringup/lib/python3.10/site-packages'
[16.732s] Level 1:colcon.colcon_core.environment:checking '/home/car-pi/ros2_ws/install/robot_bringup/bin'
[16.738s] INFO:colcon.colcon_core.shell:Creating package script '/home/car-pi/ros2_ws/install/robot_bringup/share/robot_bringup/package.ps1'
[16.747s] INFO:colcon.colcon_core.shell:Creating package descriptor '/home/car-pi/ros2_ws/install/robot_bringup/share/robot_bringup/package.dsv'
[16.756s] INFO:colcon.colcon_core.shell:Creating package script '/home/car-pi/ros2_ws/install/robot_bringup/share/robot_bringup/package.sh'
[16.767s] INFO:colcon.colcon_core.shell:Creating package script '/home/car-pi/ros2_ws/install/robot_bringup/share/robot_bringup/package.bash'
[16.775s] INFO:colcon.colcon_core.shell:Creating package script '/home/car-pi/ros2_ws/install/robot_bringup/share/robot_bringup/package.zsh'
[16.784s] Level 1:colcon.colcon_core.environment:create_file_with_runtime_dependencies(/home/car-pi/ros2_ws/install/robot_bringup/share/colcon-core/packages/robot_bringup)
[16.797s] Level 1:colcon.colcon_core.environment:create_environment_scripts_only(robot_bringup)
[16.803s] Level 1:colcon.colcon_core.environment:checking '/home/car-pi/ros2_ws/install/robot_bringup' for CMake module files
[16.816s] Level 1:colcon.colcon_core.environment:checking '/home/car-pi/ros2_ws/install/robot_bringup' for CMake config files
[16.822s] Level 1:colcon.colcon_core.shell:create_environment_hook('robot_bringup', 'cmake_prefix_path')
[16.826s] INFO:colcon.colcon_core.shell:Creating environment hook '/home/car-pi/ros2_ws/install/robot_bringup/share/robot_bringup/hook/cmake_prefix_path.ps1'
[16.834s] INFO:colcon.colcon_core.shell:Creating environment descriptor '/home/car-pi/ros2_ws/install/robot_bringup/share/robot_bringup/hook/cmake_prefix_path.dsv'
[16.842s] INFO:colcon.colcon_core.shell:Creating environment hook '/home/car-pi/ros2_ws/install/robot_bringup/share/robot_bringup/hook/cmake_prefix_path.sh'
[16.853s] Level 1:colcon.colcon_core.environment:checking '/home/car-pi/ros2_ws/install/robot_bringup/bin'
[16.855s] Level 1:colcon.colcon_core.environment:checking '/home/car-pi/ros2_ws/install/robot_bringup/lib/pkgconfig/robot_bringup.pc'
[16.860s] Level 1:colcon.colcon_core.environment:checking '/home/car-pi/ros2_ws/install/robot_bringup/lib/python3.10/site-packages'
[16.868s] Level 1:colcon.colcon_core.environment:checking '/home/car-pi/ros2_ws/install/robot_bringup/bin'
[16.874s] INFO:colcon.colcon_core.shell:Creating package script '/home/car-pi/ros2_ws/install/robot_bringup/share/robot_bringup/package.ps1'
[16.886s] INFO:colcon.colcon_core.shell:Creating package descriptor '/home/car-pi/ros2_ws/install/robot_bringup/share/robot_bringup/package.dsv'
[16.896s] INFO:colcon.colcon_core.shell:Creating package script '/home/car-pi/ros2_ws/install/robot_bringup/share/robot_bringup/package.sh'
[16.906s] INFO:colcon.colcon_core.shell:Creating package script '/home/car-pi/ros2_ws/install/robot_bringup/share/robot_bringup/package.bash'
[16.915s] INFO:colcon.colcon_core.shell:Creating package script '/home/car-pi/ros2_ws/install/robot_bringup/share/robot_bringup/package.zsh'
[16.924s] Level 1:colcon.colcon_core.environment:create_file_with_runtime_dependencies(/home/car-pi/ros2_ws/install/robot_bringup/share/colcon-core/packages/robot_bringup)
[16.929s] Level 1:colcon.colcon_core.environment:create_environment_scripts_only(robot_description)
[16.934s] Level 1:colcon.colcon_core.environment:checking '/home/car-pi/ros2_ws/install/robot_description' for CMake module files
[16.953s] DEBUG:colcon.colcon_core.event_handler.log_command:Invoked command in '/home/car-pi/ros2_ws/build/robot_description' returned '0': CMAKE_PREFIX_PATH=${CMAKE_PREFIX_PATH}:/home/car-pi/ros2_ws/install/motor_test:/opt/ros/humble /usr/bin/cmake --install /home/car-pi/ros2_ws/build/robot_description
[16.959s] Level 1:colcon.colcon_core.environment:checking '/home/car-pi/ros2_ws/install/robot_description' for CMake config files
[16.964s] Level 1:colcon.colcon_core.shell:create_environment_hook('robot_description', 'cmake_prefix_path')
[16.969s] INFO:colcon.colcon_core.shell:Creating environment hook '/home/car-pi/ros2_ws/install/robot_description/share/robot_description/hook/cmake_prefix_path.ps1'
[16.979s] INFO:colcon.colcon_core.shell:Creating environment descriptor '/home/car-pi/ros2_ws/install/robot_description/share/robot_description/hook/cmake_prefix_path.dsv'
[16.987s] INFO:colcon.colcon_core.shell:Creating environment hook '/home/car-pi/ros2_ws/install/robot_description/share/robot_description/hook/cmake_prefix_path.sh'
[16.999s] Level 1:colcon.colcon_core.environment:checking '/home/car-pi/ros2_ws/install/robot_description/bin'
[17.001s] Level 1:colcon.colcon_core.environment:checking '/home/car-pi/ros2_ws/install/robot_description/lib/pkgconfig/robot_description.pc'
[17.006s] Level 1:colcon.colcon_core.environment:checking '/home/car-pi/ros2_ws/install/robot_description/lib/python3.10/site-packages'
[17.014s] Level 1:colcon.colcon_core.environment:checking '/home/car-pi/ros2_ws/install/robot_description/bin'
[17.021s] INFO:colcon.colcon_core.shell:Creating package script '/home/car-pi/ros2_ws/install/robot_description/share/robot_description/package.ps1'
[17.030s] INFO:colcon.colcon_core.shell:Creating package descriptor '/home/car-pi/ros2_ws/install/robot_description/share/robot_description/package.dsv'
[17.039s] INFO:colcon.colcon_core.shell:Creating package script '/home/car-pi/ros2_ws/install/robot_description/share/robot_description/package.sh'
[17.049s] INFO:colcon.colcon_core.shell:Creating package script '/home/car-pi/ros2_ws/install/robot_description/share/robot_description/package.bash'
[17.058s] INFO:colcon.colcon_core.shell:Creating package script '/home/car-pi/ros2_ws/install/robot_description/share/robot_description/package.zsh'
[17.067s] Level 1:colcon.colcon_core.environment:create_file_with_runtime_dependencies(/home/car-pi/ros2_ws/install/robot_description/share/colcon-core/packages/robot_description)
[17.077s] Level 1:colcon.colcon_core.environment:create_environment_scripts_only(robot_description)
[17.083s] Level 1:colcon.colcon_core.environment:checking '/home/car-pi/ros2_ws/install/robot_description' for CMake module files
[17.098s] Level 1:colcon.colcon_core.environment:checking '/home/car-pi/ros2_ws/install/robot_description' for CMake config files
[17.103s] Level 1:colcon.colcon_core.shell:create_environment_hook('robot_description', 'cmake_prefix_path')
[17.108s] INFO:colcon.colcon_core.shell:Creating environment hook '/home/car-pi/ros2_ws/install/robot_description/share/robot_description/hook/cmake_prefix_path.ps1'
[17.116s] INFO:colcon.colcon_core.shell:Creating environment descriptor '/home/car-pi/ros2_ws/install/robot_description/share/robot_description/hook/cmake_prefix_path.dsv'
[17.123s] INFO:colcon.colcon_core.shell:Creating environment hook '/home/car-pi/ros2_ws/install/robot_description/share/robot_description/hook/cmake_prefix_path.sh'
[17.134s] Level 1:colcon.colcon_core.environment:checking '/home/car-pi/ros2_ws/install/robot_description/bin'
[17.136s] Level 1:colcon.colcon_core.environment:checking '/home/car-pi/ros2_ws/install/robot_description/lib/pkgconfig/robot_description.pc'
[17.140s] Level 1:colcon.colcon_core.environment:checking '/home/car-pi/ros2_ws/install/robot_description/lib/python3.10/site-packages'
[17.148s] Level 1:colcon.colcon_core.environment:checking '/home/car-pi/ros2_ws/install/robot_description/bin'
[17.154s] INFO:colcon.colcon_core.shell:Creating package script '/home/car-pi/ros2_ws/install/robot_description/share/robot_description/package.ps1'
[17.164s] INFO:colcon.colcon_core.shell:Creating package descriptor '/home/car-pi/ros2_ws/install/robot_description/share/robot_description/package.dsv'
[17.175s] INFO:colcon.colcon_core.shell:Creating package script '/home/car-pi/ros2_ws/install/robot_description/share/robot_description/package.sh'
[17.185s] INFO:colcon.colcon_core.shell:Creating package script '/home/car-pi/ros2_ws/install/robot_description/share/robot_description/package.bash'
[17.198s] INFO:colcon.colcon_core.shell:Creating package script '/home/car-pi/ros2_ws/install/robot_description/share/robot_description/package.zsh'
[17.208s] Level 1:colcon.colcon_core.environment:create_file_with_runtime_dependencies(/home/car-pi/ros2_ws/install/robot_description/share/colcon-core/packages/robot_description)
[17.926s] DEBUG:colcon.colcon_core.event_handler.log_command:Invoked command in '/home/car-pi/ros2_ws/build/ydlidar_ros2_driver' returned '0': CMAKE_PREFIX_PATH=${CMAKE_PREFIX_PATH}:/home/car-pi/ros2_ws/install/motor_test:/opt/ros/humble /usr/bin/cmake --build /home/car-pi/ros2_ws/build/ydlidar_ros2_driver -- -j4 -l4
[17.960s] DEBUG:colcon.colcon_core.event_handler.log_command:Invoking command in '/home/car-pi/ros2_ws/build/ydlidar_ros2_driver': CMAKE_PREFIX_PATH=${CMAKE_PREFIX_PATH}:/home/car-pi/ros2_ws/install/motor_test:/opt/ros/humble /usr/bin/cmake --install /home/car-pi/ros2_ws/build/ydlidar_ros2_driver
[18.184s] Level 1:colcon.colcon_core.environment:create_environment_scripts_only(ydlidar_ros2_driver)
[18.189s] Level 1:colcon.colcon_core.environment:checking '/home/car-pi/ros2_ws/install/ydlidar_ros2_driver' for CMake module files
[18.218s] DEBUG:colcon.colcon_core.event_handler.log_command:Invoked command in '/home/car-pi/ros2_ws/build/ydlidar_ros2_driver' returned '0': CMAKE_PREFIX_PATH=${CMAKE_PREFIX_PATH}:/home/car-pi/ros2_ws/install/motor_test:/opt/ros/humble /usr/bin/cmake --install /home/car-pi/ros2_ws/build/ydlidar_ros2_driver
[18.225s] Level 1:colcon.colcon_core.environment:checking '/home/car-pi/ros2_ws/install/ydlidar_ros2_driver' for CMake config files
[18.233s] Level 1:colcon.colcon_core.shell:create_environment_hook('ydlidar_ros2_driver', 'cmake_prefix_path')
[18.237s] INFO:colcon.colcon_core.shell:Creating environment hook '/home/car-pi/ros2_ws/install/ydlidar_ros2_driver/share/ydlidar_ros2_driver/hook/cmake_prefix_path.ps1'
[18.245s] INFO:colcon.colcon_core.shell:Creating environment descriptor '/home/car-pi/ros2_ws/install/ydlidar_ros2_driver/share/ydlidar_ros2_driver/hook/cmake_prefix_path.dsv'
[18.253s] INFO:colcon.colcon_core.shell:Creating environment hook '/home/car-pi/ros2_ws/install/ydlidar_ros2_driver/share/ydlidar_ros2_driver/hook/cmake_prefix_path.sh'
[18.263s] Level 1:colcon.colcon_core.environment:checking '/home/car-pi/ros2_ws/install/ydlidar_ros2_driver/lib'
[18.265s] Level 1:colcon.colcon_core.environment:checking '/home/car-pi/ros2_ws/install/ydlidar_ros2_driver/bin'
[18.266s] Level 1:colcon.colcon_core.environment:checking '/home/car-pi/ros2_ws/install/ydlidar_ros2_driver/lib/pkgconfig/ydlidar_ros2_driver.pc'
[18.271s] Level 1:colcon.colcon_core.environment:checking '/home/car-pi/ros2_ws/install/ydlidar_ros2_driver/lib/python3.10/site-packages'
[18.278s] Level 1:colcon.colcon_core.environment:checking '/home/car-pi/ros2_ws/install/ydlidar_ros2_driver/bin'
[18.284s] INFO:colcon.colcon_core.shell:Creating package script '/home/car-pi/ros2_ws/install/ydlidar_ros2_driver/share/ydlidar_ros2_driver/package.ps1'
[18.292s] INFO:colcon.colcon_core.shell:Creating package descriptor '/home/car-pi/ros2_ws/install/ydlidar_ros2_driver/share/ydlidar_ros2_driver/package.dsv'
[18.301s] INFO:colcon.colcon_core.shell:Creating package script '/home/car-pi/ros2_ws/install/ydlidar_ros2_driver/share/ydlidar_ros2_driver/package.sh'
[18.312s] INFO:colcon.colcon_core.shell:Creating package script '/home/car-pi/ros2_ws/install/ydlidar_ros2_driver/share/ydlidar_ros2_driver/package.bash'
[18.320s] INFO:colcon.colcon_core.shell:Creating package script '/home/car-pi/ros2_ws/install/ydlidar_ros2_driver/share/ydlidar_ros2_driver/package.zsh'
[18.328s] Level 1:colcon.colcon_core.environment:create_file_with_runtime_dependencies(/home/car-pi/ros2_ws/install/ydlidar_ros2_driver/share/colcon-core/packages/ydlidar_ros2_driver)
[18.339s] Level 1:colcon.colcon_core.environment:create_environment_scripts_only(ydlidar_ros2_driver)
[18.344s] Level 1:colcon.colcon_core.environment:checking '/home/car-pi/ros2_ws/install/ydlidar_ros2_driver' for CMake module files
[18.358s] Level 1:colcon.colcon_core.environment:checking '/home/car-pi/ros2_ws/install/ydlidar_ros2_driver' for CMake config files
[18.366s] Level 1:colcon.colcon_core.shell:create_environment_hook('ydlidar_ros2_driver', 'cmake_prefix_path')
[18.371s] INFO:colcon.colcon_core.shell:Creating environment hook '/home/car-pi/ros2_ws/install/ydlidar_ros2_driver/share/ydlidar_ros2_driver/hook/cmake_prefix_path.ps1'
[18.378s] INFO:colcon.colcon_core.shell:Creating environment descriptor '/home/car-pi/ros2_ws/install/ydlidar_ros2_driver/share/ydlidar_ros2_driver/hook/cmake_prefix_path.dsv'
[18.386s] INFO:colcon.colcon_core.shell:Creating environment hook '/home/car-pi/ros2_ws/install/ydlidar_ros2_driver/share/ydlidar_ros2_driver/hook/cmake_prefix_path.sh'
[18.397s] Level 1:colcon.colcon_core.environment:checking '/home/car-pi/ros2_ws/install/ydlidar_ros2_driver/lib'
[18.399s] Level 1:colcon.colcon_core.environment:checking '/home/car-pi/ros2_ws/install/ydlidar_ros2_driver/bin'
[18.400s] Level 1:colcon.colcon_core.environment:checking '/home/car-pi/ros2_ws/install/ydlidar_ros2_driver/lib/pkgconfig/ydlidar_ros2_driver.pc'
[18.405s] Level 1:colcon.colcon_core.environment:checking '/home/car-pi/ros2_ws/install/ydlidar_ros2_driver/lib/python3.10/site-packages'
[18.413s] Level 1:colcon.colcon_core.environment:checking '/home/car-pi/ros2_ws/install/ydlidar_ros2_driver/bin'
[18.419s] INFO:colcon.colcon_core.shell:Creating package script '/home/car-pi/ros2_ws/install/ydlidar_ros2_driver/share/ydlidar_ros2_driver/package.ps1'
[18.430s] INFO:colcon.colcon_core.shell:Creating package descriptor '/home/car-pi/ros2_ws/install/ydlidar_ros2_driver/share/ydlidar_ros2_driver/package.dsv'
[18.440s] INFO:colcon.colcon_core.shell:Creating package script '/home/car-pi/ros2_ws/install/ydlidar_ros2_driver/share/ydlidar_ros2_driver/package.sh'
[18.448s] INFO:colcon.colcon_core.shell:Creating package script '/home/car-pi/ros2_ws/install/ydlidar_ros2_driver/share/ydlidar_ros2_driver/package.bash'
[18.457s] INFO:colcon.colcon_core.shell:Creating package script '/home/car-pi/ros2_ws/install/ydlidar_ros2_driver/share/ydlidar_ros2_driver/package.zsh'
[18.466s] Level 1:colcon.colcon_core.environment:create_file_with_runtime_dependencies(/home/car-pi/ros2_ws/install/ydlidar_ros2_driver/share/colcon-core/packages/ydlidar_ros2_driver)
[24.196s] DEBUG:colcon.colcon_core.event_handler.log_command:Invoking command in '/home/car-pi/ros2_ws/src/robot_tests/motor_test': PYTHONPATH=/home/car-pi/ros2_ws/build/motor_test/prefix_override:/usr/lib/python3/dist-packages/colcon_core/task/python/colcon_distutils_commands:/home/car-pi/ros2_ws/install/motor_test/lib/python3.10/site-packages:${PYTHONPATH} /usr/bin/python3 -W ignore:setup.py install is deprecated -W ignore:easy_install command is deprecated setup.py egg_info --egg-base ../../../build/motor_test build --build-base /home/car-pi/ros2_ws/build/motor_test/build install --record /home/car-pi/ros2_ws/build/motor_test/install.log --single-version-externally-managed install_data
[29.724s] Level 1:colcon.colcon_core.environment:checking '/home/car-pi/ros2_ws/install/motor_test' for CMake module files
[29.733s] DEBUG:colcon.colcon_core.event_handler.log_command:Invoked command in '/home/car-pi/ros2_ws/src/robot_tests/motor_test' returned '0': PYTHONPATH=/home/car-pi/ros2_ws/build/motor_test/prefix_override:/usr/lib/python3/dist-packages/colcon_core/task/python/colcon_distutils_commands:/home/car-pi/ros2_ws/install/motor_test/lib/python3.10/site-packages:${PYTHONPATH} /usr/bin/python3 -W ignore:setup.py install is deprecated -W ignore:easy_install command is deprecated setup.py egg_info --egg-base ../../../build/motor_test build --build-base /home/car-pi/ros2_ws/build/motor_test/build install --record /home/car-pi/ros2_ws/build/motor_test/install.log --single-version-externally-managed install_data
[29.741s] Level 1:colcon.colcon_core.environment:checking '/home/car-pi/ros2_ws/install/motor_test' for CMake config files
[29.755s] Level 1:colcon.colcon_core.environment:checking '/home/car-pi/ros2_ws/install/motor_test/lib'
[29.756s] Level 1:colcon.colcon_core.environment:checking '/home/car-pi/ros2_ws/install/motor_test/bin'
[29.758s] Level 1:colcon.colcon_core.environment:checking '/home/car-pi/ros2_ws/install/motor_test/lib/pkgconfig/motor_test.pc'
[29.762s] Level 1:colcon.colcon_core.environment:checking '/home/car-pi/ros2_ws/install/motor_test/lib/python3.10/site-packages'
[29.763s] Level 1:colcon.colcon_core.shell:create_environment_hook('motor_test', 'pythonpath')
[29.767s] INFO:colcon.colcon_core.shell:Creating environment hook '/home/car-pi/ros2_ws/install/motor_test/share/motor_test/hook/pythonpath.ps1'
[29.774s] INFO:colcon.colcon_core.shell:Creating environment descriptor '/home/car-pi/ros2_ws/install/motor_test/share/motor_test/hook/pythonpath.dsv'
[29.781s] INFO:colcon.colcon_core.shell:Creating environment hook '/home/car-pi/ros2_ws/install/motor_test/share/motor_test/hook/pythonpath.sh'
[29.796s] Level 1:colcon.colcon_core.environment:checking '/home/car-pi/ros2_ws/install/motor_test/bin'
[29.797s] Level 1:colcon.colcon_core.environment:create_environment_scripts_only(motor_test)
[29.803s] INFO:colcon.colcon_core.shell:Creating package script '/home/car-pi/ros2_ws/install/motor_test/share/motor_test/package.ps1'
[29.812s] INFO:colcon.colcon_core.shell:Creating package descriptor '/home/car-pi/ros2_ws/install/motor_test/share/motor_test/package.dsv'
[29.820s] INFO:colcon.colcon_core.shell:Creating package script '/home/car-pi/ros2_ws/install/motor_test/share/motor_test/package.sh'
[29.828s] INFO:colcon.colcon_core.shell:Creating package script '/home/car-pi/ros2_ws/install/motor_test/share/motor_test/package.bash'
[29.836s] INFO:colcon.colcon_core.shell:Creating package script '/home/car-pi/ros2_ws/install/motor_test/share/motor_test/package.zsh'
[29.845s] Level 1:colcon.colcon_core.environment:create_file_with_runtime_dependencies(/home/car-pi/ros2_ws/install/motor_test/share/colcon-core/packages/motor_test)
[29.850s] DEBUG:colcon.colcon_parallel_executor.executor.parallel:closing loop
[29.855s] DEBUG:colcon.colcon_parallel_executor.executor.parallel:loop closed
[29.856s] DEBUG:colcon.colcon_parallel_executor.executor.parallel:run_until_complete finished with '0'
[29.859s] DEBUG:colcon.colcon_core.event_reactor:joining thread
[29.955s] INFO:colcon.colcon_core.plugin_system:Skipping extension 'colcon_notification.desktop_notification.notify_send': Could not find 'notify-send'
[29.956s] INFO:colcon.colcon_core.plugin_system:Skipping extension 'colcon_notification.desktop_notification.terminal_notifier': Not used on non-Darwin systems
[29.958s] INFO:colcon.colcon_core.plugin_system:Skipping extension 'colcon_notification.desktop_notification.win32': Not used on non-Windows systems
[29.959s] INFO:colcon.colcon_notification.desktop_notification:Sending desktop notification using 'notify2'
[30.072s] DEBUG:colcon.colcon_notification.desktop_notification.notify2:Failed to initialize notify2: org.freedesktop.DBus.Error.ServiceUnknown: The name org.freedesktop.Notifications was not provided by any .service files
[30.073s] DEBUG:colcon.colcon_core.event_reactor:joined thread
[30.077s] INFO:colcon.colcon_core.shell:Creating prefix script '/home/car-pi/ros2_ws/install/local_setup.ps1'
[30.098s] INFO:colcon.colcon_core.shell:Creating prefix util module '/home/car-pi/ros2_ws/install/_local_setup_util_ps1.py'
[30.129s] INFO:colcon.colcon_core.shell:Creating prefix chain script '/home/car-pi/ros2_ws/install/setup.ps1'
[30.157s] INFO:colcon.colcon_core.shell:Creating prefix script '/home/car-pi/ros2_ws/install/local_setup.sh'
[30.169s] INFO:colcon.colcon_core.shell:Creating prefix util module '/home/car-pi/ros2_ws/install/_local_setup_util_sh.py'
[30.180s] INFO:colcon.colcon_core.shell:Creating prefix chain script '/home/car-pi/ros2_ws/install/setup.sh'
[30.208s] INFO:colcon.colcon_core.shell:Creating prefix script '/home/car-pi/ros2_ws/install/local_setup.bash'
[30.219s] INFO:colcon.colcon_core.shell:Creating prefix chain script '/home/car-pi/ros2_ws/install/setup.bash'
[30.247s] INFO:colcon.colcon_core.shell:Creating prefix script '/home/car-pi/ros2_ws/install/local_setup.zsh'
[30.258s] INFO:colcon.colcon_core.shell:Creating prefix chain script '/home/car-pi/ros2_ws/install/setup.zsh'
