-- The C compiler identification is GNU 11.4.0
-- The CXX compiler identification is GNU 11.4.0
-- Detecting C compiler ABI info
-- Detecting C compiler ABI info - done
-- Check for working C compiler: /usr/bin/ccache - skipped
-- Detecting C compile features
-- Detecting C compile features - done
-- Detecting CXX compiler ABI info
-- Detecting CXX compiler ABI info - done
-- Check for working CXX compiler: /usr/bin/ccache - skipped
-- Detecting CXX compile features
-- Detecting CXX compile features - done
-- Found ament_cmake: 1.3.12 (/opt/ros/humble/share/ament_cmake/cmake)
-- Found Python3: /usr/bin/python3 (found version "3.10.12") found components: Interpreter 
-- Override CMake install command with custom implementation using symlinks instead of copying resources
-- Found rclcpp: 16.0.17 (/opt/ros/humble/share/rclcpp/cmake)
-- Found rosidl_generator_c: 3.1.8 (/opt/ros/humble/share/rosidl_generator_c/cmake)
-- Found rosidl_adapter: 3.1.8 (/opt/ros/humble/share/rosidl_adapter/cmake)
-- Found rosidl_generator_cpp: 3.1.8 (/opt/ros/humble/share/rosidl_generator_cpp/cmake)
-- Using all available rosidl_typesupport_c: rosidl_typesupport_fastrtps_c;rosidl_typesupport_introspection_c
-- Using all available rosidl_typesupport_cpp: rosidl_typesupport_fastrtps_cpp;rosidl_typesupport_introspection_cpp
-- Found rmw_implementation_cmake: 6.1.2 (/opt/ros/humble/share/rmw_implementation_cmake/cmake)
-- Found rmw_cyclonedds_cpp: 1.3.4 (/opt/ros/humble/share/rmw_cyclonedds_cpp/cmake)
-- Using RMW implementation 'rmw_cyclonedds_cpp' as default
-- Looking for pthread.h
-- Looking for pthread.h - found
-- Performing Test CMAKE_HAVE_LIBC_PTHREAD
-- Performing Test CMAKE_HAVE_LIBC_PTHREAD - Success
-- Found Threads: TRUE  
-- Found geometry_msgs: 4.9.0 (/opt/ros/humble/share/geometry_msgs/cmake)
-- Found nav_msgs: 4.9.0 (/opt/ros/humble/share/nav_msgs/cmake)
-- Found tf2_ros: 0.25.18 (/opt/ros/humble/share/tf2_ros/cmake)
-- Configuring done
-- Generating done
-- Build files have been written to: /home/car-pi/ros2_ws/build/arduino_diffdrive
[ 50%] [32mBuilding CXX object CMakeFiles/arduino_diffdrive_node.dir/src/arduino_diffdrive_node.cpp.o[0m
[100%] [32m[1mLinking CXX executable arduino_diffdrive_node[0m
[100%] Built target arduino_diffdrive_node
-- Install configuration: ""
-- Execute custom install script
-- Symlinking: /home/car-pi/ros2_ws/install/arduino_diffdrive/lib/arduino_diffdrive/arduino_diffdrive_node
-- Symlinking: /home/car-pi/ros2_ws/install/arduino_diffdrive/share/ament_index/resource_index/package_run_dependencies/arduino_diffdrive
-- Symlinking: /home/car-pi/ros2_ws/install/arduino_diffdrive/share/ament_index/resource_index/parent_prefix_path/arduino_diffdrive
-- Symlinking: /home/car-pi/ros2_ws/install/arduino_diffdrive/share/arduino_diffdrive/environment/ament_prefix_path.sh
-- Symlinking: /home/car-pi/ros2_ws/install/arduino_diffdrive/share/arduino_diffdrive/environment/ament_prefix_path.dsv
-- Symlinking: /home/car-pi/ros2_ws/install/arduino_diffdrive/share/arduino_diffdrive/environment/path.sh
-- Symlinking: /home/car-pi/ros2_ws/install/arduino_diffdrive/share/arduino_diffdrive/environment/path.dsv
-- Symlinking: /home/car-pi/ros2_ws/install/arduino_diffdrive/share/arduino_diffdrive/local_setup.bash
-- Symlinking: /home/car-pi/ros2_ws/install/arduino_diffdrive/share/arduino_diffdrive/local_setup.sh
-- Symlinking: /home/car-pi/ros2_ws/install/arduino_diffdrive/share/arduino_diffdrive/local_setup.zsh
-- Symlinking: /home/car-pi/ros2_ws/install/arduino_diffdrive/share/arduino_diffdrive/local_setup.dsv
-- Symlinking: /home/car-pi/ros2_ws/install/arduino_diffdrive/share/arduino_diffdrive/package.dsv
-- Symlinking: /home/car-pi/ros2_ws/install/arduino_diffdrive/share/ament_index/resource_index/packages/arduino_diffdrive
-- Symlinking: /home/car-pi/ros2_ws/install/arduino_diffdrive/share/arduino_diffdrive/cmake/arduino_diffdriveConfig.cmake
-- Symlinking: /home/car-pi/ros2_ws/install/arduino_diffdrive/share/arduino_diffdrive/cmake/arduino_diffdriveConfig-version.cmake
-- Symlinking: /home/car-pi/ros2_ws/install/arduino_diffdrive/share/arduino_diffdrive/package.xml
