[0.588s] Invoking command in '/home/car-pi/ros2_ws/build/arduino_diffdrive': CMAKE_PREFIX_PATH=${CMAKE_PREFIX_PATH}:/home/car-pi/ros2_ws/install/motor_test:/opt/ros/humble /usr/bin/cmake /home/car-pi/ros2_ws/src/robot_hardware/arduino_diffdrive -DAMENT_CMAKE_SYMLINK_INSTALL=1 -DCMAKE_INSTALL_PREFIX=/home/car-pi/ros2_ws/install/arduino_diffdrive
[8.072s] -- The C compiler identification is GNU 11.4.0
[8.080s] -- The CXX compiler identification is GNU 11.4.0
[8.082s] -- Detecting C compiler ABI info
[8.094s] -- Detecting C compiler ABI info - done
[8.267s] -- Check for working C compiler: /usr/bin/ccache - skipped
[8.315s] -- Detecting C compile features
[8.318s] -- Detecting C compile features - done
[8.419s] -- Detecting CXX compiler ABI info
[10.409s] -- Detecting CXX compiler ABI info - done
[10.613s] -- Check for working CXX compiler: /usr/bin/ccache - skipped
[10.616s] -- Detecting CXX compile features
[10.620s] -- Detecting CXX compile features - done
[11.045s] -- Found ament_cmake: 1.3.12 (/opt/ros/humble/share/ament_cmake/cmake)
[16.083s] -- Found Python3: /usr/bin/python3 (found version "3.10.12") found components: Interpreter 
[18.183s] -- Override CMake install command with custom implementation using symlinks instead of copying resources
[20.861s] -- Found rclcpp: 16.0.17 (/opt/ros/humble/share/rclcpp/cmake)
[23.617s] -- Found rosidl_generator_c: 3.1.8 (/opt/ros/humble/share/rosidl_generator_c/cmake)
[24.105s] -- Found rosidl_adapter: 3.1.8 (/opt/ros/humble/share/rosidl_adapter/cmake)
[24.743s] -- Found rosidl_generator_cpp: 3.1.8 (/opt/ros/humble/share/rosidl_generator_cpp/cmake)
[25.648s] -- Using all available rosidl_typesupport_c: rosidl_typesupport_fastrtps_c;rosidl_typesupport_introspection_c
[26.689s] -- Using all available rosidl_typesupport_cpp: rosidl_typesupport_fastrtps_cpp;rosidl_typesupport_introspection_cpp
[29.815s] -- Found rmw_implementation_cmake: 6.1.2 (/opt/ros/humble/share/rmw_implementation_cmake/cmake)
[30.027s] -- Found rmw_cyclonedds_cpp: 1.3.4 (/opt/ros/humble/share/rmw_cyclonedds_cpp/cmake)
[31.348s] -- Using RMW implementation 'rmw_cyclonedds_cpp' as default
[32.149s] -- Looking for pthread.h
[34.224s] -- Looking for pthread.h - found
[34.241s] -- Performing Test CMAKE_HAVE_LIBC_PTHREAD
[36.124s] -- Performing Test CMAKE_HAVE_LIBC_PTHREAD - Success
[36.155s] -- Found Threads: TRUE  
[39.042s] -- Found geometry_msgs: 4.9.0 (/opt/ros/humble/share/geometry_msgs/cmake)
[39.776s] -- Found nav_msgs: 4.9.0 (/opt/ros/humble/share/nav_msgs/cmake)
[40.929s] -- Found tf2_ros: 0.25.18 (/opt/ros/humble/share/tf2_ros/cmake)
[49.156s] -- Configuring done
[49.717s] -- Generating done
[49.835s] -- Build files have been written to: /home/car-pi/ros2_ws/build/arduino_diffdrive
[50.024s] Invoked command in '/home/car-pi/ros2_ws/build/arduino_diffdrive' returned '0': CMAKE_PREFIX_PATH=${CMAKE_PREFIX_PATH}:/home/car-pi/ros2_ws/install/motor_test:/opt/ros/humble /usr/bin/cmake /home/car-pi/ros2_ws/src/robot_hardware/arduino_diffdrive -DAMENT_CMAKE_SYMLINK_INSTALL=1 -DCMAKE_INSTALL_PREFIX=/home/car-pi/ros2_ws/install/arduino_diffdrive
[50.061s] Invoking command in '/home/car-pi/ros2_ws/build/arduino_diffdrive': CMAKE_PREFIX_PATH=${CMAKE_PREFIX_PATH}:/home/car-pi/ros2_ws/install/motor_test:/opt/ros/humble /usr/bin/cmake --build /home/car-pi/ros2_ws/build/arduino_diffdrive -- -j4 -l4
[51.620s] [ 50%] [32mBuilding CXX object CMakeFiles/arduino_diffdrive_node.dir/src/arduino_diffdrive_node.cpp.o[0m
[53.775s] [100%] [32m[1mLinking CXX executable arduino_diffdrive_node[0m
[69.499s] [100%] Built target arduino_diffdrive_node
[69.737s] Invoked command in '/home/car-pi/ros2_ws/build/arduino_diffdrive' returned '0': CMAKE_PREFIX_PATH=${CMAKE_PREFIX_PATH}:/home/car-pi/ros2_ws/install/motor_test:/opt/ros/humble /usr/bin/cmake --build /home/car-pi/ros2_ws/build/arduino_diffdrive -- -j4 -l4
[69.759s] Invoking command in '/home/car-pi/ros2_ws/build/arduino_diffdrive': CMAKE_PREFIX_PATH=${CMAKE_PREFIX_PATH}:/home/car-pi/ros2_ws/install/motor_test:/opt/ros/humble /usr/bin/cmake --install /home/car-pi/ros2_ws/build/arduino_diffdrive
[69.951s] -- Install configuration: ""
[69.967s] -- Execute custom install script
[69.984s] -- Symlinking: /home/car-pi/ros2_ws/install/arduino_diffdrive/lib/arduino_diffdrive/arduino_diffdrive_node
[70.160s] -- Symlinking: /home/car-pi/ros2_ws/install/arduino_diffdrive/share/ament_index/resource_index/package_run_dependencies/arduino_diffdrive
[70.322s] -- Symlinking: /home/car-pi/ros2_ws/install/arduino_diffdrive/share/ament_index/resource_index/parent_prefix_path/arduino_diffdrive
[70.474s] -- Symlinking: /home/car-pi/ros2_ws/install/arduino_diffdrive/share/arduino_diffdrive/environment/ament_prefix_path.sh
[70.635s] -- Symlinking: /home/car-pi/ros2_ws/install/arduino_diffdrive/share/arduino_diffdrive/environment/ament_prefix_path.dsv
[70.800s] -- Symlinking: /home/car-pi/ros2_ws/install/arduino_diffdrive/share/arduino_diffdrive/environment/path.sh
[70.948s] -- Symlinking: /home/car-pi/ros2_ws/install/arduino_diffdrive/share/arduino_diffdrive/environment/path.dsv
[71.097s] -- Symlinking: /home/car-pi/ros2_ws/install/arduino_diffdrive/share/arduino_diffdrive/local_setup.bash
[71.247s] -- Symlinking: /home/car-pi/ros2_ws/install/arduino_diffdrive/share/arduino_diffdrive/local_setup.sh
[71.402s] -- Symlinking: /home/car-pi/ros2_ws/install/arduino_diffdrive/share/arduino_diffdrive/local_setup.zsh
[71.566s] -- Symlinking: /home/car-pi/ros2_ws/install/arduino_diffdrive/share/arduino_diffdrive/local_setup.dsv
[71.722s] -- Symlinking: /home/car-pi/ros2_ws/install/arduino_diffdrive/share/arduino_diffdrive/package.dsv
[71.884s] -- Symlinking: /home/car-pi/ros2_ws/install/arduino_diffdrive/share/ament_index/resource_index/packages/arduino_diffdrive
[72.046s] -- Symlinking: /home/car-pi/ros2_ws/install/arduino_diffdrive/share/arduino_diffdrive/cmake/arduino_diffdriveConfig.cmake
[72.193s] -- Symlinking: /home/car-pi/ros2_ws/install/arduino_diffdrive/share/arduino_diffdrive/cmake/arduino_diffdriveConfig-version.cmake
[72.356s] -- Symlinking: /home/car-pi/ros2_ws/install/arduino_diffdrive/share/arduino_diffdrive/package.xml
[72.545s] Invoked command in '/home/car-pi/ros2_ws/build/arduino_diffdrive' returned '0': CMAKE_PREFIX_PATH=${CMAKE_PREFIX_PATH}:/home/car-pi/ros2_ws/install/motor_test:/opt/ros/humble /usr/bin/cmake --install /home/car-pi/ros2_ws/build/arduino_diffdrive
