[2.888s] DEBUG:colcon:Command line arguments: ['/usr/bin/colcon', 'build', '--symlink-install']
[2.890s] DEBUG:colcon:Parsed command line arguments: Namespace(log_base=None, log_level=None, verb_name='build', build_base='build', install_base='install', merge_install=False, symlink_install=True, test_result_base=None, continue_on_error=False, executor='parallel', parallel_workers=4, event_handlers=None, ignore_user_meta=False, metas=['./colcon.meta'], base_paths=['.'], packages_ignore=None, packages_ignore_regex=None, paths=None, packages_up_to=None, packages_up_to_regex=None, packages_above=None, packages_above_and_dependencies=None, packages_above_depth=None, packages_select_by_dep=None, packages_skip_by_dep=None, packages_skip_up_to=None, packages_select_build_failed=False, packages_skip_build_finished=False, packages_select_test_failures=False, packages_skip_test_passed=False, packages_select=None, packages_skip=None, packages_select_regex=None, packages_skip_regex=None, packages_start=None, packages_end=None, allow_overriding=[], cmake_args=None, cmake_target=None, cmake_target_skip_unavailable=False, cmake_clean_cache=False, cmake_clean_first=False, cmake_force_configure=False, ament_cmake_args=None, catkin_cmake_args=None, catkin_skip_building_tests=False, verb_parser=<colcon_defaults.argument_parser.defaults.DefaultArgumentsDecorator object at 0xffffb80e82b0>, verb_extension=<colcon_core.verb.build.BuildVerb object at 0xffffb8250f10>, main=<bound method BuildVerb.main of <colcon_core.verb.build.BuildVerb object at 0xffffb8250f10>>)
[7.135s] Level 1:colcon.colcon_core.package_discovery:discover_packages(colcon_meta) check parameters
[7.137s] Level 1:colcon.colcon_core.package_discovery:discover_packages(recursive) check parameters
[7.138s] Level 1:colcon.colcon_core.package_discovery:discover_packages(ignore) check parameters
[7.138s] Level 1:colcon.colcon_core.package_discovery:discover_packages(path) check parameters
[7.139s] Level 1:colcon.colcon_core.package_discovery:discover_packages(colcon_meta) discover
[7.140s] Level 1:colcon.colcon_core.package_discovery:discover_packages(recursive) discover
[7.141s] INFO:colcon.colcon_core.package_discovery:Crawling recursively for packages in '/home/car-pi/ros2_ws'
[7.143s] Level 1:colcon.colcon_core.package_identification:_identify(.) by extensions ['ignore', 'ignore_ament_install']
[7.145s] Level 1:colcon.colcon_core.package_identification:_identify(.) by extension 'ignore'
[7.147s] Level 1:colcon.colcon_core.package_identification:_identify(.) by extension 'ignore_ament_install'
[7.149s] Level 1:colcon.colcon_core.package_identification:_identify(.) by extensions ['colcon_pkg']
[7.150s] Level 1:colcon.colcon_core.package_identification:_identify(.) by extension 'colcon_pkg'
[7.151s] Level 1:colcon.colcon_core.package_identification:_identify(.) by extensions ['colcon_meta']
[7.151s] Level 1:colcon.colcon_core.package_identification:_identify(.) by extension 'colcon_meta'
[7.152s] Level 1:colcon.colcon_core.package_identification:_identify(.) by extensions ['ros']
[7.153s] Level 1:colcon.colcon_core.package_identification:_identify(.) by extension 'ros'
[7.394s] Level 1:colcon.colcon_core.package_identification:_identify(.) by extensions ['cmake', 'python']
[7.395s] Level 1:colcon.colcon_core.package_identification:_identify(.) by extension 'cmake'
[7.396s] Level 1:colcon.colcon_core.package_identification:_identify(.) by extension 'python'
[7.398s] Level 1:colcon.colcon_core.package_identification:_identify(.) by extensions ['python_setup_py']
[7.399s] Level 1:colcon.colcon_core.package_identification:_identify(.) by extension 'python_setup_py'
[7.401s] Level 1:colcon.colcon_core.package_identification:_identify(build) by extensions ['ignore', 'ignore_ament_install']
[7.403s] Level 1:colcon.colcon_core.package_identification:_identify(build) by extension 'ignore'
[7.405s] Level 1:colcon.colcon_core.package_identification:_identify(build) ignored
[7.407s] Level 1:colcon.colcon_core.package_identification:_identify(install) by extensions ['ignore', 'ignore_ament_install']
[7.409s] Level 1:colcon.colcon_core.package_identification:_identify(install) by extension 'ignore'
[7.411s] Level 1:colcon.colcon_core.package_identification:_identify(install) ignored
[7.414s] Level 1:colcon.colcon_core.package_identification:_identify(log) by extensions ['ignore', 'ignore_ament_install']
[7.416s] Level 1:colcon.colcon_core.package_identification:_identify(log) by extension 'ignore'
[7.417s] Level 1:colcon.colcon_core.package_identification:_identify(log) ignored
[7.420s] Level 1:colcon.colcon_core.package_identification:_identify(maps) by extensions ['ignore', 'ignore_ament_install']
[7.422s] Level 1:colcon.colcon_core.package_identification:_identify(maps) by extension 'ignore'
[7.423s] Level 1:colcon.colcon_core.package_identification:_identify(maps) by extension 'ignore_ament_install'
[7.424s] Level 1:colcon.colcon_core.package_identification:_identify(maps) by extensions ['colcon_pkg']
[7.425s] Level 1:colcon.colcon_core.package_identification:_identify(maps) by extension 'colcon_pkg'
[7.426s] Level 1:colcon.colcon_core.package_identification:_identify(maps) by extensions ['colcon_meta']
[7.427s] Level 1:colcon.colcon_core.package_identification:_identify(maps) by extension 'colcon_meta'
[7.428s] Level 1:colcon.colcon_core.package_identification:_identify(maps) by extensions ['ros']
[7.429s] Level 1:colcon.colcon_core.package_identification:_identify(maps) by extension 'ros'
[7.431s] Level 1:colcon.colcon_core.package_identification:_identify(maps) by extensions ['cmake', 'python']
[7.431s] Level 1:colcon.colcon_core.package_identification:_identify(maps) by extension 'cmake'
[7.432s] Level 1:colcon.colcon_core.package_identification:_identify(maps) by extension 'python'
[7.433s] Level 1:colcon.colcon_core.package_identification:_identify(maps) by extensions ['python_setup_py']
[7.434s] Level 1:colcon.colcon_core.package_identification:_identify(maps) by extension 'python_setup_py'
[7.437s] Level 1:colcon.colcon_core.package_identification:_identify(src) by extensions ['ignore', 'ignore_ament_install']
[7.438s] Level 1:colcon.colcon_core.package_identification:_identify(src) by extension 'ignore'
[7.440s] Level 1:colcon.colcon_core.package_identification:_identify(src) by extension 'ignore_ament_install'
[7.442s] Level 1:colcon.colcon_core.package_identification:_identify(src) by extensions ['colcon_pkg']
[7.442s] Level 1:colcon.colcon_core.package_identification:_identify(src) by extension 'colcon_pkg'
[7.443s] Level 1:colcon.colcon_core.package_identification:_identify(src) by extensions ['colcon_meta']
[7.444s] Level 1:colcon.colcon_core.package_identification:_identify(src) by extension 'colcon_meta'
[7.445s] Level 1:colcon.colcon_core.package_identification:_identify(src) by extensions ['ros']
[7.446s] Level 1:colcon.colcon_core.package_identification:_identify(src) by extension 'ros'
[7.448s] Level 1:colcon.colcon_core.package_identification:_identify(src) by extensions ['cmake', 'python']
[7.449s] Level 1:colcon.colcon_core.package_identification:_identify(src) by extension 'cmake'
[7.451s] Level 1:colcon.colcon_core.package_identification:_identify(src) by extension 'python'
[7.452s] Level 1:colcon.colcon_core.package_identification:_identify(src) by extensions ['python_setup_py']
[7.453s] Level 1:colcon.colcon_core.package_identification:_identify(src) by extension 'python_setup_py'
[7.456s] Level 1:colcon.colcon_core.package_identification:_identify(src/fleet_manager) by extensions ['ignore', 'ignore_ament_install']
[7.458s] Level 1:colcon.colcon_core.package_identification:_identify(src/fleet_manager) by extension 'ignore'
[7.460s] Level 1:colcon.colcon_core.package_identification:_identify(src/fleet_manager) by extension 'ignore_ament_install'
[7.461s] Level 1:colcon.colcon_core.package_identification:_identify(src/fleet_manager) by extensions ['colcon_pkg']
[7.462s] Level 1:colcon.colcon_core.package_identification:_identify(src/fleet_manager) by extension 'colcon_pkg'
[7.463s] Level 1:colcon.colcon_core.package_identification:_identify(src/fleet_manager) by extensions ['colcon_meta']
[7.464s] Level 1:colcon.colcon_core.package_identification:_identify(src/fleet_manager) by extension 'colcon_meta'
[7.465s] Level 1:colcon.colcon_core.package_identification:_identify(src/fleet_manager) by extensions ['ros']
[7.466s] Level 1:colcon.colcon_core.package_identification:_identify(src/fleet_manager) by extension 'ros'
[7.520s] DEBUG:colcon.colcon_core.package_identification:Package 'src/fleet_manager' with type 'ros.ament_cmake' and name 'fleet_manager'
[7.522s] Level 1:colcon.colcon_core.package_identification:_identify(src/nav_bringup) by extensions ['ignore', 'ignore_ament_install']
[7.525s] Level 1:colcon.colcon_core.package_identification:_identify(src/nav_bringup) by extension 'ignore'
[7.526s] Level 1:colcon.colcon_core.package_identification:_identify(src/nav_bringup) by extension 'ignore_ament_install'
[7.528s] Level 1:colcon.colcon_core.package_identification:_identify(src/nav_bringup) by extensions ['colcon_pkg']
[7.529s] Level 1:colcon.colcon_core.package_identification:_identify(src/nav_bringup) by extension 'colcon_pkg'
[7.530s] Level 1:colcon.colcon_core.package_identification:_identify(src/nav_bringup) by extensions ['colcon_meta']
[7.531s] Level 1:colcon.colcon_core.package_identification:_identify(src/nav_bringup) by extension 'colcon_meta'
[7.533s] Level 1:colcon.colcon_core.package_identification:_identify(src/nav_bringup) by extensions ['ros']
[7.534s] Level 1:colcon.colcon_core.package_identification:_identify(src/nav_bringup) by extension 'ros'
[7.545s] DEBUG:colcon.colcon_core.package_identification:Package 'src/nav_bringup' with type 'ros.ament_cmake' and name 'nav_bringup'
[7.548s] Level 1:colcon.colcon_core.package_identification:_identify(src/robot_bringup) by extensions ['ignore', 'ignore_ament_install']
[7.550s] Level 1:colcon.colcon_core.package_identification:_identify(src/robot_bringup) by extension 'ignore'
[7.552s] Level 1:colcon.colcon_core.package_identification:_identify(src/robot_bringup) by extension 'ignore_ament_install'
[7.553s] Level 1:colcon.colcon_core.package_identification:_identify(src/robot_bringup) by extensions ['colcon_pkg']
[7.554s] Level 1:colcon.colcon_core.package_identification:_identify(src/robot_bringup) by extension 'colcon_pkg'
[7.556s] Level 1:colcon.colcon_core.package_identification:_identify(src/robot_bringup) by extensions ['colcon_meta']
[7.557s] Level 1:colcon.colcon_core.package_identification:_identify(src/robot_bringup) by extension 'colcon_meta'
[7.558s] Level 1:colcon.colcon_core.package_identification:_identify(src/robot_bringup) by extensions ['ros']
[7.559s] Level 1:colcon.colcon_core.package_identification:_identify(src/robot_bringup) by extension 'ros'
[7.572s] DEBUG:colcon.colcon_core.package_identification:Package 'src/robot_bringup' with type 'ros.ament_cmake' and name 'robot_bringup'
[7.574s] Level 1:colcon.colcon_core.package_identification:_identify(src/robot_description) by extensions ['ignore', 'ignore_ament_install']
[7.576s] Level 1:colcon.colcon_core.package_identification:_identify(src/robot_description) by extension 'ignore'
[7.578s] Level 1:colcon.colcon_core.package_identification:_identify(src/robot_description) by extension 'ignore_ament_install'
[7.579s] Level 1:colcon.colcon_core.package_identification:_identify(src/robot_description) by extensions ['colcon_pkg']
[7.580s] Level 1:colcon.colcon_core.package_identification:_identify(src/robot_description) by extension 'colcon_pkg'
[7.581s] Level 1:colcon.colcon_core.package_identification:_identify(src/robot_description) by extensions ['colcon_meta']
[7.582s] Level 1:colcon.colcon_core.package_identification:_identify(src/robot_description) by extension 'colcon_meta'
[7.583s] Level 1:colcon.colcon_core.package_identification:_identify(src/robot_description) by extensions ['ros']
[7.584s] Level 1:colcon.colcon_core.package_identification:_identify(src/robot_description) by extension 'ros'
[7.595s] DEBUG:colcon.colcon_core.package_identification:Package 'src/robot_description' with type 'ros.ament_cmake' and name 'robot_description'
[7.598s] Level 1:colcon.colcon_core.package_identification:_identify(src/robot_drivers) by extensions ['ignore', 'ignore_ament_install']
[7.600s] Level 1:colcon.colcon_core.package_identification:_identify(src/robot_drivers) by extension 'ignore'
[7.601s] Level 1:colcon.colcon_core.package_identification:_identify(src/robot_drivers) by extension 'ignore_ament_install'
[7.603s] Level 1:colcon.colcon_core.package_identification:_identify(src/robot_drivers) by extensions ['colcon_pkg']
[7.604s] Level 1:colcon.colcon_core.package_identification:_identify(src/robot_drivers) by extension 'colcon_pkg'
[7.605s] Level 1:colcon.colcon_core.package_identification:_identify(src/robot_drivers) by extensions ['colcon_meta']
[7.606s] Level 1:colcon.colcon_core.package_identification:_identify(src/robot_drivers) by extension 'colcon_meta'
[7.607s] Level 1:colcon.colcon_core.package_identification:_identify(src/robot_drivers) by extensions ['ros']
[7.608s] Level 1:colcon.colcon_core.package_identification:_identify(src/robot_drivers) by extension 'ros'
[7.610s] Level 1:colcon.colcon_core.package_identification:_identify(src/robot_drivers) by extensions ['cmake', 'python']
[7.611s] Level 1:colcon.colcon_core.package_identification:_identify(src/robot_drivers) by extension 'cmake'
[7.612s] Level 1:colcon.colcon_core.package_identification:_identify(src/robot_drivers) by extension 'python'
[7.613s] Level 1:colcon.colcon_core.package_identification:_identify(src/robot_drivers) by extensions ['python_setup_py']
[7.614s] Level 1:colcon.colcon_core.package_identification:_identify(src/robot_drivers) by extension 'python_setup_py'
[7.617s] Level 1:colcon.colcon_core.package_identification:_identify(src/robot_drivers/ydlidar_ros2_driver) by extensions ['ignore', 'ignore_ament_install']
[7.619s] Level 1:colcon.colcon_core.package_identification:_identify(src/robot_drivers/ydlidar_ros2_driver) by extension 'ignore'
[7.621s] Level 1:colcon.colcon_core.package_identification:_identify(src/robot_drivers/ydlidar_ros2_driver) by extension 'ignore_ament_install'
[7.623s] Level 1:colcon.colcon_core.package_identification:_identify(src/robot_drivers/ydlidar_ros2_driver) by extensions ['colcon_pkg']
[7.624s] Level 1:colcon.colcon_core.package_identification:_identify(src/robot_drivers/ydlidar_ros2_driver) by extension 'colcon_pkg'
[7.625s] Level 1:colcon.colcon_core.package_identification:_identify(src/robot_drivers/ydlidar_ros2_driver) by extensions ['colcon_meta']
[7.626s] Level 1:colcon.colcon_core.package_identification:_identify(src/robot_drivers/ydlidar_ros2_driver) by extension 'colcon_meta'
[7.627s] Level 1:colcon.colcon_core.package_identification:_identify(src/robot_drivers/ydlidar_ros2_driver) by extensions ['ros']
[7.628s] Level 1:colcon.colcon_core.package_identification:_identify(src/robot_drivers/ydlidar_ros2_driver) by extension 'ros'
[7.642s] DEBUG:colcon.colcon_core.package_identification:Package 'src/robot_drivers/ydlidar_ros2_driver' with type 'ros.ament_cmake' and name 'ydlidar_ros2_driver'
[7.644s] Level 1:colcon.colcon_core.package_identification:_identify(src/robot_hardware) by extensions ['ignore', 'ignore_ament_install']
[7.646s] Level 1:colcon.colcon_core.package_identification:_identify(src/robot_hardware) by extension 'ignore'
[7.647s] Level 1:colcon.colcon_core.package_identification:_identify(src/robot_hardware) by extension 'ignore_ament_install'
[7.649s] Level 1:colcon.colcon_core.package_identification:_identify(src/robot_hardware) by extensions ['colcon_pkg']
[7.650s] Level 1:colcon.colcon_core.package_identification:_identify(src/robot_hardware) by extension 'colcon_pkg'
[7.651s] Level 1:colcon.colcon_core.package_identification:_identify(src/robot_hardware) by extensions ['colcon_meta']
[7.652s] Level 1:colcon.colcon_core.package_identification:_identify(src/robot_hardware) by extension 'colcon_meta'
[7.654s] Level 1:colcon.colcon_core.package_identification:_identify(src/robot_hardware) by extensions ['ros']
[7.655s] Level 1:colcon.colcon_core.package_identification:_identify(src/robot_hardware) by extension 'ros'
[7.657s] Level 1:colcon.colcon_core.package_identification:_identify(src/robot_hardware) by extensions ['cmake', 'python']
[7.658s] Level 1:colcon.colcon_core.package_identification:_identify(src/robot_hardware) by extension 'cmake'
[7.659s] Level 1:colcon.colcon_core.package_identification:_identify(src/robot_hardware) by extension 'python'
[7.661s] Level 1:colcon.colcon_core.package_identification:_identify(src/robot_hardware) by extensions ['python_setup_py']
[7.662s] Level 1:colcon.colcon_core.package_identification:_identify(src/robot_hardware) by extension 'python_setup_py'
[7.665s] Level 1:colcon.colcon_core.package_identification:_identify(src/robot_hardware/arduino_diffdrive) by extensions ['ignore', 'ignore_ament_install']
[7.667s] Level 1:colcon.colcon_core.package_identification:_identify(src/robot_hardware/arduino_diffdrive) by extension 'ignore'
[7.668s] Level 1:colcon.colcon_core.package_identification:_identify(src/robot_hardware/arduino_diffdrive) by extension 'ignore_ament_install'
[7.670s] Level 1:colcon.colcon_core.package_identification:_identify(src/robot_hardware/arduino_diffdrive) by extensions ['colcon_pkg']
[7.671s] Level 1:colcon.colcon_core.package_identification:_identify(src/robot_hardware/arduino_diffdrive) by extension 'colcon_pkg'
[7.672s] Level 1:colcon.colcon_core.package_identification:_identify(src/robot_hardware/arduino_diffdrive) by extensions ['colcon_meta']
[7.673s] Level 1:colcon.colcon_core.package_identification:_identify(src/robot_hardware/arduino_diffdrive) by extension 'colcon_meta'
[7.675s] Level 1:colcon.colcon_core.package_identification:_identify(src/robot_hardware/arduino_diffdrive) by extensions ['ros']
[7.676s] Level 1:colcon.colcon_core.package_identification:_identify(src/robot_hardware/arduino_diffdrive) by extension 'ros'
[7.696s] DEBUG:colcon.colcon_core.package_identification:Package 'src/robot_hardware/arduino_diffdrive' with type 'ros.ament_cmake' and name 'arduino_diffdrive'
[7.698s] Level 1:colcon.colcon_core.package_identification:_identify(src/robot_tests) by extensions ['ignore', 'ignore_ament_install']
[7.700s] Level 1:colcon.colcon_core.package_identification:_identify(src/robot_tests) by extension 'ignore'
[7.702s] Level 1:colcon.colcon_core.package_identification:_identify(src/robot_tests) by extension 'ignore_ament_install'
[7.703s] Level 1:colcon.colcon_core.package_identification:_identify(src/robot_tests) by extensions ['colcon_pkg']
[7.704s] Level 1:colcon.colcon_core.package_identification:_identify(src/robot_tests) by extension 'colcon_pkg'
[7.706s] Level 1:colcon.colcon_core.package_identification:_identify(src/robot_tests) by extensions ['colcon_meta']
[7.707s] Level 1:colcon.colcon_core.package_identification:_identify(src/robot_tests) by extension 'colcon_meta'
[7.708s] Level 1:colcon.colcon_core.package_identification:_identify(src/robot_tests) by extensions ['ros']
[7.709s] Level 1:colcon.colcon_core.package_identification:_identify(src/robot_tests) by extension 'ros'
[7.711s] Level 1:colcon.colcon_core.package_identification:_identify(src/robot_tests) by extensions ['cmake', 'python']
[7.713s] Level 1:colcon.colcon_core.package_identification:_identify(src/robot_tests) by extension 'cmake'
[7.714s] Level 1:colcon.colcon_core.package_identification:_identify(src/robot_tests) by extension 'python'
[7.715s] Level 1:colcon.colcon_core.package_identification:_identify(src/robot_tests) by extensions ['python_setup_py']
[7.716s] Level 1:colcon.colcon_core.package_identification:_identify(src/robot_tests) by extension 'python_setup_py'
[7.719s] Level 1:colcon.colcon_core.package_identification:_identify(src/robot_tests/motor_test) by extensions ['ignore', 'ignore_ament_install']
[7.721s] Level 1:colcon.colcon_core.package_identification:_identify(src/robot_tests/motor_test) by extension 'ignore'
[7.723s] Level 1:colcon.colcon_core.package_identification:_identify(src/robot_tests/motor_test) by extension 'ignore_ament_install'
[7.725s] Level 1:colcon.colcon_core.package_identification:_identify(src/robot_tests/motor_test) by extensions ['colcon_pkg']
[7.726s] Level 1:colcon.colcon_core.package_identification:_identify(src/robot_tests/motor_test) by extension 'colcon_pkg'
[7.727s] Level 1:colcon.colcon_core.package_identification:_identify(src/robot_tests/motor_test) by extensions ['colcon_meta']
[7.728s] Level 1:colcon.colcon_core.package_identification:_identify(src/robot_tests/motor_test) by extension 'colcon_meta'
[7.730s] Level 1:colcon.colcon_core.package_identification:_identify(src/robot_tests/motor_test) by extensions ['ros']
[7.731s] Level 1:colcon.colcon_core.package_identification:_identify(src/robot_tests/motor_test) by extension 'ros'
[7.745s] DEBUG:colcon.colcon_core.package_identification:Package 'src/robot_tests/motor_test' with type 'ros.ament_python' and name 'motor_test'
[7.748s] Level 1:colcon.colcon_core.package_identification:_identify(src/robot_utils) by extensions ['ignore', 'ignore_ament_install']
[7.750s] Level 1:colcon.colcon_core.package_identification:_identify(src/robot_utils) by extension 'ignore'
[7.752s] Level 1:colcon.colcon_core.package_identification:_identify(src/robot_utils) by extension 'ignore_ament_install'
[7.754s] Level 1:colcon.colcon_core.package_identification:_identify(src/robot_utils) by extensions ['colcon_pkg']
[7.755s] Level 1:colcon.colcon_core.package_identification:_identify(src/robot_utils) by extension 'colcon_pkg'
[7.757s] Level 1:colcon.colcon_core.package_identification:_identify(src/robot_utils) by extensions ['colcon_meta']
[7.758s] Level 1:colcon.colcon_core.package_identification:_identify(src/robot_utils) by extension 'colcon_meta'
[7.759s] Level 1:colcon.colcon_core.package_identification:_identify(src/robot_utils) by extensions ['ros']
[7.760s] Level 1:colcon.colcon_core.package_identification:_identify(src/robot_utils) by extension 'ros'
[7.763s] Level 1:colcon.colcon_core.package_identification:_identify(src/robot_utils) by extensions ['cmake', 'python']
[7.764s] Level 1:colcon.colcon_core.package_identification:_identify(src/robot_utils) by extension 'cmake'
[7.766s] Level 1:colcon.colcon_core.package_identification:_identify(src/robot_utils) by extension 'python'
[7.767s] Level 1:colcon.colcon_core.package_identification:_identify(src/robot_utils) by extensions ['python_setup_py']
[7.768s] Level 1:colcon.colcon_core.package_identification:_identify(src/robot_utils) by extension 'python_setup_py'
[7.772s] Level 1:colcon.colcon_core.package_identification:_identify(web_ui) by extensions ['ignore', 'ignore_ament_install']
[7.774s] Level 1:colcon.colcon_core.package_identification:_identify(web_ui) by extension 'ignore'
[7.775s] Level 1:colcon.colcon_core.package_identification:_identify(web_ui) by extension 'ignore_ament_install'
[7.777s] Level 1:colcon.colcon_core.package_identification:_identify(web_ui) by extensions ['colcon_pkg']
[7.778s] Level 1:colcon.colcon_core.package_identification:_identify(web_ui) by extension 'colcon_pkg'
[7.779s] Level 1:colcon.colcon_core.package_identification:_identify(web_ui) by extensions ['colcon_meta']
[7.780s] Level 1:colcon.colcon_core.package_identification:_identify(web_ui) by extension 'colcon_meta'
[7.782s] Level 1:colcon.colcon_core.package_identification:_identify(web_ui) by extensions ['ros']
[7.782s] Level 1:colcon.colcon_core.package_identification:_identify(web_ui) by extension 'ros'
[7.785s] Level 1:colcon.colcon_core.package_identification:_identify(web_ui) by extensions ['cmake', 'python']
[7.786s] Level 1:colcon.colcon_core.package_identification:_identify(web_ui) by extension 'cmake'
[7.787s] Level 1:colcon.colcon_core.package_identification:_identify(web_ui) by extension 'python'
[7.789s] Level 1:colcon.colcon_core.package_identification:_identify(web_ui) by extensions ['python_setup_py']
[7.790s] Level 1:colcon.colcon_core.package_identification:_identify(web_ui) by extension 'python_setup_py'
[7.792s] Level 1:colcon.colcon_core.package_discovery:discover_packages(recursive) using defaults
[7.793s] Level 1:colcon.colcon_core.package_discovery:discover_packages(ignore) discover
[7.794s] Level 1:colcon.colcon_core.package_discovery:discover_packages(ignore) using defaults
[7.794s] Level 1:colcon.colcon_core.package_discovery:discover_packages(path) discover
[7.795s] Level 1:colcon.colcon_core.package_discovery:discover_packages(path) using defaults
[8.201s] Level 1:colcon.colcon_core.package_discovery:discover_packages(prefix_path) check parameters
[8.202s] Level 1:colcon.colcon_core.package_discovery:discover_packages(prefix_path) discover
[8.234s] WARNING:colcon.colcon_ros.prefix_path.ament:The path '/home/car-pi/ros2_ws/install/robot_description' in the environment variable AMENT_PREFIX_PATH doesn't exist
[8.236s] WARNING:colcon.colcon_ros.prefix_path.ament:The path '/home/car-pi/ros2_ws/install/robot_bringup' in the environment variable AMENT_PREFIX_PATH doesn't exist
[8.237s] WARNING:colcon.colcon_ros.prefix_path.ament:The path '/home/car-pi/ros2_ws/install/nav_bringup' in the environment variable AMENT_PREFIX_PATH doesn't exist
[8.239s] WARNING:colcon.colcon_ros.prefix_path.ament:The path '/home/car-pi/ros2_ws/install/motor_test' in the environment variable AMENT_PREFIX_PATH doesn't exist
[8.241s] WARNING:colcon.colcon_ros.prefix_path.ament:The path '/home/car-pi/ros2_ws/install/fleet_manager' in the environment variable AMENT_PREFIX_PATH doesn't exist
[8.243s] WARNING:colcon.colcon_ros.prefix_path.ament:The path '/home/car-pi/ros2_ws/install/arduino_diffdrive' in the environment variable AMENT_PREFIX_PATH doesn't exist
[8.246s] WARNING:colcon.colcon_ros.prefix_path.catkin:The path '/home/car-pi/ros2_ws/install/robot_description' in the environment variable CMAKE_PREFIX_PATH doesn't exist
[8.247s] WARNING:colcon.colcon_ros.prefix_path.catkin:The path '/home/car-pi/ros2_ws/install/robot_bringup' in the environment variable CMAKE_PREFIX_PATH doesn't exist
[8.248s] WARNING:colcon.colcon_ros.prefix_path.catkin:The path '/home/car-pi/ros2_ws/install/nav_bringup' in the environment variable CMAKE_PREFIX_PATH doesn't exist
[8.250s] WARNING:colcon.colcon_ros.prefix_path.catkin:The path '/home/car-pi/ros2_ws/install/fleet_manager' in the environment variable CMAKE_PREFIX_PATH doesn't exist
[8.252s] WARNING:colcon.colcon_ros.prefix_path.catkin:The path '/home/car-pi/ros2_ws/install/arduino_diffdrive' in the environment variable CMAKE_PREFIX_PATH doesn't exist
[8.271s] DEBUG:colcon.colcon_installed_package_information.package_discovery:Found 0 installed packages in /home/car-pi/ros2_ws/install
[8.319s] DEBUG:colcon.colcon_installed_package_information.package_discovery:Found 294 installed packages in /opt/ros/humble
[8.527s] Level 1:colcon.colcon_core.package_discovery:discover_packages(prefix_path) using defaults
[9.547s] Level 5:colcon.colcon_core.verb:set package 'arduino_diffdrive' build argument 'cmake_args' from command line to 'None'
[9.548s] Level 5:colcon.colcon_core.verb:set package 'arduino_diffdrive' build argument 'cmake_target' from command line to 'None'
[9.549s] Level 5:colcon.colcon_core.verb:set package 'arduino_diffdrive' build argument 'cmake_target_skip_unavailable' from command line to 'False'
[9.549s] Level 5:colcon.colcon_core.verb:set package 'arduino_diffdrive' build argument 'cmake_clean_cache' from command line to 'False'
[9.550s] Level 5:colcon.colcon_core.verb:set package 'arduino_diffdrive' build argument 'cmake_clean_first' from command line to 'False'
[9.550s] Level 5:colcon.colcon_core.verb:set package 'arduino_diffdrive' build argument 'cmake_force_configure' from command line to 'False'
[9.551s] Level 5:colcon.colcon_core.verb:set package 'arduino_diffdrive' build argument 'ament_cmake_args' from command line to 'None'
[9.551s] Level 5:colcon.colcon_core.verb:set package 'arduino_diffdrive' build argument 'catkin_cmake_args' from command line to 'None'
[9.552s] Level 5:colcon.colcon_core.verb:set package 'arduino_diffdrive' build argument 'catkin_skip_building_tests' from command line to 'False'
[9.553s] DEBUG:colcon.colcon_core.verb:Building package 'arduino_diffdrive' with the following arguments: {'ament_cmake_args': None, 'build_base': '/home/car-pi/ros2_ws/build/arduino_diffdrive', 'catkin_cmake_args': None, 'catkin_skip_building_tests': False, 'cmake_args': None, 'cmake_clean_cache': False, 'cmake_clean_first': False, 'cmake_force_configure': False, 'cmake_target': None, 'cmake_target_skip_unavailable': False, 'install_base': '/home/car-pi/ros2_ws/install/arduino_diffdrive', 'merge_install': False, 'path': '/home/car-pi/ros2_ws/src/robot_hardware/arduino_diffdrive', 'symlink_install': True, 'test_result_base': None}
[9.560s] Level 5:colcon.colcon_core.verb:set package 'fleet_manager' build argument 'cmake_args' from command line to 'None'
[9.561s] Level 5:colcon.colcon_core.verb:set package 'fleet_manager' build argument 'cmake_target' from command line to 'None'
[9.561s] Level 5:colcon.colcon_core.verb:set package 'fleet_manager' build argument 'cmake_target_skip_unavailable' from command line to 'False'
[9.562s] Level 5:colcon.colcon_core.verb:set package 'fleet_manager' build argument 'cmake_clean_cache' from command line to 'False'
[9.562s] Level 5:colcon.colcon_core.verb:set package 'fleet_manager' build argument 'cmake_clean_first' from command line to 'False'
[9.563s] Level 5:colcon.colcon_core.verb:set package 'fleet_manager' build argument 'cmake_force_configure' from command line to 'False'
[9.563s] Level 5:colcon.colcon_core.verb:set package 'fleet_manager' build argument 'ament_cmake_args' from command line to 'None'
[9.564s] Level 5:colcon.colcon_core.verb:set package 'fleet_manager' build argument 'catkin_cmake_args' from command line to 'None'
[9.565s] Level 5:colcon.colcon_core.verb:set package 'fleet_manager' build argument 'catkin_skip_building_tests' from command line to 'False'
[9.565s] DEBUG:colcon.colcon_core.verb:Building package 'fleet_manager' with the following arguments: {'ament_cmake_args': None, 'build_base': '/home/car-pi/ros2_ws/build/fleet_manager', 'catkin_cmake_args': None, 'catkin_skip_building_tests': False, 'cmake_args': None, 'cmake_clean_cache': False, 'cmake_clean_first': False, 'cmake_force_configure': False, 'cmake_target': None, 'cmake_target_skip_unavailable': False, 'install_base': '/home/car-pi/ros2_ws/install/fleet_manager', 'merge_install': False, 'path': '/home/car-pi/ros2_ws/src/fleet_manager', 'symlink_install': True, 'test_result_base': None}
[9.573s] Level 5:colcon.colcon_core.verb:set package 'motor_test' build argument 'cmake_args' from command line to 'None'
[9.574s] Level 5:colcon.colcon_core.verb:set package 'motor_test' build argument 'cmake_target' from command line to 'None'
[9.575s] Level 5:colcon.colcon_core.verb:set package 'motor_test' build argument 'cmake_target_skip_unavailable' from command line to 'False'
[9.576s] Level 5:colcon.colcon_core.verb:set package 'motor_test' build argument 'cmake_clean_cache' from command line to 'False'
[9.577s] Level 5:colcon.colcon_core.verb:set package 'motor_test' build argument 'cmake_clean_first' from command line to 'False'
[9.578s] Level 5:colcon.colcon_core.verb:set package 'motor_test' build argument 'cmake_force_configure' from command line to 'False'
[9.578s] Level 5:colcon.colcon_core.verb:set package 'motor_test' build argument 'ament_cmake_args' from command line to 'None'
[9.579s] Level 5:colcon.colcon_core.verb:set package 'motor_test' build argument 'catkin_cmake_args' from command line to 'None'
[9.580s] Level 5:colcon.colcon_core.verb:set package 'motor_test' build argument 'catkin_skip_building_tests' from command line to 'False'
[9.581s] DEBUG:colcon.colcon_core.verb:Building package 'motor_test' with the following arguments: {'ament_cmake_args': None, 'build_base': '/home/car-pi/ros2_ws/build/motor_test', 'catkin_cmake_args': None, 'catkin_skip_building_tests': False, 'cmake_args': None, 'cmake_clean_cache': False, 'cmake_clean_first': False, 'cmake_force_configure': False, 'cmake_target': None, 'cmake_target_skip_unavailable': False, 'install_base': '/home/car-pi/ros2_ws/install/motor_test', 'merge_install': False, 'path': '/home/car-pi/ros2_ws/src/robot_tests/motor_test', 'symlink_install': True, 'test_result_base': None}
[9.589s] Level 5:colcon.colcon_core.verb:set package 'nav_bringup' build argument 'cmake_args' from command line to 'None'
[9.590s] Level 5:colcon.colcon_core.verb:set package 'nav_bringup' build argument 'cmake_target' from command line to 'None'
[9.590s] Level 5:colcon.colcon_core.verb:set package 'nav_bringup' build argument 'cmake_target_skip_unavailable' from command line to 'False'
[9.591s] Level 5:colcon.colcon_core.verb:set package 'nav_bringup' build argument 'cmake_clean_cache' from command line to 'False'
[9.592s] Level 5:colcon.colcon_core.verb:set package 'nav_bringup' build argument 'cmake_clean_first' from command line to 'False'
[9.592s] Level 5:colcon.colcon_core.verb:set package 'nav_bringup' build argument 'cmake_force_configure' from command line to 'False'
[9.593s] Level 5:colcon.colcon_core.verb:set package 'nav_bringup' build argument 'ament_cmake_args' from command line to 'None'
[9.594s] Level 5:colcon.colcon_core.verb:set package 'nav_bringup' build argument 'catkin_cmake_args' from command line to 'None'
[9.594s] Level 5:colcon.colcon_core.verb:set package 'nav_bringup' build argument 'catkin_skip_building_tests' from command line to 'False'
[9.595s] DEBUG:colcon.colcon_core.verb:Building package 'nav_bringup' with the following arguments: {'ament_cmake_args': None, 'build_base': '/home/car-pi/ros2_ws/build/nav_bringup', 'catkin_cmake_args': None, 'catkin_skip_building_tests': False, 'cmake_args': None, 'cmake_clean_cache': False, 'cmake_clean_first': False, 'cmake_force_configure': False, 'cmake_target': None, 'cmake_target_skip_unavailable': False, 'install_base': '/home/car-pi/ros2_ws/install/nav_bringup', 'merge_install': False, 'path': '/home/car-pi/ros2_ws/src/nav_bringup', 'symlink_install': True, 'test_result_base': None}
[9.603s] Level 5:colcon.colcon_core.verb:set package 'robot_bringup' build argument 'cmake_args' from command line to 'None'
[9.604s] Level 5:colcon.colcon_core.verb:set package 'robot_bringup' build argument 'cmake_target' from command line to 'None'
[9.605s] Level 5:colcon.colcon_core.verb:set package 'robot_bringup' build argument 'cmake_target_skip_unavailable' from command line to 'False'
[9.605s] Level 5:colcon.colcon_core.verb:set package 'robot_bringup' build argument 'cmake_clean_cache' from command line to 'False'
[9.606s] Level 5:colcon.colcon_core.verb:set package 'robot_bringup' build argument 'cmake_clean_first' from command line to 'False'
[9.607s] Level 5:colcon.colcon_core.verb:set package 'robot_bringup' build argument 'cmake_force_configure' from command line to 'False'
[9.607s] Level 5:colcon.colcon_core.verb:set package 'robot_bringup' build argument 'ament_cmake_args' from command line to 'None'
[9.608s] Level 5:colcon.colcon_core.verb:set package 'robot_bringup' build argument 'catkin_cmake_args' from command line to 'None'
[9.609s] Level 5:colcon.colcon_core.verb:set package 'robot_bringup' build argument 'catkin_skip_building_tests' from command line to 'False'
[9.610s] DEBUG:colcon.colcon_core.verb:Building package 'robot_bringup' with the following arguments: {'ament_cmake_args': None, 'build_base': '/home/car-pi/ros2_ws/build/robot_bringup', 'catkin_cmake_args': None, 'catkin_skip_building_tests': False, 'cmake_args': None, 'cmake_clean_cache': False, 'cmake_clean_first': False, 'cmake_force_configure': False, 'cmake_target': None, 'cmake_target_skip_unavailable': False, 'install_base': '/home/car-pi/ros2_ws/install/robot_bringup', 'merge_install': False, 'path': '/home/car-pi/ros2_ws/src/robot_bringup', 'symlink_install': True, 'test_result_base': None}
[9.617s] Level 5:colcon.colcon_core.verb:set package 'robot_description' build argument 'cmake_args' from command line to 'None'
[9.619s] Level 5:colcon.colcon_core.verb:set package 'robot_description' build argument 'cmake_target' from command line to 'None'
[9.619s] Level 5:colcon.colcon_core.verb:set package 'robot_description' build argument 'cmake_target_skip_unavailable' from command line to 'False'
[9.620s] Level 5:colcon.colcon_core.verb:set package 'robot_description' build argument 'cmake_clean_cache' from command line to 'False'
[9.621s] Level 5:colcon.colcon_core.verb:set package 'robot_description' build argument 'cmake_clean_first' from command line to 'False'
[9.622s] Level 5:colcon.colcon_core.verb:set package 'robot_description' build argument 'cmake_force_configure' from command line to 'False'
[9.622s] Level 5:colcon.colcon_core.verb:set package 'robot_description' build argument 'ament_cmake_args' from command line to 'None'
[9.623s] Level 5:colcon.colcon_core.verb:set package 'robot_description' build argument 'catkin_cmake_args' from command line to 'None'
[9.624s] Level 5:colcon.colcon_core.verb:set package 'robot_description' build argument 'catkin_skip_building_tests' from command line to 'False'
[9.625s] DEBUG:colcon.colcon_core.verb:Building package 'robot_description' with the following arguments: {'ament_cmake_args': None, 'build_base': '/home/car-pi/ros2_ws/build/robot_description', 'catkin_cmake_args': None, 'catkin_skip_building_tests': False, 'cmake_args': None, 'cmake_clean_cache': False, 'cmake_clean_first': False, 'cmake_force_configure': False, 'cmake_target': None, 'cmake_target_skip_unavailable': False, 'install_base': '/home/car-pi/ros2_ws/install/robot_description', 'merge_install': False, 'path': '/home/car-pi/ros2_ws/src/robot_description', 'symlink_install': True, 'test_result_base': None}
[9.632s] Level 5:colcon.colcon_core.verb:set package 'ydlidar_ros2_driver' build argument 'cmake_args' from command line to 'None'
[9.633s] Level 5:colcon.colcon_core.verb:set package 'ydlidar_ros2_driver' build argument 'cmake_target' from command line to 'None'
[9.634s] Level 5:colcon.colcon_core.verb:set package 'ydlidar_ros2_driver' build argument 'cmake_target_skip_unavailable' from command line to 'False'
[9.635s] Level 5:colcon.colcon_core.verb:set package 'ydlidar_ros2_driver' build argument 'cmake_clean_cache' from command line to 'False'
[9.635s] Level 5:colcon.colcon_core.verb:set package 'ydlidar_ros2_driver' build argument 'cmake_clean_first' from command line to 'False'
[9.636s] Level 5:colcon.colcon_core.verb:set package 'ydlidar_ros2_driver' build argument 'cmake_force_configure' from command line to 'False'
[9.637s] Level 5:colcon.colcon_core.verb:set package 'ydlidar_ros2_driver' build argument 'ament_cmake_args' from command line to 'None'
[9.638s] Level 5:colcon.colcon_core.verb:set package 'ydlidar_ros2_driver' build argument 'catkin_cmake_args' from command line to 'None'
[9.638s] Level 5:colcon.colcon_core.verb:set package 'ydlidar_ros2_driver' build argument 'catkin_skip_building_tests' from command line to 'False'
[9.639s] DEBUG:colcon.colcon_core.verb:Building package 'ydlidar_ros2_driver' with the following arguments: {'ament_cmake_args': None, 'build_base': '/home/car-pi/ros2_ws/build/ydlidar_ros2_driver', 'catkin_cmake_args': None, 'catkin_skip_building_tests': False, 'cmake_args': None, 'cmake_clean_cache': False, 'cmake_clean_first': False, 'cmake_force_configure': False, 'cmake_target': None, 'cmake_target_skip_unavailable': False, 'install_base': '/home/car-pi/ros2_ws/install/ydlidar_ros2_driver', 'merge_install': False, 'path': '/home/car-pi/ros2_ws/src/robot_drivers/ydlidar_ros2_driver', 'symlink_install': True, 'test_result_base': None}
[9.642s] INFO:colcon.colcon_core.executor:Executing jobs using 'parallel' executor
[9.656s] DEBUG:colcon.colcon_parallel_executor.executor.parallel:run_until_complete
[9.661s] INFO:colcon.colcon_ros.task.ament_cmake.build:Building ROS package in '/home/car-pi/ros2_ws/src/robot_hardware/arduino_diffdrive' with build type 'ament_cmake'
[9.664s] INFO:colcon.colcon_cmake.task.cmake.build:Building CMake package in '/home/car-pi/ros2_ws/src/robot_hardware/arduino_diffdrive'
[9.741s] INFO:colcon.colcon_core.plugin_system:Skipping extension 'colcon_core.shell.bat': Not used on non-Windows systems
[9.746s] INFO:colcon.colcon_core.shell:Skip shell extension 'powershell' for command environment: Not usable outside of PowerShell
[9.747s] DEBUG:colcon.colcon_core.shell:Skip shell extension 'dsv' for command environment
[9.837s] INFO:colcon.colcon_ros.task.ament_cmake.build:Building ROS package in '/home/car-pi/ros2_ws/src/fleet_manager' with build type 'ament_cmake'
[9.839s] INFO:colcon.colcon_cmake.task.cmake.build:Building CMake package in '/home/car-pi/ros2_ws/src/fleet_manager'
[9.846s] INFO:colcon.colcon_core.shell:Skip shell extension 'powershell' for command environment: Not usable outside of PowerShell
[9.848s] DEBUG:colcon.colcon_core.shell:Skip shell extension 'dsv' for command environment
[9.932s] INFO:colcon.colcon_ros.task.ament_python.build:Building ROS package in '/home/car-pi/ros2_ws/src/robot_tests/motor_test' with build type 'ament_python'
[9.935s] Level 1:colcon.colcon_core.shell:create_environment_hook('motor_test', 'ament_prefix_path')
[9.940s] INFO:colcon.colcon_core.shell:Creating environment hook '/home/car-pi/ros2_ws/install/motor_test/share/motor_test/hook/ament_prefix_path.ps1'
[9.966s] INFO:colcon.colcon_core.shell:Creating environment descriptor '/home/car-pi/ros2_ws/install/motor_test/share/motor_test/hook/ament_prefix_path.dsv'
[9.978s] INFO:colcon.colcon_core.shell:Creating environment hook '/home/car-pi/ros2_ws/install/motor_test/share/motor_test/hook/ament_prefix_path.sh'
[9.997s] INFO:colcon.colcon_core.shell:Skip shell extension 'powershell' for command environment: Not usable outside of PowerShell
[9.998s] DEBUG:colcon.colcon_core.shell:Skip shell extension 'dsv' for command environment
[10.077s] INFO:colcon.colcon_ros.task.ament_cmake.build:Building ROS package in '/home/car-pi/ros2_ws/src/nav_bringup' with build type 'ament_cmake'
[10.080s] INFO:colcon.colcon_cmake.task.cmake.build:Building CMake package in '/home/car-pi/ros2_ws/src/nav_bringup'
[10.087s] INFO:colcon.colcon_core.shell:Skip shell extension 'powershell' for command environment: Not usable outside of PowerShell
[10.089s] DEBUG:colcon.colcon_core.shell:Skip shell extension 'dsv' for command environment
[10.270s] DEBUG:colcon.colcon_core.event_handler.log_command:Invoking command in '/home/car-pi/ros2_ws/build/arduino_diffdrive': CMAKE_PREFIX_PATH=${CMAKE_PREFIX_PATH}:/home/car-pi/ros2_ws/install/motor_test:/opt/ros/humble /usr/bin/cmake /home/car-pi/ros2_ws/src/robot_hardware/arduino_diffdrive -DAMENT_CMAKE_SYMLINK_INSTALL=1 -DCMAKE_INSTALL_PREFIX=/home/car-pi/ros2_ws/install/arduino_diffdrive
[10.320s] DEBUG:colcon.colcon_core.event_handler.log_command:Invoking command in '/home/car-pi/ros2_ws/build/fleet_manager': CMAKE_PREFIX_PATH=${CMAKE_PREFIX_PATH}:/home/car-pi/ros2_ws/install/motor_test:/opt/ros/humble /usr/bin/cmake /home/car-pi/ros2_ws/src/fleet_manager -DAMENT_CMAKE_SYMLINK_INSTALL=1 -DCMAKE_INSTALL_PREFIX=/home/car-pi/ros2_ws/install/fleet_manager
[17.617s] INFO:colcon.colcon_core.task.python.build:Building Python package in '/home/car-pi/ros2_ws/src/robot_tests/motor_test'
[17.625s] INFO:colcon.colcon_core.shell:Skip shell extension 'powershell' for command environment: Not usable outside of PowerShell
[17.627s] DEBUG:colcon.colcon_core.shell:Skip shell extension 'dsv' for command environment
[17.828s] DEBUG:colcon.colcon_core.event_handler.log_command:Invoking command in '/home/car-pi/ros2_ws/build/nav_bringup': CMAKE_PREFIX_PATH=${CMAKE_PREFIX_PATH}:/home/car-pi/ros2_ws/install/motor_test:/opt/ros/humble /usr/bin/cmake /home/car-pi/ros2_ws/src/nav_bringup -DAMENT_CMAKE_SYMLINK_INSTALL=1 -DCMAKE_INSTALL_PREFIX=/home/car-pi/ros2_ws/install/nav_bringup
[35.051s] DEBUG:colcon.colcon_core.event_handler.log_command:Invoking command in '/home/car-pi/ros2_ws/build/motor_test': PYTHONPATH=/home/car-pi/ros2_ws/build/motor_test/prefix_override:/usr/lib/python3/dist-packages/colcon_core/task/python/colcon_distutils_commands:/home/car-pi/ros2_ws/install/motor_test/lib/python3.10/site-packages:${PYTHONPATH} /usr/bin/python3 -W ignore:setup.py install is deprecated -W ignore:easy_install command is deprecated setup.py develop --editable --build-directory /home/car-pi/ros2_ws/build/motor_test/build --no-deps symlink_data
[37.782s] DEBUG:colcon.colcon_core.event_handler.log_command:Invoked command in '/home/car-pi/ros2_ws/build/nav_bringup' returned '0': CMAKE_PREFIX_PATH=${CMAKE_PREFIX_PATH}:/home/car-pi/ros2_ws/install/motor_test:/opt/ros/humble /usr/bin/cmake /home/car-pi/ros2_ws/src/nav_bringup -DAMENT_CMAKE_SYMLINK_INSTALL=1 -DCMAKE_INSTALL_PREFIX=/home/car-pi/ros2_ws/install/nav_bringup
[37.810s] DEBUG:colcon.colcon_core.event_handler.log_command:Invoking command in '/home/car-pi/ros2_ws/build/nav_bringup': CMAKE_PREFIX_PATH=${CMAKE_PREFIX_PATH}:/home/car-pi/ros2_ws/install/motor_test:/opt/ros/humble /usr/bin/cmake --build /home/car-pi/ros2_ws/build/nav_bringup -- -j4 -l4
[38.857s] DEBUG:colcon.colcon_core.event_handler.log_command:Invoked command in '/home/car-pi/ros2_ws/build/nav_bringup' returned '0': CMAKE_PREFIX_PATH=${CMAKE_PREFIX_PATH}:/home/car-pi/ros2_ws/install/motor_test:/opt/ros/humble /usr/bin/cmake --build /home/car-pi/ros2_ws/build/nav_bringup -- -j4 -l4
[39.091s] DEBUG:colcon.colcon_core.event_handler.log_command:Invoking command in '/home/car-pi/ros2_ws/build/nav_bringup': CMAKE_PREFIX_PATH=${CMAKE_PREFIX_PATH}:/home/car-pi/ros2_ws/install/motor_test:/opt/ros/humble /usr/bin/cmake --install /home/car-pi/ros2_ws/build/nav_bringup
[45.266s] Level 1:colcon.colcon_core.environment:create_environment_scripts_only(nav_bringup)
[45.273s] DEBUG:colcon.colcon_core.event_handler.log_command:Invoked command in '/home/car-pi/ros2_ws/build/nav_bringup' returned '0': CMAKE_PREFIX_PATH=${CMAKE_PREFIX_PATH}:/home/car-pi/ros2_ws/install/motor_test:/opt/ros/humble /usr/bin/cmake --install /home/car-pi/ros2_ws/build/nav_bringup
[45.502s] Level 1:colcon.colcon_core.environment:checking '/home/car-pi/ros2_ws/install/nav_bringup' for CMake module files
[45.532s] Level 1:colcon.colcon_core.environment:checking '/home/car-pi/ros2_ws/install/nav_bringup' for CMake config files
[45.538s] Level 1:colcon.colcon_core.shell:create_environment_hook('nav_bringup', 'cmake_prefix_path')
[45.567s] INFO:colcon.colcon_core.shell:Creating environment hook '/home/car-pi/ros2_ws/install/nav_bringup/share/nav_bringup/hook/cmake_prefix_path.ps1'
[45.591s] INFO:colcon.colcon_core.shell:Creating environment descriptor '/home/car-pi/ros2_ws/install/nav_bringup/share/nav_bringup/hook/cmake_prefix_path.dsv'
[45.623s] INFO:colcon.colcon_core.shell:Creating environment hook '/home/car-pi/ros2_ws/install/nav_bringup/share/nav_bringup/hook/cmake_prefix_path.sh'
[45.663s] Level 1:colcon.colcon_core.environment:checking '/home/car-pi/ros2_ws/install/nav_bringup/bin'
[45.665s] Level 1:colcon.colcon_core.environment:checking '/home/car-pi/ros2_ws/install/nav_bringup/lib/pkgconfig/nav_bringup.pc'
[45.671s] Level 1:colcon.colcon_core.environment:checking '/home/car-pi/ros2_ws/install/nav_bringup/lib/python3.10/site-packages'
[45.707s] Level 1:colcon.colcon_core.environment:checking '/home/car-pi/ros2_ws/install/nav_bringup/bin'
[45.714s] INFO:colcon.colcon_core.shell:Creating package script '/home/car-pi/ros2_ws/install/nav_bringup/share/nav_bringup/package.ps1'
[45.747s] INFO:colcon.colcon_core.shell:Creating package descriptor '/home/car-pi/ros2_ws/install/nav_bringup/share/nav_bringup/package.dsv'
[45.765s] INFO:colcon.colcon_core.shell:Creating package script '/home/car-pi/ros2_ws/install/nav_bringup/share/nav_bringup/package.sh'
[45.794s] INFO:colcon.colcon_core.shell:Creating package script '/home/car-pi/ros2_ws/install/nav_bringup/share/nav_bringup/package.bash'
[45.855s] INFO:colcon.colcon_core.shell:Creating package script '/home/car-pi/ros2_ws/install/nav_bringup/share/nav_bringup/package.zsh'
[45.885s] Level 1:colcon.colcon_core.environment:create_file_with_runtime_dependencies(/home/car-pi/ros2_ws/install/nav_bringup/share/colcon-core/packages/nav_bringup)
[45.917s] Level 1:colcon.colcon_core.environment:create_environment_scripts_only(nav_bringup)
[45.928s] Level 1:colcon.colcon_core.environment:checking '/home/car-pi/ros2_ws/install/nav_bringup' for CMake module files
[45.944s] Level 1:colcon.colcon_core.environment:checking '/home/car-pi/ros2_ws/install/nav_bringup' for CMake config files
[45.955s] Level 1:colcon.colcon_core.shell:create_environment_hook('nav_bringup', 'cmake_prefix_path')
[45.960s] INFO:colcon.colcon_core.shell:Creating environment hook '/home/car-pi/ros2_ws/install/nav_bringup/share/nav_bringup/hook/cmake_prefix_path.ps1'
[45.970s] INFO:colcon.colcon_core.shell:Creating environment descriptor '/home/car-pi/ros2_ws/install/nav_bringup/share/nav_bringup/hook/cmake_prefix_path.dsv'
[45.978s] INFO:colcon.colcon_core.shell:Creating environment hook '/home/car-pi/ros2_ws/install/nav_bringup/share/nav_bringup/hook/cmake_prefix_path.sh'
[45.991s] Level 1:colcon.colcon_core.environment:checking '/home/car-pi/ros2_ws/install/nav_bringup/bin'
[45.993s] Level 1:colcon.colcon_core.environment:checking '/home/car-pi/ros2_ws/install/nav_bringup/lib/pkgconfig/nav_bringup.pc'
[45.998s] Level 1:colcon.colcon_core.environment:checking '/home/car-pi/ros2_ws/install/nav_bringup/lib/python3.10/site-packages'
[46.009s] Level 1:colcon.colcon_core.environment:checking '/home/car-pi/ros2_ws/install/nav_bringup/bin'
[46.016s] INFO:colcon.colcon_core.shell:Creating package script '/home/car-pi/ros2_ws/install/nav_bringup/share/nav_bringup/package.ps1'
[46.031s] INFO:colcon.colcon_core.shell:Creating package descriptor '/home/car-pi/ros2_ws/install/nav_bringup/share/nav_bringup/package.dsv'
[46.044s] INFO:colcon.colcon_core.shell:Creating package script '/home/car-pi/ros2_ws/install/nav_bringup/share/nav_bringup/package.sh'
[46.056s] INFO:colcon.colcon_core.shell:Creating package script '/home/car-pi/ros2_ws/install/nav_bringup/share/nav_bringup/package.bash'
[46.067s] INFO:colcon.colcon_core.shell:Creating package script '/home/car-pi/ros2_ws/install/nav_bringup/share/nav_bringup/package.zsh'
[46.078s] Level 1:colcon.colcon_core.environment:create_file_with_runtime_dependencies(/home/car-pi/ros2_ws/install/nav_bringup/share/colcon-core/packages/nav_bringup)
[46.093s] INFO:colcon.colcon_ros.task.ament_cmake.build:Building ROS package in '/home/car-pi/ros2_ws/src/robot_bringup' with build type 'ament_cmake'
[46.097s] INFO:colcon.colcon_cmake.task.cmake.build:Building CMake package in '/home/car-pi/ros2_ws/src/robot_bringup'
[46.103s] INFO:colcon.colcon_core.shell:Skip shell extension 'powershell' for command environment: Not usable outside of PowerShell
[46.106s] DEBUG:colcon.colcon_core.shell:Skip shell extension 'dsv' for command environment
[46.277s] DEBUG:colcon.colcon_core.event_handler.log_command:Invoking command in '/home/car-pi/ros2_ws/build/robot_bringup': CMAKE_PREFIX_PATH=${CMAKE_PREFIX_PATH}:/home/car-pi/ros2_ws/install/motor_test:/opt/ros/humble /usr/bin/cmake /home/car-pi/ros2_ws/src/robot_bringup -DAMENT_CMAKE_SYMLINK_INSTALL=1 -DCMAKE_INSTALL_PREFIX=/home/car-pi/ros2_ws/install/robot_bringup
[50.327s] Level 1:colcon.colcon_core.shell:create_environment_hook('motor_test', 'pythonpath_develop')
[50.332s] DEBUG:colcon.colcon_core.event_handler.log_command:Invoked command in '/home/car-pi/ros2_ws/build/motor_test' returned '0': PYTHONPATH=/home/car-pi/ros2_ws/build/motor_test/prefix_override:/usr/lib/python3/dist-packages/colcon_core/task/python/colcon_distutils_commands:/home/car-pi/ros2_ws/install/motor_test/lib/python3.10/site-packages:${PYTHONPATH} /usr/bin/python3 -W ignore:setup.py install is deprecated -W ignore:easy_install command is deprecated setup.py develop --editable --build-directory /home/car-pi/ros2_ws/build/motor_test/build --no-deps symlink_data
[50.337s] INFO:colcon.colcon_core.shell:Creating environment hook '/home/car-pi/ros2_ws/build/motor_test/share/motor_test/hook/pythonpath_develop.ps1'
[50.350s] INFO:colcon.colcon_core.shell:Creating environment descriptor '/home/car-pi/ros2_ws/build/motor_test/share/motor_test/hook/pythonpath_develop.dsv'
[50.358s] INFO:colcon.colcon_core.shell:Creating environment hook '/home/car-pi/ros2_ws/build/motor_test/share/motor_test/hook/pythonpath_develop.sh'
[50.369s] Level 1:colcon.colcon_core.environment:checking '/home/car-pi/ros2_ws/install/motor_test' for CMake module files
[50.381s] Level 1:colcon.colcon_core.environment:checking '/home/car-pi/ros2_ws/install/motor_test' for CMake config files
[50.396s] Level 1:colcon.colcon_core.environment:checking '/home/car-pi/ros2_ws/install/motor_test/lib'
[50.401s] Level 1:colcon.colcon_core.environment:checking '/home/car-pi/ros2_ws/install/motor_test/bin'
[50.402s] Level 1:colcon.colcon_core.environment:checking '/home/car-pi/ros2_ws/install/motor_test/lib/pkgconfig/motor_test.pc'
[50.408s] Level 1:colcon.colcon_core.environment:checking '/home/car-pi/ros2_ws/install/motor_test/lib/python3.10/site-packages'
[50.419s] Level 1:colcon.colcon_core.shell:create_environment_hook('motor_test', 'pythonpath')
[50.425s] INFO:colcon.colcon_core.shell:Creating environment hook '/home/car-pi/ros2_ws/install/motor_test/share/motor_test/hook/pythonpath.ps1'
[50.434s] INFO:colcon.colcon_core.shell:Creating environment descriptor '/home/car-pi/ros2_ws/install/motor_test/share/motor_test/hook/pythonpath.dsv'
[50.442s] INFO:colcon.colcon_core.shell:Creating environment hook '/home/car-pi/ros2_ws/install/motor_test/share/motor_test/hook/pythonpath.sh'
[50.459s] Level 1:colcon.colcon_core.environment:checking '/home/car-pi/ros2_ws/install/motor_test/bin'
[50.461s] Level 1:colcon.colcon_core.environment:create_environment_scripts_only(motor_test)
[50.469s] INFO:colcon.colcon_core.shell:Creating package script '/home/car-pi/ros2_ws/install/motor_test/share/motor_test/package.ps1'
[50.480s] INFO:colcon.colcon_core.shell:Creating package descriptor '/home/car-pi/ros2_ws/install/motor_test/share/motor_test/package.dsv'
[50.492s] INFO:colcon.colcon_core.shell:Creating package script '/home/car-pi/ros2_ws/install/motor_test/share/motor_test/package.sh'
[50.503s] INFO:colcon.colcon_core.shell:Creating package script '/home/car-pi/ros2_ws/install/motor_test/share/motor_test/package.bash'
[50.517s] INFO:colcon.colcon_core.shell:Creating package script '/home/car-pi/ros2_ws/install/motor_test/share/motor_test/package.zsh'
[50.526s] Level 1:colcon.colcon_core.environment:create_file_with_runtime_dependencies(/home/car-pi/ros2_ws/install/motor_test/share/colcon-core/packages/motor_test)
[50.556s] INFO:colcon.colcon_ros.task.ament_cmake.build:Building ROS package in '/home/car-pi/ros2_ws/src/robot_description' with build type 'ament_cmake'
[50.562s] INFO:colcon.colcon_cmake.task.cmake.build:Building CMake package in '/home/car-pi/ros2_ws/src/robot_description'
[50.568s] INFO:colcon.colcon_core.shell:Skip shell extension 'powershell' for command environment: Not usable outside of PowerShell
[50.569s] DEBUG:colcon.colcon_core.shell:Skip shell extension 'dsv' for command environment
[50.822s] DEBUG:colcon.colcon_core.event_handler.log_command:Invoking command in '/home/car-pi/ros2_ws/build/robot_description': CMAKE_PREFIX_PATH=${CMAKE_PREFIX_PATH}:/home/car-pi/ros2_ws/install/motor_test:/opt/ros/humble /usr/bin/cmake /home/car-pi/ros2_ws/src/robot_description -DAMENT_CMAKE_SYMLINK_INSTALL=1 -DCMAKE_INSTALL_PREFIX=/home/car-pi/ros2_ws/install/robot_description
[51.682s] DEBUG:colcon.colcon_core.event_handler.log_command:Invoked command in '/home/car-pi/ros2_ws/build/fleet_manager' returned '0': CMAKE_PREFIX_PATH=${CMAKE_PREFIX_PATH}:/home/car-pi/ros2_ws/install/motor_test:/opt/ros/humble /usr/bin/cmake /home/car-pi/ros2_ws/src/fleet_manager -DAMENT_CMAKE_SYMLINK_INSTALL=1 -DCMAKE_INSTALL_PREFIX=/home/car-pi/ros2_ws/install/fleet_manager
[51.699s] DEBUG:colcon.colcon_core.event_handler.log_command:Invoking command in '/home/car-pi/ros2_ws/build/fleet_manager': CMAKE_PREFIX_PATH=${CMAKE_PREFIX_PATH}:/home/car-pi/ros2_ws/install/motor_test:/opt/ros/humble /usr/bin/cmake --build /home/car-pi/ros2_ws/build/fleet_manager -- -j4 -l4
[59.702s] DEBUG:colcon.colcon_core.event_handler.log_command:Invoked command in '/home/car-pi/ros2_ws/build/arduino_diffdrive' returned '0': CMAKE_PREFIX_PATH=${CMAKE_PREFIX_PATH}:/home/car-pi/ros2_ws/install/motor_test:/opt/ros/humble /usr/bin/cmake /home/car-pi/ros2_ws/src/robot_hardware/arduino_diffdrive -DAMENT_CMAKE_SYMLINK_INSTALL=1 -DCMAKE_INSTALL_PREFIX=/home/car-pi/ros2_ws/install/arduino_diffdrive
[59.737s] DEBUG:colcon.colcon_core.event_handler.log_command:Invoking command in '/home/car-pi/ros2_ws/build/arduino_diffdrive': CMAKE_PREFIX_PATH=${CMAKE_PREFIX_PATH}:/home/car-pi/ros2_ws/install/motor_test:/opt/ros/humble /usr/bin/cmake --build /home/car-pi/ros2_ws/build/arduino_diffdrive -- -j4 -l4
[63.879s] DEBUG:colcon.colcon_core.event_handler.log_command:Invoked command in '/home/car-pi/ros2_ws/build/fleet_manager' returned '0': CMAKE_PREFIX_PATH=${CMAKE_PREFIX_PATH}:/home/car-pi/ros2_ws/install/motor_test:/opt/ros/humble /usr/bin/cmake --build /home/car-pi/ros2_ws/build/fleet_manager -- -j4 -l4
[63.907s] DEBUG:colcon.colcon_core.event_handler.log_command:Invoking command in '/home/car-pi/ros2_ws/build/fleet_manager': CMAKE_PREFIX_PATH=${CMAKE_PREFIX_PATH}:/home/car-pi/ros2_ws/install/motor_test:/opt/ros/humble /usr/bin/cmake --install /home/car-pi/ros2_ws/build/fleet_manager
[67.018s] DEBUG:colcon.colcon_core.event_handler.log_command:Invoked command in '/home/car-pi/ros2_ws/build/robot_bringup' returned '0': CMAKE_PREFIX_PATH=${CMAKE_PREFIX_PATH}:/home/car-pi/ros2_ws/install/motor_test:/opt/ros/humble /usr/bin/cmake /home/car-pi/ros2_ws/src/robot_bringup -DAMENT_CMAKE_SYMLINK_INSTALL=1 -DCMAKE_INSTALL_PREFIX=/home/car-pi/ros2_ws/install/robot_bringup
[67.037s] DEBUG:colcon.colcon_core.event_handler.log_command:Invoking command in '/home/car-pi/ros2_ws/build/robot_bringup': CMAKE_PREFIX_PATH=${CMAKE_PREFIX_PATH}:/home/car-pi/ros2_ws/install/motor_test:/opt/ros/humble /usr/bin/cmake --build /home/car-pi/ros2_ws/build/robot_bringup -- -j4 -l4
[68.165s] DEBUG:colcon.colcon_core.event_handler.log_command:Invoked command in '/home/car-pi/ros2_ws/build/robot_bringup' returned '0': CMAKE_PREFIX_PATH=${CMAKE_PREFIX_PATH}:/home/car-pi/ros2_ws/install/motor_test:/opt/ros/humble /usr/bin/cmake --build /home/car-pi/ros2_ws/build/robot_bringup -- -j4 -l4
[68.192s] DEBUG:colcon.colcon_core.event_handler.log_command:Invoking command in '/home/car-pi/ros2_ws/build/robot_bringup': CMAKE_PREFIX_PATH=${CMAKE_PREFIX_PATH}:/home/car-pi/ros2_ws/install/motor_test:/opt/ros/humble /usr/bin/cmake --install /home/car-pi/ros2_ws/build/robot_bringup
[68.270s] Level 1:colcon.colcon_core.environment:create_environment_scripts_only(fleet_manager)
[68.277s] DEBUG:colcon.colcon_core.event_handler.log_command:Invoked command in '/home/car-pi/ros2_ws/build/fleet_manager' returned '0': CMAKE_PREFIX_PATH=${CMAKE_PREFIX_PATH}:/home/car-pi/ros2_ws/install/motor_test:/opt/ros/humble /usr/bin/cmake --install /home/car-pi/ros2_ws/build/fleet_manager
[68.305s] Level 1:colcon.colcon_core.environment:checking '/home/car-pi/ros2_ws/install/fleet_manager' for CMake module files
[68.336s] Level 1:colcon.colcon_core.environment:checking '/home/car-pi/ros2_ws/install/fleet_manager' for CMake config files
[68.345s] Level 1:colcon.colcon_core.shell:create_environment_hook('fleet_manager', 'cmake_prefix_path')
[68.376s] INFO:colcon.colcon_core.shell:Creating environment hook '/home/car-pi/ros2_ws/install/fleet_manager/share/fleet_manager/hook/cmake_prefix_path.ps1'
[68.407s] INFO:colcon.colcon_core.shell:Creating environment descriptor '/home/car-pi/ros2_ws/install/fleet_manager/share/fleet_manager/hook/cmake_prefix_path.dsv'
[68.415s] INFO:colcon.colcon_core.shell:Creating environment hook '/home/car-pi/ros2_ws/install/fleet_manager/share/fleet_manager/hook/cmake_prefix_path.sh'
[68.465s] Level 1:colcon.colcon_core.environment:checking '/home/car-pi/ros2_ws/install/fleet_manager/lib'
[68.467s] Level 1:colcon.colcon_core.environment:checking '/home/car-pi/ros2_ws/install/fleet_manager/bin'
[68.470s] Level 1:colcon.colcon_core.environment:checking '/home/car-pi/ros2_ws/install/fleet_manager/lib/pkgconfig/fleet_manager.pc'
[68.490s] Level 1:colcon.colcon_core.environment:checking '/home/car-pi/ros2_ws/install/fleet_manager/lib/python3.10/site-packages'
[68.507s] Level 1:colcon.colcon_core.environment:checking '/home/car-pi/ros2_ws/install/fleet_manager/bin'
[68.514s] INFO:colcon.colcon_core.shell:Creating package script '/home/car-pi/ros2_ws/install/fleet_manager/share/fleet_manager/package.ps1'
[68.525s] INFO:colcon.colcon_core.shell:Creating package descriptor '/home/car-pi/ros2_ws/install/fleet_manager/share/fleet_manager/package.dsv'
[68.535s] INFO:colcon.colcon_core.shell:Creating package script '/home/car-pi/ros2_ws/install/fleet_manager/share/fleet_manager/package.sh'
[68.552s] INFO:colcon.colcon_core.shell:Creating package script '/home/car-pi/ros2_ws/install/fleet_manager/share/fleet_manager/package.bash'
[68.561s] INFO:colcon.colcon_core.shell:Creating package script '/home/car-pi/ros2_ws/install/fleet_manager/share/fleet_manager/package.zsh'
[68.587s] Level 1:colcon.colcon_core.environment:create_file_with_runtime_dependencies(/home/car-pi/ros2_ws/install/fleet_manager/share/colcon-core/packages/fleet_manager)
[68.610s] Level 1:colcon.colcon_core.environment:create_environment_scripts_only(fleet_manager)
[68.630s] Level 1:colcon.colcon_core.environment:checking '/home/car-pi/ros2_ws/install/fleet_manager' for CMake module files
[68.673s] Level 1:colcon.colcon_core.environment:checking '/home/car-pi/ros2_ws/install/fleet_manager' for CMake config files
[68.693s] Level 1:colcon.colcon_core.shell:create_environment_hook('fleet_manager', 'cmake_prefix_path')
[68.701s] INFO:colcon.colcon_core.shell:Creating environment hook '/home/car-pi/ros2_ws/install/fleet_manager/share/fleet_manager/hook/cmake_prefix_path.ps1'
[68.717s] INFO:colcon.colcon_core.shell:Creating environment descriptor '/home/car-pi/ros2_ws/install/fleet_manager/share/fleet_manager/hook/cmake_prefix_path.dsv'
[68.737s] INFO:colcon.colcon_core.shell:Creating environment hook '/home/car-pi/ros2_ws/install/fleet_manager/share/fleet_manager/hook/cmake_prefix_path.sh'
[68.764s] Level 1:colcon.colcon_core.environment:checking '/home/car-pi/ros2_ws/install/fleet_manager/lib'
[68.767s] Level 1:colcon.colcon_core.environment:checking '/home/car-pi/ros2_ws/install/fleet_manager/bin'
[68.769s] Level 1:colcon.colcon_core.environment:checking '/home/car-pi/ros2_ws/install/fleet_manager/lib/pkgconfig/fleet_manager.pc'
[68.775s] Level 1:colcon.colcon_core.environment:checking '/home/car-pi/ros2_ws/install/fleet_manager/lib/python3.10/site-packages'
[68.785s] Level 1:colcon.colcon_core.environment:checking '/home/car-pi/ros2_ws/install/fleet_manager/bin'
[68.824s] INFO:colcon.colcon_core.shell:Creating package script '/home/car-pi/ros2_ws/install/fleet_manager/share/fleet_manager/package.ps1'
[68.845s] INFO:colcon.colcon_core.shell:Creating package descriptor '/home/car-pi/ros2_ws/install/fleet_manager/share/fleet_manager/package.dsv'
[68.874s] INFO:colcon.colcon_core.shell:Creating package script '/home/car-pi/ros2_ws/install/fleet_manager/share/fleet_manager/package.sh'
[68.896s] INFO:colcon.colcon_core.shell:Creating package script '/home/car-pi/ros2_ws/install/fleet_manager/share/fleet_manager/package.bash'
[68.921s] INFO:colcon.colcon_core.shell:Creating package script '/home/car-pi/ros2_ws/install/fleet_manager/share/fleet_manager/package.zsh'
[68.950s] Level 1:colcon.colcon_core.environment:create_file_with_runtime_dependencies(/home/car-pi/ros2_ws/install/fleet_manager/share/colcon-core/packages/fleet_manager)
[68.969s] INFO:colcon.colcon_ros.task.ament_cmake.build:Building ROS package in '/home/car-pi/ros2_ws/src/robot_drivers/ydlidar_ros2_driver' with build type 'ament_cmake'
[68.978s] INFO:colcon.colcon_cmake.task.cmake.build:Building CMake package in '/home/car-pi/ros2_ws/src/robot_drivers/ydlidar_ros2_driver'
[68.983s] INFO:colcon.colcon_core.shell:Skip shell extension 'powershell' for command environment: Not usable outside of PowerShell
[68.985s] DEBUG:colcon.colcon_core.shell:Skip shell extension 'dsv' for command environment
[69.287s] DEBUG:colcon.colcon_core.event_handler.log_command:Invoking command in '/home/car-pi/ros2_ws/build/ydlidar_ros2_driver': CMAKE_PREFIX_PATH=${CMAKE_PREFIX_PATH}:/home/car-pi/ros2_ws/install/motor_test:/opt/ros/humble /usr/bin/cmake /home/car-pi/ros2_ws/src/robot_drivers/ydlidar_ros2_driver -DAMENT_CMAKE_SYMLINK_INSTALL=1 -DCMAKE_INSTALL_PREFIX=/home/car-pi/ros2_ws/install/ydlidar_ros2_driver
[74.388s] Level 1:colcon.colcon_core.environment:create_environment_scripts_only(robot_bringup)
[74.394s] DEBUG:colcon.colcon_core.event_handler.log_command:Invoked command in '/home/car-pi/ros2_ws/build/robot_bringup' returned '0': CMAKE_PREFIX_PATH=${CMAKE_PREFIX_PATH}:/home/car-pi/ros2_ws/install/motor_test:/opt/ros/humble /usr/bin/cmake --install /home/car-pi/ros2_ws/build/robot_bringup
[74.411s] Level 1:colcon.colcon_core.environment:checking '/home/car-pi/ros2_ws/install/robot_bringup' for CMake module files
[74.432s] Level 1:colcon.colcon_core.environment:checking '/home/car-pi/ros2_ws/install/robot_bringup' for CMake config files
[74.438s] Level 1:colcon.colcon_core.shell:create_environment_hook('robot_bringup', 'cmake_prefix_path')
[74.445s] INFO:colcon.colcon_core.shell:Creating environment hook '/home/car-pi/ros2_ws/install/robot_bringup/share/robot_bringup/hook/cmake_prefix_path.ps1'
[74.456s] INFO:colcon.colcon_core.shell:Creating environment descriptor '/home/car-pi/ros2_ws/install/robot_bringup/share/robot_bringup/hook/cmake_prefix_path.dsv'
[74.469s] INFO:colcon.colcon_core.shell:Creating environment hook '/home/car-pi/ros2_ws/install/robot_bringup/share/robot_bringup/hook/cmake_prefix_path.sh'
[74.482s] Level 1:colcon.colcon_core.environment:checking '/home/car-pi/ros2_ws/install/robot_bringup/bin'
[74.484s] Level 1:colcon.colcon_core.environment:checking '/home/car-pi/ros2_ws/install/robot_bringup/lib/pkgconfig/robot_bringup.pc'
[74.491s] Level 1:colcon.colcon_core.environment:checking '/home/car-pi/ros2_ws/install/robot_bringup/lib/python3.10/site-packages'
[74.502s] Level 1:colcon.colcon_core.environment:checking '/home/car-pi/ros2_ws/install/robot_bringup/bin'
[74.509s] INFO:colcon.colcon_core.shell:Creating package script '/home/car-pi/ros2_ws/install/robot_bringup/share/robot_bringup/package.ps1'
[74.518s] INFO:colcon.colcon_core.shell:Creating package descriptor '/home/car-pi/ros2_ws/install/robot_bringup/share/robot_bringup/package.dsv'
[74.526s] INFO:colcon.colcon_core.shell:Creating package script '/home/car-pi/ros2_ws/install/robot_bringup/share/robot_bringup/package.sh'
[74.536s] INFO:colcon.colcon_core.shell:Creating package script '/home/car-pi/ros2_ws/install/robot_bringup/share/robot_bringup/package.bash'
[74.544s] INFO:colcon.colcon_core.shell:Creating package script '/home/car-pi/ros2_ws/install/robot_bringup/share/robot_bringup/package.zsh'
[74.555s] Level 1:colcon.colcon_core.environment:create_file_with_runtime_dependencies(/home/car-pi/ros2_ws/install/robot_bringup/share/colcon-core/packages/robot_bringup)
[74.568s] Level 1:colcon.colcon_core.environment:create_environment_scripts_only(robot_bringup)
[74.574s] Level 1:colcon.colcon_core.environment:checking '/home/car-pi/ros2_ws/install/robot_bringup' for CMake module files
[74.606s] Level 1:colcon.colcon_core.environment:checking '/home/car-pi/ros2_ws/install/robot_bringup' for CMake config files
[74.615s] Level 1:colcon.colcon_core.shell:create_environment_hook('robot_bringup', 'cmake_prefix_path')
[74.620s] INFO:colcon.colcon_core.shell:Creating environment hook '/home/car-pi/ros2_ws/install/robot_bringup/share/robot_bringup/hook/cmake_prefix_path.ps1'
[74.630s] INFO:colcon.colcon_core.shell:Creating environment descriptor '/home/car-pi/ros2_ws/install/robot_bringup/share/robot_bringup/hook/cmake_prefix_path.dsv'
[74.639s] INFO:colcon.colcon_core.shell:Creating environment hook '/home/car-pi/ros2_ws/install/robot_bringup/share/robot_bringup/hook/cmake_prefix_path.sh'
[74.652s] Level 1:colcon.colcon_core.environment:checking '/home/car-pi/ros2_ws/install/robot_bringup/bin'
[74.654s] Level 1:colcon.colcon_core.environment:checking '/home/car-pi/ros2_ws/install/robot_bringup/lib/pkgconfig/robot_bringup.pc'
[74.659s] Level 1:colcon.colcon_core.environment:checking '/home/car-pi/ros2_ws/install/robot_bringup/lib/python3.10/site-packages'
[74.668s] Level 1:colcon.colcon_core.environment:checking '/home/car-pi/ros2_ws/install/robot_bringup/bin'
[74.673s] INFO:colcon.colcon_core.shell:Creating package script '/home/car-pi/ros2_ws/install/robot_bringup/share/robot_bringup/package.ps1'
[74.686s] INFO:colcon.colcon_core.shell:Creating package descriptor '/home/car-pi/ros2_ws/install/robot_bringup/share/robot_bringup/package.dsv'
[74.697s] INFO:colcon.colcon_core.shell:Creating package script '/home/car-pi/ros2_ws/install/robot_bringup/share/robot_bringup/package.sh'
[74.707s] INFO:colcon.colcon_core.shell:Creating package script '/home/car-pi/ros2_ws/install/robot_bringup/share/robot_bringup/package.bash'
[74.717s] INFO:colcon.colcon_core.shell:Creating package script '/home/car-pi/ros2_ws/install/robot_bringup/share/robot_bringup/package.zsh'
[74.727s] Level 1:colcon.colcon_core.environment:create_file_with_runtime_dependencies(/home/car-pi/ros2_ws/install/robot_bringup/share/colcon-core/packages/robot_bringup)
[74.753s] DEBUG:colcon.colcon_core.event_handler.log_command:Invoked command in '/home/car-pi/ros2_ws/build/robot_description' returned '0': CMAKE_PREFIX_PATH=${CMAKE_PREFIX_PATH}:/home/car-pi/ros2_ws/install/motor_test:/opt/ros/humble /usr/bin/cmake /home/car-pi/ros2_ws/src/robot_description -DAMENT_CMAKE_SYMLINK_INSTALL=1 -DCMAKE_INSTALL_PREFIX=/home/car-pi/ros2_ws/install/robot_description
[74.770s] DEBUG:colcon.colcon_core.event_handler.log_command:Invoking command in '/home/car-pi/ros2_ws/build/robot_description': CMAKE_PREFIX_PATH=${CMAKE_PREFIX_PATH}:/home/car-pi/ros2_ws/install/motor_test:/opt/ros/humble /usr/bin/cmake --build /home/car-pi/ros2_ws/build/robot_description -- -j4 -l4
[75.530s] DEBUG:colcon.colcon_core.event_handler.log_command:Invoked command in '/home/car-pi/ros2_ws/build/robot_description' returned '0': CMAKE_PREFIX_PATH=${CMAKE_PREFIX_PATH}:/home/car-pi/ros2_ws/install/motor_test:/opt/ros/humble /usr/bin/cmake --build /home/car-pi/ros2_ws/build/robot_description -- -j4 -l4
[75.551s] DEBUG:colcon.colcon_core.event_handler.log_command:Invoking command in '/home/car-pi/ros2_ws/build/robot_description': CMAKE_PREFIX_PATH=${CMAKE_PREFIX_PATH}:/home/car-pi/ros2_ws/install/motor_test:/opt/ros/humble /usr/bin/cmake --install /home/car-pi/ros2_ws/build/robot_description
[78.415s] Level 1:colcon.colcon_core.environment:create_environment_scripts_only(robot_description)
[78.421s] DEBUG:colcon.colcon_core.event_handler.log_command:Invoked command in '/home/car-pi/ros2_ws/build/robot_description' returned '0': CMAKE_PREFIX_PATH=${CMAKE_PREFIX_PATH}:/home/car-pi/ros2_ws/install/motor_test:/opt/ros/humble /usr/bin/cmake --install /home/car-pi/ros2_ws/build/robot_description
[78.427s] Level 1:colcon.colcon_core.environment:checking '/home/car-pi/ros2_ws/install/robot_description' for CMake module files
[78.444s] Level 1:colcon.colcon_core.environment:checking '/home/car-pi/ros2_ws/install/robot_description' for CMake config files
[78.453s] Level 1:colcon.colcon_core.shell:create_environment_hook('robot_description', 'cmake_prefix_path')
[78.459s] INFO:colcon.colcon_core.shell:Creating environment hook '/home/car-pi/ros2_ws/install/robot_description/share/robot_description/hook/cmake_prefix_path.ps1'
[78.468s] INFO:colcon.colcon_core.shell:Creating environment descriptor '/home/car-pi/ros2_ws/install/robot_description/share/robot_description/hook/cmake_prefix_path.dsv'
[78.479s] INFO:colcon.colcon_core.shell:Creating environment hook '/home/car-pi/ros2_ws/install/robot_description/share/robot_description/hook/cmake_prefix_path.sh'
[78.491s] Level 1:colcon.colcon_core.environment:checking '/home/car-pi/ros2_ws/install/robot_description/bin'
[78.493s] Level 1:colcon.colcon_core.environment:checking '/home/car-pi/ros2_ws/install/robot_description/lib/pkgconfig/robot_description.pc'
[78.498s] Level 1:colcon.colcon_core.environment:checking '/home/car-pi/ros2_ws/install/robot_description/lib/python3.10/site-packages'
[78.510s] Level 1:colcon.colcon_core.environment:checking '/home/car-pi/ros2_ws/install/robot_description/bin'
[78.517s] INFO:colcon.colcon_core.shell:Creating package script '/home/car-pi/ros2_ws/install/robot_description/share/robot_description/package.ps1'
[78.526s] INFO:colcon.colcon_core.shell:Creating package descriptor '/home/car-pi/ros2_ws/install/robot_description/share/robot_description/package.dsv'
[78.538s] INFO:colcon.colcon_core.shell:Creating package script '/home/car-pi/ros2_ws/install/robot_description/share/robot_description/package.sh'
[78.548s] INFO:colcon.colcon_core.shell:Creating package script '/home/car-pi/ros2_ws/install/robot_description/share/robot_description/package.bash'
[78.560s] INFO:colcon.colcon_core.shell:Creating package script '/home/car-pi/ros2_ws/install/robot_description/share/robot_description/package.zsh'
[78.569s] Level 1:colcon.colcon_core.environment:create_file_with_runtime_dependencies(/home/car-pi/ros2_ws/install/robot_description/share/colcon-core/packages/robot_description)
[78.587s] Level 1:colcon.colcon_core.environment:create_environment_scripts_only(robot_description)
[78.593s] Level 1:colcon.colcon_core.environment:checking '/home/car-pi/ros2_ws/install/robot_description' for CMake module files
[78.611s] Level 1:colcon.colcon_core.environment:checking '/home/car-pi/ros2_ws/install/robot_description' for CMake config files
[78.619s] Level 1:colcon.colcon_core.shell:create_environment_hook('robot_description', 'cmake_prefix_path')
[78.625s] INFO:colcon.colcon_core.shell:Creating environment hook '/home/car-pi/ros2_ws/install/robot_description/share/robot_description/hook/cmake_prefix_path.ps1'
[78.636s] INFO:colcon.colcon_core.shell:Creating environment descriptor '/home/car-pi/ros2_ws/install/robot_description/share/robot_description/hook/cmake_prefix_path.dsv'
[78.646s] INFO:colcon.colcon_core.shell:Creating environment hook '/home/car-pi/ros2_ws/install/robot_description/share/robot_description/hook/cmake_prefix_path.sh'
[78.662s] Level 1:colcon.colcon_core.environment:checking '/home/car-pi/ros2_ws/install/robot_description/bin'
[78.664s] Level 1:colcon.colcon_core.environment:checking '/home/car-pi/ros2_ws/install/robot_description/lib/pkgconfig/robot_description.pc'
[78.669s] Level 1:colcon.colcon_core.environment:checking '/home/car-pi/ros2_ws/install/robot_description/lib/python3.10/site-packages'
[78.678s] Level 1:colcon.colcon_core.environment:checking '/home/car-pi/ros2_ws/install/robot_description/bin'
[78.689s] INFO:colcon.colcon_core.shell:Creating package script '/home/car-pi/ros2_ws/install/robot_description/share/robot_description/package.ps1'
[78.699s] INFO:colcon.colcon_core.shell:Creating package descriptor '/home/car-pi/ros2_ws/install/robot_description/share/robot_description/package.dsv'
[78.715s] INFO:colcon.colcon_core.shell:Creating package script '/home/car-pi/ros2_ws/install/robot_description/share/robot_description/package.sh'
[78.727s] INFO:colcon.colcon_core.shell:Creating package script '/home/car-pi/ros2_ws/install/robot_description/share/robot_description/package.bash'
[78.738s] INFO:colcon.colcon_core.shell:Creating package script '/home/car-pi/ros2_ws/install/robot_description/share/robot_description/package.zsh'
[78.750s] Level 1:colcon.colcon_core.environment:create_file_with_runtime_dependencies(/home/car-pi/ros2_ws/install/robot_description/share/colcon-core/packages/robot_description)
[79.412s] DEBUG:colcon.colcon_core.event_handler.log_command:Invoked command in '/home/car-pi/ros2_ws/build/arduino_diffdrive' returned '0': CMAKE_PREFIX_PATH=${CMAKE_PREFIX_PATH}:/home/car-pi/ros2_ws/install/motor_test:/opt/ros/humble /usr/bin/cmake --build /home/car-pi/ros2_ws/build/arduino_diffdrive -- -j4 -l4
[79.434s] DEBUG:colcon.colcon_core.event_handler.log_command:Invoking command in '/home/car-pi/ros2_ws/build/arduino_diffdrive': CMAKE_PREFIX_PATH=${CMAKE_PREFIX_PATH}:/home/car-pi/ros2_ws/install/motor_test:/opt/ros/humble /usr/bin/cmake --install /home/car-pi/ros2_ws/build/arduino_diffdrive
[82.203s] Level 1:colcon.colcon_core.environment:create_environment_scripts_only(arduino_diffdrive)
[82.210s] Level 1:colcon.colcon_core.environment:checking '/home/car-pi/ros2_ws/install/arduino_diffdrive' for CMake module files
[82.221s] DEBUG:colcon.colcon_core.event_handler.log_command:Invoked command in '/home/car-pi/ros2_ws/build/arduino_diffdrive' returned '0': CMAKE_PREFIX_PATH=${CMAKE_PREFIX_PATH}:/home/car-pi/ros2_ws/install/motor_test:/opt/ros/humble /usr/bin/cmake --install /home/car-pi/ros2_ws/build/arduino_diffdrive
[82.235s] Level 1:colcon.colcon_core.environment:checking '/home/car-pi/ros2_ws/install/arduino_diffdrive' for CMake config files
[82.243s] Level 1:colcon.colcon_core.shell:create_environment_hook('arduino_diffdrive', 'cmake_prefix_path')
[82.249s] INFO:colcon.colcon_core.shell:Creating environment hook '/home/car-pi/ros2_ws/install/arduino_diffdrive/share/arduino_diffdrive/hook/cmake_prefix_path.ps1'
[82.259s] INFO:colcon.colcon_core.shell:Creating environment descriptor '/home/car-pi/ros2_ws/install/arduino_diffdrive/share/arduino_diffdrive/hook/cmake_prefix_path.dsv'
[82.267s] INFO:colcon.colcon_core.shell:Creating environment hook '/home/car-pi/ros2_ws/install/arduino_diffdrive/share/arduino_diffdrive/hook/cmake_prefix_path.sh'
[82.279s] Level 1:colcon.colcon_core.environment:checking '/home/car-pi/ros2_ws/install/arduino_diffdrive/lib'
[82.282s] Level 1:colcon.colcon_core.environment:checking '/home/car-pi/ros2_ws/install/arduino_diffdrive/bin'
[82.283s] Level 1:colcon.colcon_core.environment:checking '/home/car-pi/ros2_ws/install/arduino_diffdrive/lib/pkgconfig/arduino_diffdrive.pc'
[82.289s] Level 1:colcon.colcon_core.environment:checking '/home/car-pi/ros2_ws/install/arduino_diffdrive/lib/python3.10/site-packages'
[82.298s] Level 1:colcon.colcon_core.environment:checking '/home/car-pi/ros2_ws/install/arduino_diffdrive/bin'
[82.305s] INFO:colcon.colcon_core.shell:Creating package script '/home/car-pi/ros2_ws/install/arduino_diffdrive/share/arduino_diffdrive/package.ps1'
[82.314s] INFO:colcon.colcon_core.shell:Creating package descriptor '/home/car-pi/ros2_ws/install/arduino_diffdrive/share/arduino_diffdrive/package.dsv'
[82.323s] INFO:colcon.colcon_core.shell:Creating package script '/home/car-pi/ros2_ws/install/arduino_diffdrive/share/arduino_diffdrive/package.sh'
[82.337s] INFO:colcon.colcon_core.shell:Creating package script '/home/car-pi/ros2_ws/install/arduino_diffdrive/share/arduino_diffdrive/package.bash'
[82.345s] INFO:colcon.colcon_core.shell:Creating package script '/home/car-pi/ros2_ws/install/arduino_diffdrive/share/arduino_diffdrive/package.zsh'
[82.353s] Level 1:colcon.colcon_core.environment:create_file_with_runtime_dependencies(/home/car-pi/ros2_ws/install/arduino_diffdrive/share/colcon-core/packages/arduino_diffdrive)
[82.365s] Level 1:colcon.colcon_core.environment:create_environment_scripts_only(arduino_diffdrive)
[82.370s] Level 1:colcon.colcon_core.environment:checking '/home/car-pi/ros2_ws/install/arduino_diffdrive' for CMake module files
[82.385s] Level 1:colcon.colcon_core.environment:checking '/home/car-pi/ros2_ws/install/arduino_diffdrive' for CMake config files
[82.395s] Level 1:colcon.colcon_core.shell:create_environment_hook('arduino_diffdrive', 'cmake_prefix_path')
[82.400s] INFO:colcon.colcon_core.shell:Creating environment hook '/home/car-pi/ros2_ws/install/arduino_diffdrive/share/arduino_diffdrive/hook/cmake_prefix_path.ps1'
[82.410s] INFO:colcon.colcon_core.shell:Creating environment descriptor '/home/car-pi/ros2_ws/install/arduino_diffdrive/share/arduino_diffdrive/hook/cmake_prefix_path.dsv'
[82.419s] INFO:colcon.colcon_core.shell:Creating environment hook '/home/car-pi/ros2_ws/install/arduino_diffdrive/share/arduino_diffdrive/hook/cmake_prefix_path.sh'
[82.432s] Level 1:colcon.colcon_core.environment:checking '/home/car-pi/ros2_ws/install/arduino_diffdrive/lib'
[82.435s] Level 1:colcon.colcon_core.environment:checking '/home/car-pi/ros2_ws/install/arduino_diffdrive/bin'
[82.439s] Level 1:colcon.colcon_core.environment:checking '/home/car-pi/ros2_ws/install/arduino_diffdrive/lib/pkgconfig/arduino_diffdrive.pc'
[82.445s] Level 1:colcon.colcon_core.environment:checking '/home/car-pi/ros2_ws/install/arduino_diffdrive/lib/python3.10/site-packages'
[82.454s] Level 1:colcon.colcon_core.environment:checking '/home/car-pi/ros2_ws/install/arduino_diffdrive/bin'
[82.460s] INFO:colcon.colcon_core.shell:Creating package script '/home/car-pi/ros2_ws/install/arduino_diffdrive/share/arduino_diffdrive/package.ps1'
[82.470s] INFO:colcon.colcon_core.shell:Creating package descriptor '/home/car-pi/ros2_ws/install/arduino_diffdrive/share/arduino_diffdrive/package.dsv'
[82.483s] INFO:colcon.colcon_core.shell:Creating package script '/home/car-pi/ros2_ws/install/arduino_diffdrive/share/arduino_diffdrive/package.sh'
[82.493s] INFO:colcon.colcon_core.shell:Creating package script '/home/car-pi/ros2_ws/install/arduino_diffdrive/share/arduino_diffdrive/package.bash'
[82.503s] INFO:colcon.colcon_core.shell:Creating package script '/home/car-pi/ros2_ws/install/arduino_diffdrive/share/arduino_diffdrive/package.zsh'
[82.513s] Level 1:colcon.colcon_core.environment:create_file_with_runtime_dependencies(/home/car-pi/ros2_ws/install/arduino_diffdrive/share/colcon-core/packages/arduino_diffdrive)
[103.623s] DEBUG:colcon.colcon_core.event_handler.log_command:Invoked command in '/home/car-pi/ros2_ws/build/ydlidar_ros2_driver' returned '0': CMAKE_PREFIX_PATH=${CMAKE_PREFIX_PATH}:/home/car-pi/ros2_ws/install/motor_test:/opt/ros/humble /usr/bin/cmake /home/car-pi/ros2_ws/src/robot_drivers/ydlidar_ros2_driver -DAMENT_CMAKE_SYMLINK_INSTALL=1 -DCMAKE_INSTALL_PREFIX=/home/car-pi/ros2_ws/install/ydlidar_ros2_driver
[103.657s] DEBUG:colcon.colcon_core.event_handler.log_command:Invoking command in '/home/car-pi/ros2_ws/build/ydlidar_ros2_driver': CMAKE_PREFIX_PATH=${CMAKE_PREFIX_PATH}:/home/car-pi/ros2_ws/install/motor_test:/opt/ros/humble /usr/bin/cmake --build /home/car-pi/ros2_ws/build/ydlidar_ros2_driver -- -j4 -l4
[122.655s] DEBUG:colcon.colcon_core.event_handler.log_command:Invoked command in '/home/car-pi/ros2_ws/build/ydlidar_ros2_driver' returned '0': CMAKE_PREFIX_PATH=${CMAKE_PREFIX_PATH}:/home/car-pi/ros2_ws/install/motor_test:/opt/ros/humble /usr/bin/cmake --build /home/car-pi/ros2_ws/build/ydlidar_ros2_driver -- -j4 -l4
[122.691s] DEBUG:colcon.colcon_core.event_handler.log_command:Invoking command in '/home/car-pi/ros2_ws/build/ydlidar_ros2_driver': CMAKE_PREFIX_PATH=${CMAKE_PREFIX_PATH}:/home/car-pi/ros2_ws/install/motor_test:/opt/ros/humble /usr/bin/cmake --install /home/car-pi/ros2_ws/build/ydlidar_ros2_driver
[127.407s] Level 1:colcon.colcon_core.environment:create_environment_scripts_only(ydlidar_ros2_driver)
[127.413s] Level 1:colcon.colcon_core.environment:checking '/home/car-pi/ros2_ws/install/ydlidar_ros2_driver' for CMake module files
[127.422s] DEBUG:colcon.colcon_core.event_handler.log_command:Invoked command in '/home/car-pi/ros2_ws/build/ydlidar_ros2_driver' returned '0': CMAKE_PREFIX_PATH=${CMAKE_PREFIX_PATH}:/home/car-pi/ros2_ws/install/motor_test:/opt/ros/humble /usr/bin/cmake --install /home/car-pi/ros2_ws/build/ydlidar_ros2_driver
[127.434s] Level 1:colcon.colcon_core.environment:checking '/home/car-pi/ros2_ws/install/ydlidar_ros2_driver' for CMake config files
[127.445s] Level 1:colcon.colcon_core.shell:create_environment_hook('ydlidar_ros2_driver', 'cmake_prefix_path')
[127.450s] INFO:colcon.colcon_core.shell:Creating environment hook '/home/car-pi/ros2_ws/install/ydlidar_ros2_driver/share/ydlidar_ros2_driver/hook/cmake_prefix_path.ps1'
[127.457s] INFO:colcon.colcon_core.shell:Creating environment descriptor '/home/car-pi/ros2_ws/install/ydlidar_ros2_driver/share/ydlidar_ros2_driver/hook/cmake_prefix_path.dsv'
[127.464s] INFO:colcon.colcon_core.shell:Creating environment hook '/home/car-pi/ros2_ws/install/ydlidar_ros2_driver/share/ydlidar_ros2_driver/hook/cmake_prefix_path.sh'
[127.477s] Level 1:colcon.colcon_core.environment:checking '/home/car-pi/ros2_ws/install/ydlidar_ros2_driver/lib'
[127.479s] Level 1:colcon.colcon_core.environment:checking '/home/car-pi/ros2_ws/install/ydlidar_ros2_driver/bin'
[127.481s] Level 1:colcon.colcon_core.environment:checking '/home/car-pi/ros2_ws/install/ydlidar_ros2_driver/lib/pkgconfig/ydlidar_ros2_driver.pc'
[127.486s] Level 1:colcon.colcon_core.environment:checking '/home/car-pi/ros2_ws/install/ydlidar_ros2_driver/lib/python3.10/site-packages'
[127.494s] Level 1:colcon.colcon_core.environment:checking '/home/car-pi/ros2_ws/install/ydlidar_ros2_driver/bin'
[127.500s] INFO:colcon.colcon_core.shell:Creating package script '/home/car-pi/ros2_ws/install/ydlidar_ros2_driver/share/ydlidar_ros2_driver/package.ps1'
[127.508s] INFO:colcon.colcon_core.shell:Creating package descriptor '/home/car-pi/ros2_ws/install/ydlidar_ros2_driver/share/ydlidar_ros2_driver/package.dsv'
[127.517s] INFO:colcon.colcon_core.shell:Creating package script '/home/car-pi/ros2_ws/install/ydlidar_ros2_driver/share/ydlidar_ros2_driver/package.sh'
[127.525s] INFO:colcon.colcon_core.shell:Creating package script '/home/car-pi/ros2_ws/install/ydlidar_ros2_driver/share/ydlidar_ros2_driver/package.bash'
[127.533s] INFO:colcon.colcon_core.shell:Creating package script '/home/car-pi/ros2_ws/install/ydlidar_ros2_driver/share/ydlidar_ros2_driver/package.zsh'
[127.541s] Level 1:colcon.colcon_core.environment:create_file_with_runtime_dependencies(/home/car-pi/ros2_ws/install/ydlidar_ros2_driver/share/colcon-core/packages/ydlidar_ros2_driver)
[127.553s] Level 1:colcon.colcon_core.environment:create_environment_scripts_only(ydlidar_ros2_driver)
[127.558s] Level 1:colcon.colcon_core.environment:checking '/home/car-pi/ros2_ws/install/ydlidar_ros2_driver' for CMake module files
[127.576s] Level 1:colcon.colcon_core.environment:checking '/home/car-pi/ros2_ws/install/ydlidar_ros2_driver' for CMake config files
[127.587s] Level 1:colcon.colcon_core.shell:create_environment_hook('ydlidar_ros2_driver', 'cmake_prefix_path')
[127.592s] INFO:colcon.colcon_core.shell:Creating environment hook '/home/car-pi/ros2_ws/install/ydlidar_ros2_driver/share/ydlidar_ros2_driver/hook/cmake_prefix_path.ps1'
[127.600s] INFO:colcon.colcon_core.shell:Creating environment descriptor '/home/car-pi/ros2_ws/install/ydlidar_ros2_driver/share/ydlidar_ros2_driver/hook/cmake_prefix_path.dsv'
[127.607s] INFO:colcon.colcon_core.shell:Creating environment hook '/home/car-pi/ros2_ws/install/ydlidar_ros2_driver/share/ydlidar_ros2_driver/hook/cmake_prefix_path.sh'
[127.618s] Level 1:colcon.colcon_core.environment:checking '/home/car-pi/ros2_ws/install/ydlidar_ros2_driver/lib'
[127.620s] Level 1:colcon.colcon_core.environment:checking '/home/car-pi/ros2_ws/install/ydlidar_ros2_driver/bin'
[127.621s] Level 1:colcon.colcon_core.environment:checking '/home/car-pi/ros2_ws/install/ydlidar_ros2_driver/lib/pkgconfig/ydlidar_ros2_driver.pc'
[127.626s] Level 1:colcon.colcon_core.environment:checking '/home/car-pi/ros2_ws/install/ydlidar_ros2_driver/lib/python3.10/site-packages'
[127.633s] Level 1:colcon.colcon_core.environment:checking '/home/car-pi/ros2_ws/install/ydlidar_ros2_driver/bin'
[127.639s] INFO:colcon.colcon_core.shell:Creating package script '/home/car-pi/ros2_ws/install/ydlidar_ros2_driver/share/ydlidar_ros2_driver/package.ps1'
[127.649s] INFO:colcon.colcon_core.shell:Creating package descriptor '/home/car-pi/ros2_ws/install/ydlidar_ros2_driver/share/ydlidar_ros2_driver/package.dsv'
[127.658s] INFO:colcon.colcon_core.shell:Creating package script '/home/car-pi/ros2_ws/install/ydlidar_ros2_driver/share/ydlidar_ros2_driver/package.sh'
[127.668s] INFO:colcon.colcon_core.shell:Creating package script '/home/car-pi/ros2_ws/install/ydlidar_ros2_driver/share/ydlidar_ros2_driver/package.bash'
[127.680s] INFO:colcon.colcon_core.shell:Creating package script '/home/car-pi/ros2_ws/install/ydlidar_ros2_driver/share/ydlidar_ros2_driver/package.zsh'
[127.690s] Level 1:colcon.colcon_core.environment:create_file_with_runtime_dependencies(/home/car-pi/ros2_ws/install/ydlidar_ros2_driver/share/colcon-core/packages/ydlidar_ros2_driver)
[127.695s] DEBUG:colcon.colcon_parallel_executor.executor.parallel:closing loop
[127.703s] DEBUG:colcon.colcon_parallel_executor.executor.parallel:loop closed
[127.705s] DEBUG:colcon.colcon_parallel_executor.executor.parallel:run_until_complete finished with '0'
[127.707s] DEBUG:colcon.colcon_core.event_reactor:joining thread
[127.832s] INFO:colcon.colcon_core.plugin_system:Skipping extension 'colcon_notification.desktop_notification.notify_send': Could not find 'notify-send'
[127.834s] INFO:colcon.colcon_core.plugin_system:Skipping extension 'colcon_notification.desktop_notification.terminal_notifier': Not used on non-Darwin systems
[127.835s] INFO:colcon.colcon_core.plugin_system:Skipping extension 'colcon_notification.desktop_notification.win32': Not used on non-Windows systems
[127.836s] INFO:colcon.colcon_notification.desktop_notification:Sending desktop notification using 'notify2'
[127.852s] DEBUG:colcon.colcon_notification.desktop_notification.notify2:Failed to initialize notify2: org.freedesktop.DBus.Error.ServiceUnknown: The name org.freedesktop.Notifications was not provided by any .service files
[127.853s] DEBUG:colcon.colcon_core.event_reactor:joined thread
[127.858s] INFO:colcon.colcon_core.shell:Creating prefix script '/home/car-pi/ros2_ws/install/local_setup.ps1'
[127.881s] INFO:colcon.colcon_core.shell:Creating prefix util module '/home/car-pi/ros2_ws/install/_local_setup_util_ps1.py'
[127.919s] INFO:colcon.colcon_core.shell:Creating prefix chain script '/home/car-pi/ros2_ws/install/setup.ps1'
[127.953s] INFO:colcon.colcon_core.shell:Creating prefix script '/home/car-pi/ros2_ws/install/local_setup.sh'
[127.974s] INFO:colcon.colcon_core.shell:Creating prefix util module '/home/car-pi/ros2_ws/install/_local_setup_util_sh.py'
[127.985s] INFO:colcon.colcon_core.shell:Creating prefix chain script '/home/car-pi/ros2_ws/install/setup.sh'
[128.019s] INFO:colcon.colcon_core.shell:Creating prefix script '/home/car-pi/ros2_ws/install/local_setup.bash'
[128.033s] INFO:colcon.colcon_core.shell:Creating prefix chain script '/home/car-pi/ros2_ws/install/setup.bash'
[128.065s] INFO:colcon.colcon_core.shell:Creating prefix script '/home/car-pi/ros2_ws/install/local_setup.zsh'
[128.078s] INFO:colcon.colcon_core.shell:Creating prefix chain script '/home/car-pi/ros2_ws/install/setup.zsh'
