[0.550s] Invoking command in '/home/car-pi/ros2_ws/build/arduino_diffdrive': CMAKE_PREFIX_PATH=${CMAKE_PREFIX_PATH}:/home/car-pi/ros2_ws/install/motor_test:/opt/ros/humble /usr/bin/cmake --build /home/car-pi/ros2_ws/build/arduino_diffdrive -- -j4 -l4
[6.020s] [35m[1mConsolidate compiler generated dependencies of target arduino_diffdrive_node[0m
[6.026s] [100%] Built target arduino_diffdrive_node
[6.092s] Invoked command in '/home/car-pi/ros2_ws/build/arduino_diffdrive' returned '0': CMAKE_PREFIX_PATH=${CMAKE_PREFIX_PATH}:/home/car-pi/ros2_ws/install/motor_test:/opt/ros/humble /usr/bin/cmake --build /home/car-pi/ros2_ws/build/arduino_diffdrive -- -j4 -l4
[6.232s] Invoking command in '/home/car-pi/ros2_ws/build/arduino_diffdrive': CMAKE_PREFIX_PATH=${CMAKE_PREFIX_PATH}:/home/car-pi/ros2_ws/install/motor_test:/opt/ros/humble /usr/bin/cmake --install /home/car-pi/ros2_ws/build/arduino_diffdrive
[6.386s] -- Install configuration: ""
[6.401s] -- Up-to-date: /home/car-pi/ros2_ws/install/arduino_diffdrive/lib/arduino_diffdrive/arduino_diffdrive_node
[6.411s] -- Up-to-date: /home/car-pi/ros2_ws/install/arduino_diffdrive/share/ament_index/resource_index/package_run_dependencies/arduino_diffdrive
[6.417s] -- Up-to-date: /home/car-pi/ros2_ws/install/arduino_diffdrive/share/ament_index/resource_index/parent_prefix_path/arduino_diffdrive
[6.423s] -- Up-to-date: /home/car-pi/ros2_ws/install/arduino_diffdrive/share/arduino_diffdrive/environment/ament_prefix_path.sh
[6.429s] -- Up-to-date: /home/car-pi/ros2_ws/install/arduino_diffdrive/share/arduino_diffdrive/environment/ament_prefix_path.dsv
[6.435s] -- Up-to-date: /home/car-pi/ros2_ws/install/arduino_diffdrive/share/arduino_diffdrive/environment/path.sh
[6.441s] -- Up-to-date: /home/car-pi/ros2_ws/install/arduino_diffdrive/share/arduino_diffdrive/environment/path.dsv
[6.446s] -- Up-to-date: /home/car-pi/ros2_ws/install/arduino_diffdrive/share/arduino_diffdrive/local_setup.bash
[6.451s] -- Up-to-date: /home/car-pi/ros2_ws/install/arduino_diffdrive/share/arduino_diffdrive/local_setup.sh
[6.454s] -- Up-to-date: /home/car-pi/ros2_ws/install/arduino_diffdrive/share/arduino_diffdrive/local_setup.zsh
[6.456s] -- Up-to-date: /home/car-pi/ros2_ws/install/arduino_diffdrive/share/arduino_diffdrive/local_setup.dsv
[6.458s] -- Installing: /home/car-pi/ros2_ws/install/arduino_diffdrive/share/arduino_diffdrive/package.dsv
[6.462s] -- Up-to-date: /home/car-pi/ros2_ws/install/arduino_diffdrive/share/ament_index/resource_index/packages/arduino_diffdrive
[6.471s] -- Up-to-date: /home/car-pi/ros2_ws/install/arduino_diffdrive/share/arduino_diffdrive/cmake/arduino_diffdriveConfig.cmake
[6.473s] -- Up-to-date: /home/car-pi/ros2_ws/install/arduino_diffdrive/share/arduino_diffdrive/cmake/arduino_diffdriveConfig-version.cmake
[6.476s] -- Up-to-date: /home/car-pi/ros2_ws/install/arduino_diffdrive/share/arduino_diffdrive/package.xml
[6.502s] Invoked command in '/home/car-pi/ros2_ws/build/arduino_diffdrive' returned '0': CMAKE_PREFIX_PATH=${CMAKE_PREFIX_PATH}:/home/car-pi/ros2_ws/install/motor_test:/opt/ros/humble /usr/bin/cmake --install /home/car-pi/ros2_ws/build/arduino_diffdrive
