[2.323s] DEBUG:colcon:Command line arguments: ['/usr/bin/colcon', 'build']
[2.324s] DEBUG:colcon:Parsed command line arguments: Namespace(log_base=None, log_level=None, verb_name='build', build_base='build', install_base='install', merge_install=False, symlink_install=False, test_result_base=None, continue_on_error=False, executor='parallel', parallel_workers=4, event_handlers=None, ignore_user_meta=False, metas=['./colcon.meta'], base_paths=['.'], packages_ignore=None, packages_ignore_regex=None, paths=None, packages_up_to=None, packages_up_to_regex=None, packages_above=None, packages_above_and_dependencies=None, packages_above_depth=None, packages_select_by_dep=None, packages_skip_by_dep=None, packages_skip_up_to=None, packages_select_build_failed=False, packages_skip_build_finished=False, packages_select_test_failures=False, packages_skip_test_passed=False, packages_select=None, packages_skip=None, packages_select_regex=None, packages_skip_regex=None, packages_start=None, packages_end=None, allow_overriding=[], cmake_args=None, cmake_target=None, cmake_target_skip_unavailable=False, cmake_clean_cache=False, cmake_clean_first=False, cmake_force_configure=False, ament_cmake_args=None, catkin_cmake_args=None, catkin_skip_building_tests=False, verb_parser=<colcon_defaults.argument_parser.defaults.DefaultArgumentsDecorator object at 0xffffa83b7f40>, verb_extension=<colcon_core.verb.build.BuildVerb object at 0xffffa845cf10>, main=<bound method BuildVerb.main of <colcon_core.verb.build.BuildVerb object at 0xffffa845cf10>>)
[5.723s] Level 1:colcon.colcon_core.package_discovery:discover_packages(colcon_meta) check parameters
[5.725s] Level 1:colcon.colcon_core.package_discovery:discover_packages(recursive) check parameters
[5.731s] Level 1:colcon.colcon_core.package_discovery:discover_packages(ignore) check parameters
[5.731s] Level 1:colcon.colcon_core.package_discovery:discover_packages(path) check parameters
[5.732s] Level 1:colcon.colcon_core.package_discovery:discover_packages(colcon_meta) discover
[5.733s] Level 1:colcon.colcon_core.package_discovery:discover_packages(recursive) discover
[5.734s] INFO:colcon.colcon_core.package_discovery:Crawling recursively for packages in '/home/car-pi/ros2_ws'
[5.736s] Level 1:colcon.colcon_core.package_identification:_identify(.) by extensions ['ignore', 'ignore_ament_install']
[5.737s] Level 1:colcon.colcon_core.package_identification:_identify(.) by extension 'ignore'
[5.738s] Level 1:colcon.colcon_core.package_identification:_identify(.) by extension 'ignore_ament_install'
[5.739s] Level 1:colcon.colcon_core.package_identification:_identify(.) by extensions ['colcon_pkg']
[5.740s] Level 1:colcon.colcon_core.package_identification:_identify(.) by extension 'colcon_pkg'
[5.741s] Level 1:colcon.colcon_core.package_identification:_identify(.) by extensions ['colcon_meta']
[5.741s] Level 1:colcon.colcon_core.package_identification:_identify(.) by extension 'colcon_meta'
[5.742s] Level 1:colcon.colcon_core.package_identification:_identify(.) by extensions ['ros']
[5.742s] Level 1:colcon.colcon_core.package_identification:_identify(.) by extension 'ros'
[5.950s] Level 1:colcon.colcon_core.package_identification:_identify(.) by extensions ['cmake', 'python']
[5.951s] Level 1:colcon.colcon_core.package_identification:_identify(.) by extension 'cmake'
[5.952s] Level 1:colcon.colcon_core.package_identification:_identify(.) by extension 'python'
[5.953s] Level 1:colcon.colcon_core.package_identification:_identify(.) by extensions ['python_setup_py']
[5.953s] Level 1:colcon.colcon_core.package_identification:_identify(.) by extension 'python_setup_py'
[5.955s] Level 1:colcon.colcon_core.package_identification:_identify(build) by extensions ['ignore', 'ignore_ament_install']
[5.957s] Level 1:colcon.colcon_core.package_identification:_identify(build) by extension 'ignore'
[5.958s] Level 1:colcon.colcon_core.package_identification:_identify(build) ignored
[5.961s] Level 1:colcon.colcon_core.package_identification:_identify(install) by extensions ['ignore', 'ignore_ament_install']
[5.962s] Level 1:colcon.colcon_core.package_identification:_identify(install) by extension 'ignore'
[5.963s] Level 1:colcon.colcon_core.package_identification:_identify(install) ignored
[5.965s] Level 1:colcon.colcon_core.package_identification:_identify(log) by extensions ['ignore', 'ignore_ament_install']
[5.967s] Level 1:colcon.colcon_core.package_identification:_identify(log) by extension 'ignore'
[5.967s] Level 1:colcon.colcon_core.package_identification:_identify(log) ignored
[5.969s] Level 1:colcon.colcon_core.package_identification:_identify(src) by extensions ['ignore', 'ignore_ament_install']
[5.971s] Level 1:colcon.colcon_core.package_identification:_identify(src) by extension 'ignore'
[5.972s] Level 1:colcon.colcon_core.package_identification:_identify(src) by extension 'ignore_ament_install'
[5.973s] Level 1:colcon.colcon_core.package_identification:_identify(src) by extensions ['colcon_pkg']
[5.974s] Level 1:colcon.colcon_core.package_identification:_identify(src) by extension 'colcon_pkg'
[5.974s] Level 1:colcon.colcon_core.package_identification:_identify(src) by extensions ['colcon_meta']
[5.975s] Level 1:colcon.colcon_core.package_identification:_identify(src) by extension 'colcon_meta'
[5.976s] Level 1:colcon.colcon_core.package_identification:_identify(src) by extensions ['ros']
[5.976s] Level 1:colcon.colcon_core.package_identification:_identify(src) by extension 'ros'
[5.978s] Level 1:colcon.colcon_core.package_identification:_identify(src) by extensions ['cmake', 'python']
[5.979s] Level 1:colcon.colcon_core.package_identification:_identify(src) by extension 'cmake'
[5.979s] Level 1:colcon.colcon_core.package_identification:_identify(src) by extension 'python'
[5.980s] Level 1:colcon.colcon_core.package_identification:_identify(src) by extensions ['python_setup_py']
[5.981s] Level 1:colcon.colcon_core.package_identification:_identify(src) by extension 'python_setup_py'
[5.983s] Level 1:colcon.colcon_core.package_identification:_identify(src/robot_bringup) by extensions ['ignore', 'ignore_ament_install']
[5.985s] Level 1:colcon.colcon_core.package_identification:_identify(src/robot_bringup) by extension 'ignore'
[5.986s] Level 1:colcon.colcon_core.package_identification:_identify(src/robot_bringup) by extension 'ignore_ament_install'
[5.987s] Level 1:colcon.colcon_core.package_identification:_identify(src/robot_bringup) by extensions ['colcon_pkg']
[5.988s] Level 1:colcon.colcon_core.package_identification:_identify(src/robot_bringup) by extension 'colcon_pkg'
[5.988s] Level 1:colcon.colcon_core.package_identification:_identify(src/robot_bringup) by extensions ['colcon_meta']
[5.989s] Level 1:colcon.colcon_core.package_identification:_identify(src/robot_bringup) by extension 'colcon_meta'
[5.990s] Level 1:colcon.colcon_core.package_identification:_identify(src/robot_bringup) by extensions ['ros']
[5.990s] Level 1:colcon.colcon_core.package_identification:_identify(src/robot_bringup) by extension 'ros'
[6.030s] DEBUG:colcon.colcon_core.package_identification:Package 'src/robot_bringup' with type 'ros.ament_cmake' and name 'robot_bringup'
[6.032s] Level 1:colcon.colcon_core.package_identification:_identify(src/robot_control) by extensions ['ignore', 'ignore_ament_install']
[6.034s] Level 1:colcon.colcon_core.package_identification:_identify(src/robot_control) by extension 'ignore'
[6.035s] Level 1:colcon.colcon_core.package_identification:_identify(src/robot_control) by extension 'ignore_ament_install'
[6.036s] Level 1:colcon.colcon_core.package_identification:_identify(src/robot_control) by extensions ['colcon_pkg']
[6.037s] Level 1:colcon.colcon_core.package_identification:_identify(src/robot_control) by extension 'colcon_pkg'
[6.037s] Level 1:colcon.colcon_core.package_identification:_identify(src/robot_control) by extensions ['colcon_meta']
[6.038s] Level 1:colcon.colcon_core.package_identification:_identify(src/robot_control) by extension 'colcon_meta'
[6.039s] Level 1:colcon.colcon_core.package_identification:_identify(src/robot_control) by extensions ['ros']
[6.040s] Level 1:colcon.colcon_core.package_identification:_identify(src/robot_control) by extension 'ros'
[6.041s] Level 1:colcon.colcon_core.package_identification:_identify(src/robot_control) by extensions ['cmake', 'python']
[6.042s] Level 1:colcon.colcon_core.package_identification:_identify(src/robot_control) by extension 'cmake'
[6.043s] Level 1:colcon.colcon_core.package_identification:_identify(src/robot_control) by extension 'python'
[6.044s] Level 1:colcon.colcon_core.package_identification:_identify(src/robot_control) by extensions ['python_setup_py']
[6.045s] Level 1:colcon.colcon_core.package_identification:_identify(src/robot_control) by extension 'python_setup_py'
[6.047s] Level 1:colcon.colcon_core.package_identification:_identify(src/robot_description) by extensions ['ignore', 'ignore_ament_install']
[6.048s] Level 1:colcon.colcon_core.package_identification:_identify(src/robot_description) by extension 'ignore'
[6.049s] Level 1:colcon.colcon_core.package_identification:_identify(src/robot_description) by extension 'ignore_ament_install'
[6.050s] Level 1:colcon.colcon_core.package_identification:_identify(src/robot_description) by extensions ['colcon_pkg']
[6.051s] Level 1:colcon.colcon_core.package_identification:_identify(src/robot_description) by extension 'colcon_pkg'
[6.052s] Level 1:colcon.colcon_core.package_identification:_identify(src/robot_description) by extensions ['colcon_meta']
[6.052s] Level 1:colcon.colcon_core.package_identification:_identify(src/robot_description) by extension 'colcon_meta'
[6.053s] Level 1:colcon.colcon_core.package_identification:_identify(src/robot_description) by extensions ['ros']
[6.054s] Level 1:colcon.colcon_core.package_identification:_identify(src/robot_description) by extension 'ros'
[6.062s] DEBUG:colcon.colcon_core.package_identification:Package 'src/robot_description' with type 'ros.ament_cmake' and name 'robot_description'
[6.065s] Level 1:colcon.colcon_core.package_identification:_identify(src/robot_drivers) by extensions ['ignore', 'ignore_ament_install']
[6.066s] Level 1:colcon.colcon_core.package_identification:_identify(src/robot_drivers) by extension 'ignore'
[6.067s] Level 1:colcon.colcon_core.package_identification:_identify(src/robot_drivers) by extension 'ignore_ament_install'
[6.069s] Level 1:colcon.colcon_core.package_identification:_identify(src/robot_drivers) by extensions ['colcon_pkg']
[6.069s] Level 1:colcon.colcon_core.package_identification:_identify(src/robot_drivers) by extension 'colcon_pkg'
[6.070s] Level 1:colcon.colcon_core.package_identification:_identify(src/robot_drivers) by extensions ['colcon_meta']
[6.070s] Level 1:colcon.colcon_core.package_identification:_identify(src/robot_drivers) by extension 'colcon_meta'
[6.071s] Level 1:colcon.colcon_core.package_identification:_identify(src/robot_drivers) by extensions ['ros']
[6.072s] Level 1:colcon.colcon_core.package_identification:_identify(src/robot_drivers) by extension 'ros'
[6.074s] Level 1:colcon.colcon_core.package_identification:_identify(src/robot_drivers) by extensions ['cmake', 'python']
[6.074s] Level 1:colcon.colcon_core.package_identification:_identify(src/robot_drivers) by extension 'cmake'
[6.075s] Level 1:colcon.colcon_core.package_identification:_identify(src/robot_drivers) by extension 'python'
[6.076s] Level 1:colcon.colcon_core.package_identification:_identify(src/robot_drivers) by extensions ['python_setup_py']
[6.077s] Level 1:colcon.colcon_core.package_identification:_identify(src/robot_drivers) by extension 'python_setup_py'
[6.079s] Level 1:colcon.colcon_core.package_identification:_identify(src/robot_drivers/ydlidar_ros2_driver) by extensions ['ignore', 'ignore_ament_install']
[6.081s] Level 1:colcon.colcon_core.package_identification:_identify(src/robot_drivers/ydlidar_ros2_driver) by extension 'ignore'
[6.082s] Level 1:colcon.colcon_core.package_identification:_identify(src/robot_drivers/ydlidar_ros2_driver) by extension 'ignore_ament_install'
[6.083s] Level 1:colcon.colcon_core.package_identification:_identify(src/robot_drivers/ydlidar_ros2_driver) by extensions ['colcon_pkg']
[6.084s] Level 1:colcon.colcon_core.package_identification:_identify(src/robot_drivers/ydlidar_ros2_driver) by extension 'colcon_pkg'
[6.085s] Level 1:colcon.colcon_core.package_identification:_identify(src/robot_drivers/ydlidar_ros2_driver) by extensions ['colcon_meta']
[6.085s] Level 1:colcon.colcon_core.package_identification:_identify(src/robot_drivers/ydlidar_ros2_driver) by extension 'colcon_meta'
[6.086s] Level 1:colcon.colcon_core.package_identification:_identify(src/robot_drivers/ydlidar_ros2_driver) by extensions ['ros']
[6.087s] Level 1:colcon.colcon_core.package_identification:_identify(src/robot_drivers/ydlidar_ros2_driver) by extension 'ros'
[6.099s] DEBUG:colcon.colcon_core.package_identification:Package 'src/robot_drivers/ydlidar_ros2_driver' with type 'ros.ament_cmake' and name 'ydlidar_ros2_driver'
[6.101s] Level 1:colcon.colcon_core.package_identification:_identify(src/robot_hardware) by extensions ['ignore', 'ignore_ament_install']
[6.102s] Level 1:colcon.colcon_core.package_identification:_identify(src/robot_hardware) by extension 'ignore'
[6.104s] Level 1:colcon.colcon_core.package_identification:_identify(src/robot_hardware) by extension 'ignore_ament_install'
[6.105s] Level 1:colcon.colcon_core.package_identification:_identify(src/robot_hardware) by extensions ['colcon_pkg']
[6.105s] Level 1:colcon.colcon_core.package_identification:_identify(src/robot_hardware) by extension 'colcon_pkg'
[6.106s] Level 1:colcon.colcon_core.package_identification:_identify(src/robot_hardware) by extensions ['colcon_meta']
[6.107s] Level 1:colcon.colcon_core.package_identification:_identify(src/robot_hardware) by extension 'colcon_meta'
[6.108s] Level 1:colcon.colcon_core.package_identification:_identify(src/robot_hardware) by extensions ['ros']
[6.108s] Level 1:colcon.colcon_core.package_identification:_identify(src/robot_hardware) by extension 'ros'
[6.110s] Level 1:colcon.colcon_core.package_identification:_identify(src/robot_hardware) by extensions ['cmake', 'python']
[6.110s] Level 1:colcon.colcon_core.package_identification:_identify(src/robot_hardware) by extension 'cmake'
[6.111s] Level 1:colcon.colcon_core.package_identification:_identify(src/robot_hardware) by extension 'python'
[6.112s] Level 1:colcon.colcon_core.package_identification:_identify(src/robot_hardware) by extensions ['python_setup_py']
[6.113s] Level 1:colcon.colcon_core.package_identification:_identify(src/robot_hardware) by extension 'python_setup_py'
[6.115s] Level 1:colcon.colcon_core.package_identification:_identify(src/robot_hardware/arduino_diffdrive) by extensions ['ignore', 'ignore_ament_install']
[6.117s] Level 1:colcon.colcon_core.package_identification:_identify(src/robot_hardware/arduino_diffdrive) by extension 'ignore'
[6.118s] Level 1:colcon.colcon_core.package_identification:_identify(src/robot_hardware/arduino_diffdrive) by extension 'ignore_ament_install'
[6.119s] Level 1:colcon.colcon_core.package_identification:_identify(src/robot_hardware/arduino_diffdrive) by extensions ['colcon_pkg']
[6.120s] Level 1:colcon.colcon_core.package_identification:_identify(src/robot_hardware/arduino_diffdrive) by extension 'colcon_pkg'
[6.120s] Level 1:colcon.colcon_core.package_identification:_identify(src/robot_hardware/arduino_diffdrive) by extensions ['colcon_meta']
[6.121s] Level 1:colcon.colcon_core.package_identification:_identify(src/robot_hardware/arduino_diffdrive) by extension 'colcon_meta'
[6.122s] Level 1:colcon.colcon_core.package_identification:_identify(src/robot_hardware/arduino_diffdrive) by extensions ['ros']
[6.123s] Level 1:colcon.colcon_core.package_identification:_identify(src/robot_hardware/arduino_diffdrive) by extension 'ros'
[6.143s] DEBUG:colcon.colcon_core.package_identification:Package 'src/robot_hardware/arduino_diffdrive' with type 'ros.ament_cmake' and name 'arduino_diffdrive'
[6.145s] Level 1:colcon.colcon_core.package_identification:_identify(src/robot_localization) by extensions ['ignore', 'ignore_ament_install']
[6.146s] Level 1:colcon.colcon_core.package_identification:_identify(src/robot_localization) by extension 'ignore'
[6.147s] Level 1:colcon.colcon_core.package_identification:_identify(src/robot_localization) by extension 'ignore_ament_install'
[6.148s] Level 1:colcon.colcon_core.package_identification:_identify(src/robot_localization) by extensions ['colcon_pkg']
[6.149s] Level 1:colcon.colcon_core.package_identification:_identify(src/robot_localization) by extension 'colcon_pkg'
[6.150s] Level 1:colcon.colcon_core.package_identification:_identify(src/robot_localization) by extensions ['colcon_meta']
[6.150s] Level 1:colcon.colcon_core.package_identification:_identify(src/robot_localization) by extension 'colcon_meta'
[6.152s] Level 1:colcon.colcon_core.package_identification:_identify(src/robot_localization) by extensions ['ros']
[6.152s] Level 1:colcon.colcon_core.package_identification:_identify(src/robot_localization) by extension 'ros'
[6.154s] Level 1:colcon.colcon_core.package_identification:_identify(src/robot_localization) by extensions ['cmake', 'python']
[6.154s] Level 1:colcon.colcon_core.package_identification:_identify(src/robot_localization) by extension 'cmake'
[6.155s] Level 1:colcon.colcon_core.package_identification:_identify(src/robot_localization) by extension 'python'
[6.156s] Level 1:colcon.colcon_core.package_identification:_identify(src/robot_localization) by extensions ['python_setup_py']
[6.157s] Level 1:colcon.colcon_core.package_identification:_identify(src/robot_localization) by extension 'python_setup_py'
[6.158s] Level 1:colcon.colcon_core.package_identification:_identify(src/robot_navigation) by extensions ['ignore', 'ignore_ament_install']
[6.160s] Level 1:colcon.colcon_core.package_identification:_identify(src/robot_navigation) by extension 'ignore'
[6.161s] Level 1:colcon.colcon_core.package_identification:_identify(src/robot_navigation) by extension 'ignore_ament_install'
[6.162s] Level 1:colcon.colcon_core.package_identification:_identify(src/robot_navigation) by extensions ['colcon_pkg']
[6.163s] Level 1:colcon.colcon_core.package_identification:_identify(src/robot_navigation) by extension 'colcon_pkg'
[6.164s] Level 1:colcon.colcon_core.package_identification:_identify(src/robot_navigation) by extensions ['colcon_meta']
[6.164s] Level 1:colcon.colcon_core.package_identification:_identify(src/robot_navigation) by extension 'colcon_meta'
[6.165s] Level 1:colcon.colcon_core.package_identification:_identify(src/robot_navigation) by extensions ['ros']
[6.166s] Level 1:colcon.colcon_core.package_identification:_identify(src/robot_navigation) by extension 'ros'
[6.167s] Level 1:colcon.colcon_core.package_identification:_identify(src/robot_navigation) by extensions ['cmake', 'python']
[6.168s] Level 1:colcon.colcon_core.package_identification:_identify(src/robot_navigation) by extension 'cmake'
[6.169s] Level 1:colcon.colcon_core.package_identification:_identify(src/robot_navigation) by extension 'python'
[6.170s] Level 1:colcon.colcon_core.package_identification:_identify(src/robot_navigation) by extensions ['python_setup_py']
[6.170s] Level 1:colcon.colcon_core.package_identification:_identify(src/robot_navigation) by extension 'python_setup_py'
[6.172s] Level 1:colcon.colcon_core.package_identification:_identify(src/robot_tests) by extensions ['ignore', 'ignore_ament_install']
[6.174s] Level 1:colcon.colcon_core.package_identification:_identify(src/robot_tests) by extension 'ignore'
[6.175s] Level 1:colcon.colcon_core.package_identification:_identify(src/robot_tests) by extension 'ignore_ament_install'
[6.176s] Level 1:colcon.colcon_core.package_identification:_identify(src/robot_tests) by extensions ['colcon_pkg']
[6.177s] Level 1:colcon.colcon_core.package_identification:_identify(src/robot_tests) by extension 'colcon_pkg'
[6.177s] Level 1:colcon.colcon_core.package_identification:_identify(src/robot_tests) by extensions ['colcon_meta']
[6.178s] Level 1:colcon.colcon_core.package_identification:_identify(src/robot_tests) by extension 'colcon_meta'
[6.179s] Level 1:colcon.colcon_core.package_identification:_identify(src/robot_tests) by extensions ['ros']
[6.180s] Level 1:colcon.colcon_core.package_identification:_identify(src/robot_tests) by extension 'ros'
[6.181s] Level 1:colcon.colcon_core.package_identification:_identify(src/robot_tests) by extensions ['cmake', 'python']
[6.182s] Level 1:colcon.colcon_core.package_identification:_identify(src/robot_tests) by extension 'cmake'
[6.183s] Level 1:colcon.colcon_core.package_identification:_identify(src/robot_tests) by extension 'python'
[6.184s] Level 1:colcon.colcon_core.package_identification:_identify(src/robot_tests) by extensions ['python_setup_py']
[6.184s] Level 1:colcon.colcon_core.package_identification:_identify(src/robot_tests) by extension 'python_setup_py'
[6.186s] Level 1:colcon.colcon_core.package_identification:_identify(src/robot_tests/motor_test) by extensions ['ignore', 'ignore_ament_install']
[6.188s] Level 1:colcon.colcon_core.package_identification:_identify(src/robot_tests/motor_test) by extension 'ignore'
[6.189s] Level 1:colcon.colcon_core.package_identification:_identify(src/robot_tests/motor_test) by extension 'ignore_ament_install'
[6.190s] Level 1:colcon.colcon_core.package_identification:_identify(src/robot_tests/motor_test) by extensions ['colcon_pkg']
[6.191s] Level 1:colcon.colcon_core.package_identification:_identify(src/robot_tests/motor_test) by extension 'colcon_pkg'
[6.192s] Level 1:colcon.colcon_core.package_identification:_identify(src/robot_tests/motor_test) by extensions ['colcon_meta']
[6.192s] Level 1:colcon.colcon_core.package_identification:_identify(src/robot_tests/motor_test) by extension 'colcon_meta'
[6.193s] Level 1:colcon.colcon_core.package_identification:_identify(src/robot_tests/motor_test) by extensions ['ros']
[6.194s] Level 1:colcon.colcon_core.package_identification:_identify(src/robot_tests/motor_test) by extension 'ros'
[6.205s] DEBUG:colcon.colcon_core.package_identification:Package 'src/robot_tests/motor_test' with type 'ros.ament_python' and name 'motor_test'
[6.208s] Level 1:colcon.colcon_core.package_identification:_identify(src/robot_utils) by extensions ['ignore', 'ignore_ament_install']
[6.209s] Level 1:colcon.colcon_core.package_identification:_identify(src/robot_utils) by extension 'ignore'
[6.210s] Level 1:colcon.colcon_core.package_identification:_identify(src/robot_utils) by extension 'ignore_ament_install'
[6.211s] Level 1:colcon.colcon_core.package_identification:_identify(src/robot_utils) by extensions ['colcon_pkg']
[6.212s] Level 1:colcon.colcon_core.package_identification:_identify(src/robot_utils) by extension 'colcon_pkg'
[6.213s] Level 1:colcon.colcon_core.package_identification:_identify(src/robot_utils) by extensions ['colcon_meta']
[6.213s] Level 1:colcon.colcon_core.package_identification:_identify(src/robot_utils) by extension 'colcon_meta'
[6.215s] Level 1:colcon.colcon_core.package_identification:_identify(src/robot_utils) by extensions ['ros']
[6.215s] Level 1:colcon.colcon_core.package_identification:_identify(src/robot_utils) by extension 'ros'
[6.217s] Level 1:colcon.colcon_core.package_identification:_identify(src/robot_utils) by extensions ['cmake', 'python']
[6.218s] Level 1:colcon.colcon_core.package_identification:_identify(src/robot_utils) by extension 'cmake'
[6.218s] Level 1:colcon.colcon_core.package_identification:_identify(src/robot_utils) by extension 'python'
[6.219s] Level 1:colcon.colcon_core.package_identification:_identify(src/robot_utils) by extensions ['python_setup_py']
[6.220s] Level 1:colcon.colcon_core.package_identification:_identify(src/robot_utils) by extension 'python_setup_py'
[6.221s] Level 1:colcon.colcon_core.package_discovery:discover_packages(recursive) using defaults
[6.222s] Level 1:colcon.colcon_core.package_discovery:discover_packages(ignore) discover
[6.222s] Level 1:colcon.colcon_core.package_discovery:discover_packages(ignore) using defaults
[6.223s] Level 1:colcon.colcon_core.package_discovery:discover_packages(path) discover
[6.223s] Level 1:colcon.colcon_core.package_discovery:discover_packages(path) using defaults
[6.567s] Level 1:colcon.colcon_core.package_discovery:discover_packages(prefix_path) check parameters
[6.568s] Level 1:colcon.colcon_core.package_discovery:discover_packages(prefix_path) discover
[6.610s] DEBUG:colcon.colcon_installed_package_information.package_discovery:Found 5 installed packages in /home/car-pi/ros2_ws/install
[6.654s] DEBUG:colcon.colcon_installed_package_information.package_discovery:Found 294 installed packages in /opt/ros/humble
[6.836s] Level 1:colcon.colcon_core.package_discovery:discover_packages(prefix_path) using defaults
[7.677s] Level 5:colcon.colcon_core.verb:set package 'arduino_diffdrive' build argument 'cmake_args' from command line to 'None'
[7.677s] Level 5:colcon.colcon_core.verb:set package 'arduino_diffdrive' build argument 'cmake_target' from command line to 'None'
[7.678s] Level 5:colcon.colcon_core.verb:set package 'arduino_diffdrive' build argument 'cmake_target_skip_unavailable' from command line to 'False'
[7.678s] Level 5:colcon.colcon_core.verb:set package 'arduino_diffdrive' build argument 'cmake_clean_cache' from command line to 'False'
[7.679s] Level 5:colcon.colcon_core.verb:set package 'arduino_diffdrive' build argument 'cmake_clean_first' from command line to 'False'
[7.679s] Level 5:colcon.colcon_core.verb:set package 'arduino_diffdrive' build argument 'cmake_force_configure' from command line to 'False'
[7.680s] Level 5:colcon.colcon_core.verb:set package 'arduino_diffdrive' build argument 'ament_cmake_args' from command line to 'None'
[7.680s] Level 5:colcon.colcon_core.verb:set package 'arduino_diffdrive' build argument 'catkin_cmake_args' from command line to 'None'
[7.681s] Level 5:colcon.colcon_core.verb:set package 'arduino_diffdrive' build argument 'catkin_skip_building_tests' from command line to 'False'
[7.682s] DEBUG:colcon.colcon_core.verb:Building package 'arduino_diffdrive' with the following arguments: {'ament_cmake_args': None, 'build_base': '/home/car-pi/ros2_ws/build/arduino_diffdrive', 'catkin_cmake_args': None, 'catkin_skip_building_tests': False, 'cmake_args': None, 'cmake_clean_cache': False, 'cmake_clean_first': False, 'cmake_force_configure': False, 'cmake_target': None, 'cmake_target_skip_unavailable': False, 'install_base': '/home/car-pi/ros2_ws/install/arduino_diffdrive', 'merge_install': False, 'path': '/home/car-pi/ros2_ws/src/robot_hardware/arduino_diffdrive', 'symlink_install': False, 'test_result_base': None}
[7.689s] Level 5:colcon.colcon_core.verb:set package 'motor_test' build argument 'cmake_args' from command line to 'None'
[7.689s] Level 5:colcon.colcon_core.verb:set package 'motor_test' build argument 'cmake_target' from command line to 'None'
[7.690s] Level 5:colcon.colcon_core.verb:set package 'motor_test' build argument 'cmake_target_skip_unavailable' from command line to 'False'
[7.690s] Level 5:colcon.colcon_core.verb:set package 'motor_test' build argument 'cmake_clean_cache' from command line to 'False'
[7.691s] Level 5:colcon.colcon_core.verb:set package 'motor_test' build argument 'cmake_clean_first' from command line to 'False'
[7.691s] Level 5:colcon.colcon_core.verb:set package 'motor_test' build argument 'cmake_force_configure' from command line to 'False'
[7.692s] Level 5:colcon.colcon_core.verb:set package 'motor_test' build argument 'ament_cmake_args' from command line to 'None'
[7.692s] Level 5:colcon.colcon_core.verb:set package 'motor_test' build argument 'catkin_cmake_args' from command line to 'None'
[7.693s] Level 5:colcon.colcon_core.verb:set package 'motor_test' build argument 'catkin_skip_building_tests' from command line to 'False'
[7.693s] DEBUG:colcon.colcon_core.verb:Building package 'motor_test' with the following arguments: {'ament_cmake_args': None, 'build_base': '/home/car-pi/ros2_ws/build/motor_test', 'catkin_cmake_args': None, 'catkin_skip_building_tests': False, 'cmake_args': None, 'cmake_clean_cache': False, 'cmake_clean_first': False, 'cmake_force_configure': False, 'cmake_target': None, 'cmake_target_skip_unavailable': False, 'install_base': '/home/car-pi/ros2_ws/install/motor_test', 'merge_install': False, 'path': '/home/car-pi/ros2_ws/src/robot_tests/motor_test', 'symlink_install': False, 'test_result_base': None}
[7.701s] Level 5:colcon.colcon_core.verb:set package 'robot_bringup' build argument 'cmake_args' from command line to 'None'
[7.701s] Level 5:colcon.colcon_core.verb:set package 'robot_bringup' build argument 'cmake_target' from command line to 'None'
[7.702s] Level 5:colcon.colcon_core.verb:set package 'robot_bringup' build argument 'cmake_target_skip_unavailable' from command line to 'False'
[7.702s] Level 5:colcon.colcon_core.verb:set package 'robot_bringup' build argument 'cmake_clean_cache' from command line to 'False'
[7.703s] Level 5:colcon.colcon_core.verb:set package 'robot_bringup' build argument 'cmake_clean_first' from command line to 'False'
[7.703s] Level 5:colcon.colcon_core.verb:set package 'robot_bringup' build argument 'cmake_force_configure' from command line to 'False'
[7.704s] Level 5:colcon.colcon_core.verb:set package 'robot_bringup' build argument 'ament_cmake_args' from command line to 'None'
[7.704s] Level 5:colcon.colcon_core.verb:set package 'robot_bringup' build argument 'catkin_cmake_args' from command line to 'None'
[7.705s] Level 5:colcon.colcon_core.verb:set package 'robot_bringup' build argument 'catkin_skip_building_tests' from command line to 'False'
[7.705s] DEBUG:colcon.colcon_core.verb:Building package 'robot_bringup' with the following arguments: {'ament_cmake_args': None, 'build_base': '/home/car-pi/ros2_ws/build/robot_bringup', 'catkin_cmake_args': None, 'catkin_skip_building_tests': False, 'cmake_args': None, 'cmake_clean_cache': False, 'cmake_clean_first': False, 'cmake_force_configure': False, 'cmake_target': None, 'cmake_target_skip_unavailable': False, 'install_base': '/home/car-pi/ros2_ws/install/robot_bringup', 'merge_install': False, 'path': '/home/car-pi/ros2_ws/src/robot_bringup', 'symlink_install': False, 'test_result_base': None}
[7.713s] Level 5:colcon.colcon_core.verb:set package 'robot_description' build argument 'cmake_args' from command line to 'None'
[7.713s] Level 5:colcon.colcon_core.verb:set package 'robot_description' build argument 'cmake_target' from command line to 'None'
[7.714s] Level 5:colcon.colcon_core.verb:set package 'robot_description' build argument 'cmake_target_skip_unavailable' from command line to 'False'
[7.714s] Level 5:colcon.colcon_core.verb:set package 'robot_description' build argument 'cmake_clean_cache' from command line to 'False'
[7.715s] Level 5:colcon.colcon_core.verb:set package 'robot_description' build argument 'cmake_clean_first' from command line to 'False'
[7.715s] Level 5:colcon.colcon_core.verb:set package 'robot_description' build argument 'cmake_force_configure' from command line to 'False'
[7.716s] Level 5:colcon.colcon_core.verb:set package 'robot_description' build argument 'ament_cmake_args' from command line to 'None'
[7.716s] Level 5:colcon.colcon_core.verb:set package 'robot_description' build argument 'catkin_cmake_args' from command line to 'None'
[7.717s] Level 5:colcon.colcon_core.verb:set package 'robot_description' build argument 'catkin_skip_building_tests' from command line to 'False'
[7.717s] DEBUG:colcon.colcon_core.verb:Building package 'robot_description' with the following arguments: {'ament_cmake_args': None, 'build_base': '/home/car-pi/ros2_ws/build/robot_description', 'catkin_cmake_args': None, 'catkin_skip_building_tests': False, 'cmake_args': None, 'cmake_clean_cache': False, 'cmake_clean_first': False, 'cmake_force_configure': False, 'cmake_target': None, 'cmake_target_skip_unavailable': False, 'install_base': '/home/car-pi/ros2_ws/install/robot_description', 'merge_install': False, 'path': '/home/car-pi/ros2_ws/src/robot_description', 'symlink_install': False, 'test_result_base': None}
[7.724s] Level 5:colcon.colcon_core.verb:set package 'ydlidar_ros2_driver' build argument 'cmake_args' from command line to 'None'
[7.725s] Level 5:colcon.colcon_core.verb:set package 'ydlidar_ros2_driver' build argument 'cmake_target' from command line to 'None'
[7.726s] Level 5:colcon.colcon_core.verb:set package 'ydlidar_ros2_driver' build argument 'cmake_target_skip_unavailable' from command line to 'False'
[7.726s] Level 5:colcon.colcon_core.verb:set package 'ydlidar_ros2_driver' build argument 'cmake_clean_cache' from command line to 'False'
[7.727s] Level 5:colcon.colcon_core.verb:set package 'ydlidar_ros2_driver' build argument 'cmake_clean_first' from command line to 'False'
[7.727s] Level 5:colcon.colcon_core.verb:set package 'ydlidar_ros2_driver' build argument 'cmake_force_configure' from command line to 'False'
[7.728s] Level 5:colcon.colcon_core.verb:set package 'ydlidar_ros2_driver' build argument 'ament_cmake_args' from command line to 'None'
[7.728s] Level 5:colcon.colcon_core.verb:set package 'ydlidar_ros2_driver' build argument 'catkin_cmake_args' from command line to 'None'
[7.729s] Level 5:colcon.colcon_core.verb:set package 'ydlidar_ros2_driver' build argument 'catkin_skip_building_tests' from command line to 'False'
[7.729s] DEBUG:colcon.colcon_core.verb:Building package 'ydlidar_ros2_driver' with the following arguments: {'ament_cmake_args': None, 'build_base': '/home/car-pi/ros2_ws/build/ydlidar_ros2_driver', 'catkin_cmake_args': None, 'catkin_skip_building_tests': False, 'cmake_args': None, 'cmake_clean_cache': False, 'cmake_clean_first': False, 'cmake_force_configure': False, 'cmake_target': None, 'cmake_target_skip_unavailable': False, 'install_base': '/home/car-pi/ros2_ws/install/ydlidar_ros2_driver', 'merge_install': False, 'path': '/home/car-pi/ros2_ws/src/robot_drivers/ydlidar_ros2_driver', 'symlink_install': False, 'test_result_base': None}
[7.732s] INFO:colcon.colcon_core.executor:Executing jobs using 'parallel' executor
[7.744s] DEBUG:colcon.colcon_parallel_executor.executor.parallel:run_until_complete
[7.748s] INFO:colcon.colcon_ros.task.ament_cmake.build:Building ROS package in '/home/car-pi/ros2_ws/src/robot_hardware/arduino_diffdrive' with build type 'ament_cmake'
[7.750s] INFO:colcon.colcon_cmake.task.cmake.build:Building CMake package in '/home/car-pi/ros2_ws/src/robot_hardware/arduino_diffdrive'
[7.790s] INFO:colcon.colcon_core.plugin_system:Skipping extension 'colcon_core.shell.bat': Not used on non-Windows systems
[7.796s] INFO:colcon.colcon_core.shell:Skip shell extension 'powershell' for command environment: Not usable outside of PowerShell
[7.797s] DEBUG:colcon.colcon_core.shell:Skip shell extension 'dsv' for command environment
[7.886s] INFO:colcon.colcon_ros.task.ament_python.build:Building ROS package in '/home/car-pi/ros2_ws/src/robot_tests/motor_test' with build type 'ament_python'
[7.889s] Level 1:colcon.colcon_core.shell:create_environment_hook('motor_test', 'ament_prefix_path')
[7.894s] INFO:colcon.colcon_core.shell:Creating environment hook '/home/car-pi/ros2_ws/install/motor_test/share/motor_test/hook/ament_prefix_path.ps1'
[7.905s] INFO:colcon.colcon_core.shell:Creating environment descriptor '/home/car-pi/ros2_ws/install/motor_test/share/motor_test/hook/ament_prefix_path.dsv'
[7.915s] INFO:colcon.colcon_core.shell:Creating environment hook '/home/car-pi/ros2_ws/install/motor_test/share/motor_test/hook/ament_prefix_path.sh'
[7.929s] INFO:colcon.colcon_core.shell:Skip shell extension 'powershell' for command environment: Not usable outside of PowerShell
[7.930s] DEBUG:colcon.colcon_core.shell:Skip shell extension 'dsv' for command environment
[8.014s] INFO:colcon.colcon_ros.task.ament_cmake.build:Building ROS package in '/home/car-pi/ros2_ws/src/robot_bringup' with build type 'ament_cmake'
[8.017s] INFO:colcon.colcon_cmake.task.cmake.build:Building CMake package in '/home/car-pi/ros2_ws/src/robot_bringup'
[8.021s] INFO:colcon.colcon_core.shell:Skip shell extension 'powershell' for command environment: Not usable outside of PowerShell
[8.022s] DEBUG:colcon.colcon_core.shell:Skip shell extension 'dsv' for command environment
[8.109s] INFO:colcon.colcon_ros.task.ament_cmake.build:Building ROS package in '/home/car-pi/ros2_ws/src/robot_description' with build type 'ament_cmake'
[8.111s] INFO:colcon.colcon_cmake.task.cmake.build:Building CMake package in '/home/car-pi/ros2_ws/src/robot_description'
[8.115s] INFO:colcon.colcon_core.shell:Skip shell extension 'powershell' for command environment: Not usable outside of PowerShell
[8.118s] DEBUG:colcon.colcon_core.shell:Skip shell extension 'dsv' for command environment
[8.267s] DEBUG:colcon.colcon_core.event_handler.log_command:Invoking command in '/home/car-pi/ros2_ws/build/arduino_diffdrive': CMAKE_PREFIX_PATH=${CMAKE_PREFIX_PATH}:/home/car-pi/ros2_ws/install/motor_test:/opt/ros/humble /usr/bin/cmake --build /home/car-pi/ros2_ws/build/arduino_diffdrive -- -j4 -l4
[13.405s] INFO:colcon.colcon_core.task.python.build:Building Python package in '/home/car-pi/ros2_ws/src/robot_tests/motor_test'
[13.410s] INFO:colcon.colcon_core.shell:Skip shell extension 'powershell' for command environment: Not usable outside of PowerShell
[13.410s] DEBUG:colcon.colcon_core.shell:Skip shell extension 'dsv' for command environment
[13.569s] DEBUG:colcon.colcon_core.event_handler.log_command:Invoking command in '/home/car-pi/ros2_ws/build/robot_bringup': CMAKE_PREFIX_PATH=${CMAKE_PREFIX_PATH}:/home/car-pi/ros2_ws/install/motor_test:/opt/ros/humble /usr/bin/cmake --build /home/car-pi/ros2_ws/build/robot_bringup -- -j4 -l4
[13.637s] DEBUG:colcon.colcon_core.event_handler.log_command:Invoking command in '/home/car-pi/ros2_ws/build/robot_description': CMAKE_PREFIX_PATH=${CMAKE_PREFIX_PATH}:/home/car-pi/ros2_ws/install/motor_test:/opt/ros/humble /usr/bin/cmake --build /home/car-pi/ros2_ws/build/robot_description -- -j4 -l4
[13.648s] DEBUG:colcon.colcon_core.event_handler.log_command:Invoked command in '/home/car-pi/ros2_ws/build/arduino_diffdrive' returned '0': CMAKE_PREFIX_PATH=${CMAKE_PREFIX_PATH}:/home/car-pi/ros2_ws/install/motor_test:/opt/ros/humble /usr/bin/cmake --build /home/car-pi/ros2_ws/build/arduino_diffdrive -- -j4 -l4
[13.810s] DEBUG:colcon.colcon_core.event_handler.log_command:Invoking command in '/home/car-pi/ros2_ws/build/arduino_diffdrive': CMAKE_PREFIX_PATH=${CMAKE_PREFIX_PATH}:/home/car-pi/ros2_ws/install/motor_test:/opt/ros/humble /usr/bin/cmake --install /home/car-pi/ros2_ws/build/arduino_diffdrive
[14.007s] Level 1:colcon.colcon_core.environment:create_environment_scripts_only(arduino_diffdrive)
[14.015s] DEBUG:colcon.colcon_core.event_handler.log_command:Invoked command in '/home/car-pi/ros2_ws/build/arduino_diffdrive' returned '0': CMAKE_PREFIX_PATH=${CMAKE_PREFIX_PATH}:/home/car-pi/ros2_ws/install/motor_test:/opt/ros/humble /usr/bin/cmake --install /home/car-pi/ros2_ws/build/arduino_diffdrive
[14.074s] Level 1:colcon.colcon_core.environment:checking '/home/car-pi/ros2_ws/install/arduino_diffdrive' for CMake module files
[14.089s] Level 1:colcon.colcon_core.environment:checking '/home/car-pi/ros2_ws/install/arduino_diffdrive' for CMake config files
[14.097s] Level 1:colcon.colcon_core.shell:create_environment_hook('arduino_diffdrive', 'cmake_prefix_path')
[14.102s] INFO:colcon.colcon_core.shell:Creating environment hook '/home/car-pi/ros2_ws/install/arduino_diffdrive/share/arduino_diffdrive/hook/cmake_prefix_path.ps1'
[14.114s] INFO:colcon.colcon_core.shell:Creating environment descriptor '/home/car-pi/ros2_ws/install/arduino_diffdrive/share/arduino_diffdrive/hook/cmake_prefix_path.dsv'
[14.128s] INFO:colcon.colcon_core.shell:Creating environment hook '/home/car-pi/ros2_ws/install/arduino_diffdrive/share/arduino_diffdrive/hook/cmake_prefix_path.sh'
[14.148s] Level 1:colcon.colcon_core.environment:checking '/home/car-pi/ros2_ws/install/arduino_diffdrive/lib'
[14.151s] Level 1:colcon.colcon_core.environment:checking '/home/car-pi/ros2_ws/install/arduino_diffdrive/bin'
[14.154s] Level 1:colcon.colcon_core.environment:checking '/home/car-pi/ros2_ws/install/arduino_diffdrive/lib/pkgconfig/arduino_diffdrive.pc'
[14.159s] Level 1:colcon.colcon_core.environment:checking '/home/car-pi/ros2_ws/install/arduino_diffdrive/lib/python3.10/site-packages'
[14.167s] Level 1:colcon.colcon_core.environment:checking '/home/car-pi/ros2_ws/install/arduino_diffdrive/bin'
[14.174s] INFO:colcon.colcon_core.shell:Creating package script '/home/car-pi/ros2_ws/install/arduino_diffdrive/share/arduino_diffdrive/package.ps1'
[14.190s] INFO:colcon.colcon_core.shell:Creating package descriptor '/home/car-pi/ros2_ws/install/arduino_diffdrive/share/arduino_diffdrive/package.dsv'
[14.202s] INFO:colcon.colcon_core.shell:Creating package script '/home/car-pi/ros2_ws/install/arduino_diffdrive/share/arduino_diffdrive/package.sh'
[14.218s] INFO:colcon.colcon_core.shell:Creating package script '/home/car-pi/ros2_ws/install/arduino_diffdrive/share/arduino_diffdrive/package.bash'
[14.237s] INFO:colcon.colcon_core.shell:Creating package script '/home/car-pi/ros2_ws/install/arduino_diffdrive/share/arduino_diffdrive/package.zsh'
[14.251s] Level 1:colcon.colcon_core.environment:create_file_with_runtime_dependencies(/home/car-pi/ros2_ws/install/arduino_diffdrive/share/colcon-core/packages/arduino_diffdrive)
[14.264s] Level 1:colcon.colcon_core.environment:create_environment_scripts_only(arduino_diffdrive)
[14.269s] Level 1:colcon.colcon_core.environment:checking '/home/car-pi/ros2_ws/install/arduino_diffdrive' for CMake module files
[14.283s] Level 1:colcon.colcon_core.environment:checking '/home/car-pi/ros2_ws/install/arduino_diffdrive' for CMake config files
[14.290s] Level 1:colcon.colcon_core.shell:create_environment_hook('arduino_diffdrive', 'cmake_prefix_path')
[14.294s] INFO:colcon.colcon_core.shell:Creating environment hook '/home/car-pi/ros2_ws/install/arduino_diffdrive/share/arduino_diffdrive/hook/cmake_prefix_path.ps1'
[14.302s] INFO:colcon.colcon_core.shell:Creating environment descriptor '/home/car-pi/ros2_ws/install/arduino_diffdrive/share/arduino_diffdrive/hook/cmake_prefix_path.dsv'
[14.309s] INFO:colcon.colcon_core.shell:Creating environment hook '/home/car-pi/ros2_ws/install/arduino_diffdrive/share/arduino_diffdrive/hook/cmake_prefix_path.sh'
[14.321s] Level 1:colcon.colcon_core.environment:checking '/home/car-pi/ros2_ws/install/arduino_diffdrive/lib'
[14.323s] Level 1:colcon.colcon_core.environment:checking '/home/car-pi/ros2_ws/install/arduino_diffdrive/bin'
[14.324s] Level 1:colcon.colcon_core.environment:checking '/home/car-pi/ros2_ws/install/arduino_diffdrive/lib/pkgconfig/arduino_diffdrive.pc'
[14.329s] Level 1:colcon.colcon_core.environment:checking '/home/car-pi/ros2_ws/install/arduino_diffdrive/lib/python3.10/site-packages'
[14.336s] Level 1:colcon.colcon_core.environment:checking '/home/car-pi/ros2_ws/install/arduino_diffdrive/bin'
[14.342s] INFO:colcon.colcon_core.shell:Creating package script '/home/car-pi/ros2_ws/install/arduino_diffdrive/share/arduino_diffdrive/package.ps1'
[14.353s] INFO:colcon.colcon_core.shell:Creating package descriptor '/home/car-pi/ros2_ws/install/arduino_diffdrive/share/arduino_diffdrive/package.dsv'
[14.364s] INFO:colcon.colcon_core.shell:Creating package script '/home/car-pi/ros2_ws/install/arduino_diffdrive/share/arduino_diffdrive/package.sh'
[14.373s] INFO:colcon.colcon_core.shell:Creating package script '/home/car-pi/ros2_ws/install/arduino_diffdrive/share/arduino_diffdrive/package.bash'
[14.382s] INFO:colcon.colcon_core.shell:Creating package script '/home/car-pi/ros2_ws/install/arduino_diffdrive/share/arduino_diffdrive/package.zsh'
[14.390s] Level 1:colcon.colcon_core.environment:create_file_with_runtime_dependencies(/home/car-pi/ros2_ws/install/arduino_diffdrive/share/colcon-core/packages/arduino_diffdrive)
[14.400s] INFO:colcon.colcon_ros.task.ament_cmake.build:Building ROS package in '/home/car-pi/ros2_ws/src/robot_drivers/ydlidar_ros2_driver' with build type 'ament_cmake'
[14.402s] INFO:colcon.colcon_cmake.task.cmake.build:Building CMake package in '/home/car-pi/ros2_ws/src/robot_drivers/ydlidar_ros2_driver'
[14.407s] INFO:colcon.colcon_core.shell:Skip shell extension 'powershell' for command environment: Not usable outside of PowerShell
[14.408s] DEBUG:colcon.colcon_core.shell:Skip shell extension 'dsv' for command environment
[14.516s] DEBUG:colcon.colcon_core.event_handler.log_command:Invoked command in '/home/car-pi/ros2_ws/build/robot_description' returned '0': CMAKE_PREFIX_PATH=${CMAKE_PREFIX_PATH}:/home/car-pi/ros2_ws/install/motor_test:/opt/ros/humble /usr/bin/cmake --build /home/car-pi/ros2_ws/build/robot_description -- -j4 -l4
[14.551s] DEBUG:colcon.colcon_core.event_handler.log_command:Invoking command in '/home/car-pi/ros2_ws/build/robot_description': CMAKE_PREFIX_PATH=${CMAKE_PREFIX_PATH}:/home/car-pi/ros2_ws/install/motor_test:/opt/ros/humble /usr/bin/cmake --install /home/car-pi/ros2_ws/build/robot_description
[14.565s] DEBUG:colcon.colcon_core.event_handler.log_command:Invoked command in '/home/car-pi/ros2_ws/build/robot_bringup' returned '0': CMAKE_PREFIX_PATH=${CMAKE_PREFIX_PATH}:/home/car-pi/ros2_ws/install/motor_test:/opt/ros/humble /usr/bin/cmake --build /home/car-pi/ros2_ws/build/robot_bringup -- -j4 -l4
[14.601s] DEBUG:colcon.colcon_core.event_handler.log_command:Invoking command in '/home/car-pi/ros2_ws/build/robot_bringup': CMAKE_PREFIX_PATH=${CMAKE_PREFIX_PATH}:/home/car-pi/ros2_ws/install/motor_test:/opt/ros/humble /usr/bin/cmake --install /home/car-pi/ros2_ws/build/robot_bringup
[14.700s] DEBUG:colcon.colcon_core.event_handler.log_command:Invoking command in '/home/car-pi/ros2_ws/build/ydlidar_ros2_driver': CMAKE_PREFIX_PATH=${CMAKE_PREFIX_PATH}:/home/car-pi/ros2_ws/install/motor_test:/opt/ros/humble /usr/bin/cmake --build /home/car-pi/ros2_ws/build/ydlidar_ros2_driver -- -j4 -l4
[14.762s] Level 1:colcon.colcon_core.environment:create_environment_scripts_only(robot_description)
[14.767s] Level 1:colcon.colcon_core.environment:checking '/home/car-pi/ros2_ws/install/robot_description' for CMake module files
[14.831s] Level 1:colcon.colcon_core.environment:checking '/home/car-pi/ros2_ws/install/robot_description' for CMake config files
[14.854s] Level 1:colcon.colcon_core.shell:create_environment_hook('robot_description', 'cmake_prefix_path')
[14.859s] INFO:colcon.colcon_core.shell:Creating environment hook '/home/car-pi/ros2_ws/install/robot_description/share/robot_description/hook/cmake_prefix_path.ps1'
[14.872s] INFO:colcon.colcon_core.shell:Creating environment descriptor '/home/car-pi/ros2_ws/install/robot_description/share/robot_description/hook/cmake_prefix_path.dsv'
[14.886s] INFO:colcon.colcon_core.shell:Creating environment hook '/home/car-pi/ros2_ws/install/robot_description/share/robot_description/hook/cmake_prefix_path.sh'
[14.902s] DEBUG:colcon.colcon_core.event_handler.log_command:Invoked command in '/home/car-pi/ros2_ws/build/robot_description' returned '0': CMAKE_PREFIX_PATH=${CMAKE_PREFIX_PATH}:/home/car-pi/ros2_ws/install/motor_test:/opt/ros/humble /usr/bin/cmake --install /home/car-pi/ros2_ws/build/robot_description
[14.909s] Level 1:colcon.colcon_core.environment:checking '/home/car-pi/ros2_ws/install/robot_description/bin'
[14.912s] Level 1:colcon.colcon_core.environment:checking '/home/car-pi/ros2_ws/install/robot_description/lib/pkgconfig/robot_description.pc'
[14.917s] Level 1:colcon.colcon_core.environment:checking '/home/car-pi/ros2_ws/install/robot_description/lib/python3.10/site-packages'
[14.928s] Level 1:colcon.colcon_core.environment:checking '/home/car-pi/ros2_ws/install/robot_description/bin'
[14.934s] INFO:colcon.colcon_core.shell:Creating package script '/home/car-pi/ros2_ws/install/robot_description/share/robot_description/package.ps1'
[14.954s] INFO:colcon.colcon_core.shell:Creating package descriptor '/home/car-pi/ros2_ws/install/robot_description/share/robot_description/package.dsv'
[14.964s] INFO:colcon.colcon_core.shell:Creating package script '/home/car-pi/ros2_ws/install/robot_description/share/robot_description/package.sh'
[14.973s] INFO:colcon.colcon_core.shell:Creating package script '/home/car-pi/ros2_ws/install/robot_description/share/robot_description/package.bash'
[14.985s] INFO:colcon.colcon_core.shell:Creating package script '/home/car-pi/ros2_ws/install/robot_description/share/robot_description/package.zsh'
[14.993s] Level 1:colcon.colcon_core.environment:create_file_with_runtime_dependencies(/home/car-pi/ros2_ws/install/robot_description/share/colcon-core/packages/robot_description)
[15.005s] Level 1:colcon.colcon_core.environment:create_environment_scripts_only(robot_description)
[15.010s] Level 1:colcon.colcon_core.environment:checking '/home/car-pi/ros2_ws/install/robot_description' for CMake module files
[15.023s] Level 1:colcon.colcon_core.environment:checking '/home/car-pi/ros2_ws/install/robot_description' for CMake config files
[15.029s] Level 1:colcon.colcon_core.shell:create_environment_hook('robot_description', 'cmake_prefix_path')
[15.033s] INFO:colcon.colcon_core.shell:Creating environment hook '/home/car-pi/ros2_ws/install/robot_description/share/robot_description/hook/cmake_prefix_path.ps1'
[15.042s] INFO:colcon.colcon_core.shell:Creating environment descriptor '/home/car-pi/ros2_ws/install/robot_description/share/robot_description/hook/cmake_prefix_path.dsv'
[15.050s] INFO:colcon.colcon_core.shell:Creating environment hook '/home/car-pi/ros2_ws/install/robot_description/share/robot_description/hook/cmake_prefix_path.sh'
[15.061s] Level 1:colcon.colcon_core.environment:checking '/home/car-pi/ros2_ws/install/robot_description/bin'
[15.062s] Level 1:colcon.colcon_core.environment:checking '/home/car-pi/ros2_ws/install/robot_description/lib/pkgconfig/robot_description.pc'
[15.067s] Level 1:colcon.colcon_core.environment:checking '/home/car-pi/ros2_ws/install/robot_description/lib/python3.10/site-packages'
[15.075s] Level 1:colcon.colcon_core.environment:checking '/home/car-pi/ros2_ws/install/robot_description/bin'
[15.080s] INFO:colcon.colcon_core.shell:Creating package script '/home/car-pi/ros2_ws/install/robot_description/share/robot_description/package.ps1'
[15.092s] INFO:colcon.colcon_core.shell:Creating package descriptor '/home/car-pi/ros2_ws/install/robot_description/share/robot_description/package.dsv'
[15.102s] INFO:colcon.colcon_core.shell:Creating package script '/home/car-pi/ros2_ws/install/robot_description/share/robot_description/package.sh'
[15.112s] INFO:colcon.colcon_core.shell:Creating package script '/home/car-pi/ros2_ws/install/robot_description/share/robot_description/package.bash'
[15.121s] INFO:colcon.colcon_core.shell:Creating package script '/home/car-pi/ros2_ws/install/robot_description/share/robot_description/package.zsh'
[15.131s] Level 1:colcon.colcon_core.environment:create_file_with_runtime_dependencies(/home/car-pi/ros2_ws/install/robot_description/share/colcon-core/packages/robot_description)
[15.148s] Level 1:colcon.colcon_core.environment:create_environment_scripts_only(robot_bringup)
[15.152s] Level 1:colcon.colcon_core.environment:checking '/home/car-pi/ros2_ws/install/robot_bringup' for CMake module files
[15.165s] DEBUG:colcon.colcon_core.event_handler.log_command:Invoked command in '/home/car-pi/ros2_ws/build/robot_bringup' returned '0': CMAKE_PREFIX_PATH=${CMAKE_PREFIX_PATH}:/home/car-pi/ros2_ws/install/motor_test:/opt/ros/humble /usr/bin/cmake --install /home/car-pi/ros2_ws/build/robot_bringup
[15.173s] Level 1:colcon.colcon_core.environment:checking '/home/car-pi/ros2_ws/install/robot_bringup' for CMake config files
[15.178s] Level 1:colcon.colcon_core.shell:create_environment_hook('robot_bringup', 'cmake_prefix_path')
[15.183s] INFO:colcon.colcon_core.shell:Creating environment hook '/home/car-pi/ros2_ws/install/robot_bringup/share/robot_bringup/hook/cmake_prefix_path.ps1'
[15.193s] INFO:colcon.colcon_core.shell:Creating environment descriptor '/home/car-pi/ros2_ws/install/robot_bringup/share/robot_bringup/hook/cmake_prefix_path.dsv'
[15.202s] INFO:colcon.colcon_core.shell:Creating environment hook '/home/car-pi/ros2_ws/install/robot_bringup/share/robot_bringup/hook/cmake_prefix_path.sh'
[15.214s] Level 1:colcon.colcon_core.environment:checking '/home/car-pi/ros2_ws/install/robot_bringup/bin'
[15.215s] Level 1:colcon.colcon_core.environment:checking '/home/car-pi/ros2_ws/install/robot_bringup/lib/pkgconfig/robot_bringup.pc'
[15.220s] Level 1:colcon.colcon_core.environment:checking '/home/car-pi/ros2_ws/install/robot_bringup/lib/python3.10/site-packages'
[15.229s] Level 1:colcon.colcon_core.environment:checking '/home/car-pi/ros2_ws/install/robot_bringup/bin'
[15.234s] INFO:colcon.colcon_core.shell:Creating package script '/home/car-pi/ros2_ws/install/robot_bringup/share/robot_bringup/package.ps1'
[15.244s] INFO:colcon.colcon_core.shell:Creating package descriptor '/home/car-pi/ros2_ws/install/robot_bringup/share/robot_bringup/package.dsv'
[15.253s] INFO:colcon.colcon_core.shell:Creating package script '/home/car-pi/ros2_ws/install/robot_bringup/share/robot_bringup/package.sh'
[15.263s] INFO:colcon.colcon_core.shell:Creating package script '/home/car-pi/ros2_ws/install/robot_bringup/share/robot_bringup/package.bash'
[15.272s] INFO:colcon.colcon_core.shell:Creating package script '/home/car-pi/ros2_ws/install/robot_bringup/share/robot_bringup/package.zsh'
[15.280s] Level 1:colcon.colcon_core.environment:create_file_with_runtime_dependencies(/home/car-pi/ros2_ws/install/robot_bringup/share/colcon-core/packages/robot_bringup)
[15.292s] Level 1:colcon.colcon_core.environment:create_environment_scripts_only(robot_bringup)
[15.298s] Level 1:colcon.colcon_core.environment:checking '/home/car-pi/ros2_ws/install/robot_bringup' for CMake module files
[15.313s] Level 1:colcon.colcon_core.environment:checking '/home/car-pi/ros2_ws/install/robot_bringup' for CMake config files
[15.318s] Level 1:colcon.colcon_core.shell:create_environment_hook('robot_bringup', 'cmake_prefix_path')
[15.323s] INFO:colcon.colcon_core.shell:Creating environment hook '/home/car-pi/ros2_ws/install/robot_bringup/share/robot_bringup/hook/cmake_prefix_path.ps1'
[15.331s] INFO:colcon.colcon_core.shell:Creating environment descriptor '/home/car-pi/ros2_ws/install/robot_bringup/share/robot_bringup/hook/cmake_prefix_path.dsv'
[15.339s] INFO:colcon.colcon_core.shell:Creating environment hook '/home/car-pi/ros2_ws/install/robot_bringup/share/robot_bringup/hook/cmake_prefix_path.sh'
[15.351s] Level 1:colcon.colcon_core.environment:checking '/home/car-pi/ros2_ws/install/robot_bringup/bin'
[15.353s] Level 1:colcon.colcon_core.environment:checking '/home/car-pi/ros2_ws/install/robot_bringup/lib/pkgconfig/robot_bringup.pc'
[15.358s] Level 1:colcon.colcon_core.environment:checking '/home/car-pi/ros2_ws/install/robot_bringup/lib/python3.10/site-packages'
[15.366s] Level 1:colcon.colcon_core.environment:checking '/home/car-pi/ros2_ws/install/robot_bringup/bin'
[15.373s] INFO:colcon.colcon_core.shell:Creating package script '/home/car-pi/ros2_ws/install/robot_bringup/share/robot_bringup/package.ps1'
[15.382s] INFO:colcon.colcon_core.shell:Creating package descriptor '/home/car-pi/ros2_ws/install/robot_bringup/share/robot_bringup/package.dsv'
[15.393s] INFO:colcon.colcon_core.shell:Creating package script '/home/car-pi/ros2_ws/install/robot_bringup/share/robot_bringup/package.sh'
[15.403s] INFO:colcon.colcon_core.shell:Creating package script '/home/car-pi/ros2_ws/install/robot_bringup/share/robot_bringup/package.bash'
[15.415s] INFO:colcon.colcon_core.shell:Creating package script '/home/car-pi/ros2_ws/install/robot_bringup/share/robot_bringup/package.zsh'
[15.426s] Level 1:colcon.colcon_core.environment:create_file_with_runtime_dependencies(/home/car-pi/ros2_ws/install/robot_bringup/share/colcon-core/packages/robot_bringup)
[15.986s] DEBUG:colcon.colcon_core.event_handler.log_command:Invoked command in '/home/car-pi/ros2_ws/build/ydlidar_ros2_driver' returned '0': CMAKE_PREFIX_PATH=${CMAKE_PREFIX_PATH}:/home/car-pi/ros2_ws/install/motor_test:/opt/ros/humble /usr/bin/cmake --build /home/car-pi/ros2_ws/build/ydlidar_ros2_driver -- -j4 -l4
[16.020s] DEBUG:colcon.colcon_core.event_handler.log_command:Invoking command in '/home/car-pi/ros2_ws/build/ydlidar_ros2_driver': CMAKE_PREFIX_PATH=${CMAKE_PREFIX_PATH}:/home/car-pi/ros2_ws/install/motor_test:/opt/ros/humble /usr/bin/cmake --install /home/car-pi/ros2_ws/build/ydlidar_ros2_driver
[16.234s] Level 1:colcon.colcon_core.environment:create_environment_scripts_only(ydlidar_ros2_driver)
[16.239s] Level 1:colcon.colcon_core.environment:checking '/home/car-pi/ros2_ws/install/ydlidar_ros2_driver' for CMake module files
[16.256s] DEBUG:colcon.colcon_core.event_handler.log_command:Invoked command in '/home/car-pi/ros2_ws/build/ydlidar_ros2_driver' returned '0': CMAKE_PREFIX_PATH=${CMAKE_PREFIX_PATH}:/home/car-pi/ros2_ws/install/motor_test:/opt/ros/humble /usr/bin/cmake --install /home/car-pi/ros2_ws/build/ydlidar_ros2_driver
[16.266s] Level 1:colcon.colcon_core.environment:checking '/home/car-pi/ros2_ws/install/ydlidar_ros2_driver' for CMake config files
[16.274s] Level 1:colcon.colcon_core.shell:create_environment_hook('ydlidar_ros2_driver', 'cmake_prefix_path')
[16.278s] INFO:colcon.colcon_core.shell:Creating environment hook '/home/car-pi/ros2_ws/install/ydlidar_ros2_driver/share/ydlidar_ros2_driver/hook/cmake_prefix_path.ps1'
[16.286s] INFO:colcon.colcon_core.shell:Creating environment descriptor '/home/car-pi/ros2_ws/install/ydlidar_ros2_driver/share/ydlidar_ros2_driver/hook/cmake_prefix_path.dsv'
[16.294s] INFO:colcon.colcon_core.shell:Creating environment hook '/home/car-pi/ros2_ws/install/ydlidar_ros2_driver/share/ydlidar_ros2_driver/hook/cmake_prefix_path.sh'
[16.305s] Level 1:colcon.colcon_core.environment:checking '/home/car-pi/ros2_ws/install/ydlidar_ros2_driver/lib'
[16.307s] Level 1:colcon.colcon_core.environment:checking '/home/car-pi/ros2_ws/install/ydlidar_ros2_driver/bin'
[16.309s] Level 1:colcon.colcon_core.environment:checking '/home/car-pi/ros2_ws/install/ydlidar_ros2_driver/lib/pkgconfig/ydlidar_ros2_driver.pc'
[16.313s] Level 1:colcon.colcon_core.environment:checking '/home/car-pi/ros2_ws/install/ydlidar_ros2_driver/lib/python3.10/site-packages'
[16.321s] Level 1:colcon.colcon_core.environment:checking '/home/car-pi/ros2_ws/install/ydlidar_ros2_driver/bin'
[16.326s] INFO:colcon.colcon_core.shell:Creating package script '/home/car-pi/ros2_ws/install/ydlidar_ros2_driver/share/ydlidar_ros2_driver/package.ps1'
[16.335s] INFO:colcon.colcon_core.shell:Creating package descriptor '/home/car-pi/ros2_ws/install/ydlidar_ros2_driver/share/ydlidar_ros2_driver/package.dsv'
[16.345s] INFO:colcon.colcon_core.shell:Creating package script '/home/car-pi/ros2_ws/install/ydlidar_ros2_driver/share/ydlidar_ros2_driver/package.sh'
[16.354s] INFO:colcon.colcon_core.shell:Creating package script '/home/car-pi/ros2_ws/install/ydlidar_ros2_driver/share/ydlidar_ros2_driver/package.bash'
[16.362s] INFO:colcon.colcon_core.shell:Creating package script '/home/car-pi/ros2_ws/install/ydlidar_ros2_driver/share/ydlidar_ros2_driver/package.zsh'
[16.369s] Level 1:colcon.colcon_core.environment:create_file_with_runtime_dependencies(/home/car-pi/ros2_ws/install/ydlidar_ros2_driver/share/colcon-core/packages/ydlidar_ros2_driver)
[16.381s] Level 1:colcon.colcon_core.environment:create_environment_scripts_only(ydlidar_ros2_driver)
[16.386s] Level 1:colcon.colcon_core.environment:checking '/home/car-pi/ros2_ws/install/ydlidar_ros2_driver' for CMake module files
[16.400s] Level 1:colcon.colcon_core.environment:checking '/home/car-pi/ros2_ws/install/ydlidar_ros2_driver' for CMake config files
[16.408s] Level 1:colcon.colcon_core.shell:create_environment_hook('ydlidar_ros2_driver', 'cmake_prefix_path')
[16.412s] INFO:colcon.colcon_core.shell:Creating environment hook '/home/car-pi/ros2_ws/install/ydlidar_ros2_driver/share/ydlidar_ros2_driver/hook/cmake_prefix_path.ps1'
[16.420s] INFO:colcon.colcon_core.shell:Creating environment descriptor '/home/car-pi/ros2_ws/install/ydlidar_ros2_driver/share/ydlidar_ros2_driver/hook/cmake_prefix_path.dsv'
[16.428s] INFO:colcon.colcon_core.shell:Creating environment hook '/home/car-pi/ros2_ws/install/ydlidar_ros2_driver/share/ydlidar_ros2_driver/hook/cmake_prefix_path.sh'
[16.438s] Level 1:colcon.colcon_core.environment:checking '/home/car-pi/ros2_ws/install/ydlidar_ros2_driver/lib'
[16.440s] Level 1:colcon.colcon_core.environment:checking '/home/car-pi/ros2_ws/install/ydlidar_ros2_driver/bin'
[16.441s] Level 1:colcon.colcon_core.environment:checking '/home/car-pi/ros2_ws/install/ydlidar_ros2_driver/lib/pkgconfig/ydlidar_ros2_driver.pc'
[16.446s] Level 1:colcon.colcon_core.environment:checking '/home/car-pi/ros2_ws/install/ydlidar_ros2_driver/lib/python3.10/site-packages'
[16.456s] Level 1:colcon.colcon_core.environment:checking '/home/car-pi/ros2_ws/install/ydlidar_ros2_driver/bin'
[16.462s] INFO:colcon.colcon_core.shell:Creating package script '/home/car-pi/ros2_ws/install/ydlidar_ros2_driver/share/ydlidar_ros2_driver/package.ps1'
[16.472s] INFO:colcon.colcon_core.shell:Creating package descriptor '/home/car-pi/ros2_ws/install/ydlidar_ros2_driver/share/ydlidar_ros2_driver/package.dsv'
[16.481s] INFO:colcon.colcon_core.shell:Creating package script '/home/car-pi/ros2_ws/install/ydlidar_ros2_driver/share/ydlidar_ros2_driver/package.sh'
[16.490s] INFO:colcon.colcon_core.shell:Creating package script '/home/car-pi/ros2_ws/install/ydlidar_ros2_driver/share/ydlidar_ros2_driver/package.bash'
[16.499s] INFO:colcon.colcon_core.shell:Creating package script '/home/car-pi/ros2_ws/install/ydlidar_ros2_driver/share/ydlidar_ros2_driver/package.zsh'
[16.507s] Level 1:colcon.colcon_core.environment:create_file_with_runtime_dependencies(/home/car-pi/ros2_ws/install/ydlidar_ros2_driver/share/colcon-core/packages/ydlidar_ros2_driver)
[21.335s] DEBUG:colcon.colcon_core.event_handler.log_command:Invoking command in '/home/car-pi/ros2_ws/src/robot_tests/motor_test': PYTHONPATH=/home/car-pi/ros2_ws/build/motor_test/prefix_override:/usr/lib/python3/dist-packages/colcon_core/task/python/colcon_distutils_commands:/home/car-pi/ros2_ws/install/motor_test/lib/python3.10/site-packages:${PYTHONPATH} /usr/bin/python3 -W ignore:setup.py install is deprecated -W ignore:easy_install command is deprecated setup.py egg_info --egg-base ../../../build/motor_test build --build-base /home/car-pi/ros2_ws/build/motor_test/build install --record /home/car-pi/ros2_ws/build/motor_test/install.log --single-version-externally-managed install_data
[26.857s] Level 1:colcon.colcon_core.environment:checking '/home/car-pi/ros2_ws/install/motor_test' for CMake module files
[26.865s] DEBUG:colcon.colcon_core.event_handler.log_command:Invoked command in '/home/car-pi/ros2_ws/src/robot_tests/motor_test' returned '0': PYTHONPATH=/home/car-pi/ros2_ws/build/motor_test/prefix_override:/usr/lib/python3/dist-packages/colcon_core/task/python/colcon_distutils_commands:/home/car-pi/ros2_ws/install/motor_test/lib/python3.10/site-packages:${PYTHONPATH} /usr/bin/python3 -W ignore:setup.py install is deprecated -W ignore:easy_install command is deprecated setup.py egg_info --egg-base ../../../build/motor_test build --build-base /home/car-pi/ros2_ws/build/motor_test/build install --record /home/car-pi/ros2_ws/build/motor_test/install.log --single-version-externally-managed install_data
[26.872s] Level 1:colcon.colcon_core.environment:checking '/home/car-pi/ros2_ws/install/motor_test' for CMake config files
[26.885s] Level 1:colcon.colcon_core.environment:checking '/home/car-pi/ros2_ws/install/motor_test/lib'
[26.887s] Level 1:colcon.colcon_core.environment:checking '/home/car-pi/ros2_ws/install/motor_test/bin'
[26.888s] Level 1:colcon.colcon_core.environment:checking '/home/car-pi/ros2_ws/install/motor_test/lib/pkgconfig/motor_test.pc'
[26.892s] Level 1:colcon.colcon_core.environment:checking '/home/car-pi/ros2_ws/install/motor_test/lib/python3.10/site-packages'
[26.894s] Level 1:colcon.colcon_core.shell:create_environment_hook('motor_test', 'pythonpath')
[26.897s] INFO:colcon.colcon_core.shell:Creating environment hook '/home/car-pi/ros2_ws/install/motor_test/share/motor_test/hook/pythonpath.ps1'
[26.905s] INFO:colcon.colcon_core.shell:Creating environment descriptor '/home/car-pi/ros2_ws/install/motor_test/share/motor_test/hook/pythonpath.dsv'
[26.912s] INFO:colcon.colcon_core.shell:Creating environment hook '/home/car-pi/ros2_ws/install/motor_test/share/motor_test/hook/pythonpath.sh'
[26.926s] Level 1:colcon.colcon_core.environment:checking '/home/car-pi/ros2_ws/install/motor_test/bin'
[26.927s] Level 1:colcon.colcon_core.environment:create_environment_scripts_only(motor_test)
[26.933s] INFO:colcon.colcon_core.shell:Creating package script '/home/car-pi/ros2_ws/install/motor_test/share/motor_test/package.ps1'
[26.943s] INFO:colcon.colcon_core.shell:Creating package descriptor '/home/car-pi/ros2_ws/install/motor_test/share/motor_test/package.dsv'
[26.952s] INFO:colcon.colcon_core.shell:Creating package script '/home/car-pi/ros2_ws/install/motor_test/share/motor_test/package.sh'
[26.961s] INFO:colcon.colcon_core.shell:Creating package script '/home/car-pi/ros2_ws/install/motor_test/share/motor_test/package.bash'
[26.968s] INFO:colcon.colcon_core.shell:Creating package script '/home/car-pi/ros2_ws/install/motor_test/share/motor_test/package.zsh'
[26.975s] Level 1:colcon.colcon_core.environment:create_file_with_runtime_dependencies(/home/car-pi/ros2_ws/install/motor_test/share/colcon-core/packages/motor_test)
[26.980s] DEBUG:colcon.colcon_parallel_executor.executor.parallel:closing loop
[26.987s] DEBUG:colcon.colcon_parallel_executor.executor.parallel:loop closed
[26.988s] DEBUG:colcon.colcon_parallel_executor.executor.parallel:run_until_complete finished with '0'
[26.990s] DEBUG:colcon.colcon_core.event_reactor:joining thread
[27.073s] INFO:colcon.colcon_core.plugin_system:Skipping extension 'colcon_notification.desktop_notification.notify_send': Could not find 'notify-send'
[27.074s] INFO:colcon.colcon_core.plugin_system:Skipping extension 'colcon_notification.desktop_notification.terminal_notifier': Not used on non-Darwin systems
[27.076s] INFO:colcon.colcon_core.plugin_system:Skipping extension 'colcon_notification.desktop_notification.win32': Not used on non-Windows systems
[27.077s] INFO:colcon.colcon_notification.desktop_notification:Sending desktop notification using 'notify2'
[27.088s] DEBUG:colcon.colcon_notification.desktop_notification.notify2:Failed to initialize notify2: org.freedesktop.DBus.Error.ServiceUnknown: The name org.freedesktop.Notifications was not provided by any .service files
[27.089s] DEBUG:colcon.colcon_core.event_reactor:joined thread
[27.093s] INFO:colcon.colcon_core.shell:Creating prefix script '/home/car-pi/ros2_ws/install/local_setup.ps1'
[27.112s] INFO:colcon.colcon_core.shell:Creating prefix util module '/home/car-pi/ros2_ws/install/_local_setup_util_ps1.py'
[27.140s] INFO:colcon.colcon_core.shell:Creating prefix chain script '/home/car-pi/ros2_ws/install/setup.ps1'
[27.163s] INFO:colcon.colcon_core.shell:Creating prefix script '/home/car-pi/ros2_ws/install/local_setup.sh'
[27.174s] INFO:colcon.colcon_core.shell:Creating prefix util module '/home/car-pi/ros2_ws/install/_local_setup_util_sh.py'
[27.185s] INFO:colcon.colcon_core.shell:Creating prefix chain script '/home/car-pi/ros2_ws/install/setup.sh'
[27.210s] INFO:colcon.colcon_core.shell:Creating prefix script '/home/car-pi/ros2_ws/install/local_setup.bash'
[27.219s] INFO:colcon.colcon_core.shell:Creating prefix chain script '/home/car-pi/ros2_ws/install/setup.bash'
[27.243s] INFO:colcon.colcon_core.shell:Creating prefix script '/home/car-pi/ros2_ws/install/local_setup.zsh'
[27.253s] INFO:colcon.colcon_core.shell:Creating prefix chain script '/home/car-pi/ros2_ws/install/setup.zsh'
