[0.168s] Invoking command in '/home/car-pi/ros2_ws/build/ydlidar_ros2_driver': CMAKE_PREFIX_PATH=/opt/ros/humble /usr/bin/cmake /home/car-pi/ros2_ws/src/robot_drivers/ydlidar_ros2_driver -DCMAKE_INSTALL_PREFIX=/home/car-pi/ros2_ws/install/ydlidar_ros2_driver
[1.396s] -- The C compiler identification is GNU 11.4.0
[2.506s] -- The CXX compiler identification is GNU 11.4.0
[2.638s] -- Detecting C compiler ABI info
[3.688s] -- Detecting C compiler ABI info - done
[3.828s] -- Check for working C compiler: /usr/bin/ccache - skipped
[3.832s] -- Detecting C compile features
[3.839s] -- Detecting C compile features - done
[3.893s] -- Detecting CXX compiler ABI info
[5.058s] -- Detecting CXX compiler ABI info - done
[5.200s] -- Check for working CXX compiler: /usr/bin/ccache - skipped
[5.204s] -- Detecting CXX compile features
[5.212s] -- Detecting CXX compile features - done
[5.345s] -- Found ament_cmake: 1.3.12 (/opt/ros/humble/share/ament_cmake/cmake)
[8.333s] -- Found Python3: /usr/bin/python3 (found version "3.10.12") found components: Interpreter 
[10.867s] -- Found rclcpp: 16.0.17 (/opt/ros/humble/share/rclcpp/cmake)
[12.567s] -- Found rosidl_generator_c: 3.1.8 (/opt/ros/humble/share/rosidl_generator_c/cmake)
[12.801s] -- Found rosidl_adapter: 3.1.8 (/opt/ros/humble/share/rosidl_adapter/cmake)
[13.012s] -- Found rosidl_generator_cpp: 3.1.8 (/opt/ros/humble/share/rosidl_generator_cpp/cmake)
[13.401s] -- Using all available rosidl_typesupport_c: rosidl_typesupport_fastrtps_c;rosidl_typesupport_introspection_c
[13.925s] -- Using all available rosidl_typesupport_cpp: rosidl_typesupport_fastrtps_cpp;rosidl_typesupport_introspection_cpp
[15.406s] -- Found rmw_implementation_cmake: 6.1.2 (/opt/ros/humble/share/rmw_implementation_cmake/cmake)
[15.524s] -- Found rmw_cyclonedds_cpp: 1.3.4 (/opt/ros/humble/share/rmw_cyclonedds_cpp/cmake)
[16.087s] -- Using RMW implementation 'rmw_cyclonedds_cpp' as default
[16.355s] -- Looking for pthread.h
[17.385s] -- Looking for pthread.h - found
[17.389s] -- Performing Test CMAKE_HAVE_LIBC_PTHREAD
[18.408s] -- Performing Test CMAKE_HAVE_LIBC_PTHREAD - Success
[18.422s] -- Found Threads: TRUE  
[19.835s] -- Found sensor_msgs: 4.9.0 (/opt/ros/humble/share/sensor_msgs/cmake)
[20.737s] -- Found visualization_msgs: 4.9.0 (/opt/ros/humble/share/visualization_msgs/cmake)
[21.319s] -- Found std_srvs: 4.9.0 (/opt/ros/humble/share/std_srvs/cmake)
[21.813s] -- Found ament_lint_auto: 0.12.14 (/opt/ros/humble/share/ament_lint_auto/cmake)
[23.992s] -- Added test 'copyright' to check source files copyright and LICENSE
[24.210s] -- Added test 'cppcheck' to perform static code analysis on C / C++ code
[24.217s] -- Configured cppcheck include dirs: /home/car-pi/ros2_ws/src/robot_drivers/ydlidar_ros2_driver/src
[24.219s] -- Configured cppcheck exclude dirs and/or files: 
[24.439s] -- Added test 'cpplint' to check C / C++ code against the Google style
[24.441s] -- Configured cpplint exclude dirs and/or files: 
[24.472s] -- Added test 'flake8' to check Python code syntax and style conventions
[24.532s] -- Added test 'lint_cmake' to check CMake code style
[24.566s] -- Added test 'pep257' to check Python code against some of the docstring style conventions in PEP 257
[24.782s] -- Added test 'uncrustify' to check C / C++ code style
[24.784s] -- Configured uncrustify additional arguments: 
[24.816s] -- Added test 'xmllint' to check XML markup files
[24.846s] -- Configuring done
[25.214s] -- Generating done
[25.333s] -- Build files have been written to: /home/car-pi/ros2_ws/build/ydlidar_ros2_driver
[25.460s] Invoked command in '/home/car-pi/ros2_ws/build/ydlidar_ros2_driver' returned '0': CMAKE_PREFIX_PATH=/opt/ros/humble /usr/bin/cmake /home/car-pi/ros2_ws/src/robot_drivers/ydlidar_ros2_driver -DCMAKE_INSTALL_PREFIX=/home/car-pi/ros2_ws/install/ydlidar_ros2_driver
[25.492s] Invoking command in '/home/car-pi/ros2_ws/build/ydlidar_ros2_driver': CMAKE_PREFIX_PATH=/opt/ros/humble /usr/bin/cmake --build /home/car-pi/ros2_ws/build/ydlidar_ros2_driver -- -j4 -l4
[26.308s] [ 25%] [32mBuilding CXX object CMakeFiles/ydlidar_ros2_driver_node.dir/src/ydlidar_ros2_driver_node.cpp.o[0m
[26.317s] [ 50%] [32mBuilding CXX object CMakeFiles/ydlidar_ros2_driver_client.dir/src/ydlidar_ros2_driver_client.cpp.o[0m
[315.083s] [ 75%] [32m[1mLinking CXX executable ydlidar_ros2_driver_node[0m
[323.287s] [ 75%] Built target ydlidar_ros2_driver_node
[679.437s] [100%] [32m[1mLinking CXX executable ydlidar_ros2_driver_client[0m
[688.453s] [100%] Built target ydlidar_ros2_driver_client
[688.880s] Invoked command in '/home/car-pi/ros2_ws/build/ydlidar_ros2_driver' returned '0': CMAKE_PREFIX_PATH=/opt/ros/humble /usr/bin/cmake --build /home/car-pi/ros2_ws/build/ydlidar_ros2_driver -- -j4 -l4
[688.914s] Invoking command in '/home/car-pi/ros2_ws/build/ydlidar_ros2_driver': CMAKE_PREFIX_PATH=/opt/ros/humble /usr/bin/cmake --install /home/car-pi/ros2_ws/build/ydlidar_ros2_driver
[689.033s] -- Install configuration: ""
[689.038s] -- Installing: /home/car-pi/ros2_ws/install/ydlidar_ros2_driver/lib/ydlidar_ros2_driver/ydlidar_ros2_driver_node
[689.116s] -- Set runtime path of "/home/car-pi/ros2_ws/install/ydlidar_ros2_driver/lib/ydlidar_ros2_driver/ydlidar_ros2_driver_node" to ""
[689.118s] -- Installing: /home/car-pi/ros2_ws/install/ydlidar_ros2_driver/lib/ydlidar_ros2_driver/ydlidar_ros2_driver_client
[689.228s] -- Set runtime path of "/home/car-pi/ros2_ws/install/ydlidar_ros2_driver/lib/ydlidar_ros2_driver/ydlidar_ros2_driver_client" to ""
[689.235s] -- Installing: /home/car-pi/ros2_ws/install/ydlidar_ros2_driver/share/ydlidar_ros2_driver/launch
[689.240s] -- Installing: /home/car-pi/ros2_ws/install/ydlidar_ros2_driver/share/ydlidar_ros2_driver/launch/ydlidar.py
[689.246s] -- Installing: /home/car-pi/ros2_ws/install/ydlidar_ros2_driver/share/ydlidar_ros2_driver/launch/ydlidar_launch_view.py
[689.251s] -- Installing: /home/car-pi/ros2_ws/install/ydlidar_ros2_driver/share/ydlidar_ros2_driver/launch/ydlidar_launch.py
[689.257s] -- Installing: /home/car-pi/ros2_ws/install/ydlidar_ros2_driver/share/ydlidar_ros2_driver/params
[689.269s] -- Installing: /home/car-pi/ros2_ws/install/ydlidar_ros2_driver/share/ydlidar_ros2_driver/params/TminiPro.yaml
[689.275s] -- Installing: /home/car-pi/ros2_ws/install/ydlidar_ros2_driver/share/ydlidar_ros2_driver/params/X2.yaml
[689.280s] -- Installing: /home/car-pi/ros2_ws/install/ydlidar_ros2_driver/share/ydlidar_ros2_driver/params/GS2.yaml
[689.286s] -- Installing: /home/car-pi/ros2_ws/install/ydlidar_ros2_driver/share/ydlidar_ros2_driver/params/G2.yaml
[689.291s] -- Installing: /home/car-pi/ros2_ws/install/ydlidar_ros2_driver/share/ydlidar_ros2_driver/params/X4.yaml
[689.296s] -- Installing: /home/car-pi/ros2_ws/install/ydlidar_ros2_driver/share/ydlidar_ros2_driver/params/G1.yaml
[689.302s] -- Installing: /home/car-pi/ros2_ws/install/ydlidar_ros2_driver/share/ydlidar_ros2_driver/params/TG.yaml
[689.308s] -- Installing: /home/car-pi/ros2_ws/install/ydlidar_ros2_driver/share/ydlidar_ros2_driver/params/ydlidar.yaml
[689.313s] -- Installing: /home/car-pi/ros2_ws/install/ydlidar_ros2_driver/share/ydlidar_ros2_driver/params/TEA.yaml
[689.319s] -- Installing: /home/car-pi/ros2_ws/install/ydlidar_ros2_driver/share/ydlidar_ros2_driver/params/X4-Pro.yaml
[689.324s] -- Installing: /home/car-pi/ros2_ws/install/ydlidar_ros2_driver/share/ydlidar_ros2_driver/params/G6.yaml
[689.330s] -- Installing: /home/car-pi/ros2_ws/install/ydlidar_ros2_driver/share/ydlidar_ros2_driver/startup
[689.334s] -- Installing: /home/car-pi/ros2_ws/install/ydlidar_ros2_driver/share/ydlidar_ros2_driver/startup/initenv.sh
[689.339s] -- Installing: /home/car-pi/ros2_ws/install/ydlidar_ros2_driver/share/ydlidar_ros2_driver/config
[689.342s] -- Installing: /home/car-pi/ros2_ws/install/ydlidar_ros2_driver/share/ydlidar_ros2_driver/config/ydlidar.rviz
[689.358s] -- Installing: /home/car-pi/ros2_ws/install/ydlidar_ros2_driver/share/ament_index/resource_index/package_run_dependencies/ydlidar_ros2_driver
[689.367s] -- Installing: /home/car-pi/ros2_ws/install/ydlidar_ros2_driver/share/ament_index/resource_index/parent_prefix_path/ydlidar_ros2_driver
[689.376s] -- Installing: /home/car-pi/ros2_ws/install/ydlidar_ros2_driver/share/ydlidar_ros2_driver/environment/ament_prefix_path.sh
[689.384s] -- Installing: /home/car-pi/ros2_ws/install/ydlidar_ros2_driver/share/ydlidar_ros2_driver/environment/ament_prefix_path.dsv
[689.391s] -- Installing: /home/car-pi/ros2_ws/install/ydlidar_ros2_driver/share/ydlidar_ros2_driver/environment/path.sh
[689.396s] -- Installing: /home/car-pi/ros2_ws/install/ydlidar_ros2_driver/share/ydlidar_ros2_driver/environment/path.dsv
[689.404s] -- Installing: /home/car-pi/ros2_ws/install/ydlidar_ros2_driver/share/ydlidar_ros2_driver/local_setup.bash
[689.411s] -- Installing: /home/car-pi/ros2_ws/install/ydlidar_ros2_driver/share/ydlidar_ros2_driver/local_setup.sh
[689.417s] -- Installing: /home/car-pi/ros2_ws/install/ydlidar_ros2_driver/share/ydlidar_ros2_driver/local_setup.zsh
[689.423s] -- Installing: /home/car-pi/ros2_ws/install/ydlidar_ros2_driver/share/ydlidar_ros2_driver/local_setup.dsv
[689.429s] -- Installing: /home/car-pi/ros2_ws/install/ydlidar_ros2_driver/share/ydlidar_ros2_driver/package.dsv
[689.439s] -- Installing: /home/car-pi/ros2_ws/install/ydlidar_ros2_driver/share/ament_index/resource_index/packages/ydlidar_ros2_driver
[689.448s] -- Installing: /home/car-pi/ros2_ws/install/ydlidar_ros2_driver/share/ydlidar_ros2_driver/cmake/ydlidar_ros2_driverConfig.cmake
[689.454s] -- Installing: /home/car-pi/ros2_ws/install/ydlidar_ros2_driver/share/ydlidar_ros2_driver/cmake/ydlidar_ros2_driverConfig-version.cmake
[689.461s] -- Installing: /home/car-pi/ros2_ws/install/ydlidar_ros2_driver/share/ydlidar_ros2_driver/package.xml
[689.499s] Invoked command in '/home/car-pi/ros2_ws/build/ydlidar_ros2_driver' returned '0': CMAKE_PREFIX_PATH=/opt/ros/humble /usr/bin/cmake --install /home/car-pi/ros2_ws/build/ydlidar_ros2_driver
