[5.648s] Invoking command in '/home/car-pi/ros2_ws/build/robot_bringup': CMAKE_PREFIX_PATH=/opt/ros/humble /usr/bin/cmake /home/car-pi/ros2_ws/src/robot_bringup -DCMAKE_INSTALL_PREFIX=/home/car-pi/ros2_ws/install/robot_bringup
[6.895s] -- The C compiler identification is GNU 11.4.0
[8.246s] -- The CXX compiler identification is GNU 11.4.0
[8.385s] -- Detecting C compiler ABI info
[9.589s] -- Detecting C compiler ABI info - done
[9.753s] -- Check for working C compiler: /usr/bin/ccache - skipped
[9.764s] -- Detecting C compile features
[9.783s] -- Detecting C compile features - done
[9.853s] -- Detecting CXX compiler ABI info
[11.298s] -- Detecting CXX compiler ABI info - done
[11.462s] -- Check for working CXX compiler: /usr/bin/ccache - skipped
[11.467s] -- Detecting CXX compile features
[11.476s] -- Detecting CXX compile features - done
[11.620s] -- Found ament_cmake: 1.3.12 (/opt/ros/humble/share/ament_cmake/cmake)
[15.176s] -- Found Python3: /usr/bin/python3 (found version "3.10.12") found components: Interpreter 
[19.535s] -- Configuring done
[19.631s] -- Generating done
[19.689s] -- Build files have been written to: /home/car-pi/ros2_ws/build/robot_bringup
[19.755s] Invoked command in '/home/car-pi/ros2_ws/build/robot_bringup' returned '0': CMAKE_PREFIX_PATH=/opt/ros/humble /usr/bin/cmake /home/car-pi/ros2_ws/src/robot_bringup -DCMAKE_INSTALL_PREFIX=/home/car-pi/ros2_ws/install/robot_bringup
[19.779s] Invoking command in '/home/car-pi/ros2_ws/build/robot_bringup': CMAKE_PREFIX_PATH=/opt/ros/humble /usr/bin/cmake --build /home/car-pi/ros2_ws/build/robot_bringup -- -j4 -l4
[20.467s] Invoked command in '/home/car-pi/ros2_ws/build/robot_bringup' returned '0': CMAKE_PREFIX_PATH=/opt/ros/humble /usr/bin/cmake --build /home/car-pi/ros2_ws/build/robot_bringup -- -j4 -l4
[20.631s] Invoking command in '/home/car-pi/ros2_ws/build/robot_bringup': CMAKE_PREFIX_PATH=/opt/ros/humble /usr/bin/cmake --install /home/car-pi/ros2_ws/build/robot_bringup
[20.790s] -- Install configuration: ""
[20.796s] -- Installing: /home/car-pi/ros2_ws/install/robot_bringup/share/robot_bringup/launch
[20.800s] -- Installing: /home/car-pi/ros2_ws/install/robot_bringup/share/robot_bringup/launch/robot_base.launch.py
[20.807s] -- Installing: /home/car-pi/ros2_ws/install/robot_bringup/share/robot_bringup/launch/bringup.launch.py
[20.809s] -- Installing: /home/car-pi/ros2_ws/install/robot_bringup/share/robot_bringup/launch/bringup.launchbkp.py
[20.817s] -- Installing: /home/car-pi/ros2_ws/install/robot_bringup/share/robot_bringup/launch/robot_state.launch.py
[20.824s] -- Installing: /home/car-pi/ros2_ws/install/robot_bringup/share/robot_bringup/launch/lidar.launch.py
[20.832s] -- Installing: /home/car-pi/ros2_ws/install/robot_bringup/share/robot_bringup/config
[20.835s] -- Installing: /home/car-pi/ros2_ws/install/robot_bringup/share/robot_bringup/config/ekf.yaml
[20.837s] -- Installing: /home/car-pi/ros2_ws/install/robot_bringup/share/robot_bringup/config/diff_drive.yaml
[20.839s] -- Installing: /home/car-pi/ros2_ws/install/robot_bringup/share/robot_bringup/config/ydlidar.yaml
[20.858s] -- Installing: /home/car-pi/ros2_ws/install/robot_bringup/share/robot_bringup/urdf
[20.859s] -- Installing: /home/car-pi/ros2_ws/install/robot_bringup/share/robot_bringup/urdf/robot.urdf.xacro
[20.873s] -- Installing: /home/car-pi/ros2_ws/install/robot_bringup/share/ament_index/resource_index/package_run_dependencies/robot_bringup
[20.890s] -- Installing: /home/car-pi/ros2_ws/install/robot_bringup/share/ament_index/resource_index/parent_prefix_path/robot_bringup
[20.893s] -- Installing: /home/car-pi/ros2_ws/install/robot_bringup/share/robot_bringup/environment/ament_prefix_path.sh
[20.895s] -- Installing: /home/car-pi/ros2_ws/install/robot_bringup/share/robot_bringup/environment/ament_prefix_path.dsv
[20.899s] -- Installing: /home/car-pi/ros2_ws/install/robot_bringup/share/robot_bringup/environment/path.sh
[20.902s] -- Installing: /home/car-pi/ros2_ws/install/robot_bringup/share/robot_bringup/environment/path.dsv
[20.908s] -- Installing: /home/car-pi/ros2_ws/install/robot_bringup/share/robot_bringup/local_setup.bash
[20.910s] -- Installing: /home/car-pi/ros2_ws/install/robot_bringup/share/robot_bringup/local_setup.sh
[20.914s] -- Installing: /home/car-pi/ros2_ws/install/robot_bringup/share/robot_bringup/local_setup.zsh
[20.917s] -- Installing: /home/car-pi/ros2_ws/install/robot_bringup/share/robot_bringup/local_setup.dsv
[20.919s] -- Installing: /home/car-pi/ros2_ws/install/robot_bringup/share/robot_bringup/package.dsv
[20.923s] -- Installing: /home/car-pi/ros2_ws/install/robot_bringup/share/ament_index/resource_index/packages/robot_bringup
[20.926s] -- Installing: /home/car-pi/ros2_ws/install/robot_bringup/share/robot_bringup/cmake/robot_bringupConfig.cmake
[20.928s] -- Installing: /home/car-pi/ros2_ws/install/robot_bringup/share/robot_bringup/cmake/robot_bringupConfig-version.cmake
[20.933s] -- Installing: /home/car-pi/ros2_ws/install/robot_bringup/share/robot_bringup/package.xml
[20.969s] Invoked command in '/home/car-pi/ros2_ws/build/robot_bringup' returned '0': CMAKE_PREFIX_PATH=/opt/ros/humble /usr/bin/cmake --install /home/car-pi/ros2_ws/build/robot_bringup
