[5.656s] Invoking command in '/home/car-pi/ros2_ws/build/robot_description': CMAKE_PREFIX_PATH=/opt/ros/humble /usr/bin/cmake /home/car-pi/ros2_ws/src/robot_description -DCMAKE_INSTALL_PREFIX=/home/car-pi/ros2_ws/install/robot_description
[6.915s] -- The C compiler identification is GNU 11.4.0
[8.215s] -- The CXX compiler identification is GNU 11.4.0
[8.377s] -- Detecting C compiler ABI info
[9.532s] -- Detecting C compiler ABI info - done
[9.694s] -- Check for working C compiler: /usr/bin/ccache - skipped
[9.698s] -- Detecting C compile features
[9.707s] -- Detecting C compile features - done
[9.764s] -- Detecting CXX compiler ABI info
[11.182s] -- Detecting CXX compiler ABI info - done
[11.342s] -- Check for working CXX compiler: /usr/bin/ccache - skipped
[11.348s] -- Detecting CXX compile features
[11.356s] -- Detecting CXX compile features - done
[11.500s] -- Found ament_cmake: 1.3.12 (/opt/ros/humble/share/ament_cmake/cmake)
[15.060s] -- Found Python3: /usr/bin/python3 (found version "3.10.12") found components: Interpreter 
[18.111s] -- Found ament_lint_auto: 0.12.14 (/opt/ros/humble/share/ament_lint_auto/cmake)
[20.587s] -- Added test 'lint_cmake' to check CMake code style
[20.632s] -- Added test 'xmllint' to check XML markup files
[20.665s] -- Configuring done
[20.796s] -- Generating done
[20.826s] -- Build files have been written to: /home/car-pi/ros2_ws/build/robot_description
[21.380s] Invoked command in '/home/car-pi/ros2_ws/build/robot_description' returned '0': CMAKE_PREFIX_PATH=/opt/ros/humble /usr/bin/cmake /home/car-pi/ros2_ws/src/robot_description -DCMAKE_INSTALL_PREFIX=/home/car-pi/ros2_ws/install/robot_description
[21.402s] Invoking command in '/home/car-pi/ros2_ws/build/robot_description': CMAKE_PREFIX_PATH=/opt/ros/humble /usr/bin/cmake --build /home/car-pi/ros2_ws/build/robot_description -- -j4 -l4
[22.081s] Invoked command in '/home/car-pi/ros2_ws/build/robot_description' returned '0': CMAKE_PREFIX_PATH=/opt/ros/humble /usr/bin/cmake --build /home/car-pi/ros2_ws/build/robot_description -- -j4 -l4
[22.099s] Invoking command in '/home/car-pi/ros2_ws/build/robot_description': CMAKE_PREFIX_PATH=/opt/ros/humble /usr/bin/cmake --install /home/car-pi/ros2_ws/build/robot_description
[22.252s] -- Install configuration: ""
[22.258s] -- Installing: /home/car-pi/ros2_ws/install/robot_description/share/ament_index/resource_index/package_run_dependencies/robot_description
[22.265s] -- Installing: /home/car-pi/ros2_ws/install/robot_description/share/ament_index/resource_index/parent_prefix_path/robot_description
[22.273s] -- Installing: /home/car-pi/ros2_ws/install/robot_description/share/robot_description/environment/ament_prefix_path.sh
[22.279s] -- Installing: /home/car-pi/ros2_ws/install/robot_description/share/robot_description/environment/ament_prefix_path.dsv
[22.285s] -- Installing: /home/car-pi/ros2_ws/install/robot_description/share/robot_description/environment/path.sh
[22.290s] -- Installing: /home/car-pi/ros2_ws/install/robot_description/share/robot_description/environment/path.dsv
[22.296s] -- Installing: /home/car-pi/ros2_ws/install/robot_description/share/robot_description/local_setup.bash
[22.301s] -- Installing: /home/car-pi/ros2_ws/install/robot_description/share/robot_description/local_setup.sh
[22.307s] -- Installing: /home/car-pi/ros2_ws/install/robot_description/share/robot_description/local_setup.zsh
[22.313s] -- Installing: /home/car-pi/ros2_ws/install/robot_description/share/robot_description/local_setup.dsv
[22.318s] -- Installing: /home/car-pi/ros2_ws/install/robot_description/share/robot_description/package.dsv
[22.325s] -- Installing: /home/car-pi/ros2_ws/install/robot_description/share/ament_index/resource_index/packages/robot_description
[22.333s] -- Installing: /home/car-pi/ros2_ws/install/robot_description/share/robot_description/cmake/robot_descriptionConfig.cmake
[22.350s] -- Installing: /home/car-pi/ros2_ws/install/robot_description/share/robot_description/cmake/robot_descriptionConfig-version.cmake
[22.360s] -- Installing: /home/car-pi/ros2_ws/install/robot_description/share/robot_description/package.xml
[22.405s] Invoked command in '/home/car-pi/ros2_ws/build/robot_description' returned '0': CMAKE_PREFIX_PATH=/opt/ros/humble /usr/bin/cmake --install /home/car-pi/ros2_ws/build/robot_description
