[0.192s] Invoking command in '/home/car-pi/ros2_ws/build/fleet_manager': CMAKE_PREFIX_PATH=${CMAKE_PREFIX_PATH}:/home/car-pi/ros2_ws/install/motor_test:/opt/ros/humble /usr/bin/cmake /home/car-pi/ros2_ws/src/fleet_manager -DCMAKE_INSTALL_PREFIX=/home/car-pi/ros2_ws/install/fleet_manager
[1.248s] -- The C compiler identification is GNU 11.4.0
[2.336s] -- The CXX compiler identification is GNU 11.4.0
[2.461s] -- Detecting C compiler ABI info
[3.465s] -- Detecting C compiler ABI info - done
[3.600s] -- Check for working C compiler: /usr/bin/ccache - skipped
[3.604s] -- Detecting C compile features
[3.611s] -- Detecting C compile features - done
[3.663s] -- Detecting CXX compiler ABI info
[4.792s] -- Detecting CXX compiler ABI info - done
[4.932s] -- Check for working CXX compiler: /usr/bin/ccache - skipped
[4.937s] -- Detecting CXX compile features
[4.944s] -- Detecting CXX compile features - done
[5.093s] -- Found ament_cmake: 1.3.12 (/opt/ros/humble/share/ament_cmake/cmake)
[8.077s] -- Found Python3: /usr/bin/python3 (found version "3.10.12") found components: Interpreter 
[10.793s] -- Found rclcpp: 16.0.17 (/opt/ros/humble/share/rclcpp/cmake)
[12.584s] -- Found rosidl_generator_c: 3.1.8 (/opt/ros/humble/share/rosidl_generator_c/cmake)
[12.833s] -- Found rosidl_adapter: 3.1.8 (/opt/ros/humble/share/rosidl_adapter/cmake)
[13.169s] -- Found rosidl_generator_cpp: 3.1.8 (/opt/ros/humble/share/rosidl_generator_cpp/cmake)
[13.609s] -- Using all available rosidl_typesupport_c: rosidl_typesupport_fastrtps_c;rosidl_typesupport_introspection_c
[14.192s] -- Using all available rosidl_typesupport_cpp: rosidl_typesupport_fastrtps_cpp;rosidl_typesupport_introspection_cpp
[15.820s] -- Found rmw_implementation_cmake: 6.1.2 (/opt/ros/humble/share/rmw_implementation_cmake/cmake)
[15.951s] -- Found rmw_cyclonedds_cpp: 1.3.4 (/opt/ros/humble/share/rmw_cyclonedds_cpp/cmake)
[16.620s] -- Using RMW implementation 'rmw_cyclonedds_cpp' as default
[17.010s] -- Looking for pthread.h
[18.725s] -- Looking for pthread.h - found
[18.729s] -- Performing Test CMAKE_HAVE_LIBC_PTHREAD
[20.422s] -- Performing Test CMAKE_HAVE_LIBC_PTHREAD - Success
[20.435s] -- Found Threads: TRUE  
[21.976s] -- Found geometry_msgs: 4.9.0 (/opt/ros/humble/share/geometry_msgs/cmake)
[23.523s] -- Configuring done
[23.760s] -- Generating done
[23.829s] -- Build files have been written to: /home/car-pi/ros2_ws/build/fleet_manager
[23.941s] Invoked command in '/home/car-pi/ros2_ws/build/fleet_manager' returned '0': CMAKE_PREFIX_PATH=${CMAKE_PREFIX_PATH}:/home/car-pi/ros2_ws/install/motor_test:/opt/ros/humble /usr/bin/cmake /home/car-pi/ros2_ws/src/fleet_manager -DCMAKE_INSTALL_PREFIX=/home/car-pi/ros2_ws/install/fleet_manager
[23.970s] Invoking command in '/home/car-pi/ros2_ws/build/fleet_manager': CMAKE_PREFIX_PATH=${CMAKE_PREFIX_PATH}:/home/car-pi/ros2_ws/install/motor_test:/opt/ros/humble /usr/bin/cmake --build /home/car-pi/ros2_ws/build/fleet_manager -- -j4 -l4
[24.753s] [ 50%] [32mBuilding CXX object CMakeFiles/fleet_manager_node.dir/src/fleet_manager_node.cpp.o[0m
[102.385s] [100%] [32m[1mLinking CXX executable fleet_manager_node[0m
[106.397s] [100%] Built target fleet_manager_node
[106.568s] Invoked command in '/home/car-pi/ros2_ws/build/fleet_manager' returned '0': CMAKE_PREFIX_PATH=${CMAKE_PREFIX_PATH}:/home/car-pi/ros2_ws/install/motor_test:/opt/ros/humble /usr/bin/cmake --build /home/car-pi/ros2_ws/build/fleet_manager -- -j4 -l4
[106.724s] Invoking command in '/home/car-pi/ros2_ws/build/fleet_manager': CMAKE_PREFIX_PATH=${CMAKE_PREFIX_PATH}:/home/car-pi/ros2_ws/install/motor_test:/opt/ros/humble /usr/bin/cmake --install /home/car-pi/ros2_ws/build/fleet_manager
[106.829s] -- Install configuration: ""
[106.834s] -- Installing: /home/car-pi/ros2_ws/install/fleet_manager/lib/fleet_manager/fleet_manager_node
[106.868s] -- Set runtime path of "/home/car-pi/ros2_ws/install/fleet_manager/lib/fleet_manager/fleet_manager_node" to ""
[106.872s] -- Installing: /home/car-pi/ros2_ws/install/fleet_manager/share/ament_index/resource_index/package_run_dependencies/fleet_manager
[106.882s] -- Installing: /home/car-pi/ros2_ws/install/fleet_manager/share/ament_index/resource_index/parent_prefix_path/fleet_manager
[106.892s] -- Installing: /home/car-pi/ros2_ws/install/fleet_manager/share/fleet_manager/environment/ament_prefix_path.sh
[106.898s] -- Installing: /home/car-pi/ros2_ws/install/fleet_manager/share/fleet_manager/environment/ament_prefix_path.dsv
[106.905s] -- Installing: /home/car-pi/ros2_ws/install/fleet_manager/share/fleet_manager/environment/path.sh
[106.911s] -- Installing: /home/car-pi/ros2_ws/install/fleet_manager/share/fleet_manager/environment/path.dsv
[106.917s] -- Installing: /home/car-pi/ros2_ws/install/fleet_manager/share/fleet_manager/local_setup.bash
[106.923s] -- Installing: /home/car-pi/ros2_ws/install/fleet_manager/share/fleet_manager/local_setup.sh
[106.930s] -- Installing: /home/car-pi/ros2_ws/install/fleet_manager/share/fleet_manager/local_setup.zsh
[106.935s] -- Installing: /home/car-pi/ros2_ws/install/fleet_manager/share/fleet_manager/local_setup.dsv
[106.941s] -- Installing: /home/car-pi/ros2_ws/install/fleet_manager/share/fleet_manager/package.dsv
[106.948s] -- Installing: /home/car-pi/ros2_ws/install/fleet_manager/share/ament_index/resource_index/packages/fleet_manager
[106.954s] -- Installing: /home/car-pi/ros2_ws/install/fleet_manager/share/fleet_manager/cmake/fleet_managerConfig.cmake
[106.962s] -- Installing: /home/car-pi/ros2_ws/install/fleet_manager/share/fleet_manager/cmake/fleet_managerConfig-version.cmake
[106.968s] -- Installing: /home/car-pi/ros2_ws/install/fleet_manager/share/fleet_manager/package.xml
[106.992s] Invoked command in '/home/car-pi/ros2_ws/build/fleet_manager' returned '0': CMAKE_PREFIX_PATH=${CMAKE_PREFIX_PATH}:/home/car-pi/ros2_ws/install/motor_test:/opt/ros/humble /usr/bin/cmake --install /home/car-pi/ros2_ws/build/fleet_manager
