-- The C compiler identification is GNU 11.4.0
-- The CXX compiler identification is GNU 11.4.0
-- Detecting C compiler ABI info
-- Detecting C compiler ABI info - done
-- Check for working C compiler: /usr/bin/ccache - skipped
-- Detecting C compile features
-- Detecting C compile features - done
-- Detecting CXX compiler ABI info
-- Detecting CXX compiler ABI info - done
-- Check for working CXX compiler: /usr/bin/ccache - skipped
-- Detecting CXX compile features
-- Detecting CXX compile features - done
-- Found ament_cmake: 1.3.12 (/opt/ros/humble/share/ament_cmake/cmake)
-- Found Python3: /usr/bin/python3 (found version "3.10.12") found components: Interpreter 
-- Override CMake install command with custom implementation using symlinks instead of copying resources
-- Found rclcpp: 16.0.17 (/opt/ros/humble/share/rclcpp/cmake)
-- Found rosidl_generator_c: 3.1.8 (/opt/ros/humble/share/rosidl_generator_c/cmake)
-- Found rosidl_adapter: 3.1.8 (/opt/ros/humble/share/rosidl_adapter/cmake)
-- Found rosidl_generator_cpp: 3.1.8 (/opt/ros/humble/share/rosidl_generator_cpp/cmake)
-- Using all available rosidl_typesupport_c: rosidl_typesupport_fastrtps_c;rosidl_typesupport_introspection_c
-- Using all available rosidl_typesupport_cpp: rosidl_typesupport_fastrtps_cpp;rosidl_typesupport_introspection_cpp
-- Found rmw_implementation_cmake: 6.1.2 (/opt/ros/humble/share/rmw_implementation_cmake/cmake)
-- Found rmw_cyclonedds_cpp: 1.3.4 (/opt/ros/humble/share/rmw_cyclonedds_cpp/cmake)
-- Using RMW implementation 'rmw_cyclonedds_cpp' as default
-- Looking for pthread.h
-- Looking for pthread.h - found
-- Performing Test CMAKE_HAVE_LIBC_PTHREAD
-- Performing Test CMAKE_HAVE_LIBC_PTHREAD - Success
-- Found Threads: TRUE  
-- Found geometry_msgs: 4.9.0 (/opt/ros/humble/share/geometry_msgs/cmake)
-- Configuring done
-- Generating done
-- Build files have been written to: /home/car-pi/ros2_ws/build/fleet_manager
[ 50%] [32mBuilding CXX object CMakeFiles/fleet_manager_node.dir/src/fleet_manager_node.cpp.o[0m
[100%] [32m[1mLinking CXX executable fleet_manager_node[0m
[100%] Built target fleet_manager_node
-- Install configuration: ""
-- Execute custom install script
-- Symlinking: /home/car-pi/ros2_ws/install/fleet_manager/lib/fleet_manager/fleet_manager_node
-- Symlinking: /home/car-pi/ros2_ws/install/fleet_manager/share/ament_index/resource_index/package_run_dependencies/fleet_manager
-- Symlinking: /home/car-pi/ros2_ws/install/fleet_manager/share/ament_index/resource_index/parent_prefix_path/fleet_manager
-- Symlinking: /home/car-pi/ros2_ws/install/fleet_manager/share/fleet_manager/environment/ament_prefix_path.sh
-- Symlinking: /home/car-pi/ros2_ws/install/fleet_manager/share/fleet_manager/environment/ament_prefix_path.dsv
-- Symlinking: /home/car-pi/ros2_ws/install/fleet_manager/share/fleet_manager/environment/path.sh
-- Symlinking: /home/car-pi/ros2_ws/install/fleet_manager/share/fleet_manager/environment/path.dsv
-- Symlinking: /home/car-pi/ros2_ws/install/fleet_manager/share/fleet_manager/local_setup.bash
-- Symlinking: /home/car-pi/ros2_ws/install/fleet_manager/share/fleet_manager/local_setup.sh
-- Symlinking: /home/car-pi/ros2_ws/install/fleet_manager/share/fleet_manager/local_setup.zsh
-- Symlinking: /home/car-pi/ros2_ws/install/fleet_manager/share/fleet_manager/local_setup.dsv
-- Symlinking: /home/car-pi/ros2_ws/install/fleet_manager/share/fleet_manager/package.dsv
-- Symlinking: /home/car-pi/ros2_ws/install/fleet_manager/share/ament_index/resource_index/packages/fleet_manager
-- Symlinking: /home/car-pi/ros2_ws/install/fleet_manager/share/fleet_manager/cmake/fleet_managerConfig.cmake
-- Symlinking: /home/car-pi/ros2_ws/install/fleet_manager/share/fleet_manager/cmake/fleet_managerConfig-version.cmake
-- Symlinking: /home/car-pi/ros2_ws/install/fleet_manager/share/fleet_manager/package.xml
