[0.478s] Invoking command in '/home/car-pi/ros2_ws/build/fleet_manager': CMAKE_PREFIX_PATH=${CMAKE_PREFIX_PATH}:/home/car-pi/ros2_ws/install/motor_test:/opt/ros/humble /usr/bin/cmake /home/car-pi/ros2_ws/src/fleet_manager -DAMENT_CMAKE_SYMLINK_INSTALL=1 -DCMAKE_INSTALL_PREFIX=/home/car-pi/ros2_ws/install/fleet_manager
[7.935s] -- The C compiler identification is GNU 11.4.0
[7.938s] -- The CXX compiler identification is GNU 11.4.0
[7.941s] -- Detecting C compiler ABI info
[7.944s] -- Detecting C compiler ABI info - done
[8.105s] -- Check for working C compiler: /usr/bin/ccache - skipped
[8.111s] -- Detecting C compile features
[8.154s] -- Detecting C compile features - done
[8.235s] -- Detecting CXX compiler ABI info
[10.397s] -- Detecting CXX compiler ABI info - done
[10.622s] -- Check for working CXX compiler: /usr/bin/ccache - skipped
[10.624s] -- Detecting CXX compile features
[10.642s] -- Detecting CXX compile features - done
[10.882s] -- Found ament_cmake: 1.3.12 (/opt/ros/humble/share/ament_cmake/cmake)
[16.571s] -- Found Python3: /usr/bin/python3 (found version "3.10.12") found components: Interpreter 
[18.629s] -- Override CMake install command with custom implementation using symlinks instead of copying resources
[20.767s] -- Found rclcpp: 16.0.17 (/opt/ros/humble/share/rclcpp/cmake)
[23.501s] -- Found rosidl_generator_c: 3.1.8 (/opt/ros/humble/share/rosidl_generator_c/cmake)
[23.949s] -- Found rosidl_adapter: 3.1.8 (/opt/ros/humble/share/rosidl_adapter/cmake)
[24.524s] -- Found rosidl_generator_cpp: 3.1.8 (/opt/ros/humble/share/rosidl_generator_cpp/cmake)
[25.488s] -- Using all available rosidl_typesupport_c: rosidl_typesupport_fastrtps_c;rosidl_typesupport_introspection_c
[26.508s] -- Using all available rosidl_typesupport_cpp: rosidl_typesupport_fastrtps_cpp;rosidl_typesupport_introspection_cpp
[29.638s] -- Found rmw_implementation_cmake: 6.1.2 (/opt/ros/humble/share/rmw_implementation_cmake/cmake)
[29.854s] -- Found rmw_cyclonedds_cpp: 1.3.4 (/opt/ros/humble/share/rmw_cyclonedds_cpp/cmake)
[31.170s] -- Using RMW implementation 'rmw_cyclonedds_cpp' as default
[31.949s] -- Looking for pthread.h
[33.842s] -- Looking for pthread.h - found
[33.847s] -- Performing Test CMAKE_HAVE_LIBC_PTHREAD
[35.773s] -- Performing Test CMAKE_HAVE_LIBC_PTHREAD - Success
[35.821s] -- Found Threads: TRUE  
[38.806s] -- Found geometry_msgs: 4.9.0 (/opt/ros/humble/share/geometry_msgs/cmake)
[41.190s] -- Configuring done
[41.564s] -- Generating done
[41.658s] -- Build files have been written to: /home/car-pi/ros2_ws/build/fleet_manager
[41.840s] Invoked command in '/home/car-pi/ros2_ws/build/fleet_manager' returned '0': CMAKE_PREFIX_PATH=${CMAKE_PREFIX_PATH}:/home/car-pi/ros2_ws/install/motor_test:/opt/ros/humble /usr/bin/cmake /home/car-pi/ros2_ws/src/fleet_manager -DAMENT_CMAKE_SYMLINK_INSTALL=1 -DCMAKE_INSTALL_PREFIX=/home/car-pi/ros2_ws/install/fleet_manager
[41.857s] Invoking command in '/home/car-pi/ros2_ws/build/fleet_manager': CMAKE_PREFIX_PATH=${CMAKE_PREFIX_PATH}:/home/car-pi/ros2_ws/install/motor_test:/opt/ros/humble /usr/bin/cmake --build /home/car-pi/ros2_ws/build/fleet_manager -- -j4 -l4
[43.112s] [ 50%] [32mBuilding CXX object CMakeFiles/fleet_manager_node.dir/src/fleet_manager_node.cpp.o[0m
[46.290s] [100%] [32m[1mLinking CXX executable fleet_manager_node[0m
[53.686s] [100%] Built target fleet_manager_node
[54.038s] Invoked command in '/home/car-pi/ros2_ws/build/fleet_manager' returned '0': CMAKE_PREFIX_PATH=${CMAKE_PREFIX_PATH}:/home/car-pi/ros2_ws/install/motor_test:/opt/ros/humble /usr/bin/cmake --build /home/car-pi/ros2_ws/build/fleet_manager -- -j4 -l4
[54.065s] Invoking command in '/home/car-pi/ros2_ws/build/fleet_manager': CMAKE_PREFIX_PATH=${CMAKE_PREFIX_PATH}:/home/car-pi/ros2_ws/install/motor_test:/opt/ros/humble /usr/bin/cmake --install /home/car-pi/ros2_ws/build/fleet_manager
[54.245s] -- Install configuration: ""
[54.265s] -- Execute custom install script
[54.276s] -- Symlinking: /home/car-pi/ros2_ws/install/fleet_manager/lib/fleet_manager/fleet_manager_node
[54.674s] -- Symlinking: /home/car-pi/ros2_ws/install/fleet_manager/share/ament_index/resource_index/package_run_dependencies/fleet_manager
[54.944s] -- Symlinking: /home/car-pi/ros2_ws/install/fleet_manager/share/ament_index/resource_index/parent_prefix_path/fleet_manager
[55.158s] -- Symlinking: /home/car-pi/ros2_ws/install/fleet_manager/share/fleet_manager/environment/ament_prefix_path.sh
[55.364s] -- Symlinking: /home/car-pi/ros2_ws/install/fleet_manager/share/fleet_manager/environment/ament_prefix_path.dsv
[55.546s] -- Symlinking: /home/car-pi/ros2_ws/install/fleet_manager/share/fleet_manager/environment/path.sh
[55.736s] -- Symlinking: /home/car-pi/ros2_ws/install/fleet_manager/share/fleet_manager/environment/path.dsv
[55.996s] -- Symlinking: /home/car-pi/ros2_ws/install/fleet_manager/share/fleet_manager/local_setup.bash
[56.200s] -- Symlinking: /home/car-pi/ros2_ws/install/fleet_manager/share/fleet_manager/local_setup.sh
[56.416s] -- Symlinking: /home/car-pi/ros2_ws/install/fleet_manager/share/fleet_manager/local_setup.zsh
[56.625s] -- Symlinking: /home/car-pi/ros2_ws/install/fleet_manager/share/fleet_manager/local_setup.dsv
[56.838s] -- Symlinking: /home/car-pi/ros2_ws/install/fleet_manager/share/fleet_manager/package.dsv
[57.123s] -- Symlinking: /home/car-pi/ros2_ws/install/fleet_manager/share/ament_index/resource_index/packages/fleet_manager
[57.402s] -- Symlinking: /home/car-pi/ros2_ws/install/fleet_manager/share/fleet_manager/cmake/fleet_managerConfig.cmake
[57.797s] -- Symlinking: /home/car-pi/ros2_ws/install/fleet_manager/share/fleet_manager/cmake/fleet_managerConfig-version.cmake
[58.130s] -- Symlinking: /home/car-pi/ros2_ws/install/fleet_manager/share/fleet_manager/package.xml
[58.435s] Invoked command in '/home/car-pi/ros2_ws/build/fleet_manager' returned '0': CMAKE_PREFIX_PATH=${CMAKE_PREFIX_PATH}:/home/car-pi/ros2_ws/install/motor_test:/opt/ros/humble /usr/bin/cmake --install /home/car-pi/ros2_ws/build/fleet_manager
