[0.263s] Invoking command in '/home/car-pi/ros2_ws/build/robot_description': CMAKE_PREFIX_PATH=${CMAKE_PREFIX_PATH}:/home/car-pi/ros2_ws/install/motor_test:/opt/ros/humble /usr/bin/cmake /home/car-pi/ros2_ws/src/robot_description -DAMENT_CMAKE_SYMLINK_INSTALL=1 -DCMAKE_INSTALL_PREFIX=/home/car-pi/ros2_ws/install/robot_description
[2.061s] -- The C compiler identification is GNU 11.4.0
[3.822s] -- The CXX compiler identification is GNU 11.4.0
[4.017s] -- Detecting C compiler ABI info
[5.640s] -- Detecting C compiler ABI info - done
[5.899s] -- Check for working C compiler: /usr/bin/ccache - skipped
[5.909s] -- Detecting C compile features
[5.921s] -- Detecting C compile features - done
[6.035s] -- Detecting CXX compiler ABI info
[8.284s] -- Detecting CXX compiler ABI info - done
[8.490s] -- Check for working CXX compiler: /usr/bin/ccache - skipped
[8.511s] -- Detecting CXX compile features
[8.529s] -- Detecting CXX compile features - done
[8.728s] -- Found ament_cmake: 1.3.12 (/opt/ros/humble/share/ament_cmake/cmake)
[14.180s] -- Found Python3: /usr/bin/python3 (found version "3.10.12") found components: Interpreter 
[16.389s] -- Override CMake install command with custom implementation using symlinks instead of copying resources
[19.144s] -- Found ament_lint_auto: 0.12.14 (/opt/ros/humble/share/ament_lint_auto/cmake)
[23.297s] -- Added test 'lint_cmake' to check CMake code style
[23.350s] -- Added test 'xmllint' to check XML markup files
[23.451s] -- Configuring done
[23.669s] -- Generating done
[23.724s] -- Build files have been written to: /home/car-pi/ros2_ws/build/robot_description
[24.194s] Invoked command in '/home/car-pi/ros2_ws/build/robot_description' returned '0': CMAKE_PREFIX_PATH=${CMAKE_PREFIX_PATH}:/home/car-pi/ros2_ws/install/motor_test:/opt/ros/humble /usr/bin/cmake /home/car-pi/ros2_ws/src/robot_description -DAMENT_CMAKE_SYMLINK_INSTALL=1 -DCMAKE_INSTALL_PREFIX=/home/car-pi/ros2_ws/install/robot_description
[24.211s] Invoking command in '/home/car-pi/ros2_ws/build/robot_description': CMAKE_PREFIX_PATH=${CMAKE_PREFIX_PATH}:/home/car-pi/ros2_ws/install/motor_test:/opt/ros/humble /usr/bin/cmake --build /home/car-pi/ros2_ws/build/robot_description -- -j4 -l4
[24.970s] Invoked command in '/home/car-pi/ros2_ws/build/robot_description' returned '0': CMAKE_PREFIX_PATH=${CMAKE_PREFIX_PATH}:/home/car-pi/ros2_ws/install/motor_test:/opt/ros/humble /usr/bin/cmake --build /home/car-pi/ros2_ws/build/robot_description -- -j4 -l4
[24.992s] Invoking command in '/home/car-pi/ros2_ws/build/robot_description': CMAKE_PREFIX_PATH=${CMAKE_PREFIX_PATH}:/home/car-pi/ros2_ws/install/motor_test:/opt/ros/humble /usr/bin/cmake --install /home/car-pi/ros2_ws/build/robot_description
[25.186s] -- Install configuration: ""
[25.199s] -- Execute custom install script
[25.211s] -- Symlinking: /home/car-pi/ros2_ws/install/robot_description/share/ament_index/resource_index/package_run_dependencies/robot_description
[25.371s] -- Symlinking: /home/car-pi/ros2_ws/install/robot_description/share/ament_index/resource_index/parent_prefix_path/robot_description
[25.540s] -- Symlinking: /home/car-pi/ros2_ws/install/robot_description/share/robot_description/environment/ament_prefix_path.sh
[25.695s] -- Symlinking: /home/car-pi/ros2_ws/install/robot_description/share/robot_description/environment/ament_prefix_path.dsv
[25.853s] -- Symlinking: /home/car-pi/ros2_ws/install/robot_description/share/robot_description/environment/path.sh
[26.019s] -- Symlinking: /home/car-pi/ros2_ws/install/robot_description/share/robot_description/environment/path.dsv
[26.183s] -- Symlinking: /home/car-pi/ros2_ws/install/robot_description/share/robot_description/local_setup.bash
[26.361s] -- Symlinking: /home/car-pi/ros2_ws/install/robot_description/share/robot_description/local_setup.sh
[26.549s] -- Symlinking: /home/car-pi/ros2_ws/install/robot_description/share/robot_description/local_setup.zsh
[26.741s] -- Symlinking: /home/car-pi/ros2_ws/install/robot_description/share/robot_description/local_setup.dsv
[26.962s] -- Symlinking: /home/car-pi/ros2_ws/install/robot_description/share/robot_description/package.dsv
[27.154s] -- Symlinking: /home/car-pi/ros2_ws/install/robot_description/share/ament_index/resource_index/packages/robot_description
[27.324s] -- Symlinking: /home/car-pi/ros2_ws/install/robot_description/share/robot_description/cmake/robot_descriptionConfig.cmake
[27.497s] -- Symlinking: /home/car-pi/ros2_ws/install/robot_description/share/robot_description/cmake/robot_descriptionConfig-version.cmake
[27.661s] -- Symlinking: /home/car-pi/ros2_ws/install/robot_description/share/robot_description/package.xml
[27.861s] Invoked command in '/home/car-pi/ros2_ws/build/robot_description' returned '0': CMAKE_PREFIX_PATH=${CMAKE_PREFIX_PATH}:/home/car-pi/ros2_ws/install/motor_test:/opt/ros/humble /usr/bin/cmake --install /home/car-pi/ros2_ws/build/robot_description
