-- Install configuration: ""
-- Up-to-date: /home/car-pi/ros2_ws/install/robot_bringup/share/robot_bringup/launch
-- Up-to-date: /home/car-pi/ros2_ws/install/robot_bringup/share/robot_bringup/launch/robot_base.launch.py
-- Up-to-date: /home/car-pi/ros2_ws/install/robot_bringup/share/robot_bringup/launch/bringup.launch.py
-- Up-to-date: /home/car-pi/ros2_ws/install/robot_bringup/share/robot_bringup/launch/bringup.launchbkp.py
-- Up-to-date: /home/car-pi/ros2_ws/install/robot_bringup/share/robot_bringup/launch/robot_state.launch.py
-- Up-to-date: /home/car-pi/ros2_ws/install/robot_bringup/share/robot_bringup/launch/lidar.launch.py
-- Up-to-date: /home/car-pi/ros2_ws/install/robot_bringup/share/robot_bringup/config
-- Up-to-date: /home/car-pi/ros2_ws/install/robot_bringup/share/robot_bringup/config/ekf.yaml
-- Up-to-date: /home/car-pi/ros2_ws/install/robot_bringup/share/robot_bringup/config/diff_drive.yaml
-- Up-to-date: /home/car-pi/ros2_ws/install/robot_bringup/share/robot_bringup/config/ydlidar.yaml
-- Up-to-date: /home/car-pi/ros2_ws/install/robot_bringup/share/robot_bringup/urdf
-- Up-to-date: /home/car-pi/ros2_ws/install/robot_bringup/share/robot_bringup/urdf/robot.urdf.xacro
-- Up-to-date: /home/car-pi/ros2_ws/install/robot_bringup/share/ament_index/resource_index/package_run_dependencies/robot_bringup
-- Up-to-date: /home/car-pi/ros2_ws/install/robot_bringup/share/ament_index/resource_index/parent_prefix_path/robot_bringup
-- Up-to-date: /home/car-pi/ros2_ws/install/robot_bringup/share/robot_bringup/environment/ament_prefix_path.sh
-- Up-to-date: /home/car-pi/ros2_ws/install/robot_bringup/share/robot_bringup/environment/ament_prefix_path.dsv
-- Up-to-date: /home/car-pi/ros2_ws/install/robot_bringup/share/robot_bringup/environment/path.sh
-- Up-to-date: /home/car-pi/ros2_ws/install/robot_bringup/share/robot_bringup/environment/path.dsv
-- Up-to-date: /home/car-pi/ros2_ws/install/robot_bringup/share/robot_bringup/local_setup.bash
-- Up-to-date: /home/car-pi/ros2_ws/install/robot_bringup/share/robot_bringup/local_setup.sh
-- Up-to-date: /home/car-pi/ros2_ws/install/robot_bringup/share/robot_bringup/local_setup.zsh
-- Up-to-date: /home/car-pi/ros2_ws/install/robot_bringup/share/robot_bringup/local_setup.dsv
-- Installing: /home/car-pi/ros2_ws/install/robot_bringup/share/robot_bringup/package.dsv
-- Up-to-date: /home/car-pi/ros2_ws/install/robot_bringup/share/ament_index/resource_index/packages/robot_bringup
-- Up-to-date: /home/car-pi/ros2_ws/install/robot_bringup/share/robot_bringup/cmake/robot_bringupConfig.cmake
-- Up-to-date: /home/car-pi/ros2_ws/install/robot_bringup/share/robot_bringup/cmake/robot_bringupConfig-version.cmake
-- Up-to-date: /home/car-pi/ros2_ws/install/robot_bringup/share/robot_bringup/package.xml
