[5.702s] Invoking command in '/home/car-pi/ros2_ws/build/robot_bringup': CMAKE_PREFIX_PATH=${CMAKE_PREFIX_PATH}:/home/car-pi/ros2_ws/install/motor_test:/opt/ros/humble /usr/bin/cmake --build /home/car-pi/ros2_ws/build/robot_bringup -- -j4 -l4
[6.740s] Invoked command in '/home/car-pi/ros2_ws/build/robot_bringup' returned '0': CMAKE_PREFIX_PATH=${CMAKE_PREFIX_PATH}:/home/car-pi/ros2_ws/install/motor_test:/opt/ros/humble /usr/bin/cmake --build /home/car-pi/ros2_ws/build/robot_bringup -- -j4 -l4
[6.766s] Invoking command in '/home/car-pi/ros2_ws/build/robot_bringup': CMAKE_PREFIX_PATH=${CMAKE_PREFIX_PATH}:/home/car-pi/ros2_ws/install/motor_test:/opt/ros/humble /usr/bin/cmake --install /home/car-pi/ros2_ws/build/robot_bringup
[6.917s] -- Install configuration: ""
[6.936s] -- Up-to-date: /home/car-pi/ros2_ws/install/robot_bringup/share/robot_bringup/launch
[6.939s] -- Up-to-date: /home/car-pi/ros2_ws/install/robot_bringup/share/robot_bringup/launch/robot_base.launch.py
[6.941s] -- Up-to-date: /home/car-pi/ros2_ws/install/robot_bringup/share/robot_bringup/launch/bringup.launch.py
[6.946s] -- Up-to-date: /home/car-pi/ros2_ws/install/robot_bringup/share/robot_bringup/launch/bringup.launchbkp.py
[6.948s] -- Up-to-date: /home/car-pi/ros2_ws/install/robot_bringup/share/robot_bringup/launch/robot_state.launch.py
[6.959s] -- Up-to-date: /home/car-pi/ros2_ws/install/robot_bringup/share/robot_bringup/launch/lidar.launch.py
[6.964s] -- Up-to-date: /home/car-pi/ros2_ws/install/robot_bringup/share/robot_bringup/config
[6.975s] -- Up-to-date: /home/car-pi/ros2_ws/install/robot_bringup/share/robot_bringup/config/ekf.yaml
[6.993s] -- Up-to-date: /home/car-pi/ros2_ws/install/robot_bringup/share/robot_bringup/config/diff_drive.yaml
[7.012s] -- Up-to-date: /home/car-pi/ros2_ws/install/robot_bringup/share/robot_bringup/config/ydlidar.yaml
[7.026s] -- Up-to-date: /home/car-pi/ros2_ws/install/robot_bringup/share/robot_bringup/urdf
[7.030s] -- Up-to-date: /home/car-pi/ros2_ws/install/robot_bringup/share/robot_bringup/urdf/robot.urdf.xacro
[7.033s] -- Up-to-date: /home/car-pi/ros2_ws/install/robot_bringup/share/ament_index/resource_index/package_run_dependencies/robot_bringup
[7.036s] -- Up-to-date: /home/car-pi/ros2_ws/install/robot_bringup/share/ament_index/resource_index/parent_prefix_path/robot_bringup
[7.039s] -- Up-to-date: /home/car-pi/ros2_ws/install/robot_bringup/share/robot_bringup/environment/ament_prefix_path.sh
[7.044s] -- Up-to-date: /home/car-pi/ros2_ws/install/robot_bringup/share/robot_bringup/environment/ament_prefix_path.dsv
[7.047s] -- Up-to-date: /home/car-pi/ros2_ws/install/robot_bringup/share/robot_bringup/environment/path.sh
[7.051s] -- Up-to-date: /home/car-pi/ros2_ws/install/robot_bringup/share/robot_bringup/environment/path.dsv
[7.055s] -- Up-to-date: /home/car-pi/ros2_ws/install/robot_bringup/share/robot_bringup/local_setup.bash
[7.058s] -- Up-to-date: /home/car-pi/ros2_ws/install/robot_bringup/share/robot_bringup/local_setup.sh
[7.061s] -- Up-to-date: /home/car-pi/ros2_ws/install/robot_bringup/share/robot_bringup/local_setup.zsh
[7.079s] -- Up-to-date: /home/car-pi/ros2_ws/install/robot_bringup/share/robot_bringup/local_setup.dsv
[7.084s] -- Installing: /home/car-pi/ros2_ws/install/robot_bringup/share/robot_bringup/package.dsv
[7.087s] -- Up-to-date: /home/car-pi/ros2_ws/install/robot_bringup/share/ament_index/resource_index/packages/robot_bringup
[7.096s] -- Up-to-date: /home/car-pi/ros2_ws/install/robot_bringup/share/robot_bringup/cmake/robot_bringupConfig.cmake
[7.108s] -- Up-to-date: /home/car-pi/ros2_ws/install/robot_bringup/share/robot_bringup/cmake/robot_bringupConfig-version.cmake
[7.116s] -- Up-to-date: /home/car-pi/ros2_ws/install/robot_bringup/share/robot_bringup/package.xml
[7.154s] Invoked command in '/home/car-pi/ros2_ws/build/robot_bringup' returned '0': CMAKE_PREFIX_PATH=${CMAKE_PREFIX_PATH}:/home/car-pi/ros2_ws/install/motor_test:/opt/ros/humble /usr/bin/cmake --install /home/car-pi/ros2_ws/build/robot_bringup
