[0.454s] Invoking command in '/home/car-pi/ros2_ws/build/arduino_diffdrive': CMAKE_PREFIX_PATH=/opt/ros/humble /usr/bin/cmake /home/car-pi/ros2_ws/src/robot_hardware/arduino_diffdrive -DCMAKE_INSTALL_PREFIX=/home/car-pi/ros2_ws/install/arduino_diffdrive
[5.933s] -- The C compiler identification is GNU 11.4.0
[5.935s] -- The CXX compiler identification is GNU 11.4.0
[5.940s] -- Detecting C compiler ABI info
[6.703s] -- Detecting C compiler ABI info - done
[6.879s] -- Check for working C compiler: /usr/bin/ccache - skipped
[6.889s] -- Detecting C compile features
[6.904s] -- Detecting C compile features - done
[6.999s] -- Detecting CXX compiler ABI info
[8.480s] -- Detecting CXX compiler ABI info - done
[8.646s] -- Check for working CXX compiler: /usr/bin/ccache - skipped
[8.652s] -- Detecting CXX compile features
[8.659s] -- Detecting CXX compile features - done
[8.838s] -- Found ament_cmake: 1.3.12 (/opt/ros/humble/share/ament_cmake/cmake)
[12.587s] -- Found Python3: /usr/bin/python3 (found version "3.10.12") found components: Interpreter 
[15.870s] -- Found rclcpp: 16.0.17 (/opt/ros/humble/share/rclcpp/cmake)
[18.071s] -- Found rosidl_generator_c: 3.1.8 (/opt/ros/humble/share/rosidl_generator_c/cmake)
[18.366s] -- Found rosidl_adapter: 3.1.8 (/opt/ros/humble/share/rosidl_adapter/cmake)
[19.082s] -- Found rosidl_generator_cpp: 3.1.8 (/opt/ros/humble/share/rosidl_generator_cpp/cmake)
[19.738s] -- Using all available rosidl_typesupport_c: rosidl_typesupport_fastrtps_c;rosidl_typesupport_introspection_c
[20.438s] -- Using all available rosidl_typesupport_cpp: rosidl_typesupport_fastrtps_cpp;rosidl_typesupport_introspection_cpp
[22.469s] -- Found rmw_implementation_cmake: 6.1.2 (/opt/ros/humble/share/rmw_implementation_cmake/cmake)
[22.679s] -- Found rmw_cyclonedds_cpp: 1.3.4 (/opt/ros/humble/share/rmw_cyclonedds_cpp/cmake)
[23.508s] -- Using RMW implementation 'rmw_cyclonedds_cpp' as default
[23.981s] -- Looking for pthread.h
[25.125s] -- Looking for pthread.h - found
[25.130s] -- Performing Test CMAKE_HAVE_LIBC_PTHREAD
[26.168s] -- Performing Test CMAKE_HAVE_LIBC_PTHREAD - Success
[26.183s] -- Found Threads: TRUE  
[27.894s] -- Found geometry_msgs: 4.9.0 (/opt/ros/humble/share/geometry_msgs/cmake)
[28.339s] -- Found nav_msgs: 4.9.0 (/opt/ros/humble/share/nav_msgs/cmake)
[28.786s] -- Found tf2_ros: 0.25.18 (/opt/ros/humble/share/tf2_ros/cmake)
[33.494s] -- Configuring done
[33.805s] -- Generating done
[33.891s] -- Build files have been written to: /home/car-pi/ros2_ws/build/arduino_diffdrive
[34.024s] Invoked command in '/home/car-pi/ros2_ws/build/arduino_diffdrive' returned '0': CMAKE_PREFIX_PATH=/opt/ros/humble /usr/bin/cmake /home/car-pi/ros2_ws/src/robot_hardware/arduino_diffdrive -DCMAKE_INSTALL_PREFIX=/home/car-pi/ros2_ws/install/arduino_diffdrive
[34.058s] Invoking command in '/home/car-pi/ros2_ws/build/arduino_diffdrive': CMAKE_PREFIX_PATH=/opt/ros/humble /usr/bin/cmake --build /home/car-pi/ros2_ws/build/arduino_diffdrive -- -j4 -l4
[34.780s] [ 50%] [32mBuilding CXX object CMakeFiles/arduino_diffdrive_node.dir/src/arduino_diffdrive_node.cpp.o[0m
[679.894s] [100%] [32m[1mLinking CXX executable arduino_diffdrive_node[0m
[691.537s] [100%] Built target arduino_diffdrive_node
[692.581s] Invoked command in '/home/car-pi/ros2_ws/build/arduino_diffdrive' returned '0': CMAKE_PREFIX_PATH=/opt/ros/humble /usr/bin/cmake --build /home/car-pi/ros2_ws/build/arduino_diffdrive -- -j4 -l4
[693.087s] Invoking command in '/home/car-pi/ros2_ws/build/arduino_diffdrive': CMAKE_PREFIX_PATH=/opt/ros/humble /usr/bin/cmake --install /home/car-pi/ros2_ws/build/arduino_diffdrive
[693.317s] -- Install configuration: ""
[693.329s] -- Installing: /home/car-pi/ros2_ws/install/arduino_diffdrive/lib/arduino_diffdrive/arduino_diffdrive_node
[693.456s] -- Set runtime path of "/home/car-pi/ros2_ws/install/arduino_diffdrive/lib/arduino_diffdrive/arduino_diffdrive_node" to ""
[693.467s] -- Installing: /home/car-pi/ros2_ws/install/arduino_diffdrive/share/ament_index/resource_index/package_run_dependencies/arduino_diffdrive
[693.478s] -- Installing: /home/car-pi/ros2_ws/install/arduino_diffdrive/share/ament_index/resource_index/parent_prefix_path/arduino_diffdrive
[693.492s] -- Installing: /home/car-pi/ros2_ws/install/arduino_diffdrive/share/arduino_diffdrive/environment/ament_prefix_path.sh
[693.500s] -- Installing: /home/car-pi/ros2_ws/install/arduino_diffdrive/share/arduino_diffdrive/environment/ament_prefix_path.dsv
[693.507s] -- Installing: /home/car-pi/ros2_ws/install/arduino_diffdrive/share/arduino_diffdrive/environment/path.sh
[693.516s] -- Installing: /home/car-pi/ros2_ws/install/arduino_diffdrive/share/arduino_diffdrive/environment/path.dsv
[693.523s] -- Installing: /home/car-pi/ros2_ws/install/arduino_diffdrive/share/arduino_diffdrive/local_setup.bash
[693.531s] -- Installing: /home/car-pi/ros2_ws/install/arduino_diffdrive/share/arduino_diffdrive/local_setup.sh
[693.537s] -- Installing: /home/car-pi/ros2_ws/install/arduino_diffdrive/share/arduino_diffdrive/local_setup.zsh
[693.544s] -- Installing: /home/car-pi/ros2_ws/install/arduino_diffdrive/share/arduino_diffdrive/local_setup.dsv
[693.550s] -- Installing: /home/car-pi/ros2_ws/install/arduino_diffdrive/share/arduino_diffdrive/package.dsv
[693.559s] -- Installing: /home/car-pi/ros2_ws/install/arduino_diffdrive/share/ament_index/resource_index/packages/arduino_diffdrive
[693.570s] -- Installing: /home/car-pi/ros2_ws/install/arduino_diffdrive/share/arduino_diffdrive/cmake/arduino_diffdriveConfig.cmake
[693.576s] -- Installing: /home/car-pi/ros2_ws/install/arduino_diffdrive/share/arduino_diffdrive/cmake/arduino_diffdriveConfig-version.cmake
[693.585s] -- Installing: /home/car-pi/ros2_ws/install/arduino_diffdrive/share/arduino_diffdrive/package.xml
[693.635s] Invoked command in '/home/car-pi/ros2_ws/build/arduino_diffdrive' returned '0': CMAKE_PREFIX_PATH=/opt/ros/humble /usr/bin/cmake --install /home/car-pi/ros2_ws/build/arduino_diffdrive
