[2.554s] DEBUG:colcon:Command line arguments: ['/usr/bin/colcon', 'build']
[2.556s] DEBUG:colcon:Parsed command line arguments: Namespace(log_base=None, log_level=None, verb_name='build', build_base='build', install_base='install', merge_install=False, symlink_install=False, test_result_base=None, continue_on_error=False, executor='parallel', parallel_workers=4, event_handlers=None, ignore_user_meta=False, metas=['./colcon.meta'], base_paths=['.'], packages_ignore=None, packages_ignore_regex=None, paths=None, packages_up_to=None, packages_up_to_regex=None, packages_above=None, packages_above_and_dependencies=None, packages_above_depth=None, packages_select_by_dep=None, packages_skip_by_dep=None, packages_skip_up_to=None, packages_select_build_failed=False, packages_skip_build_finished=False, packages_select_test_failures=False, packages_skip_test_passed=False, packages_select=None, packages_skip=None, packages_select_regex=None, packages_skip_regex=None, packages_start=None, packages_end=None, allow_overriding=[], cmake_args=None, cmake_target=None, cmake_target_skip_unavailable=False, cmake_clean_cache=False, cmake_clean_first=False, cmake_force_configure=False, ament_cmake_args=None, catkin_cmake_args=None, catkin_skip_building_tests=False, verb_parser=<colcon_defaults.argument_parser.defaults.DefaultArgumentsDecorator object at 0xffffa5489ba0>, verb_extension=<colcon_core.verb.build.BuildVerb object at 0xffffa5608ee0>, main=<bound method BuildVerb.main of <colcon_core.verb.build.BuildVerb object at 0xffffa5608ee0>>)
[6.361s] Level 1:colcon.colcon_core.package_discovery:discover_packages(colcon_meta) check parameters
[6.363s] Level 1:colcon.colcon_core.package_discovery:discover_packages(recursive) check parameters
[6.364s] Level 1:colcon.colcon_core.package_discovery:discover_packages(ignore) check parameters
[6.364s] Level 1:colcon.colcon_core.package_discovery:discover_packages(path) check parameters
[6.365s] Level 1:colcon.colcon_core.package_discovery:discover_packages(colcon_meta) discover
[6.366s] Level 1:colcon.colcon_core.package_discovery:discover_packages(recursive) discover
[6.366s] INFO:colcon.colcon_core.package_discovery:Crawling recursively for packages in '/home/car-pi/ros2_ws'
[6.368s] Level 1:colcon.colcon_core.package_identification:_identify(.) by extensions ['ignore', 'ignore_ament_install']
[6.370s] Level 1:colcon.colcon_core.package_identification:_identify(.) by extension 'ignore'
[6.371s] Level 1:colcon.colcon_core.package_identification:_identify(.) by extension 'ignore_ament_install'
[6.372s] Level 1:colcon.colcon_core.package_identification:_identify(.) by extensions ['colcon_pkg']
[6.373s] Level 1:colcon.colcon_core.package_identification:_identify(.) by extension 'colcon_pkg'
[6.374s] Level 1:colcon.colcon_core.package_identification:_identify(.) by extensions ['colcon_meta']
[6.374s] Level 1:colcon.colcon_core.package_identification:_identify(.) by extension 'colcon_meta'
[6.375s] Level 1:colcon.colcon_core.package_identification:_identify(.) by extensions ['ros']
[6.376s] Level 1:colcon.colcon_core.package_identification:_identify(.) by extension 'ros'
[6.583s] Level 1:colcon.colcon_core.package_identification:_identify(.) by extensions ['cmake', 'python']
[6.584s] Level 1:colcon.colcon_core.package_identification:_identify(.) by extension 'cmake'
[6.584s] Level 1:colcon.colcon_core.package_identification:_identify(.) by extension 'python'
[6.585s] Level 1:colcon.colcon_core.package_identification:_identify(.) by extensions ['python_setup_py']
[6.586s] Level 1:colcon.colcon_core.package_identification:_identify(.) by extension 'python_setup_py'
[6.588s] Level 1:colcon.colcon_core.package_identification:_identify(build) by extensions ['ignore', 'ignore_ament_install']
[6.589s] Level 1:colcon.colcon_core.package_identification:_identify(build) by extension 'ignore'
[6.590s] Level 1:colcon.colcon_core.package_identification:_identify(build) ignored
[6.593s] Level 1:colcon.colcon_core.package_identification:_identify(install) by extensions ['ignore', 'ignore_ament_install']
[6.594s] Level 1:colcon.colcon_core.package_identification:_identify(install) by extension 'ignore'
[6.595s] Level 1:colcon.colcon_core.package_identification:_identify(install) ignored
[6.597s] Level 1:colcon.colcon_core.package_identification:_identify(log) by extensions ['ignore', 'ignore_ament_install']
[6.598s] Level 1:colcon.colcon_core.package_identification:_identify(log) by extension 'ignore'
[6.600s] Level 1:colcon.colcon_core.package_identification:_identify(log) ignored
[6.601s] Level 1:colcon.colcon_core.package_identification:_identify(scripts) by extensions ['ignore', 'ignore_ament_install']
[6.603s] Level 1:colcon.colcon_core.package_identification:_identify(scripts) by extension 'ignore'
[6.604s] Level 1:colcon.colcon_core.package_identification:_identify(scripts) by extension 'ignore_ament_install'
[6.605s] Level 1:colcon.colcon_core.package_identification:_identify(scripts) by extensions ['colcon_pkg']
[6.606s] Level 1:colcon.colcon_core.package_identification:_identify(scripts) by extension 'colcon_pkg'
[6.606s] Level 1:colcon.colcon_core.package_identification:_identify(scripts) by extensions ['colcon_meta']
[6.607s] Level 1:colcon.colcon_core.package_identification:_identify(scripts) by extension 'colcon_meta'
[6.608s] Level 1:colcon.colcon_core.package_identification:_identify(scripts) by extensions ['ros']
[6.609s] Level 1:colcon.colcon_core.package_identification:_identify(scripts) by extension 'ros'
[6.610s] Level 1:colcon.colcon_core.package_identification:_identify(scripts) by extensions ['cmake', 'python']
[6.611s] Level 1:colcon.colcon_core.package_identification:_identify(scripts) by extension 'cmake'
[6.612s] Level 1:colcon.colcon_core.package_identification:_identify(scripts) by extension 'python'
[6.613s] Level 1:colcon.colcon_core.package_identification:_identify(scripts) by extensions ['python_setup_py']
[6.613s] Level 1:colcon.colcon_core.package_identification:_identify(scripts) by extension 'python_setup_py'
[6.616s] Level 1:colcon.colcon_core.package_identification:_identify(src) by extensions ['ignore', 'ignore_ament_install']
[6.617s] Level 1:colcon.colcon_core.package_identification:_identify(src) by extension 'ignore'
[6.618s] Level 1:colcon.colcon_core.package_identification:_identify(src) by extension 'ignore_ament_install'
[6.619s] Level 1:colcon.colcon_core.package_identification:_identify(src) by extensions ['colcon_pkg']
[6.620s] Level 1:colcon.colcon_core.package_identification:_identify(src) by extension 'colcon_pkg'
[6.621s] Level 1:colcon.colcon_core.package_identification:_identify(src) by extensions ['colcon_meta']
[6.621s] Level 1:colcon.colcon_core.package_identification:_identify(src) by extension 'colcon_meta'
[6.622s] Level 1:colcon.colcon_core.package_identification:_identify(src) by extensions ['ros']
[6.623s] Level 1:colcon.colcon_core.package_identification:_identify(src) by extension 'ros'
[6.625s] Level 1:colcon.colcon_core.package_identification:_identify(src) by extensions ['cmake', 'python']
[6.625s] Level 1:colcon.colcon_core.package_identification:_identify(src) by extension 'cmake'
[6.626s] Level 1:colcon.colcon_core.package_identification:_identify(src) by extension 'python'
[6.627s] Level 1:colcon.colcon_core.package_identification:_identify(src) by extensions ['python_setup_py']
[6.628s] Level 1:colcon.colcon_core.package_identification:_identify(src) by extension 'python_setup_py'
[6.630s] Level 1:colcon.colcon_core.package_identification:_identify(src/robot_bringup) by extensions ['ignore', 'ignore_ament_install']
[6.632s] Level 1:colcon.colcon_core.package_identification:_identify(src/robot_bringup) by extension 'ignore'
[6.633s] Level 1:colcon.colcon_core.package_identification:_identify(src/robot_bringup) by extension 'ignore_ament_install'
[6.634s] Level 1:colcon.colcon_core.package_identification:_identify(src/robot_bringup) by extensions ['colcon_pkg']
[6.634s] Level 1:colcon.colcon_core.package_identification:_identify(src/robot_bringup) by extension 'colcon_pkg'
[6.636s] Level 1:colcon.colcon_core.package_identification:_identify(src/robot_bringup) by extensions ['colcon_meta']
[6.636s] Level 1:colcon.colcon_core.package_identification:_identify(src/robot_bringup) by extension 'colcon_meta'
[6.637s] Level 1:colcon.colcon_core.package_identification:_identify(src/robot_bringup) by extensions ['ros']
[6.638s] Level 1:colcon.colcon_core.package_identification:_identify(src/robot_bringup) by extension 'ros'
[6.689s] DEBUG:colcon.colcon_core.package_identification:Package 'src/robot_bringup' with type 'ros.ament_cmake' and name 'robot_bringup'
[6.691s] Level 1:colcon.colcon_core.package_identification:_identify(src/robot_control) by extensions ['ignore', 'ignore_ament_install']
[6.693s] Level 1:colcon.colcon_core.package_identification:_identify(src/robot_control) by extension 'ignore'
[6.694s] Level 1:colcon.colcon_core.package_identification:_identify(src/robot_control) by extension 'ignore_ament_install'
[6.695s] Level 1:colcon.colcon_core.package_identification:_identify(src/robot_control) by extensions ['colcon_pkg']
[6.696s] Level 1:colcon.colcon_core.package_identification:_identify(src/robot_control) by extension 'colcon_pkg'
[6.697s] Level 1:colcon.colcon_core.package_identification:_identify(src/robot_control) by extensions ['colcon_meta']
[6.698s] Level 1:colcon.colcon_core.package_identification:_identify(src/robot_control) by extension 'colcon_meta'
[6.699s] Level 1:colcon.colcon_core.package_identification:_identify(src/robot_control) by extensions ['ros']
[6.699s] Level 1:colcon.colcon_core.package_identification:_identify(src/robot_control) by extension 'ros'
[6.701s] Level 1:colcon.colcon_core.package_identification:_identify(src/robot_control) by extensions ['cmake', 'python']
[6.702s] Level 1:colcon.colcon_core.package_identification:_identify(src/robot_control) by extension 'cmake'
[6.703s] Level 1:colcon.colcon_core.package_identification:_identify(src/robot_control) by extension 'python'
[6.703s] Level 1:colcon.colcon_core.package_identification:_identify(src/robot_control) by extensions ['python_setup_py']
[6.704s] Level 1:colcon.colcon_core.package_identification:_identify(src/robot_control) by extension 'python_setup_py'
[6.706s] Level 1:colcon.colcon_core.package_identification:_identify(src/robot_description) by extensions ['ignore', 'ignore_ament_install']
[6.708s] Level 1:colcon.colcon_core.package_identification:_identify(src/robot_description) by extension 'ignore'
[6.709s] Level 1:colcon.colcon_core.package_identification:_identify(src/robot_description) by extension 'ignore_ament_install'
[6.710s] Level 1:colcon.colcon_core.package_identification:_identify(src/robot_description) by extensions ['colcon_pkg']
[6.711s] Level 1:colcon.colcon_core.package_identification:_identify(src/robot_description) by extension 'colcon_pkg'
[6.712s] Level 1:colcon.colcon_core.package_identification:_identify(src/robot_description) by extensions ['colcon_meta']
[6.712s] Level 1:colcon.colcon_core.package_identification:_identify(src/robot_description) by extension 'colcon_meta'
[6.713s] Level 1:colcon.colcon_core.package_identification:_identify(src/robot_description) by extensions ['ros']
[6.714s] Level 1:colcon.colcon_core.package_identification:_identify(src/robot_description) by extension 'ros'
[6.723s] DEBUG:colcon.colcon_core.package_identification:Package 'src/robot_description' with type 'ros.ament_cmake' and name 'robot_description'
[6.725s] Level 1:colcon.colcon_core.package_identification:_identify(src/robot_drivers) by extensions ['ignore', 'ignore_ament_install']
[6.726s] Level 1:colcon.colcon_core.package_identification:_identify(src/robot_drivers) by extension 'ignore'
[6.727s] Level 1:colcon.colcon_core.package_identification:_identify(src/robot_drivers) by extension 'ignore_ament_install'
[6.729s] Level 1:colcon.colcon_core.package_identification:_identify(src/robot_drivers) by extensions ['colcon_pkg']
[6.729s] Level 1:colcon.colcon_core.package_identification:_identify(src/robot_drivers) by extension 'colcon_pkg'
[6.730s] Level 1:colcon.colcon_core.package_identification:_identify(src/robot_drivers) by extensions ['colcon_meta']
[6.731s] Level 1:colcon.colcon_core.package_identification:_identify(src/robot_drivers) by extension 'colcon_meta'
[6.732s] Level 1:colcon.colcon_core.package_identification:_identify(src/robot_drivers) by extensions ['ros']
[6.733s] Level 1:colcon.colcon_core.package_identification:_identify(src/robot_drivers) by extension 'ros'
[6.734s] Level 1:colcon.colcon_core.package_identification:_identify(src/robot_drivers) by extensions ['cmake', 'python']
[6.735s] Level 1:colcon.colcon_core.package_identification:_identify(src/robot_drivers) by extension 'cmake'
[6.736s] Level 1:colcon.colcon_core.package_identification:_identify(src/robot_drivers) by extension 'python'
[6.737s] Level 1:colcon.colcon_core.package_identification:_identify(src/robot_drivers) by extensions ['python_setup_py']
[6.737s] Level 1:colcon.colcon_core.package_identification:_identify(src/robot_drivers) by extension 'python_setup_py'
[6.740s] Level 1:colcon.colcon_core.package_identification:_identify(src/robot_drivers/ydlidar_ros2_driver) by extensions ['ignore', 'ignore_ament_install']
[6.742s] Level 1:colcon.colcon_core.package_identification:_identify(src/robot_drivers/ydlidar_ros2_driver) by extension 'ignore'
[6.743s] Level 1:colcon.colcon_core.package_identification:_identify(src/robot_drivers/ydlidar_ros2_driver) by extension 'ignore_ament_install'
[6.744s] Level 1:colcon.colcon_core.package_identification:_identify(src/robot_drivers/ydlidar_ros2_driver) by extensions ['colcon_pkg']
[6.745s] Level 1:colcon.colcon_core.package_identification:_identify(src/robot_drivers/ydlidar_ros2_driver) by extension 'colcon_pkg'
[6.746s] Level 1:colcon.colcon_core.package_identification:_identify(src/robot_drivers/ydlidar_ros2_driver) by extensions ['colcon_meta']
[6.746s] Level 1:colcon.colcon_core.package_identification:_identify(src/robot_drivers/ydlidar_ros2_driver) by extension 'colcon_meta'
[6.748s] Level 1:colcon.colcon_core.package_identification:_identify(src/robot_drivers/ydlidar_ros2_driver) by extensions ['ros']
[6.748s] Level 1:colcon.colcon_core.package_identification:_identify(src/robot_drivers/ydlidar_ros2_driver) by extension 'ros'
[6.760s] DEBUG:colcon.colcon_core.package_identification:Package 'src/robot_drivers/ydlidar_ros2_driver' with type 'ros.ament_cmake' and name 'ydlidar_ros2_driver'
[6.762s] Level 1:colcon.colcon_core.package_identification:_identify(src/robot_hardware) by extensions ['ignore', 'ignore_ament_install']
[6.764s] Level 1:colcon.colcon_core.package_identification:_identify(src/robot_hardware) by extension 'ignore'
[6.765s] Level 1:colcon.colcon_core.package_identification:_identify(src/robot_hardware) by extension 'ignore_ament_install'
[6.766s] Level 1:colcon.colcon_core.package_identification:_identify(src/robot_hardware) by extensions ['colcon_pkg']
[6.767s] Level 1:colcon.colcon_core.package_identification:_identify(src/robot_hardware) by extension 'colcon_pkg'
[6.768s] Level 1:colcon.colcon_core.package_identification:_identify(src/robot_hardware) by extensions ['colcon_meta']
[6.768s] Level 1:colcon.colcon_core.package_identification:_identify(src/robot_hardware) by extension 'colcon_meta'
[6.769s] Level 1:colcon.colcon_core.package_identification:_identify(src/robot_hardware) by extensions ['ros']
[6.770s] Level 1:colcon.colcon_core.package_identification:_identify(src/robot_hardware) by extension 'ros'
[6.772s] Level 1:colcon.colcon_core.package_identification:_identify(src/robot_hardware) by extensions ['cmake', 'python']
[6.772s] Level 1:colcon.colcon_core.package_identification:_identify(src/robot_hardware) by extension 'cmake'
[6.773s] Level 1:colcon.colcon_core.package_identification:_identify(src/robot_hardware) by extension 'python'
[6.774s] Level 1:colcon.colcon_core.package_identification:_identify(src/robot_hardware) by extensions ['python_setup_py']
[6.775s] Level 1:colcon.colcon_core.package_identification:_identify(src/robot_hardware) by extension 'python_setup_py'
[6.777s] Level 1:colcon.colcon_core.package_identification:_identify(src/robot_hardware/arduino_diffdrive) by extensions ['ignore', 'ignore_ament_install']
[6.779s] Level 1:colcon.colcon_core.package_identification:_identify(src/robot_hardware/arduino_diffdrive) by extension 'ignore'
[6.780s] Level 1:colcon.colcon_core.package_identification:_identify(src/robot_hardware/arduino_diffdrive) by extension 'ignore_ament_install'
[6.781s] Level 1:colcon.colcon_core.package_identification:_identify(src/robot_hardware/arduino_diffdrive) by extensions ['colcon_pkg']
[6.782s] Level 1:colcon.colcon_core.package_identification:_identify(src/robot_hardware/arduino_diffdrive) by extension 'colcon_pkg'
[6.783s] Level 1:colcon.colcon_core.package_identification:_identify(src/robot_hardware/arduino_diffdrive) by extensions ['colcon_meta']
[6.783s] Level 1:colcon.colcon_core.package_identification:_identify(src/robot_hardware/arduino_diffdrive) by extension 'colcon_meta'
[6.784s] Level 1:colcon.colcon_core.package_identification:_identify(src/robot_hardware/arduino_diffdrive) by extensions ['ros']
[6.785s] Level 1:colcon.colcon_core.package_identification:_identify(src/robot_hardware/arduino_diffdrive) by extension 'ros'
[6.805s] DEBUG:colcon.colcon_core.package_identification:Package 'src/robot_hardware/arduino_diffdrive' with type 'ros.ament_cmake' and name 'arduino_diffdrive'
[6.807s] Level 1:colcon.colcon_core.package_identification:_identify(src/robot_localization) by extensions ['ignore', 'ignore_ament_install']
[6.809s] Level 1:colcon.colcon_core.package_identification:_identify(src/robot_localization) by extension 'ignore'
[6.810s] Level 1:colcon.colcon_core.package_identification:_identify(src/robot_localization) by extension 'ignore_ament_install'
[6.811s] Level 1:colcon.colcon_core.package_identification:_identify(src/robot_localization) by extensions ['colcon_pkg']
[6.812s] Level 1:colcon.colcon_core.package_identification:_identify(src/robot_localization) by extension 'colcon_pkg'
[6.812s] Level 1:colcon.colcon_core.package_identification:_identify(src/robot_localization) by extensions ['colcon_meta']
[6.813s] Level 1:colcon.colcon_core.package_identification:_identify(src/robot_localization) by extension 'colcon_meta'
[6.814s] Level 1:colcon.colcon_core.package_identification:_identify(src/robot_localization) by extensions ['ros']
[6.814s] Level 1:colcon.colcon_core.package_identification:_identify(src/robot_localization) by extension 'ros'
[6.817s] Level 1:colcon.colcon_core.package_identification:_identify(src/robot_localization) by extensions ['cmake', 'python']
[6.817s] Level 1:colcon.colcon_core.package_identification:_identify(src/robot_localization) by extension 'cmake'
[6.818s] Level 1:colcon.colcon_core.package_identification:_identify(src/robot_localization) by extension 'python'
[6.819s] Level 1:colcon.colcon_core.package_identification:_identify(src/robot_localization) by extensions ['python_setup_py']
[6.820s] Level 1:colcon.colcon_core.package_identification:_identify(src/robot_localization) by extension 'python_setup_py'
[6.822s] Level 1:colcon.colcon_core.package_identification:_identify(src/robot_navigation) by extensions ['ignore', 'ignore_ament_install']
[6.823s] Level 1:colcon.colcon_core.package_identification:_identify(src/robot_navigation) by extension 'ignore'
[6.824s] Level 1:colcon.colcon_core.package_identification:_identify(src/robot_navigation) by extension 'ignore_ament_install'
[6.825s] Level 1:colcon.colcon_core.package_identification:_identify(src/robot_navigation) by extensions ['colcon_pkg']
[6.826s] Level 1:colcon.colcon_core.package_identification:_identify(src/robot_navigation) by extension 'colcon_pkg'
[6.827s] Level 1:colcon.colcon_core.package_identification:_identify(src/robot_navigation) by extensions ['colcon_meta']
[6.828s] Level 1:colcon.colcon_core.package_identification:_identify(src/robot_navigation) by extension 'colcon_meta'
[6.829s] Level 1:colcon.colcon_core.package_identification:_identify(src/robot_navigation) by extensions ['ros']
[6.829s] Level 1:colcon.colcon_core.package_identification:_identify(src/robot_navigation) by extension 'ros'
[6.831s] Level 1:colcon.colcon_core.package_identification:_identify(src/robot_navigation) by extensions ['cmake', 'python']
[6.832s] Level 1:colcon.colcon_core.package_identification:_identify(src/robot_navigation) by extension 'cmake'
[6.833s] Level 1:colcon.colcon_core.package_identification:_identify(src/robot_navigation) by extension 'python'
[6.833s] Level 1:colcon.colcon_core.package_identification:_identify(src/robot_navigation) by extensions ['python_setup_py']
[6.834s] Level 1:colcon.colcon_core.package_identification:_identify(src/robot_navigation) by extension 'python_setup_py'
[6.836s] Level 1:colcon.colcon_core.package_identification:_identify(src/robot_tests) by extensions ['ignore', 'ignore_ament_install']
[6.838s] Level 1:colcon.colcon_core.package_identification:_identify(src/robot_tests) by extension 'ignore'
[6.839s] Level 1:colcon.colcon_core.package_identification:_identify(src/robot_tests) by extension 'ignore_ament_install'
[6.840s] Level 1:colcon.colcon_core.package_identification:_identify(src/robot_tests) by extensions ['colcon_pkg']
[6.841s] Level 1:colcon.colcon_core.package_identification:_identify(src/robot_tests) by extension 'colcon_pkg'
[6.841s] Level 1:colcon.colcon_core.package_identification:_identify(src/robot_tests) by extensions ['colcon_meta']
[6.842s] Level 1:colcon.colcon_core.package_identification:_identify(src/robot_tests) by extension 'colcon_meta'
[6.843s] Level 1:colcon.colcon_core.package_identification:_identify(src/robot_tests) by extensions ['ros']
[6.844s] Level 1:colcon.colcon_core.package_identification:_identify(src/robot_tests) by extension 'ros'
[6.845s] Level 1:colcon.colcon_core.package_identification:_identify(src/robot_tests) by extensions ['cmake', 'python']
[6.846s] Level 1:colcon.colcon_core.package_identification:_identify(src/robot_tests) by extension 'cmake'
[6.847s] Level 1:colcon.colcon_core.package_identification:_identify(src/robot_tests) by extension 'python'
[6.848s] Level 1:colcon.colcon_core.package_identification:_identify(src/robot_tests) by extensions ['python_setup_py']
[6.848s] Level 1:colcon.colcon_core.package_identification:_identify(src/robot_tests) by extension 'python_setup_py'
[6.851s] Level 1:colcon.colcon_core.package_identification:_identify(src/robot_tests/motor_test) by extensions ['ignore', 'ignore_ament_install']
[6.853s] Level 1:colcon.colcon_core.package_identification:_identify(src/robot_tests/motor_test) by extension 'ignore'
[6.854s] Level 1:colcon.colcon_core.package_identification:_identify(src/robot_tests/motor_test) by extension 'ignore_ament_install'
[6.855s] Level 1:colcon.colcon_core.package_identification:_identify(src/robot_tests/motor_test) by extensions ['colcon_pkg']
[6.855s] Level 1:colcon.colcon_core.package_identification:_identify(src/robot_tests/motor_test) by extension 'colcon_pkg'
[6.856s] Level 1:colcon.colcon_core.package_identification:_identify(src/robot_tests/motor_test) by extensions ['colcon_meta']
[6.857s] Level 1:colcon.colcon_core.package_identification:_identify(src/robot_tests/motor_test) by extension 'colcon_meta'
[6.858s] Level 1:colcon.colcon_core.package_identification:_identify(src/robot_tests/motor_test) by extensions ['ros']
[6.859s] Level 1:colcon.colcon_core.package_identification:_identify(src/robot_tests/motor_test) by extension 'ros'
[6.870s] DEBUG:colcon.colcon_core.package_identification:Package 'src/robot_tests/motor_test' with type 'ros.ament_python' and name 'motor_test'
[6.873s] Level 1:colcon.colcon_core.package_identification:_identify(src/robot_utils) by extensions ['ignore', 'ignore_ament_install']
[6.874s] Level 1:colcon.colcon_core.package_identification:_identify(src/robot_utils) by extension 'ignore'
[6.875s] Level 1:colcon.colcon_core.package_identification:_identify(src/robot_utils) by extension 'ignore_ament_install'
[6.877s] Level 1:colcon.colcon_core.package_identification:_identify(src/robot_utils) by extensions ['colcon_pkg']
[6.877s] Level 1:colcon.colcon_core.package_identification:_identify(src/robot_utils) by extension 'colcon_pkg'
[6.878s] Level 1:colcon.colcon_core.package_identification:_identify(src/robot_utils) by extensions ['colcon_meta']
[6.879s] Level 1:colcon.colcon_core.package_identification:_identify(src/robot_utils) by extension 'colcon_meta'
[6.880s] Level 1:colcon.colcon_core.package_identification:_identify(src/robot_utils) by extensions ['ros']
[6.880s] Level 1:colcon.colcon_core.package_identification:_identify(src/robot_utils) by extension 'ros'
[6.882s] Level 1:colcon.colcon_core.package_identification:_identify(src/robot_utils) by extensions ['cmake', 'python']
[6.883s] Level 1:colcon.colcon_core.package_identification:_identify(src/robot_utils) by extension 'cmake'
[6.884s] Level 1:colcon.colcon_core.package_identification:_identify(src/robot_utils) by extension 'python'
[6.885s] Level 1:colcon.colcon_core.package_identification:_identify(src/robot_utils) by extensions ['python_setup_py']
[6.885s] Level 1:colcon.colcon_core.package_identification:_identify(src/robot_utils) by extension 'python_setup_py'
[6.886s] Level 1:colcon.colcon_core.package_discovery:discover_packages(recursive) using defaults
[6.887s] Level 1:colcon.colcon_core.package_discovery:discover_packages(ignore) discover
[6.888s] Level 1:colcon.colcon_core.package_discovery:discover_packages(ignore) using defaults
[6.888s] Level 1:colcon.colcon_core.package_discovery:discover_packages(path) discover
[6.889s] Level 1:colcon.colcon_core.package_discovery:discover_packages(path) using defaults
[7.293s] Level 1:colcon.colcon_core.package_discovery:discover_packages(prefix_path) check parameters
[7.293s] Level 1:colcon.colcon_core.package_discovery:discover_packages(prefix_path) discover
[7.348s] DEBUG:colcon.colcon_installed_package_information.package_discovery:Found 294 installed packages in /opt/ros/humble
[7.461s] Level 1:colcon.colcon_core.package_discovery:discover_packages(prefix_path) using defaults
[7.920s] Level 5:colcon.colcon_core.verb:set package 'arduino_diffdrive' build argument 'cmake_args' from command line to 'None'
[7.921s] Level 5:colcon.colcon_core.verb:set package 'arduino_diffdrive' build argument 'cmake_target' from command line to 'None'
[7.921s] Level 5:colcon.colcon_core.verb:set package 'arduino_diffdrive' build argument 'cmake_target_skip_unavailable' from command line to 'False'
[7.921s] Level 5:colcon.colcon_core.verb:set package 'arduino_diffdrive' build argument 'cmake_clean_cache' from command line to 'False'
[7.922s] Level 5:colcon.colcon_core.verb:set package 'arduino_diffdrive' build argument 'cmake_clean_first' from command line to 'False'
[7.922s] Level 5:colcon.colcon_core.verb:set package 'arduino_diffdrive' build argument 'cmake_force_configure' from command line to 'False'
[7.922s] Level 5:colcon.colcon_core.verb:set package 'arduino_diffdrive' build argument 'ament_cmake_args' from command line to 'None'
[7.922s] Level 5:colcon.colcon_core.verb:set package 'arduino_diffdrive' build argument 'catkin_cmake_args' from command line to 'None'
[7.922s] Level 5:colcon.colcon_core.verb:set package 'arduino_diffdrive' build argument 'catkin_skip_building_tests' from command line to 'False'
[7.923s] DEBUG:colcon.colcon_core.verb:Building package 'arduino_diffdrive' with the following arguments: {'ament_cmake_args': None, 'build_base': '/home/car-pi/ros2_ws/build/arduino_diffdrive', 'catkin_cmake_args': None, 'catkin_skip_building_tests': False, 'cmake_args': None, 'cmake_clean_cache': False, 'cmake_clean_first': False, 'cmake_force_configure': False, 'cmake_target': None, 'cmake_target_skip_unavailable': False, 'install_base': '/home/car-pi/ros2_ws/install/arduino_diffdrive', 'merge_install': False, 'path': '/home/car-pi/ros2_ws/src/robot_hardware/arduino_diffdrive', 'symlink_install': False, 'test_result_base': None}
[7.927s] Level 5:colcon.colcon_core.verb:set package 'motor_test' build argument 'cmake_args' from command line to 'None'
[7.927s] Level 5:colcon.colcon_core.verb:set package 'motor_test' build argument 'cmake_target' from command line to 'None'
[7.927s] Level 5:colcon.colcon_core.verb:set package 'motor_test' build argument 'cmake_target_skip_unavailable' from command line to 'False'
[7.928s] Level 5:colcon.colcon_core.verb:set package 'motor_test' build argument 'cmake_clean_cache' from command line to 'False'
[7.928s] Level 5:colcon.colcon_core.verb:set package 'motor_test' build argument 'cmake_clean_first' from command line to 'False'
[7.928s] Level 5:colcon.colcon_core.verb:set package 'motor_test' build argument 'cmake_force_configure' from command line to 'False'
[7.928s] Level 5:colcon.colcon_core.verb:set package 'motor_test' build argument 'ament_cmake_args' from command line to 'None'
[7.929s] Level 5:colcon.colcon_core.verb:set package 'motor_test' build argument 'catkin_cmake_args' from command line to 'None'
[7.929s] Level 5:colcon.colcon_core.verb:set package 'motor_test' build argument 'catkin_skip_building_tests' from command line to 'False'
[7.929s] DEBUG:colcon.colcon_core.verb:Building package 'motor_test' with the following arguments: {'ament_cmake_args': None, 'build_base': '/home/car-pi/ros2_ws/build/motor_test', 'catkin_cmake_args': None, 'catkin_skip_building_tests': False, 'cmake_args': None, 'cmake_clean_cache': False, 'cmake_clean_first': False, 'cmake_force_configure': False, 'cmake_target': None, 'cmake_target_skip_unavailable': False, 'install_base': '/home/car-pi/ros2_ws/install/motor_test', 'merge_install': False, 'path': '/home/car-pi/ros2_ws/src/robot_tests/motor_test', 'symlink_install': False, 'test_result_base': None}
[7.933s] Level 5:colcon.colcon_core.verb:set package 'robot_bringup' build argument 'cmake_args' from command line to 'None'
[7.933s] Level 5:colcon.colcon_core.verb:set package 'robot_bringup' build argument 'cmake_target' from command line to 'None'
[7.934s] Level 5:colcon.colcon_core.verb:set package 'robot_bringup' build argument 'cmake_target_skip_unavailable' from command line to 'False'
[7.934s] Level 5:colcon.colcon_core.verb:set package 'robot_bringup' build argument 'cmake_clean_cache' from command line to 'False'
[7.934s] Level 5:colcon.colcon_core.verb:set package 'robot_bringup' build argument 'cmake_clean_first' from command line to 'False'
[7.934s] Level 5:colcon.colcon_core.verb:set package 'robot_bringup' build argument 'cmake_force_configure' from command line to 'False'
[7.934s] Level 5:colcon.colcon_core.verb:set package 'robot_bringup' build argument 'ament_cmake_args' from command line to 'None'
[7.935s] Level 5:colcon.colcon_core.verb:set package 'robot_bringup' build argument 'catkin_cmake_args' from command line to 'None'
[7.935s] Level 5:colcon.colcon_core.verb:set package 'robot_bringup' build argument 'catkin_skip_building_tests' from command line to 'False'
[7.935s] DEBUG:colcon.colcon_core.verb:Building package 'robot_bringup' with the following arguments: {'ament_cmake_args': None, 'build_base': '/home/car-pi/ros2_ws/build/robot_bringup', 'catkin_cmake_args': None, 'catkin_skip_building_tests': False, 'cmake_args': None, 'cmake_clean_cache': False, 'cmake_clean_first': False, 'cmake_force_configure': False, 'cmake_target': None, 'cmake_target_skip_unavailable': False, 'install_base': '/home/car-pi/ros2_ws/install/robot_bringup', 'merge_install': False, 'path': '/home/car-pi/ros2_ws/src/robot_bringup', 'symlink_install': False, 'test_result_base': None}
[7.939s] Level 5:colcon.colcon_core.verb:set package 'robot_description' build argument 'cmake_args' from command line to 'None'
[7.939s] Level 5:colcon.colcon_core.verb:set package 'robot_description' build argument 'cmake_target' from command line to 'None'
[7.940s] Level 5:colcon.colcon_core.verb:set package 'robot_description' build argument 'cmake_target_skip_unavailable' from command line to 'False'
[7.940s] Level 5:colcon.colcon_core.verb:set package 'robot_description' build argument 'cmake_clean_cache' from command line to 'False'
[7.940s] Level 5:colcon.colcon_core.verb:set package 'robot_description' build argument 'cmake_clean_first' from command line to 'False'
[7.940s] Level 5:colcon.colcon_core.verb:set package 'robot_description' build argument 'cmake_force_configure' from command line to 'False'
[7.941s] Level 5:colcon.colcon_core.verb:set package 'robot_description' build argument 'ament_cmake_args' from command line to 'None'
[7.941s] Level 5:colcon.colcon_core.verb:set package 'robot_description' build argument 'catkin_cmake_args' from command line to 'None'
[7.941s] Level 5:colcon.colcon_core.verb:set package 'robot_description' build argument 'catkin_skip_building_tests' from command line to 'False'
[7.942s] DEBUG:colcon.colcon_core.verb:Building package 'robot_description' with the following arguments: {'ament_cmake_args': None, 'build_base': '/home/car-pi/ros2_ws/build/robot_description', 'catkin_cmake_args': None, 'catkin_skip_building_tests': False, 'cmake_args': None, 'cmake_clean_cache': False, 'cmake_clean_first': False, 'cmake_force_configure': False, 'cmake_target': None, 'cmake_target_skip_unavailable': False, 'install_base': '/home/car-pi/ros2_ws/install/robot_description', 'merge_install': False, 'path': '/home/car-pi/ros2_ws/src/robot_description', 'symlink_install': False, 'test_result_base': None}
[7.945s] Level 5:colcon.colcon_core.verb:set package 'ydlidar_ros2_driver' build argument 'cmake_args' from command line to 'None'
[7.946s] Level 5:colcon.colcon_core.verb:set package 'ydlidar_ros2_driver' build argument 'cmake_target' from command line to 'None'
[7.946s] Level 5:colcon.colcon_core.verb:set package 'ydlidar_ros2_driver' build argument 'cmake_target_skip_unavailable' from command line to 'False'
[7.946s] Level 5:colcon.colcon_core.verb:set package 'ydlidar_ros2_driver' build argument 'cmake_clean_cache' from command line to 'False'
[7.946s] Level 5:colcon.colcon_core.verb:set package 'ydlidar_ros2_driver' build argument 'cmake_clean_first' from command line to 'False'
[7.947s] Level 5:colcon.colcon_core.verb:set package 'ydlidar_ros2_driver' build argument 'cmake_force_configure' from command line to 'False'
[7.947s] Level 5:colcon.colcon_core.verb:set package 'ydlidar_ros2_driver' build argument 'ament_cmake_args' from command line to 'None'
[7.947s] Level 5:colcon.colcon_core.verb:set package 'ydlidar_ros2_driver' build argument 'catkin_cmake_args' from command line to 'None'
[7.948s] Level 5:colcon.colcon_core.verb:set package 'ydlidar_ros2_driver' build argument 'catkin_skip_building_tests' from command line to 'False'
[7.948s] DEBUG:colcon.colcon_core.verb:Building package 'ydlidar_ros2_driver' with the following arguments: {'ament_cmake_args': None, 'build_base': '/home/car-pi/ros2_ws/build/ydlidar_ros2_driver', 'catkin_cmake_args': None, 'catkin_skip_building_tests': False, 'cmake_args': None, 'cmake_clean_cache': False, 'cmake_clean_first': False, 'cmake_force_configure': False, 'cmake_target': None, 'cmake_target_skip_unavailable': False, 'install_base': '/home/car-pi/ros2_ws/install/ydlidar_ros2_driver', 'merge_install': False, 'path': '/home/car-pi/ros2_ws/src/robot_drivers/ydlidar_ros2_driver', 'symlink_install': False, 'test_result_base': None}
[7.949s] INFO:colcon.colcon_core.executor:Executing jobs using 'parallel' executor
[7.956s] DEBUG:colcon.colcon_parallel_executor.executor.parallel:run_until_complete
[7.958s] INFO:colcon.colcon_ros.task.ament_cmake.build:Building ROS package in '/home/car-pi/ros2_ws/src/robot_hardware/arduino_diffdrive' with build type 'ament_cmake'
[7.959s] INFO:colcon.colcon_cmake.task.cmake.build:Building CMake package in '/home/car-pi/ros2_ws/src/robot_hardware/arduino_diffdrive'
[8.021s] INFO:colcon.colcon_core.plugin_system:Skipping extension 'colcon_core.shell.bat': Not used on non-Windows systems
[8.026s] INFO:colcon.colcon_core.shell:Skip shell extension 'powershell' for command environment: Not usable outside of PowerShell
[8.027s] DEBUG:colcon.colcon_core.shell:Skip shell extension 'dsv' for command environment
[8.103s] INFO:colcon.colcon_ros.task.ament_python.build:Building ROS package in '/home/car-pi/ros2_ws/src/robot_tests/motor_test' with build type 'ament_python'
[8.105s] Level 1:colcon.colcon_core.shell:create_environment_hook('motor_test', 'ament_prefix_path')
[8.110s] INFO:colcon.colcon_core.shell:Creating environment hook '/home/car-pi/ros2_ws/install/motor_test/share/motor_test/hook/ament_prefix_path.ps1'
[8.128s] INFO:colcon.colcon_core.shell:Creating environment descriptor '/home/car-pi/ros2_ws/install/motor_test/share/motor_test/hook/ament_prefix_path.dsv'
[8.141s] INFO:colcon.colcon_core.shell:Creating environment hook '/home/car-pi/ros2_ws/install/motor_test/share/motor_test/hook/ament_prefix_path.sh'
[8.158s] INFO:colcon.colcon_core.shell:Skip shell extension 'powershell' for command environment: Not usable outside of PowerShell
[8.161s] DEBUG:colcon.colcon_core.shell:Skip shell extension 'dsv' for command environment
[8.225s] INFO:colcon.colcon_ros.task.ament_cmake.build:Building ROS package in '/home/car-pi/ros2_ws/src/robot_bringup' with build type 'ament_cmake'
[8.227s] INFO:colcon.colcon_cmake.task.cmake.build:Building CMake package in '/home/car-pi/ros2_ws/src/robot_bringup'
[8.232s] INFO:colcon.colcon_core.shell:Skip shell extension 'powershell' for command environment: Not usable outside of PowerShell
[8.233s] DEBUG:colcon.colcon_core.shell:Skip shell extension 'dsv' for command environment
[8.300s] INFO:colcon.colcon_ros.task.ament_cmake.build:Building ROS package in '/home/car-pi/ros2_ws/src/robot_description' with build type 'ament_cmake'
[8.302s] INFO:colcon.colcon_cmake.task.cmake.build:Building CMake package in '/home/car-pi/ros2_ws/src/robot_description'
[8.306s] INFO:colcon.colcon_core.shell:Skip shell extension 'powershell' for command environment: Not usable outside of PowerShell
[8.308s] DEBUG:colcon.colcon_core.shell:Skip shell extension 'dsv' for command environment
[8.420s] DEBUG:colcon.colcon_core.event_handler.log_command:Invoking command in '/home/car-pi/ros2_ws/build/arduino_diffdrive': CMAKE_PREFIX_PATH=/opt/ros/humble /usr/bin/cmake /home/car-pi/ros2_ws/src/robot_hardware/arduino_diffdrive -DCMAKE_INSTALL_PREFIX=/home/car-pi/ros2_ws/install/arduino_diffdrive
[13.757s] INFO:colcon.colcon_core.task.python.build:Building Python package in '/home/car-pi/ros2_ws/src/robot_tests/motor_test'
[13.761s] INFO:colcon.colcon_core.shell:Skip shell extension 'powershell' for command environment: Not usable outside of PowerShell
[13.761s] DEBUG:colcon.colcon_core.shell:Skip shell extension 'dsv' for command environment
[13.877s] DEBUG:colcon.colcon_core.event_handler.log_command:Invoking command in '/home/car-pi/ros2_ws/build/robot_bringup': CMAKE_PREFIX_PATH=/opt/ros/humble /usr/bin/cmake /home/car-pi/ros2_ws/src/robot_bringup -DCMAKE_INSTALL_PREFIX=/home/car-pi/ros2_ws/install/robot_bringup
[13.965s] DEBUG:colcon.colcon_core.event_handler.log_command:Invoking command in '/home/car-pi/ros2_ws/build/robot_description': CMAKE_PREFIX_PATH=/opt/ros/humble /usr/bin/cmake /home/car-pi/ros2_ws/src/robot_description -DCMAKE_INSTALL_PREFIX=/home/car-pi/ros2_ws/install/robot_description
[24.911s] DEBUG:colcon.colcon_core.event_handler.log_command:Invoking command in '/home/car-pi/ros2_ws/src/robot_tests/motor_test': PYTHONPATH=/home/car-pi/ros2_ws/build/motor_test/prefix_override:/usr/lib/python3/dist-packages/colcon_core/task/python/colcon_distutils_commands:/home/car-pi/ros2_ws/install/motor_test/lib/python3.10/site-packages:${PYTHONPATH} /usr/bin/python3 -W ignore:setup.py install is deprecated -W ignore:easy_install command is deprecated setup.py egg_info --egg-base ../../../build/motor_test build --build-base /home/car-pi/ros2_ws/build/motor_test/build install --record /home/car-pi/ros2_ws/build/motor_test/install.log --single-version-externally-managed install_data
[27.984s] DEBUG:colcon.colcon_core.event_handler.log_command:Invoked command in '/home/car-pi/ros2_ws/build/robot_bringup' returned '0': CMAKE_PREFIX_PATH=/opt/ros/humble /usr/bin/cmake /home/car-pi/ros2_ws/src/robot_bringup -DCMAKE_INSTALL_PREFIX=/home/car-pi/ros2_ws/install/robot_bringup
[28.008s] DEBUG:colcon.colcon_core.event_handler.log_command:Invoking command in '/home/car-pi/ros2_ws/build/robot_bringup': CMAKE_PREFIX_PATH=/opt/ros/humble /usr/bin/cmake --build /home/car-pi/ros2_ws/build/robot_bringup -- -j4 -l4
[28.696s] DEBUG:colcon.colcon_core.event_handler.log_command:Invoked command in '/home/car-pi/ros2_ws/build/robot_bringup' returned '0': CMAKE_PREFIX_PATH=/opt/ros/humble /usr/bin/cmake --build /home/car-pi/ros2_ws/build/robot_bringup -- -j4 -l4
[28.860s] DEBUG:colcon.colcon_core.event_handler.log_command:Invoking command in '/home/car-pi/ros2_ws/build/robot_bringup': CMAKE_PREFIX_PATH=/opt/ros/humble /usr/bin/cmake --install /home/car-pi/ros2_ws/build/robot_bringup
[29.191s] Level 1:colcon.colcon_core.environment:create_environment_scripts_only(robot_bringup)
[29.197s] DEBUG:colcon.colcon_core.event_handler.log_command:Invoked command in '/home/car-pi/ros2_ws/build/robot_bringup' returned '0': CMAKE_PREFIX_PATH=/opt/ros/humble /usr/bin/cmake --install /home/car-pi/ros2_ws/build/robot_bringup
[29.285s] Level 1:colcon.colcon_core.environment:checking '/home/car-pi/ros2_ws/install/robot_bringup' for CMake module files
[29.297s] Level 1:colcon.colcon_core.environment:checking '/home/car-pi/ros2_ws/install/robot_bringup' for CMake config files
[29.300s] Level 1:colcon.colcon_core.shell:create_environment_hook('robot_bringup', 'cmake_prefix_path')
[29.305s] INFO:colcon.colcon_core.shell:Creating environment hook '/home/car-pi/ros2_ws/install/robot_bringup/share/robot_bringup/hook/cmake_prefix_path.ps1'
[29.312s] INFO:colcon.colcon_core.shell:Creating environment descriptor '/home/car-pi/ros2_ws/install/robot_bringup/share/robot_bringup/hook/cmake_prefix_path.dsv'
[29.318s] INFO:colcon.colcon_core.shell:Creating environment hook '/home/car-pi/ros2_ws/install/robot_bringup/share/robot_bringup/hook/cmake_prefix_path.sh'
[29.329s] Level 1:colcon.colcon_core.environment:checking '/home/car-pi/ros2_ws/install/robot_bringup/bin'
[29.331s] Level 1:colcon.colcon_core.environment:checking '/home/car-pi/ros2_ws/install/robot_bringup/lib/pkgconfig/robot_bringup.pc'
[29.336s] Level 1:colcon.colcon_core.environment:checking '/home/car-pi/ros2_ws/install/robot_bringup/lib/python3.10/site-packages'
[29.343s] Level 1:colcon.colcon_core.environment:checking '/home/car-pi/ros2_ws/install/robot_bringup/bin'
[29.349s] INFO:colcon.colcon_core.shell:Creating package script '/home/car-pi/ros2_ws/install/robot_bringup/share/robot_bringup/package.ps1'
[29.367s] INFO:colcon.colcon_core.shell:Creating package descriptor '/home/car-pi/ros2_ws/install/robot_bringup/share/robot_bringup/package.dsv'
[29.382s] INFO:colcon.colcon_core.shell:Creating package script '/home/car-pi/ros2_ws/install/robot_bringup/share/robot_bringup/package.sh'
[29.402s] INFO:colcon.colcon_core.shell:Creating package script '/home/car-pi/ros2_ws/install/robot_bringup/share/robot_bringup/package.bash'
[29.423s] INFO:colcon.colcon_core.shell:Creating package script '/home/car-pi/ros2_ws/install/robot_bringup/share/robot_bringup/package.zsh'
[29.442s] Level 1:colcon.colcon_core.environment:create_file_with_runtime_dependencies(/home/car-pi/ros2_ws/install/robot_bringup/share/colcon-core/packages/robot_bringup)
[29.455s] Level 1:colcon.colcon_core.environment:create_environment_scripts_only(robot_bringup)
[29.460s] Level 1:colcon.colcon_core.environment:checking '/home/car-pi/ros2_ws/install/robot_bringup' for CMake module files
[29.473s] Level 1:colcon.colcon_core.environment:checking '/home/car-pi/ros2_ws/install/robot_bringup' for CMake config files
[29.479s] Level 1:colcon.colcon_core.shell:create_environment_hook('robot_bringup', 'cmake_prefix_path')
[29.483s] INFO:colcon.colcon_core.shell:Creating environment hook '/home/car-pi/ros2_ws/install/robot_bringup/share/robot_bringup/hook/cmake_prefix_path.ps1'
[29.491s] INFO:colcon.colcon_core.shell:Creating environment descriptor '/home/car-pi/ros2_ws/install/robot_bringup/share/robot_bringup/hook/cmake_prefix_path.dsv'
[29.499s] INFO:colcon.colcon_core.shell:Creating environment hook '/home/car-pi/ros2_ws/install/robot_bringup/share/robot_bringup/hook/cmake_prefix_path.sh'
[29.514s] Level 1:colcon.colcon_core.environment:checking '/home/car-pi/ros2_ws/install/robot_bringup/bin'
[29.516s] Level 1:colcon.colcon_core.environment:checking '/home/car-pi/ros2_ws/install/robot_bringup/lib/pkgconfig/robot_bringup.pc'
[29.521s] Level 1:colcon.colcon_core.environment:checking '/home/car-pi/ros2_ws/install/robot_bringup/lib/python3.10/site-packages'
[29.530s] Level 1:colcon.colcon_core.environment:checking '/home/car-pi/ros2_ws/install/robot_bringup/bin'
[29.538s] INFO:colcon.colcon_core.shell:Creating package script '/home/car-pi/ros2_ws/install/robot_bringup/share/robot_bringup/package.ps1'
[29.548s] INFO:colcon.colcon_core.shell:Creating package descriptor '/home/car-pi/ros2_ws/install/robot_bringup/share/robot_bringup/package.dsv'
[29.558s] INFO:colcon.colcon_core.shell:Creating package script '/home/car-pi/ros2_ws/install/robot_bringup/share/robot_bringup/package.sh'
[29.567s] INFO:colcon.colcon_core.shell:Creating package script '/home/car-pi/ros2_ws/install/robot_bringup/share/robot_bringup/package.bash'
[29.577s] INFO:colcon.colcon_core.shell:Creating package script '/home/car-pi/ros2_ws/install/robot_bringup/share/robot_bringup/package.zsh'
[29.586s] Level 1:colcon.colcon_core.environment:create_file_with_runtime_dependencies(/home/car-pi/ros2_ws/install/robot_bringup/share/colcon-core/packages/robot_bringup)
[29.594s] INFO:colcon.colcon_ros.task.ament_cmake.build:Building ROS package in '/home/car-pi/ros2_ws/src/robot_drivers/ydlidar_ros2_driver' with build type 'ament_cmake'
[29.598s] INFO:colcon.colcon_cmake.task.cmake.build:Building CMake package in '/home/car-pi/ros2_ws/src/robot_drivers/ydlidar_ros2_driver'
[29.603s] INFO:colcon.colcon_core.shell:Skip shell extension 'powershell' for command environment: Not usable outside of PowerShell
[29.605s] DEBUG:colcon.colcon_core.shell:Skip shell extension 'dsv' for command environment
[29.688s] DEBUG:colcon.colcon_core.event_handler.log_command:Invoked command in '/home/car-pi/ros2_ws/build/robot_description' returned '0': CMAKE_PREFIX_PATH=/opt/ros/humble /usr/bin/cmake /home/car-pi/ros2_ws/src/robot_description -DCMAKE_INSTALL_PREFIX=/home/car-pi/ros2_ws/install/robot_description
[29.720s] DEBUG:colcon.colcon_core.event_handler.log_command:Invoking command in '/home/car-pi/ros2_ws/build/robot_description': CMAKE_PREFIX_PATH=/opt/ros/humble /usr/bin/cmake --build /home/car-pi/ros2_ws/build/robot_description -- -j4 -l4
[29.786s] DEBUG:colcon.colcon_core.event_handler.log_command:Invoking command in '/home/car-pi/ros2_ws/build/ydlidar_ros2_driver': CMAKE_PREFIX_PATH=/opt/ros/humble /usr/bin/cmake /home/car-pi/ros2_ws/src/robot_drivers/ydlidar_ros2_driver -DCMAKE_INSTALL_PREFIX=/home/car-pi/ros2_ws/install/ydlidar_ros2_driver
[30.389s] DEBUG:colcon.colcon_core.event_handler.log_command:Invoked command in '/home/car-pi/ros2_ws/build/robot_description' returned '0': CMAKE_PREFIX_PATH=/opt/ros/humble /usr/bin/cmake --build /home/car-pi/ros2_ws/build/robot_description -- -j4 -l4
[30.407s] DEBUG:colcon.colcon_core.event_handler.log_command:Invoking command in '/home/car-pi/ros2_ws/build/robot_description': CMAKE_PREFIX_PATH=/opt/ros/humble /usr/bin/cmake --install /home/car-pi/ros2_ws/build/robot_description
[30.696s] Level 1:colcon.colcon_core.environment:create_environment_scripts_only(robot_description)
[30.702s] Level 1:colcon.colcon_core.environment:checking '/home/car-pi/ros2_ws/install/robot_description' for CMake module files
[30.713s] DEBUG:colcon.colcon_core.event_handler.log_command:Invoked command in '/home/car-pi/ros2_ws/build/robot_description' returned '0': CMAKE_PREFIX_PATH=/opt/ros/humble /usr/bin/cmake --install /home/car-pi/ros2_ws/build/robot_description
[30.723s] Level 1:colcon.colcon_core.environment:checking '/home/car-pi/ros2_ws/install/robot_description' for CMake config files
[30.727s] Level 1:colcon.colcon_core.shell:create_environment_hook('robot_description', 'cmake_prefix_path')
[30.733s] INFO:colcon.colcon_core.shell:Creating environment hook '/home/car-pi/ros2_ws/install/robot_description/share/robot_description/hook/cmake_prefix_path.ps1'
[30.743s] INFO:colcon.colcon_core.shell:Creating environment descriptor '/home/car-pi/ros2_ws/install/robot_description/share/robot_description/hook/cmake_prefix_path.dsv'
[30.759s] INFO:colcon.colcon_core.shell:Creating environment hook '/home/car-pi/ros2_ws/install/robot_description/share/robot_description/hook/cmake_prefix_path.sh'
[30.771s] Level 1:colcon.colcon_core.environment:checking '/home/car-pi/ros2_ws/install/robot_description/bin'
[30.773s] Level 1:colcon.colcon_core.environment:checking '/home/car-pi/ros2_ws/install/robot_description/lib/pkgconfig/robot_description.pc'
[30.779s] Level 1:colcon.colcon_core.environment:checking '/home/car-pi/ros2_ws/install/robot_description/lib/python3.10/site-packages'
[30.791s] Level 1:colcon.colcon_core.environment:checking '/home/car-pi/ros2_ws/install/robot_description/bin'
[30.799s] INFO:colcon.colcon_core.shell:Creating package script '/home/car-pi/ros2_ws/install/robot_description/share/robot_description/package.ps1'
[30.809s] INFO:colcon.colcon_core.shell:Creating package descriptor '/home/car-pi/ros2_ws/install/robot_description/share/robot_description/package.dsv'
[30.826s] INFO:colcon.colcon_core.shell:Creating package script '/home/car-pi/ros2_ws/install/robot_description/share/robot_description/package.sh'
[30.853s] INFO:colcon.colcon_core.shell:Creating package script '/home/car-pi/ros2_ws/install/robot_description/share/robot_description/package.bash'
[30.876s] INFO:colcon.colcon_core.shell:Creating package script '/home/car-pi/ros2_ws/install/robot_description/share/robot_description/package.zsh'
[30.883s] Level 1:colcon.colcon_core.environment:create_file_with_runtime_dependencies(/home/car-pi/ros2_ws/install/robot_description/share/colcon-core/packages/robot_description)
[30.898s] Level 1:colcon.colcon_core.environment:create_environment_scripts_only(robot_description)
[30.904s] Level 1:colcon.colcon_core.environment:checking '/home/car-pi/ros2_ws/install/robot_description' for CMake module files
[30.953s] Level 1:colcon.colcon_core.environment:checking '/home/car-pi/ros2_ws/install/robot_description' for CMake config files
[30.978s] Level 1:colcon.colcon_core.shell:create_environment_hook('robot_description', 'cmake_prefix_path')
[30.980s] INFO:colcon.colcon_core.shell:Creating environment hook '/home/car-pi/ros2_ws/install/robot_description/share/robot_description/hook/cmake_prefix_path.ps1'
[30.997s] INFO:colcon.colcon_core.shell:Creating environment descriptor '/home/car-pi/ros2_ws/install/robot_description/share/robot_description/hook/cmake_prefix_path.dsv'
[31.003s] INFO:colcon.colcon_core.shell:Creating environment hook '/home/car-pi/ros2_ws/install/robot_description/share/robot_description/hook/cmake_prefix_path.sh'
[31.013s] Level 1:colcon.colcon_core.environment:checking '/home/car-pi/ros2_ws/install/robot_description/bin'
[31.015s] Level 1:colcon.colcon_core.environment:checking '/home/car-pi/ros2_ws/install/robot_description/lib/pkgconfig/robot_description.pc'
[31.020s] Level 1:colcon.colcon_core.environment:checking '/home/car-pi/ros2_ws/install/robot_description/lib/python3.10/site-packages'
[31.025s] Level 1:colcon.colcon_core.environment:checking '/home/car-pi/ros2_ws/install/robot_description/bin'
[31.029s] INFO:colcon.colcon_core.shell:Creating package script '/home/car-pi/ros2_ws/install/robot_description/share/robot_description/package.ps1'
[31.036s] INFO:colcon.colcon_core.shell:Creating package descriptor '/home/car-pi/ros2_ws/install/robot_description/share/robot_description/package.dsv'
[31.043s] INFO:colcon.colcon_core.shell:Creating package script '/home/car-pi/ros2_ws/install/robot_description/share/robot_description/package.sh'
[31.050s] INFO:colcon.colcon_core.shell:Creating package script '/home/car-pi/ros2_ws/install/robot_description/share/robot_description/package.bash'
[31.056s] INFO:colcon.colcon_core.shell:Creating package script '/home/car-pi/ros2_ws/install/robot_description/share/robot_description/package.zsh'
[31.064s] Level 1:colcon.colcon_core.environment:create_file_with_runtime_dependencies(/home/car-pi/ros2_ws/install/robot_description/share/colcon-core/packages/robot_description)
[31.815s] Level 1:colcon.colcon_core.environment:checking '/home/car-pi/ros2_ws/install/motor_test' for CMake module files
[31.824s] DEBUG:colcon.colcon_core.event_handler.log_command:Invoked command in '/home/car-pi/ros2_ws/src/robot_tests/motor_test' returned '0': PYTHONPATH=/home/car-pi/ros2_ws/build/motor_test/prefix_override:/usr/lib/python3/dist-packages/colcon_core/task/python/colcon_distutils_commands:/home/car-pi/ros2_ws/install/motor_test/lib/python3.10/site-packages:${PYTHONPATH} /usr/bin/python3 -W ignore:setup.py install is deprecated -W ignore:easy_install command is deprecated setup.py egg_info --egg-base ../../../build/motor_test build --build-base /home/car-pi/ros2_ws/build/motor_test/build install --record /home/car-pi/ros2_ws/build/motor_test/install.log --single-version-externally-managed install_data
[31.831s] Level 1:colcon.colcon_core.environment:checking '/home/car-pi/ros2_ws/install/motor_test' for CMake config files
[31.843s] Level 1:colcon.colcon_core.environment:checking '/home/car-pi/ros2_ws/install/motor_test/lib'
[31.846s] Level 1:colcon.colcon_core.environment:checking '/home/car-pi/ros2_ws/install/motor_test/bin'
[31.848s] Level 1:colcon.colcon_core.environment:checking '/home/car-pi/ros2_ws/install/motor_test/lib/pkgconfig/motor_test.pc'
[31.852s] Level 1:colcon.colcon_core.environment:checking '/home/car-pi/ros2_ws/install/motor_test/lib/python3.10/site-packages'
[31.854s] Level 1:colcon.colcon_core.shell:create_environment_hook('motor_test', 'pythonpath')
[31.858s] INFO:colcon.colcon_core.shell:Creating environment hook '/home/car-pi/ros2_ws/install/motor_test/share/motor_test/hook/pythonpath.ps1'
[31.865s] INFO:colcon.colcon_core.shell:Creating environment descriptor '/home/car-pi/ros2_ws/install/motor_test/share/motor_test/hook/pythonpath.dsv'
[31.872s] INFO:colcon.colcon_core.shell:Creating environment hook '/home/car-pi/ros2_ws/install/motor_test/share/motor_test/hook/pythonpath.sh'
[31.890s] Level 1:colcon.colcon_core.environment:checking '/home/car-pi/ros2_ws/install/motor_test/bin'
[31.892s] Level 1:colcon.colcon_core.environment:create_environment_scripts_only(motor_test)
[31.900s] INFO:colcon.colcon_core.shell:Creating package script '/home/car-pi/ros2_ws/install/motor_test/share/motor_test/package.ps1'
[31.911s] INFO:colcon.colcon_core.shell:Creating package descriptor '/home/car-pi/ros2_ws/install/motor_test/share/motor_test/package.dsv'
[31.921s] INFO:colcon.colcon_core.shell:Creating package script '/home/car-pi/ros2_ws/install/motor_test/share/motor_test/package.sh'
[31.931s] INFO:colcon.colcon_core.shell:Creating package script '/home/car-pi/ros2_ws/install/motor_test/share/motor_test/package.bash'
[31.940s] INFO:colcon.colcon_core.shell:Creating package script '/home/car-pi/ros2_ws/install/motor_test/share/motor_test/package.zsh'
[31.952s] Level 1:colcon.colcon_core.environment:create_file_with_runtime_dependencies(/home/car-pi/ros2_ws/install/motor_test/share/colcon-core/packages/motor_test)
[41.988s] DEBUG:colcon.colcon_core.event_handler.log_command:Invoked command in '/home/car-pi/ros2_ws/build/arduino_diffdrive' returned '0': CMAKE_PREFIX_PATH=/opt/ros/humble /usr/bin/cmake /home/car-pi/ros2_ws/src/robot_hardware/arduino_diffdrive -DCMAKE_INSTALL_PREFIX=/home/car-pi/ros2_ws/install/arduino_diffdrive
[42.024s] DEBUG:colcon.colcon_core.event_handler.log_command:Invoking command in '/home/car-pi/ros2_ws/build/arduino_diffdrive': CMAKE_PREFIX_PATH=/opt/ros/humble /usr/bin/cmake --build /home/car-pi/ros2_ws/build/arduino_diffdrive -- -j4 -l4
[55.077s] DEBUG:colcon.colcon_core.event_handler.log_command:Invoked command in '/home/car-pi/ros2_ws/build/ydlidar_ros2_driver' returned '0': CMAKE_PREFIX_PATH=/opt/ros/humble /usr/bin/cmake /home/car-pi/ros2_ws/src/robot_drivers/ydlidar_ros2_driver -DCMAKE_INSTALL_PREFIX=/home/car-pi/ros2_ws/install/ydlidar_ros2_driver
[55.110s] DEBUG:colcon.colcon_core.event_handler.log_command:Invoking command in '/home/car-pi/ros2_ws/build/ydlidar_ros2_driver': CMAKE_PREFIX_PATH=/opt/ros/humble /usr/bin/cmake --build /home/car-pi/ros2_ws/build/ydlidar_ros2_driver -- -j4 -l4
[700.618s] DEBUG:colcon.colcon_core.event_handler.log_command:Invoked command in '/home/car-pi/ros2_ws/build/arduino_diffdrive' returned '0': CMAKE_PREFIX_PATH=/opt/ros/humble /usr/bin/cmake --build /home/car-pi/ros2_ws/build/arduino_diffdrive -- -j4 -l4
[701.060s] DEBUG:colcon.colcon_core.event_handler.log_command:Invoking command in '/home/car-pi/ros2_ws/build/arduino_diffdrive': CMAKE_PREFIX_PATH=/opt/ros/humble /usr/bin/cmake --install /home/car-pi/ros2_ws/build/arduino_diffdrive
[701.608s] DEBUG:colcon.colcon_core.event_handler.log_command:Invoked command in '/home/car-pi/ros2_ws/build/arduino_diffdrive' returned '0': CMAKE_PREFIX_PATH=/opt/ros/humble /usr/bin/cmake --install /home/car-pi/ros2_ws/build/arduino_diffdrive
[701.599s] Level 1:colcon.colcon_core.environment:create_environment_scripts_only(arduino_diffdrive)
[701.759s] Level 1:colcon.colcon_core.environment:checking '/home/car-pi/ros2_ws/install/arduino_diffdrive' for CMake module files
[701.786s] Level 1:colcon.colcon_core.environment:checking '/home/car-pi/ros2_ws/install/arduino_diffdrive' for CMake config files
[701.809s] Level 1:colcon.colcon_core.shell:create_environment_hook('arduino_diffdrive', 'cmake_prefix_path')
[701.840s] INFO:colcon.colcon_core.shell:Creating environment hook '/home/car-pi/ros2_ws/install/arduino_diffdrive/share/arduino_diffdrive/hook/cmake_prefix_path.ps1'
[702.041s] INFO:colcon.colcon_core.shell:Creating environment descriptor '/home/car-pi/ros2_ws/install/arduino_diffdrive/share/arduino_diffdrive/hook/cmake_prefix_path.dsv'
[702.082s] INFO:colcon.colcon_core.shell:Creating environment hook '/home/car-pi/ros2_ws/install/arduino_diffdrive/share/arduino_diffdrive/hook/cmake_prefix_path.sh'
[702.153s] Level 1:colcon.colcon_core.environment:checking '/home/car-pi/ros2_ws/install/arduino_diffdrive/lib'
[702.165s] Level 1:colcon.colcon_core.environment:checking '/home/car-pi/ros2_ws/install/arduino_diffdrive/bin'
[702.170s] Level 1:colcon.colcon_core.environment:checking '/home/car-pi/ros2_ws/install/arduino_diffdrive/lib/pkgconfig/arduino_diffdrive.pc'
[702.249s] Level 1:colcon.colcon_core.environment:checking '/home/car-pi/ros2_ws/install/arduino_diffdrive/lib/python3.10/site-packages'
[702.261s] Level 1:colcon.colcon_core.environment:checking '/home/car-pi/ros2_ws/install/arduino_diffdrive/bin'
[702.277s] INFO:colcon.colcon_core.shell:Creating package script '/home/car-pi/ros2_ws/install/arduino_diffdrive/share/arduino_diffdrive/package.ps1'
[702.303s] INFO:colcon.colcon_core.shell:Creating package descriptor '/home/car-pi/ros2_ws/install/arduino_diffdrive/share/arduino_diffdrive/package.dsv'
[702.315s] INFO:colcon.colcon_core.shell:Creating package script '/home/car-pi/ros2_ws/install/arduino_diffdrive/share/arduino_diffdrive/package.sh'
[702.332s] INFO:colcon.colcon_core.shell:Creating package script '/home/car-pi/ros2_ws/install/arduino_diffdrive/share/arduino_diffdrive/package.bash'
[702.354s] INFO:colcon.colcon_core.shell:Creating package script '/home/car-pi/ros2_ws/install/arduino_diffdrive/share/arduino_diffdrive/package.zsh'
[702.388s] Level 1:colcon.colcon_core.environment:create_file_with_runtime_dependencies(/home/car-pi/ros2_ws/install/arduino_diffdrive/share/colcon-core/packages/arduino_diffdrive)
[702.416s] Level 1:colcon.colcon_core.environment:create_environment_scripts_only(arduino_diffdrive)
[702.421s] Level 1:colcon.colcon_core.environment:checking '/home/car-pi/ros2_ws/install/arduino_diffdrive' for CMake module files
[702.434s] Level 1:colcon.colcon_core.environment:checking '/home/car-pi/ros2_ws/install/arduino_diffdrive' for CMake config files
[702.444s] Level 1:colcon.colcon_core.shell:create_environment_hook('arduino_diffdrive', 'cmake_prefix_path')
[702.448s] INFO:colcon.colcon_core.shell:Creating environment hook '/home/car-pi/ros2_ws/install/arduino_diffdrive/share/arduino_diffdrive/hook/cmake_prefix_path.ps1'
[702.456s] INFO:colcon.colcon_core.shell:Creating environment descriptor '/home/car-pi/ros2_ws/install/arduino_diffdrive/share/arduino_diffdrive/hook/cmake_prefix_path.dsv'
[702.463s] INFO:colcon.colcon_core.shell:Creating environment hook '/home/car-pi/ros2_ws/install/arduino_diffdrive/share/arduino_diffdrive/hook/cmake_prefix_path.sh'
[702.474s] Level 1:colcon.colcon_core.environment:checking '/home/car-pi/ros2_ws/install/arduino_diffdrive/lib'
[702.479s] Level 1:colcon.colcon_core.environment:checking '/home/car-pi/ros2_ws/install/arduino_diffdrive/bin'
[702.484s] Level 1:colcon.colcon_core.environment:checking '/home/car-pi/ros2_ws/install/arduino_diffdrive/lib/pkgconfig/arduino_diffdrive.pc'
[702.488s] Level 1:colcon.colcon_core.environment:checking '/home/car-pi/ros2_ws/install/arduino_diffdrive/lib/python3.10/site-packages'
[702.496s] Level 1:colcon.colcon_core.environment:checking '/home/car-pi/ros2_ws/install/arduino_diffdrive/bin'
[702.505s] INFO:colcon.colcon_core.shell:Creating package script '/home/car-pi/ros2_ws/install/arduino_diffdrive/share/arduino_diffdrive/package.ps1'
[702.514s] INFO:colcon.colcon_core.shell:Creating package descriptor '/home/car-pi/ros2_ws/install/arduino_diffdrive/share/arduino_diffdrive/package.dsv'
[702.525s] INFO:colcon.colcon_core.shell:Creating package script '/home/car-pi/ros2_ws/install/arduino_diffdrive/share/arduino_diffdrive/package.sh'
[702.540s] INFO:colcon.colcon_core.shell:Creating package script '/home/car-pi/ros2_ws/install/arduino_diffdrive/share/arduino_diffdrive/package.bash'
[702.548s] INFO:colcon.colcon_core.shell:Creating package script '/home/car-pi/ros2_ws/install/arduino_diffdrive/share/arduino_diffdrive/package.zsh'
[702.560s] Level 1:colcon.colcon_core.environment:create_file_with_runtime_dependencies(/home/car-pi/ros2_ws/install/arduino_diffdrive/share/colcon-core/packages/arduino_diffdrive)
[718.498s] DEBUG:colcon.colcon_core.event_handler.log_command:Invoked command in '/home/car-pi/ros2_ws/build/ydlidar_ros2_driver' returned '0': CMAKE_PREFIX_PATH=/opt/ros/humble /usr/bin/cmake --build /home/car-pi/ros2_ws/build/ydlidar_ros2_driver -- -j4 -l4
[718.540s] DEBUG:colcon.colcon_core.event_handler.log_command:Invoking command in '/home/car-pi/ros2_ws/build/ydlidar_ros2_driver': CMAKE_PREFIX_PATH=/opt/ros/humble /usr/bin/cmake --install /home/car-pi/ros2_ws/build/ydlidar_ros2_driver
[719.105s] Level 1:colcon.colcon_core.environment:create_environment_scripts_only(ydlidar_ros2_driver)
[719.110s] Level 1:colcon.colcon_core.environment:checking '/home/car-pi/ros2_ws/install/ydlidar_ros2_driver' for CMake module files
[719.118s] DEBUG:colcon.colcon_core.event_handler.log_command:Invoked command in '/home/car-pi/ros2_ws/build/ydlidar_ros2_driver' returned '0': CMAKE_PREFIX_PATH=/opt/ros/humble /usr/bin/cmake --install /home/car-pi/ros2_ws/build/ydlidar_ros2_driver
[719.128s] Level 1:colcon.colcon_core.environment:checking '/home/car-pi/ros2_ws/install/ydlidar_ros2_driver' for CMake config files
[719.135s] Level 1:colcon.colcon_core.shell:create_environment_hook('ydlidar_ros2_driver', 'cmake_prefix_path')
[719.142s] INFO:colcon.colcon_core.shell:Creating environment hook '/home/car-pi/ros2_ws/install/ydlidar_ros2_driver/share/ydlidar_ros2_driver/hook/cmake_prefix_path.ps1'
[719.149s] INFO:colcon.colcon_core.shell:Creating environment descriptor '/home/car-pi/ros2_ws/install/ydlidar_ros2_driver/share/ydlidar_ros2_driver/hook/cmake_prefix_path.dsv'
[719.158s] INFO:colcon.colcon_core.shell:Creating environment hook '/home/car-pi/ros2_ws/install/ydlidar_ros2_driver/share/ydlidar_ros2_driver/hook/cmake_prefix_path.sh'
[719.168s] Level 1:colcon.colcon_core.environment:checking '/home/car-pi/ros2_ws/install/ydlidar_ros2_driver/lib'
[719.169s] Level 1:colcon.colcon_core.environment:checking '/home/car-pi/ros2_ws/install/ydlidar_ros2_driver/bin'
[719.174s] Level 1:colcon.colcon_core.environment:checking '/home/car-pi/ros2_ws/install/ydlidar_ros2_driver/lib/pkgconfig/ydlidar_ros2_driver.pc'
[719.177s] Level 1:colcon.colcon_core.environment:checking '/home/car-pi/ros2_ws/install/ydlidar_ros2_driver/lib/python3.10/site-packages'
[719.181s] Level 1:colcon.colcon_core.environment:checking '/home/car-pi/ros2_ws/install/ydlidar_ros2_driver/bin'
[719.188s] INFO:colcon.colcon_core.shell:Creating package script '/home/car-pi/ros2_ws/install/ydlidar_ros2_driver/share/ydlidar_ros2_driver/package.ps1'
[719.192s] INFO:colcon.colcon_core.shell:Creating package descriptor '/home/car-pi/ros2_ws/install/ydlidar_ros2_driver/share/ydlidar_ros2_driver/package.dsv'
[719.198s] INFO:colcon.colcon_core.shell:Creating package script '/home/car-pi/ros2_ws/install/ydlidar_ros2_driver/share/ydlidar_ros2_driver/package.sh'
[719.204s] INFO:colcon.colcon_core.shell:Creating package script '/home/car-pi/ros2_ws/install/ydlidar_ros2_driver/share/ydlidar_ros2_driver/package.bash'
[719.208s] INFO:colcon.colcon_core.shell:Creating package script '/home/car-pi/ros2_ws/install/ydlidar_ros2_driver/share/ydlidar_ros2_driver/package.zsh'
[719.216s] Level 1:colcon.colcon_core.environment:create_file_with_runtime_dependencies(/home/car-pi/ros2_ws/install/ydlidar_ros2_driver/share/colcon-core/packages/ydlidar_ros2_driver)
[719.226s] Level 1:colcon.colcon_core.environment:create_environment_scripts_only(ydlidar_ros2_driver)
[719.229s] Level 1:colcon.colcon_core.environment:checking '/home/car-pi/ros2_ws/install/ydlidar_ros2_driver' for CMake module files
[719.237s] Level 1:colcon.colcon_core.environment:checking '/home/car-pi/ros2_ws/install/ydlidar_ros2_driver' for CMake config files
[719.241s] Level 1:colcon.colcon_core.shell:create_environment_hook('ydlidar_ros2_driver', 'cmake_prefix_path')
[719.247s] INFO:colcon.colcon_core.shell:Creating environment hook '/home/car-pi/ros2_ws/install/ydlidar_ros2_driver/share/ydlidar_ros2_driver/hook/cmake_prefix_path.ps1'
[719.252s] INFO:colcon.colcon_core.shell:Creating environment descriptor '/home/car-pi/ros2_ws/install/ydlidar_ros2_driver/share/ydlidar_ros2_driver/hook/cmake_prefix_path.dsv'
[719.259s] INFO:colcon.colcon_core.shell:Creating environment hook '/home/car-pi/ros2_ws/install/ydlidar_ros2_driver/share/ydlidar_ros2_driver/hook/cmake_prefix_path.sh'
[719.273s] Level 1:colcon.colcon_core.environment:checking '/home/car-pi/ros2_ws/install/ydlidar_ros2_driver/lib'
[719.275s] Level 1:colcon.colcon_core.environment:checking '/home/car-pi/ros2_ws/install/ydlidar_ros2_driver/bin'
[719.279s] Level 1:colcon.colcon_core.environment:checking '/home/car-pi/ros2_ws/install/ydlidar_ros2_driver/lib/pkgconfig/ydlidar_ros2_driver.pc'
[719.283s] Level 1:colcon.colcon_core.environment:checking '/home/car-pi/ros2_ws/install/ydlidar_ros2_driver/lib/python3.10/site-packages'
[719.290s] Level 1:colcon.colcon_core.environment:checking '/home/car-pi/ros2_ws/install/ydlidar_ros2_driver/bin'
[719.296s] INFO:colcon.colcon_core.shell:Creating package script '/home/car-pi/ros2_ws/install/ydlidar_ros2_driver/share/ydlidar_ros2_driver/package.ps1'
[719.305s] INFO:colcon.colcon_core.shell:Creating package descriptor '/home/car-pi/ros2_ws/install/ydlidar_ros2_driver/share/ydlidar_ros2_driver/package.dsv'
[719.315s] INFO:colcon.colcon_core.shell:Creating package script '/home/car-pi/ros2_ws/install/ydlidar_ros2_driver/share/ydlidar_ros2_driver/package.sh'
[719.323s] INFO:colcon.colcon_core.shell:Creating package script '/home/car-pi/ros2_ws/install/ydlidar_ros2_driver/share/ydlidar_ros2_driver/package.bash'
[719.334s] INFO:colcon.colcon_core.shell:Creating package script '/home/car-pi/ros2_ws/install/ydlidar_ros2_driver/share/ydlidar_ros2_driver/package.zsh'
[719.342s] Level 1:colcon.colcon_core.environment:create_file_with_runtime_dependencies(/home/car-pi/ros2_ws/install/ydlidar_ros2_driver/share/colcon-core/packages/ydlidar_ros2_driver)
[719.362s] DEBUG:colcon.colcon_parallel_executor.executor.parallel:closing loop
[719.410s] DEBUG:colcon.colcon_parallel_executor.executor.parallel:loop closed
[719.424s] DEBUG:colcon.colcon_parallel_executor.executor.parallel:run_until_complete finished with '0'
[719.453s] DEBUG:colcon.colcon_core.event_reactor:joining thread
[720.121s] INFO:colcon.colcon_core.plugin_system:Skipping extension 'colcon_notification.desktop_notification.notify_send': Could not find 'notify-send'
[720.122s] INFO:colcon.colcon_core.plugin_system:Skipping extension 'colcon_notification.desktop_notification.terminal_notifier': Not used on non-Darwin systems
[720.123s] INFO:colcon.colcon_core.plugin_system:Skipping extension 'colcon_notification.desktop_notification.win32': Not used on non-Windows systems
[720.124s] INFO:colcon.colcon_notification.desktop_notification:Sending desktop notification using 'notify2'
[721.115s] DEBUG:colcon.colcon_notification.desktop_notification.notify2:Failed to initialize notify2: org.freedesktop.DBus.Error.ServiceUnknown: The name org.freedesktop.Notifications was not provided by any .service files
[721.120s] DEBUG:colcon.colcon_core.event_reactor:joined thread
[721.138s] INFO:colcon.colcon_core.shell:Creating prefix script '/home/car-pi/ros2_ws/install/local_setup.ps1'
[721.179s] INFO:colcon.colcon_core.shell:Creating prefix util module '/home/car-pi/ros2_ws/install/_local_setup_util_ps1.py'
[721.218s] INFO:colcon.colcon_core.shell:Creating prefix chain script '/home/car-pi/ros2_ws/install/setup.ps1'
[721.250s] INFO:colcon.colcon_core.shell:Creating prefix script '/home/car-pi/ros2_ws/install/local_setup.sh'
[721.266s] INFO:colcon.colcon_core.shell:Creating prefix util module '/home/car-pi/ros2_ws/install/_local_setup_util_sh.py'
[721.278s] INFO:colcon.colcon_core.shell:Creating prefix chain script '/home/car-pi/ros2_ws/install/setup.sh'
[721.293s] INFO:colcon.colcon_core.shell:Creating prefix script '/home/car-pi/ros2_ws/install/local_setup.bash'
[721.300s] INFO:colcon.colcon_core.shell:Creating prefix chain script '/home/car-pi/ros2_ws/install/setup.bash'
[721.316s] INFO:colcon.colcon_core.shell:Creating prefix script '/home/car-pi/ros2_ws/install/local_setup.zsh'
[721.323s] INFO:colcon.colcon_core.shell:Creating prefix chain script '/home/car-pi/ros2_ws/install/setup.zsh'
