[7.745s] Invoking command in '/home/car-pi/ros2_ws/build/nav_bringup': CMAKE_PREFIX_PATH=${CMAKE_PREFIX_PATH}:/home/car-pi/ros2_ws/install/motor_test:/opt/ros/humble /usr/bin/cmake /home/car-pi/ros2_ws/src/nav_bringup -DAMENT_CMAKE_SYMLINK_INSTALL=1 -DCMAKE_INSTALL_PREFIX=/home/car-pi/ros2_ws/install/nav_bringup
[9.385s] -- The C compiler identification is GNU 11.4.0
[11.297s] -- The CXX compiler identification is GNU 11.4.0
[11.633s] -- Detecting C compiler ABI info
[13.814s] -- Detecting C compiler ABI info - done
[14.143s] -- Check for working C compiler: /usr/bin/ccache - skipped
[14.158s] -- Detecting C compile features
[14.160s] -- Detecting C compile features - done
[14.267s] -- Detecting CXX compiler ABI info
[16.694s] -- Detecting CXX compiler ABI info - done
[16.943s] -- Check for working CXX compiler: /usr/bin/ccache - skipped
[16.947s] -- Detecting CXX compile features
[16.959s] -- Detecting CXX compile features - done
[17.236s] -- Found ament_cmake: 1.3.12 (/opt/ros/humble/share/ament_cmake/cmake)
[21.774s] -- Found Python3: /usr/bin/python3 (found version "3.10.12") found components: Interpreter 
[23.466s] -- Override CMake install command with custom implementation using symlinks instead of copying resources
[27.461s] -- Configuring done
[27.567s] -- Generating done
[27.612s] -- Build files have been written to: /home/car-pi/ros2_ws/build/nav_bringup
[27.699s] Invoked command in '/home/car-pi/ros2_ws/build/nav_bringup' returned '0': CMAKE_PREFIX_PATH=${CMAKE_PREFIX_PATH}:/home/car-pi/ros2_ws/install/motor_test:/opt/ros/humble /usr/bin/cmake /home/car-pi/ros2_ws/src/nav_bringup -DAMENT_CMAKE_SYMLINK_INSTALL=1 -DCMAKE_INSTALL_PREFIX=/home/car-pi/ros2_ws/install/nav_bringup
[27.728s] Invoking command in '/home/car-pi/ros2_ws/build/nav_bringup': CMAKE_PREFIX_PATH=${CMAKE_PREFIX_PATH}:/home/car-pi/ros2_ws/install/motor_test:/opt/ros/humble /usr/bin/cmake --build /home/car-pi/ros2_ws/build/nav_bringup -- -j4 -l4
[28.773s] Invoked command in '/home/car-pi/ros2_ws/build/nav_bringup' returned '0': CMAKE_PREFIX_PATH=${CMAKE_PREFIX_PATH}:/home/car-pi/ros2_ws/install/motor_test:/opt/ros/humble /usr/bin/cmake --build /home/car-pi/ros2_ws/build/nav_bringup -- -j4 -l4
[29.008s] Invoking command in '/home/car-pi/ros2_ws/build/nav_bringup': CMAKE_PREFIX_PATH=${CMAKE_PREFIX_PATH}:/home/car-pi/ros2_ws/install/motor_test:/opt/ros/humble /usr/bin/cmake --install /home/car-pi/ros2_ws/build/nav_bringup
[29.206s] -- Install configuration: ""
[29.214s] -- Execute custom install script
[29.229s] -- Symlinking: /home/car-pi/ros2_ws/install/nav_bringup/share/nav_bringup/launch/full_navigation.launch.py
[29.454s] -- Symlinking: /home/car-pi/ros2_ws/install/nav_bringup/share/nav_bringup/launch/nav2.launch.py
[29.697s] -- Symlinking: /home/car-pi/ros2_ws/install/nav_bringup/share/nav_bringup/launch/rviz.launch.py
[29.907s] -- Symlinking: /home/car-pi/ros2_ws/install/nav_bringup/share/nav_bringup/launch/slam.launch.py
[30.126s] -- Symlinking: /home/car-pi/ros2_ws/install/nav_bringup/share/nav_bringup/launch/slam_nav2.launch.py
[30.438s] -- Symlinking: /home/car-pi/ros2_ws/install/nav_bringup/share/nav_bringup/config/nav2_params.yaml
[30.608s] -- Symlinking: /home/car-pi/ros2_ws/install/nav_bringup/share/nav_bringup/config/rviz_config.rviz
[30.829s] -- Symlinking: /home/car-pi/ros2_ws/install/nav_bringup/share/nav_bringup/config/slam_params.yaml
[31.078s] -- Symlinking: /home/car-pi/ros2_ws/install/nav_bringup/share/nav_bringup/rviz/nav2.rviz
[31.325s] -- Symlinking: /home/car-pi/ros2_ws/install/nav_bringup/share/nav_bringup/maps/my_map.pgm
[31.579s] -- Symlinking: /home/car-pi/ros2_ws/install/nav_bringup/share/nav_bringup/maps/my_map.yaml
[31.776s] -- Symlinking: /home/car-pi/ros2_ws/install/nav_bringup/share/ament_index/resource_index/package_run_dependencies/nav_bringup
[31.967s] -- Symlinking: /home/car-pi/ros2_ws/install/nav_bringup/share/ament_index/resource_index/parent_prefix_path/nav_bringup
[32.218s] -- Symlinking: /home/car-pi/ros2_ws/install/nav_bringup/share/nav_bringup/environment/ament_prefix_path.sh
[32.424s] -- Symlinking: /home/car-pi/ros2_ws/install/nav_bringup/share/nav_bringup/environment/ament_prefix_path.dsv
[32.648s] -- Symlinking: /home/car-pi/ros2_ws/install/nav_bringup/share/nav_bringup/environment/path.sh
[32.883s] -- Symlinking: /home/car-pi/ros2_ws/install/nav_bringup/share/nav_bringup/environment/path.dsv
[33.055s] -- Symlinking: /home/car-pi/ros2_ws/install/nav_bringup/share/nav_bringup/local_setup.bash
[33.355s] -- Symlinking: /home/car-pi/ros2_ws/install/nav_bringup/share/nav_bringup/local_setup.sh
[33.704s] -- Symlinking: /home/car-pi/ros2_ws/install/nav_bringup/share/nav_bringup/local_setup.zsh
[33.917s] -- Symlinking: /home/car-pi/ros2_ws/install/nav_bringup/share/nav_bringup/local_setup.dsv
[34.131s] -- Symlinking: /home/car-pi/ros2_ws/install/nav_bringup/share/nav_bringup/package.dsv
[34.329s] -- Symlinking: /home/car-pi/ros2_ws/install/nav_bringup/share/ament_index/resource_index/packages/nav_bringup
[34.533s] -- Symlinking: /home/car-pi/ros2_ws/install/nav_bringup/share/nav_bringup/cmake/nav_bringupConfig.cmake
[34.708s] -- Symlinking: /home/car-pi/ros2_ws/install/nav_bringup/share/nav_bringup/cmake/nav_bringupConfig-version.cmake
[34.917s] -- Symlinking: /home/car-pi/ros2_ws/install/nav_bringup/share/nav_bringup/package.xml
[35.190s] Invoked command in '/home/car-pi/ros2_ws/build/nav_bringup' returned '0': CMAKE_PREFIX_PATH=${CMAKE_PREFIX_PATH}:/home/car-pi/ros2_ws/install/motor_test:/opt/ros/humble /usr/bin/cmake --install /home/car-pi/ros2_ws/build/nav_bringup
